['108', '117', '363', '24', '211', '320', '33', '331', '118', '287', '84', '41', '6', '142', '175', '309', '357', '107', '122', '324', '32', '179', '102', '14', '13', '12', '359', '333', '121', '256', '275', '264', '313', '55', '168', '76', '299', '137', '182', '353', '48', '173', '334', '136', '303', '59', '26', '355', '193', '257', '45', '64', '127', '302', '280']
['297', '207', '105', '113', '126', '216', '203', '140', '237', '317', '80', '294', '176', '240', '184', '54', '123', '38', '138', '198', '134', '200', '34', '274', '69', '196', '155', '154', '235', '278', '352', '74', '284', '89', '110', '224', '47', '339', '35', '248', '243', '177', '30', '91', '186', '253', '210', '222', '335', '332', '119', '189', '2', '361', '277']
['190', '20', '157', '61', '18', '98', '21', '104', '261', '125', '191', '279', '185', '129', '130', '300', '131', '205', '99', '158', '58', '19', '225', '0', '4', '307', '251', '348', '220', '219', '217', '301', '291', '249', '346', '197', '143', '27', '226', '90', '340', '120', '15', '116', '343', '276', '132', '75', '292', '345', '244', '209', '268', '310', '356']
['148', '201', '255', '230', '112', '304', '358', '319', '194', '350', '160', '145', '50', '159', '52', '269', '221', '56', '162', '337']
['246', '135', '147', '252', '308', '285', '163', '161', '17', '79', '212', '77', '166', '95', '289', '156', '103', '263', '258', '178', '306', '362', '325', '141', '9', '96', '195', '53', '86', '144', '66', '315', '28', '133', '242', '165', '174', '360', '247', '326', '16', '164', '338', '97', '214', '298', '150', '199', '10', '351', '68', '65', '115', '227', '7']
['327', '23', '239', '25', '46', '282', '271', '124', '101', '5', '283', '1', '37', '153', '344', '94', '183', '139', '218', '39', '286', '270', '3', '290', '316', '254', '329', '236', '62', '152', '8', '311', '202', '347', '238', '295', '87', '354', '43', '63', '106', '245', '93', '100', '57', '81', '29', '85', '330', '231', '215', '192', '128', '22', '167']
['204', '288', '349', '42', '213', '233', '67', '266', '262', '71', '171', '11', '342', '241', '323', '151', '223', '51', '83', '31', '260', '272', '181', '267', '88', '72', '170', '92', '314', '187', '82', '229', '70', '60', '73', '312', '305']
['318', '250', '169', '40']
['149']
['321', '265']
['293', '259', '146', '296', '232']
['322', '36']
['206', '44', '281']
['188']
['114']
['336']
['78', '172', '180']
['328', '228', '341']
['109']
['111']
['273']
['208']
['234']
['49']
