['399', '281', '141', '21', '449', '263', '52', '115', '459', '353', '2', '461', '221', '477', '365', '164', '94', '219', '484', '361', '22', '233', '452', '405', '335', '47', '366', '305', '249', '253', '434', '131', '495', '378', '58', '41', '209', '0', '497', '238', '351', '51', '147', '35', '14', '265', '422', '142', '358', '440', '54', '396', '53', '56', '73', '65', '3']
['384', '150', '293', '178', '481', '369', '350', '204', '42', '83', '9', '27', '273', '347', '433', '277', '403', '343', '11', '482', '398', '17', '236', '470', '416', '189', '82', '113', '157', '357', '114', '155', '286', '177', '166', '334', '244', '193', '269', '317', '116', '455', '129', '381', '278', '7', '285', '379', '220', '77', '99', '392', '144', '483', '140', '226', '25']
['158', '465', '71', '250', '1', '291', '274', '345', '426', '227', '326', '276', '376', '391', '124', '355', '329', '103', '143', '313', '239', '395', '252', '331', '151', '174', '275', '373', '258', '208', '429', '289', '224', '96', '261', '419', '309', '176', '160', '264', '212', '163', '445', '139', '271', '202', '320', '485', '172', '315', '439', '31', '492', '111', '487', '10', '322']
['190', '284', '371', '397', '76', '446', '93', '222', '228', '415', '337', '290', '467', '498', '231', '8', '464', '468', '436', '154', '319', '370', '217', '106', '491', '438', '427', '336', '288', '123', '280', '5', '339', '414', '423', '338', '90', '480', '248', '374', '359', '421', '32', '119', '199', '430', '6', '458', '72', '88', '493', '349', '213', '475', '207', '389', '100']
['84', '408', '218', '200', '456', '201', '460', '472', '127', '453', '386', '85', '454', '15', '266', '95', '81', '215', '138', '444', '354', '145', '23', '102', '404', '62', '496', '39', '296', '368', '181', '471', '328', '474', '162', '435', '410', '179']
['268']
['117', '387', '43', '148', '182', '255', '61', '92', '89', '240', '486', '30', '63', '451', '406', '432', '327', '372', '137', '211', '401', '457', '120', '476', '16', '333', '360', '210', '168', '489', '346', '466', '241', '121', '153', '86', '195', '447', '197', '411', '450', '341', '385', '420', '295', '110', '66', '323', '161', '312', '442', '24', '109']
['80']
['46']
['494']
['417']
['79', '344', '130', '251', '112', '107', '245', '340', '191', '367', '259', '165', '232', '478', '394', '425', '302', '57', '443', '156', '300', '125', '390', '407', '126', '279', '225', '479', '235', '499', '188', '242', '29', '19', '325', '40', '167', '214', '122', '311', '388', '348']
['12', '441', '307', '437', '321', '488', '74', '260', '87', '192', '362', '409', '60', '380', '68', '28', '184', '64', '247', '196', '18', '364', '185', '304', '187', '205', '310', '402', '246', '159', '175', '118', '108', '412', '299', '67', '448', '463', '303', '78']
['216']
['473']
['490', '282', '283', '59', '229', '49', '132', '4', '267', '152', '55', '70', '13', '301', '34', '287', '173', '257', '330', '38', '352', '431']
['186']
['136']
['169', '33', '135', '206', '332', '50', '26', '363', '203', '101', '308', '297', '294', '37', '183', '375', '170', '75', '316', '428']
['223']
['413']
['262']
['44']
['133', '45', '105', '383', '97', '180', '149', '69', '382', '342', '20', '356', '104', '194', '237', '377']
['314']
['254']
['462']
['234']
['230']
['128', '469', '400', '36', '418', '146', '256', '98', '171', '424', '272', '270', '91', '393', '318', '134', '48', '324', '306', '292', '198', '243']
['298']
