['acu', 'aac', 'aae', 'aaj', 'aal', 'aax', 'aay', 'aba', 'abe', 'abh', 'abl', 'acd', 'ace', 'acf', 'ach', 'aeh', 'aek', 'aes', 'aft', 'afy', 'afz', 'agq', 'agr', 'ahk', 'aiy', 'aiz', 'amn', 'apg', 'arr', 'ars', 'adl', 'adr', 'ads', 'adt', 'adx', 'aei', 'afm', 'afv']
['aoe', 'aaa', 'aab', 'aat', 'abk', 'abo', 'aca', 'acb', 'acx', 'ade', 'aem', 'aep', 'afn', 'agg', 'agh', 'agw', 'ahc', 'ahl', 'ahz', 'ail', 'ajc', 'ajs', 'akq', 'akr', 'alr', 'amc', 'amh', 'ams', 'anz', 'aoo', 'aox', 'aoz', 'apk', 'apu', 'aqc', 'aqo', 'ari', 'asm']
['aqr', 'aad', 'aan', 'aav', 'abj', 'abs', 'ack', 'acp', 'act', 'adm', 'adu', 'afb', 'afr', 'afw', 'agb', 'agt', 'aha', 'adc', 'add', 'ahy', 'aih', 'ajg', 'akl', 'akm', 'ala', 'ald', 'aln', 'alt', 'ani', 'anx', 'aop', 'aos', 'apm', 'aps', 'aqn', 'aqx', 'arc', 'asa']
['asu', 'aaf', 'aah', 'abb', 'abf', 'abn', 'acv', 'adn', 'ado', 'adz', 'aev', 'aew', 'afe', 'agl', 'agz', 'ahd', 'aif', 'aij', 'aje', 'ajm', 'ajt', 'ajz', 'akc', 'akf', 'akw', 'aod', 'ahg', 'alv', 'amq', 'amy', 'anj', 'aof', 'arg', 'asc', 'ash', 'asw', 'afg', 'age']
['abt', 'aak', 'aaw', 'aaz', 'abv', 'abw', 'aco', 'acz', 'afp', 'aga', 'agn', 'aic', 'aqg', 'adp', 'akg', 'alz', 'amv', 'anu', 'asl', 'ata', 'anm', 'aog', 'aiu', 'acl', 'aim', 'ajv', 'aly', 'aom', 'apa', 'ape', 'asj', 'asy', 'akh', 'ajx', 'akk', 'aon', 'akp', 'alb']
['aee', 'aap', 'aau', 'acs', 'aea', 'aet', 'afa', 'ahs', 'aie', 'akz', 'ali', 'alj', 'alu', 'apj', 'aqk', 'aqv', 'asq', 'afx', 'ags', 'arj', 'afq', 'aji', 'abc', 'aoa', 'apd', 'arq', 'amj', 'aqb', 'adk', 'agi', 'anr', 'aqi', 'arl', 'aed', 'ajj', 'ahr', 'aro', 'asd']
['abq', 'aam', 'aar', 'abm', 'abp', 'adq', 'afh', 'ahv', 'ahw', 'ait', 'akd', 'akj', 'ame', 'app', 'ark', 'art', 'amf', 'aqp', 'acn', 'afd', 'ale', 'alo', 'amt', 'apt', 'aqm', 'adw', 'aht', 'aju', 'ajy', 'aok', 'aqs', 'arf', 'asi', 'ajq', 'abz', 'are', 'acw', 'ada']
['asr', 'abi', 'aby', 'acm', 'adf', 'aff', 'aiv', 'ajw', 'aoc', 'arh', 'atc', 'aib', 'ajb', 'amb', 'and', 'ane', 'akb', 'anc', 'aqa', 'aki', 'amz', 'ara', 'asb', 'agc', 'ami', 'aqu', 'aqz', 'atf', 'agy', 'ais', 'aou', 'asv', 'aqt', 'aci', 'akn', 'acy', 'ahj', 'ank']
['anw', 'aaq', 'adi', 'aiw', 'anv', 'ahp', 'ajr', 'aqj', 'ajf', 'amg', 'arw', 'ans', 'all', 'amu', 'ajl', 'anb', 'aks', 'ary', 'air', 'alg', 'apb', 'aeq', 'alk', 'aoq', 'ana', 'amd', 'ass', 'apq', 'ahm', 'apf', 'aov', 'apz', 'abx', 'asg', 'asf', 'aor', 'anf', 'aow']
['aig', 'aas', 'abu', 'aej', 'aey', 'amp', 'agf', 'ajh', 'aky', 'apy', 'adh', 'aph', 'arm', 'ase', 'aja', 'aia', 'adv', 'arb', 'amw', 'aef', 'ahe', 'ahq', 'aob', 'afs', 'afo', 'ast', 'aqh', 'agu', 'aid', 'aqy', 'asp', 'ako', 'aka', 'arx', 'alp', 'ate', 'acr', 'ahb']
['atd', 'abd', 'aeg', 'apr', 'aru', 'apx', 'aec', 'ajn', 'abr', 'ajp', 'aot', 'amm', 'apl', 'afc', 'apo', 'aqf', 'aik', 'ago', 'als', 'anh', 'ady', 'agd', 'aer', 'aho', 'aix', 'amx', 'aqw', 'adj', 'ajo', 'aez', 'afk', 'agk', 'ahf', 'ang', 'aeo', 'aoj', 'afl', 'api']
['anq', 'acg', 'aeb', 'ahx', 'aeu', 'ann', 'apv', 'aen', 'adb', 'ahu', 'asn', 'alc', 'ard', 'aqe', 'agx', 'amr', 'alw', 'aio', 'apn', 'any', 'aoh', 'ajk', 'aqd', 'aql', 'asz', 'akt', 'anp', 'acj', 'ajd', 'alm', 'agm', 'afu', 'amo', 'aoy', 'arn', 'atb', 'aso', 'ano']
['agv', 'ael', 'arp', 'ain', 'ake', 'apw']
['acc']
['aag', 'asx']
['afj']
['akx']
['aqq']
['abg']
['adg']
['alx']
['agj']
['ahi']
['ask']
['agp']
['acq']
['arv']
['aku']
['alf']
['aao']
['anl']
['apc']
['ahn']
['aip']
['alq']
['aii']
['amk']
['aol']
['aex']
['akv']
['ant']
['aml']
['ama']
['alh']
['aiq']
['arz']
['afi']
['aai']
['aoi']
['ahh']
