['50', '97', '100', '112', '228', '245', '247', '66', '259', '154']
['169', '107', '31', '63', '126', '149', '201', '186', '249', '177']
['162', '54', '208', '113', '115', '79', '140', '212', '51', '199']
['92', '14', '22', '75', '195', '200', '216', '167', '250', '244']
['47', '68', '104', '122', '189', '203']
['238', '24', '53', '5', '96', '147', '225', '26', '35', '58']
['29', '32', '73', '78', '166', '15', '9', '48', '209', '138']
['132']
['135', '153', '258', '60', '257', '21', '18', '194', '139', '12']
['240', '62', '94', '158', '28', '160', '197', '263', '99', '40']
['267', '124', '262', '105', '43', '131', '252', '155', '184', '224']
['243', '69', '239', '8', '20', '39', '182', '134', '37', '74']
['71']
['191', '55', '85', '106', '136', '76', '120', '108', '128', '170']
['236', '86', '171', '52', '156', '223', '264', '172', '188', '235']
['114']
['119', '110', '176', '179', '265', '227', '109', '183', '130', '193']
['144', '6', '133', '268', '137', '220', '111', '159', '16', '253']
['4', '207', '3', '102', '146', '36', '91', '214', '217', '61']
['192', '34', '57', '221', '237', '266', '150', '185', '261', '64']
['49', '65']
['248']
['13', '255', '205', '148', '165', '59', '181', '95', '219', '90']
['163', '143']
['254']
['0', '161', '241']
['33']
['89', '198', '38', '226']
['123', '98', '202', '87', '84', '242']
['101', '11']
['42']
['187', '269']
['41']
['230']
['93', '218', '145', '88']
['211']
['125']
['233', '229', '10']
['231', '82']
['117', '251']
['151']
['164']
['81']
['127']
['56']
['46']
['175', '206']
['222']
['103', '174']
['77']
['121', '25']
['246']
['256']
['23']
['44', '17']
['70']
['213', '116']
['7']
['2']
['178', '129']
['30']
['83']
['19']
['80']
['118']
['141']
['72']
['260']
['27']
['173']
['142']
['45']
['215']
['168']
['196', '152', '204']
['157']
['180']
['232']
['190']
['67', '234', '210']
['1']
