['170', '37', '59', '103', '118', '347', '134', '139', '183', '214', '154', '353', '81', '63', '354', '73', '302', '344', '269', '336']
['312', '57', '126', '234', '96', '194', '352', '180', '195', '368', '308', '394', '315', '250', '247', '29', '267', '348', '11', '4']
['264', '50', '68', '303', '233', '112', '290', '390', '255', '67', '104', '331', '382', '256', '212', '160', '186', '338', '339', '135']
['182', '60', '153', '229', '246', '307', '310', '71', '14', '181', '385', '131', '120', '337', '147', '83', '305', '51', '119', '209']
['230', '20', '78', '24', '33', '64', '9', '77', '375', '330', '321', '345', '384', '276', '144', '2', '21', '311', '268', '381']
['110', '105', '171', '242', '357', '173', '245', '141', '219', '55', '388', '328', '356', '289', '114', '5', '281', '274', '203', '370']
['19', '102', '393', '362', '146', '123', '156', '204', '75', '221', '358', '90', '26', '387', '291', '227', '220', '300', '32', '322']
['376', '54', '58', '270', '386', '133', '216', '13', '298', '100', '95', '218', '152', '223', '115', '65', '10', '285', '122']
['163', '121', '34', '282', '253', '326', '128', '49', '237', '213', '18', '168', '273', '88', '197', '364', '125', '398', '97', '280']
['8', '286']
['341', '191', '369', '249', '117', '142', '109', '136']
['377']
['350']
['164']
['343', '217']
['177']
['185', '266', '222', '16']
['275', '92', '166']
['189', '30']
['74']
['206']
['3', '299', '243']
['224']
['66']
['294', '79', '287', '380']
['318']
['296', '363', '188']
['399', '84', '169', '317']
['325', '389', '349']
['72']
['262']
['279']
['367']
['149']
['319']
['314']
['251', '108', '198']
['283']
['277']
['48']
['107']
['45']
['190']
['99']
['329']
['113']
['25']
['373']
['155']
['7']
['41']
['23']
['342']
['306']
['391']
['38']
['124']
['383']
['199']
['360']
['392']
['335']
['150']
['301']
['192']
['137']
['346', '15']
['17']
['159']
['12']
['56']
['297']
['101']
['288']
['365']
['157']
['94']
['396']
['167']
['284']
['196']
['36']
['174']
['61']
['316']
['259']
['85']
['86']
['178']
['215']
['240']
['193']
['62']
['372']
['397']
['379']
['371']
['205']
['236']
['69']
['6']
['309']
['161']
['138']
['225']
['143']
['248']
['148']
['351']
['35']
['320']
['293']
['187']
['80']
['179']
['158']
['40']
['76']
['254']
['260']
['258']
['39']
['28']
['241']
['42']
['334']
['235']
['361']
['52']
['46']
['111']
['53']
['145']
['202']
['175']
['252']
['98']
['327']
['31']
['201']
['93']
['323']
['324']
['43']
['355']
['47']
['304']
['176']
['210']
['366']
['132']
['44']
['82']
['332']
['91']
['271']
['130']
['340']
['89']
['231']
['1']
['207']
['184']
['22']
['374']
['395']
['232']
['116']
['292']
['244']
['226']
['165']
['228']
['313']
['129']
['239']
['263']
['333']
['359']
['151']
['27']
['162']
['272']
['295']
['106']
['378']
['127']
['140']
['261']
['0']
['208']
['278']
['87']
['211']
['70']
['200']
['257']
['172']
['265']
['238']
