['126', '138', '274', '153', '91', '325', '386', '372', '103', '226', '217', '343', '259', '249', '381', '451', '135', '424', '171', '341']
['320', '207', '199', '285', '350', '454', '115', '164', '47', '461', '338', '324', '422', '363', '141', '144', '50', '332', '481', '145']
['78', '379', '221', '264', '173', '61', '455', '205', '326', '140', '394', '407', '331', '139', '161', '295', '423', '193', '307', '244']
['237', '463', '306', '162', '17', '93', '316', '82', '253', '416', '448', '279', '277', '177', '94', '170', '382', '241', '305', '415']
['69', '413', '412', '184', '243', '43', '120', '81', '26', '113', '500', '495', '273', '124', '79', '178', '156', '425', '227', '340']
['299', '54', '149', '187', '337', '150', '478', '271', '261', '484', '109', '408', '19', '330', '445', '329', '234', '443', '229', '474']
['49', '194', '159', '351', '404', '9', '65', '13', '488', '122', '223', '414', '387', '498', '292', '148', '192', '431', '134', '68']
['220', '432', '142', '375', '87', '345', '314', '258', '51', '157', '218', '95', '334', '90', '421', '77', '190', '29', '434', '66']
['36', '441', '7', '377', '430', '246', '433', '236', '155', '450', '180', '30', '22', '188']
['182', '318', '406', '276']
['247', '102']
['485', '286', '429', '57', '442', '392', '419', '121', '457', '165', '128', '492']
['313', '189', '123', '323']
['354']
['39', '293', '362', '373']
['278', '376', '80', '263', '46', '251', '200', '117', '311']
['28', '476', '125', '380', '291', '203', '471', '304', '216', '499', '444', '213', '64', '169']
['322', '342', '212', '255', '20', '428', '472', '449', '131', '33', '275']
['44']
['2', '195', '252', '312', '10', '409', '206', '303', '336', '333', '267', '74', '365', '231', '108', '235', '321', '475', '186', '86']
['298', '92']
['96', '417', '15', '250', '368', '353', '84', '486', '288', '483', '60', '437', '462', '266', '491', '309', '400', '496', '98', '389']
['272', '38', '230', '40', '88', '27', '152', '260', '355', '201', '388']
['154', '83', '436', '63']
['12']
['265', '296', '136']
['6']
['166', '238', '482', '327', '395', '174', '270', '240', '398']
['490']
['374']
['214', '453', '130', '119']
['209']
['358', '24', '360']
['479']
['477', '191', '97', '48', '302', '367', '310', '280', '456', '371', '335']
['71']
['196']
['175', '466', '378']
['168']
['464', '21', '42', '369', '383', '172', '405', '85', '211', '160', '4', '158', '283', '198', '268', '185', '473', '219', '179', '215']
['67', '73']
['308', '248']
['56']
['208', '72', '181', '319']
['446', '8', '393', '300']
['75', '420']
['5', '489', '447', '129', '344', '497', '224', '410', '233']
['396']
['289', '16', '137', '348', '366', '390', '59', '105', '349']
['25', '470', '401']
['352', '269']
['282']
['18', '99', '287', '112', '210', '118', '427']
['242', '359', '104', '294', '339', '468']
['41']
['163']
['460', '493']
['106', '435', '397']
['107']
['222']
['89']
['399', '133', '127', '228', '225', '147']
['110']
['76']
['14']
['23', '469', '290', '1', '35']
['452', '315', '101', '167', '197']
['480']
['391', '143', '239', '361', '202', '357', '317']
['301']
['384']
['370', '256']
['356']
['346']
['53']
['204']
['494', '58']
['111', '70']
['11']
['132', '402', '281', '459', '52', '438']
['62']
['245']
['116']
['37']
['385', '403']
['34']
['418']
['458']
['440', '100', '364', '151']
['31']
['183', '297', '262', '232', '114', '146', '32']
['347']
['55']
['257']
['254']
['176', '45']
['411', '487', '439', '465', '467']
['328', '426']
['3']
['284']
