['gh', 'dv', 'cw', 'eb', 'ag', 'jn', 'bp', 'jv', 'ho', 'bx']
['iz', 'ep', 'ip', 'iy', 'fw', 'js', 'bc', 'gg', 'ca', 'cp']
['ga', 'co', 'ba', 'ec', 'cc', 'kj', 'v', 'dy', 'bl', 'fo']
['dj', 'ge', 'gm', 'gj', 'dn', 'dk', 'de', 'dz', 'dx', 'dr']
['jm', 'kg', 'bo', 'io', 'fh', 'ea', 'aw', 'is', 'fc', 'eo']
['jt', 'u', 'g', 'ce', 'jc', 'ck', 'km', 'jh', 'cn', 'av']
['jk', 'gx', 'fb', 'i', 'eq', 'cz', 'jg', 'o', 'jw', 'hq']
['ik', 'ic', 'gv', 't', 'em', 'ei', 'ek', 'ej', 'ee', 'ed']
['hy', 'dw', 'cq', 'fj', 'l', 'hw', 'gc', 'jp', 'b', 'p']
['ka', 'kn', 'ef', 'cg', 'bf', 'fu', 'ak', 'fr', 'gw', 'ih']
['gz', 'ao', 'jr', 'eu', 'ew', 'ev', 'jz', 'it', 'bd', 'be']
['hl', 'bg', 'bj', 'bu', 'bq', 'bs', 'jf', 'k', 'ji', 'cj']
['gf', 'cs', 'ke', 'hr', 'eg', 'ex', 'ff', 'df', 'al', 'hk']
['j', 'ci', 'iv', 'je', 'fv', 'ju', 'jd', 'do', 'dc', 'eh']
['di', 'fs', 'gp', 'iw', 'jq', 'ki', 'ft', 'et', 'gd', 'cr']
['du', 'ch', 'cb', 'cy', 'cv', 'cu', 'ct', 'jy', 'hz', 'kc']
['az', 'dl', 'hs', 'hp', 'hv', 'hj', 'hi', 'hn', 'hm', 'ha']
['gb', 'kd', 'il', 'ai', 'ir', 'hx', 'gq', 'm', 'bb', 'cl']
['el', 'hf', 'hg', 'hd', 'he', 'ii', 'f', 'ij', 'n', 'r']
['dh', 'jl', 'gr', 'h', 'bv', 'fg', 'fq', 'bi', 'ht', 'fd']
['hc', 'bw', 'fx', 'bz', 'ix', 'ac', 'ab', 'ah', 'am', 'au']
['jo', 'en', 'dg', 'es', 'bm', 'ds', 'gi', 'ad', 'bk', 'fm']
['ja', 'd', 'aa', 'dq', 'gy', 'fn', 'af', 'w', 'cd', 'fe']
['gk', 'aq', 'da', 'er', 'br', 'zz', 'ia', 'dm', 'bh', 'cf']
['in', 'iq', 'iu', 'fk', 'dd', 'bt', 'jb', 'im', 'at', 'ay']
['an', 'ar', 'kk', 'kb', 'bn', 'gu', 'ey', 'jx', 'ae', 'if']
['go', 'fl', 'dp', 'ig', 'c', 'z', 'gs', 'ax', 'cx', 'ap']
['hu', 'gt', 'dt', 'gl', 'ez', 'cm', 'as', 'ib', 'fp', 'fy']
['gn', 'db', 'aj', 'fz', 'fa', 'fi', 'a', 'jj', 'e', 'kf']
['s', 'ie', 'x', 'by', 'hh', 'hb', 'kh', 'kl', 'q', 'y']
