['Ql9', 'ISX', 'Zc5', 'QEF', 'MQT', '8VG', 'GUX', '3QX', '28R', 'IJ1', 'tFU', 'rgC']
['rYU', 'bAf', 'fQ3', 'PPi', 'pf5', 'wgA', 'oUs', 'nc0', 'Ns3', 'KZy', 'ZxX', 'b7z']
['9ug', 'CwC', 'oSh', 'gkI', 'klv', 'dvU', 'YUZ', 'ux2', 'FEQ', 'sKX', '5jv', '1xS']
['blA', 'ptf', 'iiE', 'qLD', 'Jla', '6na', 'KS2', 'N08', 'Twl', 'BV4', 'oak', '27J']
['hct', 'EoI', 'W4L', 'qPq', 'XHa', '0gI', 'QDa', 'kT2', 'gTC', 'ULj', 'a4K', '4nb']
['Ot9', 'Hyj', 'Ihb', 'hHB', 'sfk', 'Z7b', 'jWX', '2mv', 'CU9', 'LTB', 'ZY3', 'uZt']
['00m', 'xRH', 'aTI', 'U0Z', 'kYz', 'vJC', 'xLA', 'PoH', 'JWV', 'IZQ', 'kte', 'X9s']
['W8n', 'VPb', 'mUL', 'vyM', 'VoJ', 'tEu', 'lsG', 'Itn', 'rmu', '6Ip', 'O2z', 'ZNv']
['5Li', 'JVP', 'euj', '2vJ', 'rXN', 'Xim', 'xqY', 'NGB', 'ZQL', 'rC8', '4Nd', 'B99']
['WLo', 'etm', 'dSZ', 'DoC', 'Hxo', 'JYa', 'iGU', 'Swe', '5i6', 'HkK', 'z1H', 'uVg']
['txp', 'Eou', 'xpw', 's3z', 'AHs', 'WLk', 'mIe', 'yAp', 'U0P', 'fFJ', 'zfK', 'rGT']
['xz4', '17Q', 'UPL', 'uH4', 'gEp', 'kZ0', '4fp', 'oPH', 'gEU', 'ttO', 'cEk', 'gWT']
['qDy', 'u1N', 'cmd', 'nqI', 'PiG', 'aZv', 'GRw', 'G2k', 'jEj', 'X5a', 'UmG', 'uQL']
['rz4', '1gc', 'b99', 'NXP', 'BPL', 'zEh', 'U4K', 'MNb', 's1n', 'tfQ', 'HvR', 'Hbr']
['x8V', '1aX', '70K', 'NqO', 'nf5', 'hQH', 'h6l', 'L1u', 'uGP', 'hdp', 'b9f', '4gy']
['wqW', '9F9', 'stN', 'Qtt', 'I2S', 'Gu6', 'KRy', 'Hi0', 'SMj', 'jFu', 'pTi', 'PJa']
['FzE', 'AK4', '1QY', 'c3v', '69w', 'VCH', 'SiL', 'ewc', 'a55', 'uii', 'cDc', 'bA6']
['JfN', 'dNX', 'ZFU', 'psG', 'Kn8', 'W2Z', '6pB', '19T', 'tpP', 'qkE', 'Pas', 'mcI']
['hYw', 'slQ', 'PqY', 'E2A', 'F9o', 'Mvm', '0oy', 'ZVF', 'EJa', 'fFE', 'mGb', 'wGp']
['iTo', 'YMC', 'H9O', 'D5B', 'h3r', 'yLV', 'e8H', '8nm', 'czy', 'qmj', 'Afe', 'SV9']
['VAV', 'tKI', 'Jgp', '4p5', 'KGR', 'AKr', 'wwD', '8uz', 'tK7', 'emD', 'oZQ', '81k']
['zgJ', 'YEe', 'cFa', '5U2', 'JyM', '8uu', 'Epk', '4KN', 'VZ7', '1uW', '3kn', '0Qs']
['dLc', '6ro', 'v6U', 'ziA', '8j5', 'EJD', 'NyP', 'iW8', 'LiP', 'i4H', 'FkC', '6Hl']
['f9z', 'xx7', 'Qti', 'Tn8', 'IU6', '5zB', 'u9Q', 'USE', 'kiK', 'iFt', '1RB', 'mRG']
['GpL', 'xxJ', 's6M', 'dlb', 'btz', 'zfD', 'YNK', 'Fws', 'TUB', 'SmS', 'WB2', 'zTH']
['P8b', 'PQT', 'H68', 'HWv', 'gE4', '6sH', 'i9C', 'OCL', 'SFn', 'UDc', 'BDE', 'aLB']
['Qa3', 'fKV', 'JcP', 'Y2z', 'iS6', 'Ke0', '96X', 'oSw', 'PlJ', 'Qyh', 'Bfu', 'vca']
['XMr', 'iba', 'n99', 'nQj', '2UA', 'MrD', 'D40', '5n5', 'I2i', 'd60', 'hiF', 'e8d']
['mLL', 'YBr', 'lKO', 'bDO', 'VVW', 'AJT', 'AcJ', 'tm4', 'nQv', 'm5j', 'X5J', 'FbA']
['WXJ', 'jGk', 'nkl', '0RD', 'gfv', '4LY', 'YFC', 'J8r', 'j3s', '9NA', 'XlR', 'gVV']
['Fmb', 'eGG', 'JLF', 'QhQ', '0ID', 'CYA', 'mFO', 'mLF', 'Wmv', 'rMd', 'g08', 'bLd']
['NiX', 'nRH', 'e6S']
['x86']
['upV']
['5qS']
