['Amy', 'Brandi', 'Cariotta', 'Athena', 'Bess', 'Carlyn', 'Callida', 'Alie', 'Catlaina', 'Anastassia']
['Catie', 'Alyda', 'Charity', 'Bert', 'Bonnee', 'Ailene', 'Caryl', 'April', 'Annabela', 'Carlye']
['Audy', 'Brandie', 'Cassondra', 'Caryn', 'Athene', 'Adorne', 'Chelsey', 'Carmelita', 'Barbra', 'Abby']
['Adelice', 'Cody', 'Augusta', 'Brandise', 'Agnola', 'Carlynn', 'Aile', 'Billi', 'Aliza', 'Anastasia']
['Bobbee', 'Andrea', 'Alix', 'Bibbie', 'Cami', 'Aurore', 'Brandy', 'Aubine', 'Cesya', 'Carmel']
['Blancha', 'Amabel', 'Ada', 'Cal', 'Penny', 'Babbie', 'Ali', 'Alexandrina', 'Cammi', 'Anabelle']
['Bill', 'Carina', 'Betti', 'Bliss', 'Annamaria', 'Agace', 'Carolina', 'Astrix', 'Annadiane', 'Abra']
['Berri', 'Babs', 'Bobbie', 'Chiquia', 'Alikee', 'David', 'Carri', 'Charleen', 'Alysa', 'Christal']
['Anjela', 'Aubrette', 'Cherilyn', 'Arlene', 'Alicea', 'Calla', 'Bridgette', 'Barbaraanne', 'Benita', 'Aurelea']
['Adoree', 'Christye', 'Berni', 'Austina', 'Anthiathia', 'Bobette', 'Cherye', 'Brier', 'Anallese', 'Bryna']
['Angelina', 'Benetta', 'Blinnie', 'Aimil', 'Alisun', 'Almeda', 'Anica', 'Barbey', 'Alanah', 'Ariela']
['Celestyn', 'Cacilia', 'Allix', 'Catlee', 'Alayne', 'Carolyn', 'Charin', 'Anabal', 'Caro', 'Carlee']
['Bernadine', 'Berta', 'Bamby', 'Caren', 'Binni', 'Cammy', 'Angil', 'Beverie', 'Cherise', 'Anet']
['Carena', 'Bobinette', 'Alvira', 'Analiese', 'Andi', 'Celie', 'Addi', 'Camella', 'Antoinette', 'Christan']
['Chelsy', 'Aveline', 'Anne', 'Cherrita', 'Caron', 'Ardeen', 'Angel', 'Camel', 'Agatha', 'Candis']
['Alys', 'Charmion', 'Billie', 'Blanche', 'Alejandra', 'Ambur', 'Brigida', 'Chiarra', 'Blythe', 'Bernete']
['Cheslie', 'Christabella', 'Cassy', 'Andriana', 'Carrissa', 'Ardene', 'Bobby', 'Annora', 'Bobbye', 'Ashli']
['Caril', 'Adelheid', 'Bellanca', 'Andree', 'Catharine', 'Bertine', 'Cele', 'Angie', 'Charlot', 'Christyna']
['Ara', 'Carole', 'Aaren', 'Caralie', 'Brittaney', 'Caroljean', 'Cathrine', 'Billy', 'Ashlen', 'Avis']
['Alverta', 'Casandra', 'Chanda', 'Allegra', 'Carmine', 'Calida', 'Anni', 'Alissa', 'Barbabra', 'Amargo']
['Bernardina', 'Belva', 'Belita', 'Berty', 'Christel', 'Brigid', 'Alice', 'Anatola', 'Annabel']
['Aili', 'Calli', 'Berna', 'Arlina', 'Babara', 'Asia', 'Bren', 'Bunny', 'Bethany', 'Arlie']
['Babita', 'Alexi', 'Alexia', 'Bride', 'Betteann', 'Brandea', 'Arliene', 'Catriona', 'Casie', 'Babette']
['Bunni']
['Candra', 'Angela', 'Celestine', 'Annelise', 'Betty', 'Auroora', 'Aeriel', 'Catherine', 'Beatrice', 'Ashlie']
['Allissa', 'Babbette', 'Ardella', 'Amanda', 'Ardra', 'Annabelle', 'Bettine', 'Charyl', 'Bessy', 'Bernardine']
