['180', '2', '1', '4', '18']
['416', '8', '11', '7', '10']
['44', '17', '16', '14', '15']
['100', '25', '22', '21', '38']
['84', '30', '29', '32', '53']
['275', '39', '37', '36', '74']
['80', '46', '43', '42', '123']
['127', '51', '52', '49', '50']
['304', '60', '57', '58', '157']
['35', '67', '66', '63', '172']
['76', '71', '72', '70', '73']
['388', '78', '79', '198', '207']
['203', '86', '87', '85', '214']
['56', '95', '227', '249', '263']
['177', '101', '102', '98', '312']
['399', '108', '109', '105', '332']
['408', '114', '115', '112', '339']
['349', '120', '122', '121', '346']
['423', '129', '128', '126', '130']
['307', '137', '135', '133', '361']
['186', '143', '144', '140', '382']
['222', '148', '150', '147', '149']
['54', '156', '158', '155']
['154', '162', '163', '161']
['329', '171', '170', '169']
['283', '176', '178', '175', '179']
['68', '185', '184', '182']
['323', '191', '192', '189', '190']
['336', '200', '199', '196', '197']
['187', '205', '206', '204']
['24', '212', '213', '210', '211']
['418', '218', '219', '217', '220']
['254', '226', '228', '224', '225']
['164', '235', '232', '231', '234']
['233', '242', '240', '238', '239']
['9', '246', '248', '245', '247']
['168', '255', '256', '252', '253']
['81', '260', '261', '259', '262']
['407', '267', '266']
['370', '274', '276', '277']
['419', '284', '281', '280']
['92', '289', '288', '287', '291']
['12', '298', '297', '294']
['398', '305', '303', '301']
['0', '310', '309', '308', '311']
['103', '318', '317', '315']
['313', '326', '325']
['290', '333', '331', '330']
['31', '338', '340', '337']
['94', '347', '345', '344']
['202', '353', '354', '350']
['88', '360', '358', '357', '359']
['384', '368', '366']
['364', '372', '375', '371', '374']
['93', '380', '381', '379']
['97', '387', '386', '385', '389']
['201', '393', '395', '392', '396']
['23', '400', '403', '402']
['116', '410', '409', '406']
['75', '414', '417', '413', '415']
['369', '421', '422']
['151', '5', '6']
['373', '13']
['119', '20', '19']
['270', '26']
['295', '34', '33', '296']
['183', '41']
['322', '47']
['59', '55']
['142', '62', '61']
['420']
['132']
['243', '82', '83']
['28', '89', '90']
['241', '96']
['141', '104']
['282', '110', '111']
['272', '118']
['107', '125', '124']
['45', '131']
['64', '138', '139', '65']
['99', '146', '145']
['91', '152', '153']
['264', '160', '159']
['351', '166', '167', '352']
['136', '173', '174']
['194', '181']
['27', '188']
['3']
['342']
['134', '208', '209']
['401', '215', '216']
['69', '223']
['165', '230']
['229', '237']
['269', '244']
['195', '251', '250']
['302', '258', '257']
['236', '265']
['40', '271']
['324', '278', '279']
['362', '285', '286']
['390', '292']
['355', '300', '299']
['273', '306']
['424', '314']
['113', '321', '320']
['316', '327', '328']
['77', '334', '335']
['106', '341']
['319', '348']
['394', '356']
['293', '363']
['117']
['48', '376', '377']
['343', '383']
['193', '391']
['426', '397']
['221', '404', '405']
['378', '411', '412']
['365', '367']
['268', '425']
