['56', '301', '131', '119', '331', '300', '244', '193', '364', '208', '213', '69', '348', '395', '304', '126', '98', '6', '303', '347', '261', '59', '68', '143', '241', '63', '286', '136', '216', '359', '36', '219', '291', '132', '11', '10', '165', '311', '9', '376', '282', '336', '343', '26', '109', '28', '239', '285', '31', '178', '199', '54', '363', '137', '148', '95', '100', '254', '46', '40', '67', '78', '65', '270', '96', '283', '316', '354', '339', '151', '86', '387', '399', '122', '215', '77', '274', '51', '318', '82', '257', '322', '232', '284', '27', '209', '162', '156', '328', '251', '362', '44', '338', '177', '398', '19', '225', '222', '327', '356', '353', '104', '289', '2', '302', '175', '173', '392', '349', '37', '20', '41', '84', '204', '29', '234', '379', '159', '123', '385', '346', '226', '140', '35', '384', '192', '201', '129', '235', '105', '158', '278', '108', '247', '146', '308', '91', '48', '176', '74', '292', '120', '62', '206', '374', '58', '142', '246', '357', '326', '14', '81', '312', '115', '203', '255', '288', '61', '313', '337', '150', '182', '382', '21', '4', '358', '75', '117', '184', '38', '79', '281', '263', '366', '164', '329', '17', '271', '97', '233', '260', '390', '220', '169', '230', '139', '170', '174', '389', '161', '153', '367', '196', '324', '34', '103', '141', '238', '179', '309', '323', '330', '320', '155', '265', '93', '314', '342', '315', '317', '372', '210', '296', '310', '53', '32', '273', '43', '157', '147', '306', '351', '267', '110', '30', '0', '163', '277', '396', '154', '350', '116', '5', '242', '60', '368', '205', '217', '370', '293', '280', '198', '33', '1', '3', '7', '8', '12', '13', '15', '16', '22', '24', '25', '39', '42', '45', '47', '49', '50', '52', '55', '66', '70', '71', '72', '73', '76', '80', '83', '85', '87', '88', '89', '90', '92', '94', '101', '102', '106', '107', '111', '112', '113', '114', '121', '125', '127', '128', '130', '133', '134', '138', '144', '145', '149', '160', '166', '167', '168', '171', '181', '183', '185', '186', '187', '188', '189', '190', '191', '194', '195', '200', '202', '207', '211', '212', '214', '221', '223', '224', '228', '229', '231', '236', '237', '240', '243', '245', '248', '249', '250', '252', '264', '266', '269', '272', '275', '287', '294', '295', '297', '298', '299', '305', '307', '325', '332', '333', '334', '335', '340', '341', '344', '352', '355', '360', '361', '365', '371', '373', '375', '377', '378', '380', '383', '393', '400', '401']
['23', '403', '402', '18', '118', '152', '172', '218', '262', '290', '369', '386', '391', '394']
['227', '404', '405']
['259', '407', '406', '99']
['397', '408', '409']
['256', '411', '410']
['124', '412', '413']
['279', '414', '415']
['345', '416', '417']
['268', '418', '419']
['381']
['388']
['253']
['57']
['197']
['135']
['64']
['180']
['319']
['321']
['258']
['276']
