['313', '314', '5', '312', '315', '317', '458', '0', '3', '297', '1', '6', '2', '4', '11127', '302', '41', '346', '11118', '457', '258', '408', '200', '197', '11110', '332', '11115', '319', '295', '463']
['88', '89', '86', '87', '85', '1115', '99', '94', '1116', '100', '97', '96', '120', '114', '110', '101', '102', '98', '103', '104', '91', '93', '92', '121', '123', '124', '125', '119', '122', '113']
['11129', '1111', '18', '12', '14', '19', '16', '15', '17', '20', '7', '9', '13', '11', '37', '31', '26', '8', '10', '11113', '35', '36', '38', '39', '30', '34', '33', '24', '25', '27']
['386', '389', '387', '385', '391', '11122', '395', '394', '392', '381', '11121', '393', '378', '380', '382', '379', '374', '369', '360', '383', '373', '376', '375', '372', '364', '363', '362', '361', '377', '365']
['158', '154', '159', '160', '156', '155', '164', '1118', '157', '151', '1117', '147', '144', '131', '152', '143', '145', '126', '128', '129', '149', '140', '142', '130', '132', '153', '148', '165', '166', '163']
['182', '186', '187', '185', '188', '179', '1119', '183', '177', '180', '170', '178', '176', '168', '169', '174', '173', '171', '172', '181', '11114', '136', '133', '137', '135', '138', '134', '139', '462', '466']
['333', '335', '330', '339', '11119', '336', '340', '337', '338', '11120', '341', '349', '350', '353', '352', '351', '348', '464', '465', '467', '456', '459', '460', '461', '444', '445', '446', '447', '448', '449']
['50', '49', '53', '51', '52', '55', '54', '61', '1113', '56', '60', '1114', '59', '57', '62', '58', '78', '74', '77', '80', '70', '76', '72', '75', '73', '71', '79', '81', '82', '83']
['397', '396', '398', '399', '401', '11123', '400', '402', '432', '433', '434', '435', '437', '409', '410', '411', '412', '413', '403', '404', '405', '406', '407', '390', '354', '355', '356', '357', '358', '359']
['272', '270', '11116', '273', '271', '285', '277', '275', '282', '284', '283', '287', '286', '280', '278', '276', '281', '438', '439', '440', '441', '442', '443', '436', '11125', '11126', '331', '334', '324', '327']
['316', '325', '326', '328', '329', '318', '320', '321', '322', '323', '306', '307', '308', '309', '310', '311', '300', '301', '303', '304', '305', '294', '296', '298', '299', '288', '289', '290', '291', '292']
['253', '254', '255', '257', '252', '256', '293', '11117', '279', '274', '264', '265', '266', '267', '268', '269', '259', '260', '261', '262', '263', '242', '224', '225', '226', '227', '228', '229', '230', '223']
['343', '342', '344', '347', '345', '210', '211', '213', '215', '216', '203', '204', '205', '206', '207', '208', '209', '196', '198', '199', '201', '202', '189', '190', '191', '192', '193', '194', '195', '175']
['451', '11128', '368', '366', '367', '370', '371', '161', '162', '167', '150', '141', '146', '112', '115', '116', '117', '118', '105', '106', '109', '111', '95', '63', '64', '65', '66', '67', '68', '69']
['127', '107', '108', '42', '43', '44', '45', '46', '47', '48', '40', '28', '29', '32', '21', '22', '23', '1112']
['84']
['90']
['184']
['454', '450', '455', '453']
['238', '239', '240', '244', '243', '241', '250', '11112', '246', '247', '233', '11111', '248', '251', '249', '245', '231', '232', '236', '235', '237', '234', '219', '212', '218', '221', '222', '214', '217', '220']
['11124', '431', '420', '418', '426', '427', '428', '429', '424', '423', '425', '414', '417', '415', '430', '422', '421', '416', '419']
['388', '384']
['452']
