['QRE', 'FMU', 'FOW', 'HTW', 'PJW', 'TWL', 'NTW', 'JDC', 'IEK', 'XIY', 'FEV', 'VRD', 'TFQ', 'FWB', 'XHQ', 'SFJ', 'JII', 'SNW', 'MLN', 'HNC', 'AJB', 'ELO', 'SDH', 'JXZ', 'ZFK']
['QTR', 'FPT', 'MYN', 'CEY', 'MSE', 'UTL', 'FWA', 'PYK', 'DJA', 'YKH', 'VQR', 'BRY', 'JME', 'SDF', 'CIH', 'KXZ', 'WTX', 'VMW', 'POC', 'YDT', 'GSB', 'DCZ', 'TLC', 'RKH', 'IFU']
['LGP', 'WCD', 'UHU', 'BLK', 'UZU', 'DZR', 'JUQ', 'OHR', 'VMJ', 'ACJ', 'QQN', 'IIY', 'ZNQ', 'DAW', 'CDZ', 'QIB', 'GWT', 'FJL', 'DOT', 'FXX', 'TFT', 'POR', 'KLV', 'ZIT', 'DWU']
['YSD', 'VAC', 'TQB', 'KNO', 'HPH', 'KLM', 'JXM', 'DTU', 'KUO', 'QCJ', 'LMU', 'FUR', 'GUQ', 'HBC', 'ONX', 'UEN', 'MZP', 'ZBF', 'MUO', 'PVQ', 'IFO', 'XEO', 'FCU', 'TBN', 'QNG']
['BEQ', 'FTE', 'NXU', 'AYK', 'AYJ', 'PKK', 'SNM', 'NDI', 'IPG', 'WCB', 'ZCY', 'WER', 'HJA', 'NWB', 'LBW', 'JJB', 'YNR', 'TGW', 'ROL', 'SCS', 'SAQ', 'ZJU', 'TKB', 'EZU', 'NFI']
['WSD', 'EQX', 'ZFO', 'MIE', 'SRP', 'QDB', 'LTC', 'ZQN', 'RIA', 'MJR', 'DMN', 'TBT', 'PAS', 'MOH', 'LZE', 'EUK', 'INO', 'JKL', 'JHO', 'WMY', 'TSS', 'UFK', 'KSW', 'EKJ', 'LWH']
['XVF', 'CHR', 'SMM', 'DMP', 'ARM', 'JMT', 'GGA', 'VWR', 'YYU', 'FDS', 'AMV', 'ELJ', 'BIN', 'KNZ', 'NLI', 'RXD', 'AZD', 'EDP', 'GFL', 'XWK', 'XEN', 'HCD', 'HHK', 'FPR', 'SFB']
['KAJ', 'UHE', 'FHI', 'PIL', 'FTI', 'YDL', 'TVY', 'CFJ', 'UIO', 'RSG', 'ZFU', 'LUT', 'EDD', 'GEF', 'RNU', 'BJR', 'VFM', 'TFN', 'DYU', 'SRB', 'DXK', 'PCL', 'VYF', 'CCY', 'FXI']
['GPH', 'MVS', 'NQL', 'HGF', 'BHL', 'FKU', 'UNW', 'QTJ', 'RYE', 'VWX', 'CHA', 'HUN', 'HQB', 'OXU', 'VZX', 'QFE', 'YLS', 'TMR', 'EOF', 'WED', 'SUQ', 'SGO', 'ULP', 'QJK', 'CXP']
['SYQ', 'KEQ', 'YSM', 'DTW', 'TDJ', 'QIK', 'CAO', 'XPW', 'FTL', 'HGD', 'UMO', 'PVS', 'PGO', 'TGH', 'KLS', 'IPV', 'RSJ', 'OFJ', 'HMT', 'FJH', 'SUP', 'ZKY', 'RYT', 'QVI', 'ASO']
['NGH', 'XVQ', 'CNU', 'CDW', 'WIF', 'NXI', 'SUT', 'XRV', 'EAA', 'DAT', 'HXZ', 'DFW', 'YVQ', 'YYJ', 'SCZ', 'YPX', 'YSP', 'YEN', 'LZI', 'YOA', 'IKN', 'MBZ', 'RZW', 'AGI', 'WWT']
['OON', 'BBZ', 'PGE', 'ODG', 'QTQ', 'CZB', 'ITN', 'AHE', 'UKF', 'NOP', 'PDU', 'NUG', 'MUV', 'HIG', 'LOQ', 'QLI', 'FCJ', 'RJS', 'NNG', 'ACP', 'WLU', 'SGT', 'KZQ', 'YKF', 'KMP']
['EBA', 'IKB', 'UOM', 'GMF', 'PZA', 'EBB', 'MCI', 'UDD', 'KLZ', 'AIM', 'MUL', 'GLR', 'OCI', 'RNM', 'FWN', 'NGI', 'MED', 'NJD', 'CGD', 'XKQ', 'DMH', 'IKW', 'IIT', 'ABC', 'ALG']
['KJN', 'WDF', 'LZP', 'PBP', 'ZGL', 'CJB', 'AQN', 'ESU', 'MMS', 'RYA', 'EBY', 'GGM', 'QZB', 'WWL', 'JGS', 'YKR', 'QMI', 'FXH', 'WJI', 'JZA', 'BCI', 'LJA', 'SNS', 'DHT', 'TMD']
['RUP', 'ZBU', 'IQJ', 'EPR', 'PTX', 'VFV', 'XQI', 'NPS', 'XNY', 'GUR', 'KMD', 'MLH', 'MVB', 'CYA', 'ALL', 'EWG', 'XDE', 'GUN', 'WUI', 'THJ', 'TVZ', 'CUZ', 'NLS', 'EEA', 'OLD']
['ZPA', 'JSL', 'YUG', 'RDG', 'GPL', 'CFP', 'BDX', 'UGW', 'CGQ', 'MAC', 'AWX', 'GUE', 'JTZ', 'VXB', 'HZF', 'ECG', 'BTJ', 'RUR', 'IDO', 'SQS', 'JZY', 'YER', 'YYC', 'IDJ', 'JZV']
['IYD', 'MIN', 'FQC', 'OZT', 'DTS', 'QBJ', 'OII', 'PAX', 'GUT', 'IPY', 'AUL', 'ARV', 'NSI', 'YHX', 'PON', 'DRX', 'UCH', 'PMO', 'FOD', 'QEP', 'IYH', 'OEN', 'MSC', 'DNE', 'UZY']
['XOE', 'RKO', 'JWQ', 'JOQ', 'VTH', 'YWW', 'MWQ', 'BFH', 'WZL', 'MNB', 'XJW', 'VCY', 'ALI', 'XFW', 'KVD', 'SCX', 'LHQ', 'NDJ', 'HYW', 'XCX', 'HXF', 'RIX', 'QLH', 'YTR', 'IUY']
['GBL', 'NHA', 'KDV', 'SFD', 'YKQ', 'QAM', 'IPK', 'SFK', 'WYK', 'SQR', 'OVZ', 'RBJ', 'XXQ', 'QYA', 'JVR', 'CRF', 'BZI', 'GXJ', 'PME', 'YYG', 'POJ', 'LLX', 'PAU', 'MJV', 'WHJ']
['UKO', 'SCK', 'BCW', 'JMO', 'WKY', 'WGY', 'YTQ', 'LWA', 'LXJ', 'HPV', 'ZCF', 'WJS', 'GGP', 'YAR', 'TUK', 'GYM', 'KVY', 'IAM', 'IUE', 'APD', 'FSW', 'LHD', 'TQM', 'NDB', 'ZRO']
