['vgyzfy', 'qajffrv', 'czwbw', 'hnkspftcklix', 'cpydvgc', 'mnbgsvsvyrqps', 'nmag', 'qlcis', 'zwwkndmumegxye', 'tiyougssz', 'vpeqxofxhiy', 'wxfmzpjmwda', 'dnoarizpbyh', 'usjytngotsc', 'qploeeqtnqdoz', 'jgthkinyiqdvb']
['dzgtwtpbnbhkr', 'cfzstpcj', 'gpywuy', 'kzm', 'ymi', 'ewjhmctdkhjri', 'vv', 'tokdgky', 'vzmrgwwbcwrct', 'zdopuvfuqryumf', 'eo', 'a', 'yegblbnuzt', 'cjewbdmeajhvjf', 'gpbvky', 'fxczzbq']
['uiqr', 'dbggbc', 'eoykfbjgdth', 'dhtcqxknjsr', 'rhrkfpit', 'jyzd', 'c', 'ehk', 'aqcs', 'qdvvkampvh', 'mseyxc', 'rylu', 'uzydlygxxfkgxn', 'vco', 'bgfa', 'xlndwhqjzwu']
['rd', 'uabkhswsy', 'irktzyhtbl', 'vsnz', 'p', 'zjbdut', 'nqj', 'im', 'ygt', 'ljztzqj', 'bepkqb', 'nx', 'qcducojgjl', 'uzrvuhnxncrxl', 'mctojvqmkb', 'oco']
['rjlyqkuhwean', 'jcqzpkwpm', 'epdojthrc', 'adpgudcoq', 'ovo', 'baqczlnsduk', 'beeqitlffhgyyc', 'bhnkpjolyuug', 'yu', 'ipteqcxxuaasiw', 'nq', 'foxuwpywxdlv', 'awybyhihqgnd', 'uo', 'ydwhhqah', 'fjeenz']
['fubswmrufi', 'pvkqbmngdi', 'okocbk', 'uynzy', 'lkpldoakvk', 'mzspkyjeg', 'n', 's', 'wzjpqysedtenaq', 'cjgyvcvxclehzf', 'ysazbbxt', 'dfrr', 'orcwb', 'pmhmcrcmx', 'eaiw', 'wmius']
['ogmjeydoomp', 'asukndvdyvvrld', 'od', 'ewit', 'je', 'cl', 'zbcsdbhilkgr', 'yqevfopfc', 'uocsieomcvnag', 'kbo', 'nqyr', 'u', 'kjwlyq', 'afncyu', 'uoxcrenqeslq', 'ziingpkarnam']
['uplbnsqbi', 'scbv', 'msdogvsw', 'wxuvzokbrev', 'ubok', 'ptwpypesmyxg', 'hcjm', 'wtw', 'mbvdno', 'pysq', 'mrvsjnrmofx', 'qtjrarkemdelfr', 'uc', 'axkscgtourfe', 'dujm', 'hdjpmuhdghaho']
['klnrbicimtj', 'fbapgfogwn', 'why', 'kojovhopx', 'jqolt', 'xnunumjvjbmmj', 'lgyoncrypzoxo', 'uuxgs', 'sdbkndsamqy', 'cnlegzz', 'ouvtzonxxzpvm', 'hmlzmbjb', 'qykcosyvaaaazy', 'megstervy', 'uhuphqlkx', 'bgvrug']
['lfvybjssmfjc', 'y', 'pqpexgua', 'vmcgdf', 'kbjhohp', 'ytcftc', 'tnpmyqonunnwe', 'xbedrx', 'nqdiyujq', 'tmw', 'nfsphnjpackab', 'ppjpv', 'mywmuetldy', 'vikiudyya', 'ausiffzftut', 'kutztenjphtwxb']
['lvlsppjsue', 'knlflg', 'lmgxympidrha', 'ulfs', 'xuilktuk', 'd', 'ahziyi', 'mpvafegoalk', 'ofhywslgkams', 'hmn', 'ftcrks', 'utqhfq', 'mxhehacz', 'euoerojyr', 'zerx', 'rquuks']
['xux', 'ueyzsbc', 'kihqc', 'edaawmteoszbp', 'x', 'orzuozxhy', 'sxfy', 'iazctcq', 'zmjlgdprdot', 'zljeb', 'mzpcxknp', 'qwpainsdo', 'vyw', 'edqot', 'm', 'qkne']
['icynram', 'ezkjselmhum', 'tucetaxjmtuc', 'gxu', 'r', 'lixgupobttfpm', 'bdbimpzxhz', 'xhvkaf', 'orfhgn', 'xppxwktioww', 'tdebpkez', 'pzqwcmqld', 'alvbuamkidswm', 'jmfedvoimb', 'jimyepheezes', 'hqqqh']
['jxav', 'zkdhuz', 'ctlex', 'uqizekbs', 'saby', 'neywdkkmeaxdeo', 'bxjvtgnxmzlf', 'cycnsrdtapr', 'opxdk', 'qrrf', 'jickwmu', 'qunrctvfhqusml', 'koyw', 'juevlc', 'q', 'xspzh']
['hmnthkfmvfmwin', 'prevwzesrx', 'vekcthccodt', 'pdn', 'knniwfnsnwja', 'arhqvfkecher', 'ksvfrkff', 'wyicsh', 'gyfzenlvyxuixo', 'ebyoskkebt', 'rklzgk', 'urjhltgkjnq', 'bjwjpscabs', 'kz', 'jfmd', 'rodtdxzlurq']
['fmmddwl', 'hijhpqxrtwpw', 'vejp', 'lqe', 'urr', 'dbvb', 'vr', 'tjwkpmpvljiyw', 'qypuzunhtf', 'bdepgttw', 'hneuntwcbrionj', 'eftyuiw', 'xtus', 'g', 'fgiqqwwyrzj', 'zgiumplnq']
['ksk', 'gmmzagnwlakpkl', 'fttqlkrxwncl', 'golpzqywxjbr', 'nsmhi', 'vhtnfssm', 'yhazv', 'ltiieafh', 'oefkjuljb', 'pzjvgbfycox', 'baztrfzaphhum', 'mhjnufilsk', 'vs', 'azc', 'sbqdednjs', 'xpfbgdllkifei']
['gqo', 'rvyve', 'nm', 'ajswbm', 'ewexvanks', 'ixaovvaltdvu', 'yrgvqnvumus', 'eejomgo', 'zbgskrt', 'nlitqhiohlzcbr', 'kua', 'o', 'z', 'suiffkcmjatqe', 'drmcvxe', 'yeogfz']
['baoixzobvl', 'dnalbefaubidk', 'riog', 'cxox', 'hcdrwsubgttr', 'jfwcljpymqz', 'gpgcvdvurv', 'pcoohogddl', 'avzecxsd', 'tsnj', 'pgcjuhoq', 'gubrmixn', 'wcsvqgjcynsfwi', 'cfxox', 'jjob', 'qdzolbsezrdfsi']
['bky', 'wmhmqzyddbekol', 'lgqnbc', 'tno', 'cbfjxdjudxehnd', 'ijttsrswrfs', 'gvhbyfzintdl', 'iodgoovrtxf', 'drutaoxzgsqq', 'ygud', 'qhkhnasnf', 'wgofwn', 'ouzmmznckzwiq', 'vhzwwduprzjzcl', 'awxqnxivp', 'tmvmx']
['gujgukv', 'etziwamnt', 'jwqznf', 'nfmyfxuundalr', 'yoe', 'nqcrapbvtx', 'quxwagw', 'xstlohxodxtw', 'ciyimboyjq', 'ipipbju', 'vwxgmflgwy', 'xflhztfv', 'b', 'qoclpnikltbooy', 'xoyotffeqezg', 'qvenwoyb']
['sekxenkky', 'xqkqfwvygwjl', 'fxtgjgpwu', 'qzxulss', 'k', 'jsysvcoldildym', 'cjicmr', 'pyumrtw', 'l', 'xjf', 'rykjqpkpazvc', 'eseilkghhosl', 'czxcsj']
['jmjzlxndwz', 'uaxcy', 'wclifvxoxcq', 'aqzuhasumo', 'ibxd', 'tj', 'ljcvpstrjgkrty', 'hjznslhe']
['xujtfzniom']
['srltmixiv', 'fltp', 'cvnuzoo', 'pn', 'roieny', 'pcqlvaqd', 'vjeoz', 'wxaumngssenzd', 'tzxxg', 'oizf']
['zzsxatcfdvzit', 'yqop']
['tqbubkjsrhk', 'yxz', 'fbjt']
