['496', '476', '233', '384', '109', '334', '92', '368', '57', '71', '201', '332', '41', '378', '38', '101', '319', '156', '452', '155', '375', '181', '120', '206', '281', '370', '486', '288', '372', '5', '56', '254', '255', '440', '209', '454', '95', '9', '16', '347', '409', '195', '29', '152', '393', '445', '359', '103', '282', '348', '100', '52', '107', '51', '204', '220', '139', '252', '13', '19', '119', '143', '199', '231', '469', '464', '116', '134', '261', '363', '227', '6', '262', '34', '39', '267', '414', '479', '466', '460', '36', '191', '311', '419', '455', '490', '367', '477', '349', '160', '475', '493', '208', '498', '141', '298', '177', '20', '73', '99', '300', '337', '405', '499', '12', '31', '10', '285', '128', '497', '69', '94', '238', '338', '215', '327', '96', '129', '188', '271', '491', '274', '182', '297', '357', '176', '489', '80', '1', '161', '170', '459', '216', '398', '127', '67', '488', '295', '382', '75', '310', '386', '331', '406', '346', '32', '192', '110', '207', '326', '420', '15', '17', '62', '287', '321', '385', '60', '125', '168', '205', '434', '340', '33', '111', '366', '492', '290', '169', '194', '219', '304', '82', '117', '299', '495', '474', '272', '294', '473', '483', '113', '180', '212', '108', '360', '435', '58', '118', '140', '131', '303', '478', '480', '465', '79', '243', '250', '173', '318', '458', '68', '309', '266', '380', '239', '35', '137', '462', '157', '358', '77', '132', '55', '159', '189', '258', '397', '402', '484', '59', '165', '249', '202', '90', '148', '364', '136', '422', '130', '175', '361', '308', '8', '203', '244', '315', '163', '221', '323', '333', '84', '145', '284', '449', '412', '54', '162', '83', '431', '248', '408', '425', '218', '301', '214', '236', '471', '196', '0', '138', '146', '263', '371', '463', '65', '427', '279', '76', '47', '81', '121', '277', '392', '43', '407', '223', '232', '411', '470', '237', '351', '63', '98', '270', '314']
['66', '114', '224', '344', '365', '416', '306', '183', '293', '296', '193', '226']
['97', '345', '85', '289', '437', '418', '335', '439', '494', '74', '104', '70', '268', '229', '430', '240', '390', '417', '241', '381', '399', '115', '457', '190', '211', '126', '178', '280', '276', '72', '317', '45', '235']
['403']
['151', '105', '350', '353', '400', '461']
['383', '93', '27', '230', '234', '376']
['64', '53', '167', '253']
['343', '149']
['179', '362']
['391', '112', '174', '369']
['185', '265', '286']
['388', '213', '256', '354']
['487', '433', '387']
['228']
['133']
['28', '217', '444', '158']
['339', '87', '395', '442', '30', '424', '441']
['184']
['89']
['482', '171', '46']
['278']
['48', '210', '24', '197', '264', '413', '415']
['291']
['225']
['436']
['166']
['187']
['451', '356']
['426']
['446']
['50']
['438']
['25', '467']
['447']
['86']
['389', '275', '312', '373', '429']
['328']
['257', '123']
['355', '18', '269', '302']
['450']
['186']
['14']
['404', '4', '23', '91']
['242']
['342']
['394']
['305']
['485']
['11', '330']
['153']
['144', '432', '200', '78']
['374', '453']
['341']
['428', '292']
['164']
['122']
['247', '102']
['325']
['21', '246']
['468']
['322']
['22']
['443']
['379']
['283']
['377']
['421']
['456']
['313']
['154']
['352', '245']
['336']
['259', '49']
['42']
['401']
['3']
['273']
['135']
['37']
['410']
['2']
['172']
['124', '61']
['481', '222', '260', '316', '329', '448']
['396']
['251', '147']
['26']
['324']
['44']
['198']
['320']
['106']
['142']
['307']
['40', '423']
['472']
['150']
['88']
['7']
