['214', '1', '6', '256', '380', '384', '387', '395', '400', '404', '406', '408', '409', '412', '415', '428', '439', '446', '381', '386', '397', '403', '411', '421', '440', '445', '457', '459', '449', '396']
['79', '22', '70', '76', '437', '82', '451', '410', '69', '71', '80', '83', '413', '444', '385', '399', '417', '441', '443', '423', '424', '435', '388', '427', '430', '402', '422', '432', '81', '438']
['21', '7', '10', '11', '401', '405', '426', '391', '455', '392', '456', '9', '434', '448', '419', '390', '447', '414', '452', '416', '393', '436', '433', '129', '425', '49', '420', '109', '431', '389']
['239', '0', '41', '132', '429', '106', '383', '394', '112', '145', '454', '107', '458', '14', '221', '218', '442', '228', '46', '59', '223', '231', '232', '158', '85', '227', '224', '230', '234', '238']
['349', '4', '174', '188', '359', '355', '348', '356', '358', '360', '352', '353', '354', '357', '363', '350', '351', '189', '186', '177', '178', '187', '179', '180', '176', '185', '181', '184', '275', '289']
['8', '3', '5', '13', '73', '72', '55', '93', '52', '74', '172', '168', '75', '26', '268', '95', '77', '169', '167', '165', '173', '166', '259', '257', '261', '271', '30', '33', '27', '151']
['450', '15', '16', '18', '20', '23', '25', '24', '345', '37', '28', '35', '42', '44', '45', '48', '39', '205', '206', '209', '210', '216', '207', '212', '36', '222', '215', '211', '213', '217']
['243', '40', '291', '305', '277', '283', '284', '288', '276', '282', '287', '290', '278', '285', '286', '280', '279', '281', '292', '38', '296', '242', '240', '246', '247', '249', '255', '245', '248', '251']
['241', '31', '320', '322', '311', '315', '316', '318', '308', '319', '310', '314', '317', '323', '327', '325', '313', '326', '375', '143', '367', '378', '376', '369', '377', '371', '368', '370', '373', '462']
['328', '101', '343', '347', '334', '336', '340', '346', '338', '341', '331', '337', '329', '330', '344', '342', '333', '339', '321', '332', '110', '121', '63', '120', '115', '117', '114', '119', '111', '113']
['453', '32', '84', '47', '43', '159', '160', '154', '87', '88', '86', '267', '273', '122', '190', '127', '124', '54', '89', '269', '157', '204', '125', '126', '128', '199', '130', '131', '195', '203']
['477', '225', '50', '68', '78', '233', '237', '229', '58', '60', '65', '64', '66', '67', '61', '62', '236', '303', '300', '301', '294', '306', '293', '295', '297', '302', '304', '298', '299', '307']
['2', '94', '96', '103', '97', '98', '104', '92', '102', '105', '99', '100', '263', '272', '260', '265', '258', '270', '274', '266', '262', '264', '309', '312', '156', '374', '379', '220', '53', '34']
['398', '29', '164', '171', '148', '118', '90', '116', '108', '235', '366', '254', '150', '146', '149', '147', '244', '253', '252', '142', '478', '183', '193', '201', '192', '196', '198', '194', '202', '197']
['250', '481', '463', '468', '482', '485', '486', '491', '498', '499']
['191', '362', '200', '467', '469', '144', '163', '488', '361', '495', '133', '123', '134', '182', '475', '155', '162', '153', '141', '170', '51', '161', '479', '135', '137', '464', '57', '492', '493', '497']
['208', '91', '473', '219', '484', '138', '139', '136', '140', '476', '364', '470', '489', '480', '372', '365', '487', '483']
['19', '17', '461', '496', '466', '335']
['418']
['175']
['407', '152', '471', '472', '490']
['12', '465', '474', '226', '494']
['324']
['382', '460']
['56']
