['465', '3', '462', '0', '129', '262', '136', '10', '395', '269', '143', '402', '276', '150', '24', '409', '283', '157', '31', '416', '290', '164', '38', '297', '171', '45', '430', '304', '52', '437', '311', '185', '59', '444', '318', '192', '66', '451', '325', '73', '458', '332', '206', '80', '339', '213', '87', '472', '346', '220', '94', '479', '353', '101', '486', '493', '367', '241', '374', '248', '122', '381', '255', '464', '466', '2', '126', '259', '7', '392', '13']
['469', '470', '471', '473', '475', '1', '386', '260', '134', '8', '393', '141', '15', '400', '274', '148', '407', '281', '155', '29', '414', '288', '162', '421', '295', '169', '43', '428', '302', '176', '50', '435', '183', '57', '442', '316', '190', '64', '449', '323', '197', '71', '456', '330', '204', '78', '463', '337', '211', '85', '344', '218', '92', '351', '225', '99', '484', '232', '106', '491', '365', '239', '113', '372', '246', '120', '379', '253', '127', '14', '399']
['270', '266', '272', '268', '16', '18', '20', '26', '56', '58', '60', '62', '70', '72', '74', '76', '98', '100', '102', '104', '128', '130', '132', '149', '151', '153', '154', '156', '158', '160', '168', '170', '172', '174', '254', '256', '258', '261', '263', '265', '275', '277', '279', '280', '282', '284', '286', '294', '296', '298', '300', '301', '303', '305', '307', '364', '366', '368', '370', '378', '380', '382', '384', '394', '396', '398', '401', '403', '405', '408', '410']
['209', '203', '205', '207', '412', '413', '415', '417', '419', '427', '429', '431', '433', '434', '436', '438', '440', '441', '443', '445', '447', '448', '450', '452', '454', '455', '457', '459', '461', '490', '492', '494', '496']
['97', '91', '93', '95']
['22', '21', '23', '25', '27', '5', '257', '131', '390', '264', '138', '12', '397', '271', '145', '404', '278', '152', '411', '285', '159', '33', '418', '292', '166', '40', '425', '299', '173', '47', '432', '306', '439', '313', '187', '61', '446', '320', '194', '68', '453', '327', '201', '75', '460', '334', '82', '467', '341', '215', '89', '474', '348', '222', '481', '229', '103', '488', '236', '110', '495', '369', '243', '117', '376', '250', '383', '252', '273', '147', '406']
['125', '119']
['208']
['96']
['247', '245', '249']
['309', '308', '310', '314']
['358', '357', '359', '361']
['377', '371', '373', '375']
['193', '189', '195', '191']
['217', '219', '221', '223']
['315', '321', '317']
['335', '329', '331', '333']
['477', '476', '480', '482', '478']
['181', '175', '177', '179']
['65']
['84', '86', '88', '90']
['267']
['140', '144', '146', '142']
['44', '42', '48', '46']
['124']
['63', '67', '69']
['186', '182', '184', '188']
['387']
['121']
['312']
['423']
['362']
['355', '350', '352', '354', '356']
['32', '28', '34', '30']
['54']
['338', '336', '340', '342']
['41', '35', '37']
['244']
['212', '210', '216']
['123']
['79', '77', '81', '83']
['489', '483', '485', '487']
['238', '242']
['360']
['347', '343', '345', '349']
['251']
['291', '287', '289', '293']
['385', '389', '391']
['115', '112', '114', '116', '118']
['234', '231', '233', '235', '237']
['6']
['11']
['326', '322', '324', '328']
['468']
['214']
['49', '51', '53', '55']
['388']
['9']
['319']
['108', '105', '107', '109', '111']
['133', '135', '137', '139']
['199', '196', '198', '200', '202']
['363']
['180']
['39']
['227', '224', '226', '228', '230']
['17']
['36']
['420', '422', '424', '426']
['167', '161', '163', '165']
['19']
['240']
['178']
['4']
