['267', '7', '90', '4', '114', '262', '188', '302', '145', '325']
['307', '50', '59', '80', '177', '370', '392', '27', '326', '64']
['319', '40', '74', '47', '236', '399', '139', '154', '317', '36']
['218', '10', '42', '82', '308', '72', '53', '191', '173', '275']
['158', '68', '78', '93', '117', '11', '92', '254', '344', '338']
['38', '389', '104', '349', '43', '269', '259', '328', '245', '87']
['127', '3', '33', '183', '311', '55', '376', '21', '215', '131']
['363', '13', '23', '60', '287', '211', '107', '159', '356', '204']
['385', '32', '150', '152', '22', '373', '378', '380', '321', '169']
['100', '15', '24', '348', '277', '335', '9', '130', '337', '257']
['228', '14', '195', '352', '340', '141', '182', '365', '255', '375']
['226', '8', '76', '115', '186', '313', '151', '232', '223', '198']
['25', '99', '196', '297', '26', '315', '210', '165', '66', '291']
['261', '2', '31', '54', '149', '41', '296', '97', '208', '6']
['28', '1', '318', '35', '239', '112', '122', '248', '48', '160']
['46', '320', '289', '333', '168', '351', '221', '170', '250', '231']
['45', '30', '294', '327', '252', '106', '393', '39', '174', '56']
['391', '199', '222', '227', '241', '102', '345', '205', '113', '310']
['329', '5', '19', '71', '372', '187', '184', '163', '178', '343']
['167', '134', '140', '143', '364', '81', '213', '358', '264', '61']
['108', '73', '387', '111', '181', '253', '75', '286', '379', '377']
['395', '194', '273', '384', '322', '334', '341', '283', '290', '300']
['216', '256', '246', '225', '123', '237', '331', '368', '37', '62']
['98', '79', '371', '398', '288', '312', '29', '144', '355', '265']
['284', '132', '201', '397', '347', '374', '382', '280', '34', '271']
['342', '58', '243', '350', '381', '85', '217', '324', '192', '244']
['203', '125', '153', '162', '157', '146', '301', '175', '180', '219']
['70', '110', '272', '353', '121', '299', '303', '214', '189', '164']
['147', '109', '212', '83', '386', '176', '229', '295', '357', '249']
['238', '190', '330', '276', '17', '65', '278', '89', '394', '298']
['292', '156', '314', '336', '281', '305', '96', '200', '388', '354']
['282', '366']
['240', '260']
['266', '207', '361', '77', '161']
['309']
['105', '316', '383']
['135']
['396']
['49', '44', '362']
['251', '52']
['137']
['88']
['390', '185', '69']
['332']
['129']
['206']
['120', '197']
['179']
['268']
['133']
['306']
['142', '285']
['172']
['119', '86']
['304']
['234']
['279']
['51']
['91']
['202']
['274']
['247']
['103']
['233']
['293', '148']
['124', '0']
['63']
['12']
['95']
['84']
['220']
['18']
['101']
['360']
['369']
['270', '263']
['258', '138', '339']
['346']
['323']
['136']
['116']
['171']
['126']
['118']
['367']
['359']
['193']
['155']
['20']
['57']
['128']
['67']
['224']
['242']
['230']
['235']
['209']
['166']
['94']
['16']
