['103', '83', '469', '262', '51', '329', '368', '7', '44', '90', '494', '170', '197', '140', '245', '132', '396', '99', '492', '91']
['13', '337', '229', '261', '212', '340', '232', '171', '41', '231', '222', '54', '111', '443', '189', '240', '149', '237', '292', '250']
['452', '119', '141', '209', '62', '281', '69', '303', '275', '271', '454', '142', '35', '456', '395', '451', '97', '106', '17', '118']
['427', '73', '206', '239', '434', '24', '296', '496', '381', '248', '355', '403', '431', '304', '131', '79', '36', '464', '246', '49']
['45', '317', '450', '115', '161', '134', '20', '361', '446', '42', '59', '145', '61', '125', '272', '376', '256', '259', '284', '120']
['336', '105', '124', '208', '293', '109', '437', '217', '353', '162', '298', '455', '65', '70', '495', '332', '157', '104', '318', '472']
['167', '22', '63', '194', '321', '0', '468', '322', '480', '282', '151', '498', '475', '314', '266', '228', '366', '18', '252', '25']
['377', '60', '84', '200', '276', '323', '352', '344', '416', '463', '442', '448', '420', '489', '348', '306', '93', '101', '57', '320']
['339', '6', '31', '107', '310', '408', '175', '108', '128', '392', '410', '165', '169', '5', '286', '325', '129', '288', '307', '479']
['180', '23', '47', '112', '205', '433', '138', '358', '327', '135', '258', '309', '354', '357', '238', '40', '89', '110', '372', '269']
['364', '334', '466', '388', '415', '71', '227', '291', '299', '94', '308', '349', '16', '52', '335', '461', '15', '409', '173', '192']
['391', '85', '139', '156', '264', '12', '226', '418', '178', '158', '166', '86', '312', '58', '423', '435', '341', '449', '19', '185']
['465', '10', '384', '80', '199', '9', '385', '122', '488', '277', '380', '439', '326', '64', '34', '127', '459', '8', '32', '425']
['30', '26', '399', '195', '274', '457', '133', '181', '207', '417', '453', '367', '487', '174', '483', '260', '289', '100', '203', '421']
['4', '362', '263', '432', '386', '176', '242', '251', '182', '43', '375', '144', '490', '316', '295', '28', '397', '81', '55', '210']
['359', '2', '96', '188', '87', '394', '223', '186', '379', '72', '401', '14', '76', '29', '179', '363', '319', '478', '373', '482']
['37', '219', '88', '98', '163', '393', '387', '302', '155', '137', '414', '445', '347', '92', '398', '74', '390', '474', '160', '50']
['201', '191', '214', '405', '413', '402', '440', '294', '460', '301', '436', '430', '370', '184', '113', '123', '254', '247', '196', '273']
['346', '116', '476', '177', '473', '243', '249', '11', '148', '268', '351', '218', '150', '400', '230', '471', '27', '438', '143', '236']
['426', '67', '224', '202', '211', '215', '343', '287', '356', '493', '234', '77', '491', '221', '193', '235', '241', '147', '428', '253']
['152', '172', '283', '78', '374', '121', '168', '458', '365', '447', '46', '66', '220', '481', '154', '424', '477', '484', '53', '315']
['444', '1', '38', '187', '244', '265', '280', '297', '305', '331', '338', '369', '407', '422', '462', '467', '485']
['345', '371']
['278']
['313', '270', '382', '48', '153', '383', '406', '216', '190', '412', '39', '82', '360', '324', '290', '404', '233']
['328']
['198']
['486', '164', '68']
['330']
['311', '441']
['3']
['497', '21', '213', '75', '33', '56', '378', '419', '117']
['102']
['470']
['411']
['204']
['225']
['342', '429', '350', '114', '300']
['267']
['146']
['183']
['257']
['126']
['499']
['279', '255']
['159', '389']
['285']
['333', '136']
['130']
['95']
