['134', '45', '234', '212', '179', '231', '140', '180', '182', '184', '250', '1', '237', '101', '150', '255', '267', '16', '111', '117', '21', '30', '103', '196', '290']
['256', '66', '81', '88', '209', '23', '47', '141', '277', '62', '128', '112', '274', '278', '174', '40', '75', '211', '165', '279', '208', '178', '204', '187', '238']
['206', '6', '9', '11', '14', '19', '22', '26', '31', '38', '48', '49', '52', '55', '58', '59', '64', '73', '74', '77', '78', '79', '85', '97', '104']
['217', '44', '53', '177', '199', '293', '232', '36', '160', '124', '223', '12', '35', '264', '236', '51', '225', '130', '214', '10', '224', '213', '60', '61', '226']
['110', '8', '239', '146', '244', '82', '24', '113', '258', '260', '272', '275', '246', '4', '297', '90', '83', '163', '210', '242', '93', '185', '50', '235', '294']
['191', '147', '28', '67', '298', '172', '253', '98', '201', '116', '87', '7', '159', '161', '167', '27', '39', '100', '171', '288', '216', '169', '56', '63', '92']
['65', '105', '106', '107', '120', '129', '138', '145', '149', '154', '156', '164', '166', '176', '195', '200', '218', '221', '227', '228', '240', '245', '247', '248', '254']
['251', '259', '263', '273', '282', '283']
['291', '91', '207', '257', '121', '202', '241', '2', '43', '54', '80', '37', '287', '33', '194', '143', '193', '181', '126', '281', '5', '3', '76', '300', '127']
['118', '18', '96', '25', '197', '205', '266', '284', '155', '233', '270', '20', '269', '189', '183', '153', '158', '203', '295', '229', '57', '109', '215', '132', '157']
['89']
['108', '252', '173']
['41', '271', '151', '94', '168', '286', '249', '137', '13', '69', '280', '296', '34', '86', '192', '68', '170', '46', '230', '262', '188', '299', '17', '190', '139']
['219', '15', '119', '102', '285', '198']
['125', '133']
['152']
['292']
['72', '144', '243', '32', '136', '84', '114', '175', '99', '162', '289', '276', '71', '123', '142', '148', '29', '42', '122', '131', '220', '70', '186', '222', '95']
['115', '268', '265', '261']
['135']
