['94', '242', '208', '59', '190']
['220']
['47']
['19']
['219']
['233', '45']
['122']
['188', '111', '85', '34']
['158', '174']
['83']
['14']
['209']
['49', '189', '155']
['212']
['42']
['4', '118']
['191']
['117']
['215', '143', '105']
['237', '37', '230']
['33']
['15']
['123']
['21']
['181']
['161', '142']
['141']
['147', '180']
['87', '63']
['229']
['226']
['66']
['39']
['232']
['7', '137']
['20']
['1']
['50']
['128']
['125']
['140']
['12']
['124']
['88']
['153', '235']
['78']
['17']
['150', '70']
['164']
['245', '173']
['236']
['22']
['179']
['18']
['211']
['86']
['80']
['44']
['217']
['177']
['74', '92', '121', '0']
['3']
['51']
['227']
['183']
['131']
['192']
['154', '67', '103']
['133']
['5']
['8']
['113']
['178', '195']
['136']
['84', '201']
['222']
['38']
['64']
['194']
['193']
['130', '9']
['65']
['170', '166']
['30', '98']
['238']
['157']
['171', '182']
['144']
['163', '53', '202']
['60']
['213']
['91']
['61']
['52']
['56']
['75']
['69']
['214']
['73', '112']
['156']
['81']
['228']
['25']
['197']
['200']
['172']
['247']
['62']
['185']
['110']
['31']
['95']
['199']
['218', '13']
['106']
['146']
['26']
['139']
['29']
['32']
['101']
['152', '134']
['126']
['176']
['223']
['57']
['100']
['207']
['46']
['90']
['135']
['99']
['76']
['11']
['145']
['239']
['55']
['205']
['77']
['68']
['79']
['249']
['206']
['23']
['72']
['16', '210', '169']
['162']
['129', '127', '221']
['240']
['234']
['168']
['58']
['82']
['244']
['186']
['115']
['36']
['184']
['160']
['116']
['225']
['102']
['246']
['151']
['108', '28']
['48', '54']
['132']
['159']
['243']
['41']
['120']
['93']
['114', '138']
['6']
['148']
['24']
['104', '165']
['10']
['204']
['196']
['119']
['40']
['241']
['43']
['2', '35']
['107']
['97']
['89', '198']
['96']
['203']
['71', '109']
['216']
['149']
['167']
['231']
['248']
['27']
['224']
['175']
['187']
