['83', '238', '73', '200', '0', '74', '161', '133', '162', '84', '40', '104', '129', '186', '192', '218', '230', '243']
['106', '297', '263', '11', '36', '19', '46', '185', '152', '268', '136', '132', '147', '190', '244', '279', '305']
['139', '2', '210', '281', '123', '195', '166', '119', '256', '180', '144', '91', '127', '193', '197', '203']
['229', '16', '188', '59', '110', '76', '30', '178', '245', '175', '290', '3', '189', '239']
['8', '72', '12', '196', '137', '35', '124', '80', '273', '213', '292', '141']
['32', '82', '304', '14', '117', '234', '171', '99', '246', '227', '135', '157', '299', '308']
['252', '311', '105', '7', '282', '219', '64', '201', '233', '79', '21', '62', '146']
['45', '231', '295', '33', '262', '288', '172', '226', '255', '26', '61', '148', '163', '303']
['294', '9', '95', '277', '151', '75', '298', '53', '126', '25', '38', '42', '198']
['1', '301', '131', '170', '101', '176', '89', '55', '118', '312', '10', '28', '54', '125', '159']
['4', '13', '206', '289', '140', '20', '276', '143', '70', '50', '114', '214', '247']
['68', '236', '264', '205', '154', '37', '108', '187', '242', '113', '15', '165', '169', '260']
['286', '285', '278', '138', '254', '168', '272', '221', '18', '240', '43', '167', '220']
['5', '177', '92', '22', '24', '249', '44', '225', '217', '121', '27', '96', '237', '250']
['212', '23', '85', '191', '47', '93', '29', '307', '71', '284', '51', '86', '241', '257', '283']
['142', '48', '266', '216', '31', '269', '202', '164', '274', '209', '63', '122', '128', '173']
['98', '261', '87', '194', '232', '34', '208', '103', '88', '184', '60', '111', '134', '306']
['52', '251', '160', '204', '207', '39', '66', '78', '199', '81', '248', '275', '287']
['181', '156', '293', '102', '174', '145', '313', '90', '67', '41', '69', '120', '223']
['182', '112', '130', '58', '149', '155', '158', '291', '49', '271', '65', '97', '222', '280']
['17', '267', '215', '310', '265', '179', '309', '57', '259', '228', '235', '258', '270', '300']
['77', '100', '56', '224', '302', '183', '150', '253', '116', '153', '94', '107', '115', '211']
['296', '6', '109']
