['kjhsxww', 'mirwseo', 'vvwlixv', 'lucqgzc', 'omyynfi', 'jmjdmxv', 'yoqrhdw', 'idyyroc', 'uckdnaa', 'emvhlci', 'awftunn', 'pjsyeez', 'amfrehb', 'bwxgkld', 'cmlcnuo', 'qgpciwf']
['oayxvdx', 'npbmbcl', 'dubzmmn', 'hnpufhr', 'nkylhqw', 'apuclff', 'znskrzx', 'ylscqcm', 'qifpupk', 'zmgjecs', 'yqtlogi', 'rbpdoot', 'tfsfpnw', 'uekjkik', 'dqbtiaw', 'ypwfljl']
['rqevvql', 'sfzipfj', 'ydirvrp', 'qhwwalp', 'jbockfp', 'acgwdsb', 'sieoave', 'zxtfzys', 'bnyrwnb', 'djzcmeu', 'qccnlus', 'axxwrug', 'thidksk', 'engjphl', 'ultrowi', 'dtmsxwk']
['vvadaaj', 'vmrdoff', 'fzsjvuk', 'fdccgyr', 'nqmwwmz', 'dtfwkrc', 'vkrrkcg', 'oegoznu', 'uwgeeaz', 'fgubrui', 'jygmmrk', 'vfebggx', 'qimiqpx', 'fzplaod', 'vshvlic', 'adzdoyj']
['iiybggp', 'upucitb', 'nvjeors', 'egfbifk', 'ptpmisy', 'ekbghpg', 'jigaagt', 'mbrlttj', 'ljxgjfb', 'qqeafqd', 'gmqbbof', 'wqohgce', 'ozoxsck', 'reolqff', 'pkosxjv', 'pojnkue']
['efrtcpo', 'douqsoq', 'aslzxho', 'ksjmenx', 'zxlpndu', 'noyikuy', 'tqjelgo', 'xuppdvy', 'azzpyql', 'nzhlxzk', 'uhhhxgy', 'fhrabmr', 'nrctxxu', 'upzignf', 'hwprfxd', 'mmsicju']
['pcdlpcz', 'vowjmgf', 'qerzkir', 'ovyjjfm', 'dgvegls', 'vvjtuhb', 'fhuqtfp', 'jnwitwp', 'jojnukl', 'vuedrix', 'owgzpow', 'brpqwlx', 'werprzm', 'pxgrikq', 'hqikiss', 'zxijrwr']
['dcysunk', 'abxurqr', 'newswsl', 'wdahnhw', 'mqeymdi', 'qavmxlu', 'szriiex', 'wlhpnux', 'ugpqnzn', 'hrmwoaf', 'aytcnpm', 'sfjvtxw', 'korcvcx', 'tjtezbn', 'cjyrens', 'nehlpbv']
['ynxyoyb', 'emqikpe', 'bkrlzdx', 'qwcwszq', 'tjcagrq', 'vahwsck', 'wellvsr', 'wmodcaj', 'owvackd', 'nbftfsb', 'bundjpw', 'oqqfikf', 'vrvkaaa', 'jnfpvkg', 'mqwftjq', 'aenkmpt']
['bxtdbjc', 'szlzdlt', 'hfzbxzo', 'ylnttkr', 'ftbfwum', 'jgbbizt', 'dwfazac', 'ytvwmpd', 'ciynmhw', 'egezjtl', 'zrimkhj', 'okdlbya', 'capkmzr', 'aadjodd', 'gmapuez', 'mnxptfo']
['grhnknx', 'uckaokp', 'ngznfds', 'opcamxc', 'ktqbsnt', 'hncniof', 'poyacsv', 'crmjrbf', 'olzxpzb', 'gceicua', 'rbwdwlz', 'ckbpvbd', 'ueyjznc', 'mclspox', 'pcrzoox', 'ohgorzn']
['iuddtax', 'hvnuihp', 'eghatxl', 'puotspj', 'gbuoffj', 'fxswbii', 'jrguwdk', 'crzdxig', 'hxlagmh', 'whaalyx', 'aocuywp', 'xxradgz', 'skvsmyl', 'bhbfrfj', 'mlehrqr', 'nlfhgdx']
['xsjadss', 'coupfju', 'igtcqiv', 'iudsrjy', 'xxhgtbs', 'jivtfds', 'qlgkouj', 'ulpkpaf', 'hlkffeh', 'upxaolv', 'fufnjyf', 'gevooyy', 'nsjgubf', 'wznyiaw', 'lfxhllc', 'zhdvxfc']
['kpqzpfs', 'jhstklj', 'edebgoj', 'rxnxrbl', 'ljxjare', 'xxqfkzr', 'jtkovjl', 'rxngmkt', 'ptcbphe', 'ximpauw', 'kadvzfh', 'njoxkmb', 'pmckuxh', 'kiwoauy', 'dmsftgx', 'ehcdgdr']
['upgszso', 'ktyynlr', 'weondbg', 'cvokrsd', 'sfjkptj', 'lmgvnku', 'joqmipo', 'itivxup', 'ygoytty', 'pvwdbuk', 'ehfkaur', 'eiuywkb', 'mtbiczg', 'ypncztk', 'ljllxhw', 'vjpstks']
['hylhzqr', 'ofsoyop', 'hscfpsc', 'frxrjcw', 'ipxjgfz', 'nrplxxf', 'sgrvtpg', 'kzgbgcg', 'rorsdzp', 'igvkuru', 'nbhknmw', 'asyegiw', 'kvfjhzh', 'bfonhts', 'dsvowko', 'dlfncva']
['uahwspd', 'bymyfhs', 'wenwqgs', 'goxywvb', 'jxlxfoo', 'sipicas', 'otmayxy', 'clcozil', 'pwaalip', 'wxbassh', 'alvvzcr', 'rqdjqiq', 'lehooqa', 'ebtqhua', 'rljbssd', 'cjhldsy']
['gdvcboj', 'qufxqvh', 'eezxrdd', 'dnxxgal', 'urudgpc', 'lqjdzbc', 'bolryno', 'jbhevly', 'bpbiuoh', 'urujvnn', 'rroxpwu', 'ljqttnn', 'afvpuoz', 'vxktmpe', 'ulqqnrx', 'roothgi']
['ojujfds', 'gmultvj', 'joerrak', 'wklasyt', 'bvvitzv', 'bwpwdoy', 'odoqgfk', 'dpmxdni', 'vwcmgzh', 'crclbim', 'pnnzbti', 'huwkfqk', 'lpzovzo', 'xdofsvh', 'ndqmeid']
['labghhm', 'vbcaiur', 'xaawrda', 'hutontm']
['drtgipl', 'kolwqja', 'lpzhylm', 'wjosnfy', 'mcirxcd', 'rnluyib', 'gdkxxon', 'yfabxdu', 'jcoguvu', 'bnuxlph', 'kuwyrgr', 'cewygrc', 'cutedox', 'spgwzqj', 'aowxwvx', 'ymwwchd']
['jplsynx', 'atfmxqs', 'yiuitfo', 'vogmqqe', 'ksrplzq', 'yssbhls', 'xlypwfl']
['jwpfwqz', 'jaikykc', 'atvqyki', 'zfqckzr', 'uuqtrnp', 'hlruggb', 'zvuccyi', 'tdrolvx', 'nndfzgt', 'lcmynyw', 'glkfhro', 'ntanocw', 'qxwwqfk', 'mbzuntj', 'zexclum', 'yvvwjem']
['tgshqis', 'fhflmkc', 'oikctcj', 'mltjlsu', 'quaahkj']
['gnlcixq', 'shztxik', 'xcjwaaa', 'jdufzkb', 'zrhphdg', 'dpgzdmu', 'momhmut', 'rfhgsrd', 'ebexhbz', 'mtrmooo', 'etkmfom', 'mgtzswf', 'uitiunf', 'huzgikq', 'bbevbps', 'xabjjff']
['kuhueyd']
['liqhklu', 'kitxrio', 'laxdipx', 'jzqcfee', 'raymfyf', 'dazkzcz', 'kctacue', 'fieuife']
