['173', '20', '127', '176', '300', '179', '358', '94', '496', '299', '329', '375', '304', '254', '271', '266', '264', '255', '256', '389', '281', '287', '478', '479', '477', '475', '405', '447', '448', '297', '5', '343', '453', '288', '450', '357', '131', '93', '369', '195', '197', '205', '401', '289', '67', '404', '282', '123', '73', '320', '25', '489', '245', '148', '63', '355', '12', '278', '393', '377', '354', '215', '322', '486', '163', '307', '318', '242', '235', '152', '194', '243', '309', '362', '241', '473', '367', '41', '373', '352', '285', '47', '108', '9', '119', '272', '344', '13', '204', '234', '494', '106', '275', '171', '220', '175', '422', '408', '407', '424', '274', '335', '168', '465', '37', '216', '452', '115', '79', '435', '113', '36', '49', '201', '217', '305', '374', '400', '74', '135', '417', '411', '415', '230', '169', '199', '396', '421', '306', '312', '91', '109', '379', '339', '460', '459', '325', '402', '209', '45', '167', '50', '58', '196', '2', '14', '43', '52', '53', '90', '120', '139']
['24', '1', '399', '273', '129', '228', '65', '392', '391', '394', '81', '236', '420', '145', '130', '219', '227', '223', '370', '103', '44', '153', '259', '62', '337', '233', '226', '218', '229', '365', '353', '356', '390', '61', '349', '410', '60', '232', '397', '207', '202', '213', '164', '54', '149', '284', '137', '128', '467', '38', '468', '95', '10', '330', '101', '208', '112', '193', '136', '84', '23', '446', '180', '445', '29', '493', '75', '46', '327', '323', '151', '188', '160', '263', '498', '142', '166', '31', '89', '56', '189', '111', '495', '39', '336', '361', '177', '442', '315', '57', '321', '385', '383', '384', '366', '470', '471', '181', '487', '11', '412', '66', '162', '488', '80', '490', '30', '247', '156', '363', '418', '157', '182', '165', '497', '347', '469', '143', '34', '308', '286', '290', '386', '326', '483', '482', '250', '248', '260', '341', '443', '138', '258', '359', '316', '439', '68', '121', '191', '240', '438', '83', '118', '416', '261', '267', '150', '409', '15', '251', '32', '18']
['159', '28', '59', '76', '100', '102', '140', '146', '172', '186', '192', '239', '253', '262', '268', '276', '279', '291', '298', '319', '350', '351', '371', '381', '406', '413', '414', '425', '430', '463', '472', '492']
['198', '98', '457', '342', '190', '96', '458', '461', '77', '346', '368', '348', '456', '451', '40', '293', '403', '481', '64', '72', '334', '17', '328', '313', '124', '141', '7', '200', '464', '466', '480', '462', '126', '296', '134', '48', '117', '71', '211', '294', '372', '429', '301', '427', '499', '280', '449', '214', '380', '249', '51', '265', '269', '203', '441', '132', '97', '210', '125', '70', '107', '183', '8', '237', '244', '170', '144', '485', '158', '155', '332', '87', '331', '474', '434', '437', '19', '16', '432', '436', '206', '187', '277', '444', '42', '283', '231', '270', '33', '55', '426', '333', '378', '147', '398', '395', '22', '454', '85', '184', '221', '317', '314', '360', '212', '114', '6', '225', '423', '224', '440', '82', '78', '455', '86', '388', '310', '161', '3', '387', '185', '21', '257', '222', '122', '238', '88', '295', '311', '364', '484']
['27']
['303']
['116']
['0', '292']
['178']
['476', '105', '419']
['252', '69']
['376', '133', '338', '104']
['110']
['246', '302']
['154']
['382', '4', '340']
['26', '99']
['428', '35', '92', '433', '431']
['324']
['491']
['345']
['174']
