['Claudia', 'Kylee', 'Abby', 'Amaya', 'Makenzie', 'Jordyn', 'Delaney', 'Maggie', 'Karla', 'Kathleen']
['Tia', 'Litzy', 'Layla', 'Krista', 'Kasey', 'Tatyana', 'Melody', 'Zoey', 'Carley', 'Janet']
['Paris', 'Johanna', 'Regan', 'Justine', 'Angelique', 'Janae', 'Joy', 'Sasha', 'Irene', 'Chelsey']
['Lily', 'Angel', 'Gabriela', 'Erika', 'Jade', 'Amy', 'Madelyn', 'Caitlyn', 'Leah', 'Cassidy']
['Jessie', 'Noelle', 'Carla', 'Brooke', 'Michelle', 'Kimberly', 'Brittany', 'Vanessa', 'Bailey', 'Melissa']
['Anahi', 'Ellie', 'Linda', 'Jacquelyn', 'Daniella', 'Lizbeth', 'Kaylee', 'Catherine', 'Zoe', 'Kelsey']
['Julianna', 'Genesis', 'Alana', 'Elise', 'Skyler', 'Kirsten', 'Kathryn', 'Leslie', 'Alexandria', 'Sabrina']
['Gabrielle', 'Mary', 'Sierra', 'Katelyn', 'Amber', 'Jordan', 'Madeline', 'Clare', 'Danielle', 'Faith']
['Andrea', 'Mia', 'Isabel', 'Molly', 'Katie', 'Gabriella', 'Cheyenne', 'Cassandra', 'Tiffany', 'Erica']
['Monique', 'Cristina', 'Kamryn', 'Raquel', 'Destinee', 'Helen', 'Ashleigh', 'Rosa', 'Josie', 'Denise']
['Theresa', 'Alayna', 'Tamara', 'Yasmine', 'Maddison', 'Kali', 'Bailee', 'Tatum', 'Susan', 'Sharon']
['Sylvia', 'Carlie', 'Alanna', 'Jayden', 'Angie', 'Tianna', 'Sonia', 'Malia', 'Carrie', 'Elaina']
['Kristen', 'Angelica', 'Ana', 'Daisy', 'Hope', 'Britney', 'Daniela', 'Brittney', 'Kennedy', 'Chelsea']
['Naomi', 'Ava', 'Brooklyn', 'Avery', 'Lindsay', 'Valerie', 'Camryn', 'Ariel', 'Monica', 'Peyton']
['Kassandra', 'Madeleine', 'Makenna', 'Cecilia', 'Kiana', 'Natasha', 'Tessa', 'Reagan', 'Alissa', 'Mercedes']
['Dakota', 'Rylee', 'Aliyah', 'Charlotte', 'Meredith', 'Eva', 'Lindsey', 'Kylie', 'Diana', 'Mikayla']
['Cindy', 'Haylee', 'Sidney', 'Margaret', 'Kelly', 'Miranda', 'Audrey', 'Alicia', 'Jocelyn', 'Arianna']
['Mckenzie', 'Lillian', 'Adriana', 'Kiara', 'Skylar', 'Riley', 'Crystal', 'Veronica', 'Isabelle', 'Summer']
['Jillian', 'Heather', 'Hayley', 'Evelyn', 'Michaela', 'Karen', 'Jamie', 'Bianca', 'Hanna', 'Brenda']
['Payton', 'Karina', 'Angelina', 'Cynthia', 'Sophie', 'Alexia', 'Mya', 'Kendra', 'Mckenna', 'Holly']
['Colleen', 'Ellen', 'Tyra', 'Felicity', 'Kaylin', 'Rhiannon', 'Madisyn', 'Julie', 'Kendall', 'Kara']
['Shelby', 'Makayla', 'Caitlin', 'Paige', 'Christina', 'Trinity', 'Jasmin', 'Selena', 'Esmeralda', 'Cameron']
['Shania', 'Josephine', 'Kira', 'Kyra', 'Amelia', 'Casey', 'Serena', 'Savanna', 'Aaliyah', 'Giselle']
['Bridget', 'Camille', 'Carolina', 'Whitney', 'Celeste', 'Mallory', 'April', 'Adrianna', 'Christine', 'Kristina']
['Lesley', 'Serenity', 'Asia', 'Nina', 'Natalia', 'Valeria', 'Aubrey', 'Lauryn', 'Kate', 'Alison']
['Gisselle', 'Virginia', 'Julissa', 'Cheyanne', 'Kierra', 'Kaitlynn', 'Marie', 'Eleanor', 'Martha', 'Tiara']
['Piper', 'Genevieve', 'Marlene', 'Tayler', 'Marilyn', 'Barbara', 'Macy', 'Joanna', 'Juliana', 'Fatima']
['Autumn', 'Mariah', 'Angela', 'Breanna', 'Claire', 'Marissa', 'Briana', 'Jada', 'Laura', 'Alexa']
['Maya', 'Ariana', 'Melanie', 'Jaqueline', 'Carmen', 'Vivian', 'Miriam', 'Ciara', 'Lisa', 'Hallie']
['Alejandra', 'Carly', 'Anne', 'Rose', 'Liliana', 'Kristin', 'Marisa', 'Imani', 'Kailey', 'Deanna']
['Meagan', 'Marina', 'Tiana', 'Kayleigh', 'Ashton', 'Clara', 'Annie', 'Nia', 'Carolyn', 'Anastasia']
['Cora', 'Mayra', 'Brisa', 'Brenna', 'Dana', 'Shayla', 'Kassidy', 'Ashlee', 'Alaina', 'Wendy']
['Emilee', 'Katlyn', 'Georgia', 'Logan', 'Tabitha', 'Paola', 'Callie', 'Addison', 'Lucy', 'Gillian']
['Lydia', 'Bethany', 'Shannon', 'Clarissa', 'Esther', 'Mariana', 'Bryanna', 'Deja', 'Baylee', 'Heaven']
['Sandra', 'Nadia', 'Ruby', 'Dominique', 'Ella', 'Jayla', 'Tori', 'Teresa', 'Ruth', 'Krystal']
['Cierra', 'Patricia', 'Kyla', 'Jazmin', 'Katelynn', 'Raven', 'Katrina', 'Rachael', 'Nancy', 'Elena']
['Perla', 'Brooklynn', 'Eden', 'Miracle', 'Julianne', 'Elisa', 'Aileen', 'Lorena', 'Devin', 'Athena']
['Gina', 'Gloria', 'Jenny', 'Renee', 'Cassie', 'Heidi', 'Ivy', 'Lacey', 'Haleigh', 'Talia']
['Karissa', 'Kaylie', 'Mikaela', 'Eliza', 'Harley', 'Jaden', 'Madalyn', 'Hailee', 'Ashlynn', 'Brandi']
['Nora', 'Lesly', 'Elisabeth', 'Allie', 'Viviana', 'Cara', 'Marisol', 'India', 'Brandy', 'Alisha']
['Tara', 'Jazmine', 'Allyson', 'Gracie', 'Gianna', 'Sadie', 'Hunter', 'Francesca', 'Carissa', 'Iris']
['Guadalupe', 'Yesenia', 'Alexus', 'Tatiana', 'Kaleigh', 'Tyler', 'Alice', 'Yasmin', 'Tamia', 'Abbey']
['Ashlyn', 'Desiree', 'Alondra', 'Lilly', 'Mckayla', 'Ayanna', 'Jane', 'Precious', 'Jayda', 'Kelsie']
['Priscilla', 'Lexi', 'Phoebe', 'Halle', 'Kiersten', 'Kiera', 'Annika', 'Pamela', 'Tania', 'Charity']
['Meghan', 'Fiona', 'Alyson', 'Kaila', 'Annabelle', 'Emely', 'Alina', 'Janelle', 'Madyson', 'Paulina']
['Diamond', 'Kaitlin', 'Sofia', 'Zaria', 'Skye', 'Emilie', 'Felicia', 'Larissa', 'Macie', 'Aurora']
['Chyna', 'Esperanza', 'Regina', 'Luz', 'Tierra', 'Cristal', 'Sage', 'Lucia', 'Alma', 'Chasity']
['Rebekah', 'Ann', 'Nichole', 'Deborah', 'Kailee', 'Kenya', 'Amari', 'Macey', 'Kaley', 'Leilani']
['Jenna', 'Courtney', 'Sara', 'Jacqueline', 'Erin', 'Caroline', 'Adrienne', 'Shyanne', 'Eliana', 'Kelli']
['Taryn', 'Kiley', 'Jaclyn', 'Eve', 'Sydnee', 'Madelynn', 'Breana', 'Melina', 'Arielle', 'Toni']
