['363', '362', '364', '231', '361', '386', '377', '365', '230', '232', '320', '109', '360', '111', '110', '385', '387', '398', '376', '375', '378', '366', '86', '229', '52', '96', '233', '102', '101', '319']
['347', '282', '335', '346', '348', '370', '187', '186', '281', '283', '334', '336', '120', '345', '58', '228', '227', '344', '343', '349', '369', '371', '280', '279', '188', '217', '185', '193', '284', '374']
['69', '68', '70', '372', '156', '67', '71', '76', '115', '202', '9', '29', '373', '295', '155', '157', '285', '66', '72', '174', '75', '286', '258', '77', '296', '116', '73', '74', '300', '201']
['132', '15', '131', '133', '146', '14', '16', '60', '78', '130', '134', '354', '240', '83', '95', '145', '147', '196', '326', '13', '226', '1', '17', '94', '142', '59', '61', '79', '80', '129']
['123', '122', '124', '384', '308', '355', '21', '121', '331', '332', '125', '268', '314', '383', '207', '206', '307', '309', '356', '20', '22', '89', '33', '221', '161', '225', '333', '313', '118', '126']
['141', '140', '139', '358', '278', '36', '138', '172', '357', '359', '35', '37', '322', '0', '137', '316', '317', '171', '173', '329', '34', '8', '38', '250', '105', '256', '321', '323', '204', '136']
['190', '189', '191', '127', '149', '192', '24', '31', '128', '148', '150', '151', '23', '25', '30', '32', '6', '42', '87', '299', '82', '81', '152', '26', '44', '43', '213', '254', '27', '153']
['273', '108', '208', '274', '107', '63', '209', '238', '275', '106', '62', '64', '104', '210', '237', '239', '85', '276', '28', '236', '324', '10', '65', '103', '211', '297', '298', '315', '84', '117']
['143', '48', '51', '144', '47', '49', '50', '46', '45', '2', '3', '4', '5', '7', '119', '135', '162', '163', '164', '168', '169', '170', '194', '200', '205', '212', '218', '222', '223', '224']
['97', '98', '99', '293', '100', '292', '294', '337', '291', '342', '301', '338', '290', '341', '340', '339', '302', '389', '246', '289', '40', '303', '388', '390', '247', '244', '266', '267', '288', '39']
['245', '234', '235', '241', '242', '243', '248', '249', '255', '287', '310', '311', '312', '318', '325', '327']
['330', '12', '11', '176', '215', '175', '177', '214', '216', '178', '160', '181', '179', '180', '159', '265', '182', '352', '158', '367', '41', '257', '264', '183', '351', '353', '195', '219', '328', '368']
['19', '18', '395', '394', '396', '393', '397', '392', '391']
['92', '91', '93', '90', '184', '220', '54', '53', '55', '306', '56', '305', '57', '382', '154', '304', '381', '251', '380', '252', '379', '197', '203', '88', '166', '198', '165', '167', '199', '350']
['263', '262', '261', '260', '259']
['399']
['253']
['114', '113', '112']
['277']
['272', '271', '270', '269']
