['121', '301', '131', '119', '8', '9', '10']
['222', '12', '13', '14', '15', '56', '57']
['223', '58', '59', '60', '61', '62', '63']
['124', '64', '65', '66', '67', '72', '73']
['398', '74', '75', '120', '122', '123', '127']
['173', '128', '129', '130', '140', '141', '142']
['193', '144', '145', '146', '147', '156', '157']
['183', '158', '159', '160', '161', '162', '163']
['311', '180', '181', '182', '188', '189', '190']
['78', '76', '79', '200', '201', '202', '203']
['36', '37', '38', '39', '216', '217', '218']
['326', '236', '237', '238', '239', '240', '241']
['107', '104', '242', '243', '252', '253', '254']
['166', '164', '165', '167', '255', '259', '260']
['33', '32', '34', '35', '261', '262', '263']
['20', '22', '264', '265', '266', '267', '272']
['195', '191', '192', '273', '274', '275', '280']
['344', '281', '282', '283', '288', '289', '290']
['378', '284', '285', '286', '287', '291', '292']
['304', '293', '294', '295', '305', '306', '320']
['21', '308', '309', '310', '321', '322', '323']
['396', '328', '329', '330', '331', '332', '333']
['231', '228', '229', '230', '334', '335', '336']
['126', '337', '338', '339', '348', '349', '350']
['40', '41', '42', '43', '352', '353', '354']
['51', '48', '49', '50', '356', '357', '358']
['1', '0', '2', '3', '360', '361', '362']
['70', '68', '364', '365', '366', '367', '372']
['194', '368', '369', '370', '371', '373', '375']
['97', '98', '374', '376', '377', '379', '380']
['29', '30', '381', '382', '383', '384', '385']
['208', '209', '210', '386', '387', '388', '389']
['139', '136', '137', '138', '143', '390', '391']
['279', '278']
['16', '17', '18', '19']
['171', '168', '170']
['257']
['53', '52', '54', '55']
['187', '184', '185', '186']
['96']
['258']
['169']
['69']
['300', '302', '303']
['393', '392', '394', '395']
['232', '233', '235']
['31']
['71']
['115', '113', '114']
['256']
['176', '177', '178', '179']
['28']
['211']
['23']
['135', '132', '133', '134']
['172', '174']
['99']
['317', '316', '318', '319']
['324', '325', '327']
['83', '80', '81', '82']
['314', '312', '313', '315']
['84', '85', '86', '87']
['226', '225']
['110', '108', '109', '111']
['220', '221']
['116', '117']
['152', '153', '154', '155']
['234']
['199', '196', '197', '198']
['101', '100', '103']
['227']
['77']
['105']
['92', '93', '94']
['102']
['346', '345', '347', '351', '355', '359', '363']
['88', '89', '90', '91']
['277']
['224']
['276']
['271', '268', '269', '270']
['125']
['106']
['297', '296', '298']
['307']
['247', '244', '245', '246']
['251', '248', '249', '250']
['46', '44', '45', '47']
['95']
['212', '213', '214', '215', '219']
['112']
['148', '149', '150', '151']
['207', '204', '205', '206']
['118']
['4', '5', '6', '7', '11']
['399', '397']
['175']
['341', '340', '342', '343']
['299']
['24', '25', '26', '27']
