['39', '18', '479', '23', '167', '439', '389', '395', '182', '169', '322', '36', '329', '59', '276', '284', '371', '480', '58', '86', '323', '370', '214', '437', '457', '390', '173', '416', '391', '190']
['428', '48', '100', '216', '131', '234', '346', '124', '373', '350', '87', '298', '372', '213', '490', '303', '230', '215', '455', '106', '56', '239', '415', '148', '305', '14', '204', '319', '436', '279']
['161', '153', '197', '368', '27', '41', '349', '385', '434', '144', '238', '430', '185', '425', '235', '184', '218', '119', '394', '393', '392', '388', '324', '104', '105', '412', '102', '261', '327', '259']
['486', '118', '81', '85', '321', '447', '262', '21', '482', '343', '175', '478', '359', '158', '483', '60', '414', '258', '128', '79', '410', '295', '147', '151', '459', '477', '172', '326', '302', '120']
['207', '143', '494', '20', '426', '82', '280', '281', '64', '304', '260', '475', '117', '340', '125', '196', '476', '188', '313', '174', '458', '387', '431', '495', '126', '369', '438', '203', '77', '300']
['352', '0', '1', '2', '4', '5', '8', '22', '25', '26', '28', '44', '46', '47', '66', '68', '70', '73', '88', '89', '93', '94', '96', '110', '113', '132', '133', '134', '135', '136']
['155', '137', '141', '149', '154', '156', '157', '160', '163', '170', '176', '177', '178', '179', '180', '181', '183', '186', '198', '220', '222', '224', '242', '243', '246', '248', '264', '265', '266', '269']
['35', '285', '382', '413', '37', '452', '496', '92', '229', '129', '241', '16', '43', '166', '75', '249', '469', '362', '212', '307', '12', '211', '325', '283', '165', '19', '301', '108', '191', '297']
['195', '49', '83', '127', '237', '255', '366', '225', '429', '33', '383', '103', '171', '152', '498', '9', '299', '306', '435', '7', '193', '474', '209', '497', '189', '499', '50', '460', '402', '217']
['123', '29', '347', '277', '208', '361', '409', '202', '168', '205', '42', '84', '206', '74', '57', '417', '273', '257', '461', '130', '471', '34', '51', '164', '61', '254', '250', '360', '231', '38']
['263', '121', '122', '138', '192', '187', '221', '247', '274', '411', '17', '78', '406', '378', '62', '318', '271', '53', '367', '226', '489', '194', '456', '379', '233', '294', '91', '55', '145', '290']
['268', '286', '287', '288', '291', '308', '309', '310', '312', '314', '315', '317', '330', '331', '333', '334', '345', '353', '354', '365', '374', '375', '376', '377', '381', '396', '397', '398', '399', '404']
['111', '418', '419', '420', '421', '422', '427', '433', '440', '441', '442', '445', '462', '463', '464', '465', '466', '484', '485', '487', '491', '492']
['252', '451', '449', '337', '232', '6', '201', '363', '54', '71', '139', '339', '228', '253', '446', '80', '272', '98', '10', '278', '101', '470', '72', '95', '31', '453', '11', '444', '481', '109']
['219', '3', '65', '150', '405', '443', '107', '142', '240', '348', '63', '432', '364', '493', '468', '227', '24', '97', '407', '270', '454', '32', '342', '448', '338', '267', '13', '473', '400', '251']
['210', '114', '320', '380', '30', '282', '311', '472', '236', '244', '90', '162', '52']
['328', '293', '275', '386', '335', '146', '357', '67', '159', '45', '358']
['351', '423', '467', '289', '341', '69', '256', '115', '450', '292', '332', '355', '424', '40', '316', '112', '336', '401', '199', '223', '408', '245', '76', '140', '403', '344', '116', '200', '384', '488']
['15', '296']
['99', '356']
