['9787', '9788', '2']
['190', '191']
['155', '156', '157']
['9769', '9768', '9767']
['9872', '9871', '9870', '9869']
['9822', '9823', '9821', '9824', '9820', '9825', '9819']
['9750', '9751', '9752', '9753', '9754']
['40', '1', '9960', '3', '4', '8', '10', '11', '12', '13', '14', '15', '16', '17', '19', '20', '22', '23', '25', '26', '29', '30', '34', '35', '36', '37', '38', '41', '42', '9959', '9999', '9996', '9992', '9990', '9988', '9987', '9986', '9985', '9984', '9983', '9981', '9978', '9977', '9975', '9974', '9971', '9970', '9966', '9965', '9964', '9963', '9962', '9995', '9991', '9982', '9973', '9972', '9969', '43', '9957', '9956', '44', '45', '46', '47', '9954', '48', '49', '9952', '51', '54', '55', '9946', '9947', '9945', '9944', '56', '57', '59', '9941', '9940', '61', '62', '9938', '65', '68', '69', '9932', '9931', '72', '73', '9928', '9929', '9927', '74', '75', '9925', '9924', '77', '9923', '79', '9921', '9920', '80', '81', '83', '84', '9916', '85', '9998', '9994', '9968', '9967', '9942', '9937', '9936', '9918', '9915', '86', '9914', '9913', '9912']
['9775', '9774', '9773', '9772', '9771']
['178', '177', '179', '176', '175', '174', '173', '172', '171', '170', '169', '168', '167']
['9832', '9833']
['110', '111']
['211', '210', '212', '213', '214', '215', '216', '217']
['5']
['9897', '9898', '9899', '9900', '9901', '9902', '9903', '9904', '9905', '9906', '9907']
['60']
['9884', '9885', '9883', '9886', '9882', '9887', '9881', '9888', '9880']
['78']
['9950']
['9840', '9839', '9838']
['9770']
['204', '205', '206', '207']
['6']
['219']
['241', '240', '242', '239', '243', '238', '244']
['128', '127', '126']
['9804', '9805']
['63']
['28']
['229', '228', '227']
['109']
['9922']
['9']
['140', '139', '138', '137', '136', '135', '134', '133', '132', '131', '130']
['180', '181']
['9934']
['9790', '9791', '9792', '9793', '9794', '9795', '9796', '9797']
['9798', '9799', '9800', '9801', '9802']
['88']
['102', '101', '100']
['9837']
['9889']
['9811', '9812', '9810', '9813', '9809', '9808', '9807']
['9817', '9816']
['9930']
['9980']
['9926']
['71']
['164', '163', '165']
['9815']
['50']
['218']
['237', '236']
['27']
['67']
['9854', '9855', '9853', '9856', '9852', '9857', '9851', '9858', '9850', '9859', '9860', '9861', '9862', '9863', '9864']
['144', '145']
['31']
['9814']
['9781', '9782', '9783', '9784', '9785']
['33']
['9939']
['9826', '9827', '9828', '9829', '9830']
['9865', '9866', '9867']
['245', '246', '247', '248', '249']
['224', '223', '225', '222', '221']
['9789']
['201', '200', '202', '199', '198', '197', '196', '195', '194', '193']
['153', '152', '151', '150', '149', '148', '147']
['64']
['21']
['82']
['9806']
['9841']
['39']
['121', '120', '122', '119', '123', '118', '124', '117']
['53']
['9896']
['9831']
['18']
['7']
['9909', '9910']
['113', '114', '115']
['116']
['9979']
['186', '187', '188']
['9874', '9875', '9876']
['9958']
['99', '98', '97', '96', '95', '94', '93', '92', '91']
['154']
['24']
['235', '234']
['9845', '9846', '9844', '9847', '9848']
['9757', '9758']
['209']
['76']
['125']
['9803']
['9955']
['185', '184', '183']
['9759', '9760', '9761', '9762', '9763', '9764', '9765']
['9908']
['208']
['250']
['129']
['9933']
['162', '161']
['32']
['182']
['192']
['158', '159']
['9948']
['9877', '9878']
['9836', '9835']
['112']
['141']
['9873']
['9993']
['9849']
['9943']
['233', '232', '231']
['9879']
['9997']
['52']
['230']
['87']
['9976']
['9951']
['220']
['9949']
['142']
['9786']
['9818']
['203']
['9755']
['89']
['166']
['160']
['226']
['9917']
['70']
['9756']
['9780', '9779', '9778', '9777']
['9868']
['58']
['9953']
['9834']
['9935']
['9842']
['189']
['90']
['66']
['9989']
['9776']
['146']
['9890', '9891', '9892']
['9895', '9894']
['9843']
['108', '107', '106', '105', '104']
['9766']
['103']
['9911']
['9919']
['143']
['9893']
['9961']
