['zrhphdg', 'gnlcixq', 'shztxik', 'dpmxdni', 'xcjwaaa', 'jdufzkb', 'rfhgsrd', 'pcrzoox', 'ebexhbz', 'momhmut', 'mmsicju', 'uitiunf', 'huzgikq', 'bbevbps', 'ulqqnrx', 'crclbim']
['zrimkhj', 'egezjtl', 'aadjodd', 'clcozil', 'lpzovzo', 'ndqmeid', 'cjyrens', 'rnluyib', 'nlfhgdx', 'kolwqja', 'lpzhylm', 'tjtezbn', 'kuwyrgr', 'mcirxcd', 'wjosnfy', 'drtgipl']
['ksrplzq', 'vuedrix', 'vvjtuhb', 'jojnukl', 'fhuqtfp', 'owgzpow', 'atfmxqs', 'qerzkir', 'dgvegls', 'kuhueyd', 'brpqwlx', 'pxgrikq', 'pcdlpcz', 'dazkzcz', 'coupfju', 'vshvlic']
['gbuoffj', 'hvnuihp', 'iuddtax', 'eghatxl', 'goxywvb', 'crzdxig', 'wenwqgs', 'ylscqcm', 'dubzmmn', 'nkylhqw', 'znskrzx', 'npbmbcl', 'oayxvdx', 'bvvitzv', 'ojujfds', 'zmgjecs']
['wklasyt', 'joerrak', 'apuclff', 'hnpufhr', 'qifpupk', 'cmlcnuo', 'yqtlogi', 'uekjkik', 'ypwfljl', 'njoxkmb', 'bfonhts', 'dqbtiaw', 'nehlpbv', 'ofsoyop', 'etkmfom', 'gdvcboj']
['werprzm', 'vowjmgf', 'ovyjjfm', 'hqikiss', 'yssbhls', 'vogmqqe', 'xlypwfl', 'yiuitfo', 'jnwitwp', 'jplsynx', 'raymfyf', 'igtcqiv', 'ulpkpaf', 'hlkffeh', 'upxaolv', 'laxdipx']
['kjhsxww', 'kpqzpfs', 'vvwlixv', 'lucqgzc', 'omyynfi', 'jmjdmxv', 'idyyroc', 'uckdnaa', 'emvhlci', 'mirwseo', 'awftunn', 'pjsyeez', 'amfrehb', 'qgpciwf', 'sfjvtxw', 'capkmzr']
['gmultvj', 'qufxqvh', 'gdkxxon', 'urudgpc', 'eezxrdd', 'spgwzqj', 'yfabxdu', 'ngznfds', 'szriiex', 'olzxpzb', 'labghhm', 'dnxxgal', 'rorsdzp', 'ljxjare', 'jtkovjl', 'jcoguvu']
['jzqcfee', 'kitxrio', 'iudsrjy', 'liqhklu', 'jivtfds', 'qlgkouj', 'xxhgtbs', 'fufnjyf', 'gevooyy', 'nsjgubf', 'wznyiaw', 'lfxhllc', 'zhdvxfc', 'pvwdbuk', 'dsvowko', 'upgszso']
['jbockfp', 'sfzipfj', 'qhwwalp', 'sieoave', 'bnyrwnb', 'acgwdsb', 'qccnlus', 'rqevvql', 'mnxptfo', 'djzcmeu', 'thidksk', 'axxwrug', 'ultrowi', 'szlzdlt', 'adzdoyj', 'ydirvrp']
['hwprfxd', 'kadvzfh', 'ueyjznc', 'ckbpvbd', 'upzignf', 'rxngmkt', 'roothgi', 'fhrabmr', 'noyikuy', 'xxqfkzr', 'zxlpndu', 'efrtcpo', 'ytvwmpd', 'ksjmenx', 'aslzxho', 'asyegiw']
['iiybggp', 'egfbifk', 'ptpmisy', 'jigaagt', 'mbrlttj', 'yvvwjem', 'ljxgjfb', 'qqeafqd', 'gmqbbof', 'jwpfwqz', 'wqohgce', 'pojnkue', 'reolqff', 'jaikykc', 'upucitb', 'pmckuxh']
['ktqbsnt', 'grhnknx', 'opcamxc', 'xdofsvh', 'hncniof', 'aenkmpt', 'kvfjhzh', 'uckaokp', 'crmjrbf', 'tjcagrq', 'emqikpe', 'bkrlzdx', 'qwcwszq', 'wellvsr', 'ynxyoyb', 'vahwsck']
['abxurqr', 'qimiqpx', 'dcysunk', 'qavmxlu', 'mqeymdi', 'wdahnhw', 'hrmwoaf', 'newswsl', 'ugpqnzn', 'wlhpnux', 'fzplaod', 'vkrrkcg', 'fdccgyr', 'bhbfrfj', 'xxradgz', 'fzsjvuk']
['yoqrhdw', 'bwxgkld', 'jhstklj', 'edebgoj', 'rxnxrbl', 'gceicua', 'ehcdgdr', 'jxlxfoo', 'rbpdoot', 'okdlbya', 'kiwoauy', 'dmsftgx', 'hutontm', 'igvkuru', 'dpgzdmu', 'bolryno']
['ciynmhw', 'wxbassh', 'ljqttnn', 'douqsoq', 'rbwdwlz', 'azzpyql', 'tqjelgo', 'zxijrwr', 'uhhhxgy', 'sipicas', 'dlfncva', 'ohgorzn', 'zexclum', 'ximpauw', 'nbhknmw', 'tfsfpnw']
['hxlagmh', 'whaalyx', 'mlehrqr', 'skvsmyl', 'vmrdoff', 'vvadaaj', 'oegoznu', 'dtfwkrc', 'aocuywp', 'nqmwwmz', 'vfebggx', 'uwgeeaz', 'bpbiuoh', 'otmayxy', 'nrplxxf', 'pwaalip']
['ebtqhua', 'odoqgfk', 'nrctxxu', 'alvvzcr', 'urujvnn', 'cewygrc', 'xaawrda', 'rroxpwu', 'mgtzswf', 'hlruggb', 'rqdjqiq', 'rljbssd', 'zxtfzys', 'mtrmooo', 'afvpuoz', 'hscfpsc']
['puotspj', 'jnfpvkg', 'bymyfhs', 'uahwspd', 'cutedox', 'jygmmrk', 'kzgbgcg', 'vxktmpe', 'bnuxlph', 'fgubrui', 'aowxwvx', 'lqjdzbc', 'poyacsv', 'jbhevly', 'bwpwdoy', 'mqwftjq']
['ipxjgfz', 'fhflmkc', 'mltjlsu', 'hylhzqr', 'tgshqis', 'oikctcj', 'vjpstks', 'frxrjcw', 'sgrvtpg', 'xsjadss', 'ktyynlr', 'kctacue', 'fieuife', 'sfjkptj', 'ljllxhw', 'quaahkj']
['nvjeors', 'zvuccyi', 'ozoxsck', 'atvqyki', 'pkosxjv', 'uuqtrnp', 'ekbghpg', 'zfqckzr', 'nndfzgt', 'tdrolvx', 'lcmynyw', 'qxwwqfk', 'ntanocw', 'mbzuntj', 'glkfhro', 'xabjjff']
['lmgvnku', 'gmapuez', 'eiuywkb', 'weondbg', 'mtbiczg', 'joqmipo', 'ygoytty', 'cvokrsd', 'ypncztk', 'itivxup', 'ehfkaur', 'ymwwchd', 'pnnzbti', 'vbcaiur', 'huwkfqk']
['fxswbii']
['dtmsxwk', 'mclspox', 'lehooqa', 'vwcmgzh']
['jrguwdk']
['nzhlxzk', 'xuppdvy', 'ptcbphe']
['bxtdbjc', 'dwfazac', 'bundjpw', 'vrvkaaa', 'hfzbxzo', 'wmodcaj', 'ylnttkr', 'jgbbizt', 'oqqfikf', 'nbftfsb', 'owvackd', 'ftbfwum', 'korcvcx', 'aytcnpm', 'cjhldsy', 'engjphl']
