['266', '56', '116', '236', '176', '146', '206', '86', '34', '37', '43', '51', '53', '57', '60', '61', '64', '67', '68', '73']
['296', '87', '94', '97', '103', '113', '115', '117', '124', '127', '133', '138', '144', '147', '154', '157', '163', '173', '177', '184']
['74', '134', '194', '254', '44', '104', '164', '284', '224', '187', '192', '201', '207', '214', '217', '223', '237', '241', '244', '247']
['82', '22', '202', '262', '112', '232', '52', '21', '292', '23', '20', '291', '141', '81', '111', '171', '261', '231', '293', '203']
['289', '109', '169', '259', '139', '199', '49', '79', '253', '260', '263', '272', '274', '277', '283', '286', '297']
['110', '50', '140', '170', '290', '230', '80', '200']
['189', '9', '69', '99', '129', '159', '39', '279', '249', '219', '8', '10', '7', '98', '218', '38', '188', '248', '278', '158']
['233', '83']
['191', '11', '41', '71', '251', '281', '101', '221', '161', '12', '162', '132', '102', '252', '282', '72', '42', '222', '13', '193']
['143']
['14', '15', '225', '195', '75', '165', '135', '105', '285', '255', '16', '256', '226', '166', '136', '106', '46', '76', '196', '17']
['216', '6', '156', '186', '276', '66', '246', '96', '36', '126', '5', '4', '65', '245', '185', '215', '155', '95', '275', '3']
['239', '29', '119', '269', '89', '299', '209', '59', '149', '28', '27', '268', '238', '208', '178', '148', '58', '118', '88', '267']
['179']
['160', '40', '220', '280', '250', '190', '130', '70', '100']
['298']
['26', '25', '24', '295', '265', '205', '145', '175', '85', '55', '235', '294', '264', '114', '54', '234', '204', '174', '84']
['128']
['229']
['19', '18', '288', '258', '168', '228', '48', '198', '78', '108']
['172']
['142']
['125']
['35']
['243', '33', '183', '153', '273', '63', '213', '93', '123']
['181', '1', '151', '271', '211', '31', '91', '2', '121', '32', '182', '92', '212', '122', '62', '242', '152']
['45']
['131']
['0', '270', '240', '150', '120', '210', '90', '30', '180']
['227', '47', '77', '167', '137', '257', '197', '107', '287']
