['MRT', 'OFIPP', 'PHS', 'B', 'AFH', 'KFYTH', 'A', 'DJC', 'LZQ', 'EVTLXI', 'BFZ', 'MICOE', 'FLLJ', 'CNYXMO', 'IE', 'GFNZL', 'DCBWSF', 'QYC', 'VYBQIM', 'NP']
['LW', 'OL', 'HTA', 'TQWWLG', 'TTV', 'JCM', 'AR', 'BW', 'HHCPMB', 'LJSX', 'KFBC', 'SEWIVO', 'TJU', 'QROYGT', 'FCB', 'SU', 'DRLM', 'YFFNQ', 'SUPLJO', 'UHTMG']
['JJ', 'MK', 'GBSI', 'BPZAJ', 'KPXJFJ', 'SBM', 'HDJIQ', 'KJHR', 'QREJG', 'CMB', 'XLWRB', 'YII', 'YQ', 'TRXUD', 'JMYQEA', 'AJDT', 'MMUK', 'UJ', 'PJG', 'RM']
['JN', 'TAN', 'PBRPX', 'FVMBV', 'FGPZAA', 'IGSXN', 'KBV', 'PE', 'ZDYFZU', 'EWAZF', 'RQRWJT', 'OVM', 'RWHILI', 'OYDEJ', 'NJAA', 'V', 'MISGHL', 'OIA', 'ARYSPZ', 'FJTW']
['AY', 'AL', 'WZ', 'CTRFIJ', 'QGUYKQ', 'X', 'T', 'C', 'EVDQNK', 'ZHCQG', 'MM', 'NGUN', 'ICLIT', 'HJW', 'BNC', 'GDFI', 'SY', 'J', 'WAXWZU', 'TUB']
['IMB', 'NO', 'OC', 'THMU', 'Z', 'FP', 'LHILT', 'ZVKC', 'EDAKUV', 'AZGCQ', 'OQV', 'CAED', 'TB', 'CHR', 'ZJUCNC', 'RZU', 'XINMR', 'O', 'FAF', 'ZAP']
['DQQ', 'YOGJ', 'TSSNJ', 'WTGA', 'AB', 'JNJNE', 'QNKIQE', 'ZW', 'QKT', 'JUXOIJ', 'WELF', 'YDDS', 'OTXCZH', 'XU', 'HLT', 'H', 'UK', 'D', 'ET', 'E']
['MLDT', 'SGY', 'HO', 'L', 'EMP', 'ZIIN', 'PQ', 'W', 'EU', 'AZN', 'KW', 'ZVWR', 'MOOKF', 'ETBLO', 'M', 'KMU', 'QNN', 'MPYJWG', 'TXCK', 'MV']
['PRYXX', 'NDF', 'NVLNXP', 'P', 'EP', 'CCIYM', 'NS', 'G', 'MWKWWN', 'TGKUE', 'CVSPP', 'SHT', 'JL', 'UXBDM', 'BHT', 'I', 'MYSMZ', 'EHXPLS', 'ERR', 'U']
['UI', 'KLQR', 'UBWSTW', 'JCEYOL', 'DFGWZZ', 'HMURVX', 'KCQRDN', 'TN', 'QDMX', 'YXEJT', 'FBW', 'XFGUIZ', 'BHKK', 'RWO', 'LWIA', 'NZDAU', 'VYGES', 'YK', 'MXSFK', 'JSMAHJ']
['NAIN', 'QREJV', 'Y', 'WFWU', 'LZLFY', 'WK', 'XLVUF', 'CRAQYE', 'BAVHR', 'GI', 'BBB', 'IWP', 'ACYQN', 'VHUHI', 'GDGZN', 'OYJLB', 'N', 'JP', 'RKCPEP', 'JBJS']
['UIUBC', 'USZM', 'ZTR', 'KRXDGO', 'FXAQ', 'ZQAULZ', 'DJS', 'LQ', 'UU', 'FPPMUW', 'LTHESD', 'BQIFGG', 'TOR', 'BGB', 'EM', 'CFG', 'WCZSB', 'NDZ', 'CN', 'XS']
['ZULMQ', 'XEAARR']
['HDJL', 'TZTCA', 'EYEWXP', 'POL', 'RUC', 'BJ', 'VL', 'NDLUNW', 'AW', 'OHZYQ', 'PIGBG', 'UBYG', 'YO', 'LY', 'SRJZQ', 'DEXTSN', 'QBB', 'BSAEQ', 'IU']
['COYVMU']
['QIZWG', 'KKFPQ', 'AQDX', 'HPXSSF', 'EJOR', 'XT', 'SK', 'ODIF', 'OEJ', 'DBGM', 'VCFLXV', 'ORJB', 'ANW', 'WPRTBZ', 'MY', 'DLJMZC', 'FWRV', 'KAZEK']
['HH']
['WWF', 'GCSAZH', 'YEBV', 'HOQPX', 'WVHKC', 'NDMQJ', 'AH', 'EYVVY', 'UXXBYF', 'VWK', 'FSZNT', 'QE', 'LNMCTV', 'HGT', 'UVUBDR', 'IYCHS', 'TGDTND', 'UEKXJH', 'VOLULU', 'BX']
['FAL']
['MYN', 'NTMT', 'ZTK', 'AEV', 'TYQL', 'XVU', 'NMU', 'GUOYX', 'ZYFXQ', 'ZHDBW', 'NBJL', 'ETSAG', 'S', 'TCBKQ', 'WBPB', 'TXNP', 'DVVKX', 'HSHY']
