['294', '15', '291', '35', '40', '279', '284', '65', '283', '142', '145', '292', '203', '275', '196', '298', '233', '244', '277', '179', '109', '120', '271', '255', '276', '166', '286', '79', '44', '29', '19', '287', '186', '143', '194', '289', '101', '278', '132']
['98', '90', '274', '96', '280', '16', '20', '41', '290', '232', '256', '288', '12', '282', '26', '76', '146', '163', '178', '270', '199', '60', '140', '281', '213', '239', '285', '85', '157', '296', '104', '295', '94', '70', '221', '223', '28', '24', '131']
['170', '162', '293', '297', '14', '42', '56', '82', '102', '110', '147', '154', '183', '299', '192', '165', '169', '51', '52', '71', '73', '138', '148', '218', '237', '260', '61', '97', '112', '125', '176', '181', '205', '208', '258', '267', '54', '55', '108']
['59', '2', '3', '4', '5', '6', '7', '23', '36', '37', '38', '39', '43', '57', '83', '86', '89', '91', '92', '93', '111', '113', '114', '127', '129', '130', '136', '164', '167', '173', '174', '177', '182', '185', '188', '200', '204', '212', '214']
['123', '117', '118', '119', '121', '124', '215', '219', '222', '224', '246', '248']
['259', '252', '253', '254', '257']
['63', '64', '66', '67', '68', '69']
['95']
['78', '72', '74', '75', '77', '80']
['236', '234', '235', '238', '240', '242']
['46', '45', '47', '48', '49', '50', '53']
['228', '225', '226', '227', '229', '230', '231']
['116']
['105', '99', '100', '103', '106', '107']
['262', '261', '263', '264', '265', '266', '268', '269']
['272', '8', '11', '17', '27', '9', '13', '25', '84', '115', '128', '139', '175', '184', '193', '202', '209', '217', '249', '250', '243', '0', '21', '18', '30', '31', '32', '34', '10', '81', '126', '135', '171', '180', '189', '198', '207', '216', '245']
['62']
['206']
['137']
['273', '1', '22', '87', '88', '133', '134', '141', '151', '152', '144', '160', '172', '187', '190', '191', '201', '210', '220', '247', '251', '149', '150', '153', '155', '156', '161']
['158']
['241']
['168']
['122']
['33']
['159']
['58']
['195']
['211']
['197']
