['OK', 'SP', 'GJ', 'LN', 'LI', 'CJ', 'OG', 'KZ', 'BE', 'MZ']
['QV', 'MT', 'DG', 'KY', 'CU', 'MR', 'U', 'RP', 'QC', 'RL']
['LP', 'BL', 'MI', 'HB', 'ON', 'BM', 'JF', 'CQ', 'MO', 'BJ']
['HJ', 'BC', 'HE', 'IO', 'IG', 'RK', 'MA', 'NH', 'RU', 'QP']
['KK', 'TB', 'OD', 'HI', 'QY', 'RT', 'EB', 'PK', 'GY', 'IA']
['CI', 'GI', 'GM', 'JB', 'CZ', 'NZ', 'I', 'EZ', 'PU', 'HG']
['FK', 'LS', 'KT', 'BI', 'HM', 'DF', 'EN', 'FG', 'MM', 'EM']
['RS', 'CA', 'NU', 'RA', 'JR', 'GW', 'RM', 'BU', 'PN', 'V']
['ME', 'NV', 'QG', 'OJ', 'DC', 'JS', 'FF', 'LH', 'BK', 'EO']
['DA', 'QT', 'QS', 'PF', 'BO', 'BX', 'HZ', 'IV', 'JV', 'HD']
['QX', 'DS', 'MB', 'MX', 'DX', 'FS', 'MK', 'QJ', 'KO', 'BW']
['FU', 'EW', 'QU', 'JW', 'NX', 'HH', 'SZ', 'DE', 'JY', 'PS']
['M', 'PT', 'QQ', 'GO', 'QZ', 'SY', 'HP', 'PV', 'DZ', 'IZ']
['TA', 'JK', 'OR', 'GA', 'LD', 'JM', 'EE', 'OS', 'NT', 'K']
['DY', 'MQ', 'OA', 'FX', 'GX', 'KW', 'EI', 'JL', 'PC', 'GQ']
['LC', 'GD', 'RE', 'FC', 'IM', 'BP', 'QA', 'GF', 'KQ', 'OY']
['CO', 'SV', 'PP', 'MG', 'GP', 'J', 'CF', 'CS', 'ET', 'F']
['KF', 'FI', 'IH', 'KD', 'GN', 'SD', 'IS', 'HN', 'IQ', 'RV']
['SG', 'MJ', 'PD', 'LX', 'CD', 'OC', 'CK', 'KM', 'EQ', 'OO']
['HV', 'PL', 'FW', 'NW', 'NQ', 'EJ', 'RI', 'QD', 'OV', 'FT']
['QH', 'GH', 'DP', 'PM', 'LZ', 'OZ', 'PB', 'LQ', 'ID', 'IU']
['LG', 'NE', 'MU', 'FY', 'Z', 'D', 'KE', 'CV', 'CP', 'L']
['LO', 'KJ', 'P', 'CM', 'PR', 'QR', 'DU', 'HA', 'DQ', 'FL']
['PG', 'OQ', 'IP', 'SF', 'NY', 'NO', 'DD', 'NM', 'LA', 'QM']
['OU', 'PJ', 'OH', 'HF', 'RD', 'HR', 'FP', 'SS', 'NA', 'LR']
['DK', 'BV', 'IF', 'ML', 'H', 'RO', 'ES', 'OE', 'FM', 'JN']
['IX', 'LV', 'EP', 'IN', 'CY', 'GB', 'MD', 'RW', 'SQ', 'IT']
['GT', 'LT', 'HW', 'CG', 'BH', 'II', 'IW', 'OT', 'RH', 'DN']
['NC', 'LU', 'CN', 'JP', 'NG', 'TE', 'BA', 'EY', 'RJ', 'QB']
['HY', 'G', 'HC', 'ND', 'BZ', 'JI', 'MV', 'LL', 'GR', 'KH']
['LW', 'CT', 'SH', 'RQ', 'FE', 'QE', 'FZ', 'FJ', 'T', 'ED']
['RB', 'KR', 'BR', 'NB', 'BN', 'FV', 'DM', 'OL', 'EU', 'EK']
['Y', 'X', 'MN', 'DH', 'MW', 'NN', 'HT', 'EX', 'BS', 'RY']
['OI', 'OW', 'NF', 'EV', 'KU', 'PA', 'PH', 'DV', 'PW', 'GZ']
['KS', 'FA', 'LB', 'DL', 'HL', 'EF', 'LM', 'DI', 'KI', 'FN']
['SK', 'CR', 'SM', 'A', 'JQ', 'QK', 'EH', 'JE', 'SU', 'GE']
['KG', 'SJ', 'ST', 'KC', 'PO', 'MF', 'LF', 'KP', 'BQ', 'CX']
['QL', 'JU', 'PI', 'IB', 'E', 'SA', 'BD', 'QO', 'MP', 'SX']
['EG', 'SL', 'IC', 'SI', 'NS', 'RF', 'GK', 'C', 'KN', 'NR']
['BF', 'SR', 'QI']
['O']
['LY', 'GU', 'RR', 'MY', 'OM', 'QF', 'RN', 'MC', 'NP', 'GG']
['IJ', 'OB', 'BT', 'PY', 'NJ', 'FO', 'HQ', 'JJ', 'FD', 'JC']
['NL']
['RC']
['OX', 'EC', 'KV', 'OP', 'FQ', 'JZ', 'PX', 'S', 'BY', 'OF']
['KA', 'HX']
['CB', 'JO', 'GV', 'IR', 'DR', 'RX', 'JA', 'NI', 'RG', 'QN']
['HS', 'IK']
['IY']
['TF']
['GC']
['EA']
['MS']
['SB']
['PQ', 'IL']
['JT']
['HO', 'SE']
['FR', 'RZ', 'JX']
['B', 'HK']
['KL', 'TD']
['TC']
['DT']
['DJ', 'W']
['KB']
['Q']
['CE']
['R']
['BG']
['FH']
['CH']
['EL']
['FB']
['MH']
['NK']
['QW']
['IE']
['LE']
['PE']
['LJ']
['GS']
['BB']
['DW']
['CL']
['HU']
['LK']
['SW']
['DO']
['JD']
['SN']
['SO', 'PZ']
['SC']
['DB']
['GL']
['JH']
['N', 'KX']
['CW']
['ER']
['CC']
['JG']
