['Iris', 'Tammy', 'Delia', 'Henry', 'Lorenzo', 'Albert', 'Cedric']
['Darryl', 'Rory', 'Larry', 'Isaac', 'Irene', 'Minnie', 'Lottie']
['Sarah', 'Houston', 'Dawn', 'Zachary', 'Lowell', 'Nathaniel', 'Mae']
['Mary', 'Shaun', 'Brittany', 'Tanya', 'Claire', 'James', 'Diane']
['Brenda', 'Erica', 'Loretta', 'Maureen', 'Patsy', 'Joy', 'Miriam']
['Pauline', 'Arturo', 'Mona', 'Bonita', 'Cesar', 'Derrick', 'Joyce']
['Johnathan', 'Joe', 'Pamela', 'Jeremy', 'Edward', 'Edwin', 'Chelsea']
['Tracy', 'Latonya', 'Johnny', 'Dena', 'Kristina', 'Angel', 'Weldon']
['Lester', 'Hilton', 'Mitchell', 'Clifford', 'Josie', 'Kimberly', 'Jasmine']
['Russel', 'Kim', 'Marta', 'Wilbur', 'Shane', 'Stephen', 'Martha']
['Keith', 'Esther', 'Andre', 'Kenneth', 'Katrina', 'Alex', 'Carolyn']
['Carroll', 'Dwayne', 'Krista', 'Cindy', 'Blanche', 'Richard', 'Tonya']
['Karen', 'Jason', 'Pat', 'Anthony', 'Benjamin', 'Hugo', 'Gordon']
['Phyllis', 'Dorothy', 'Damian', 'Desiree', 'Ruthie', 'Wade', 'Billie']
['Carrie', 'Regina', 'Josephine', 'Amanda', 'Christine', 'Hillary', 'Lydia']
['Judith', 'Cheryl', 'Cheri', 'Jami', 'Argentina', 'Michael', 'Brett']
['Rocio', 'Alonzo', 'Mario', 'Patricia', 'Joseph', 'Julius', 'Chris']
['Charles', 'Bernard', 'Fredrick', 'Clara', 'Rafael', 'Kristine', 'Sam']
['Jeanette', 'Melanie', 'Bernadette', 'Vicente', 'Fred', 'Marybeth', 'Bobby']
['Oscar', 'Ernest', 'Lakesha', 'Mildred', 'Randall', 'Brandon', 'Erma']
['Bernice', 'Horace', 'Ethel', 'Lillie', 'Gregory', 'Gene', 'Lacey']
['Claudia', 'Kyle', 'Emerson', 'Stanley', 'Marge', 'Timothy', 'Trenton']
['Joshua', 'Daniel', 'Dolores', 'Matilda', 'Gilbert', 'Stacy', 'Elvera']
['Austin', 'Kathryne', 'Jewell', 'Lucia', 'Octavia', 'Jacqueline', 'Maryann']
['Philip', 'Ladonna', 'Shelly', 'Peggy', 'Rick', 'Rachel', 'Grace']
['Shirley', 'Marion', 'Carlton', 'Milton', 'Evelyn', 'Lisa', 'Heather']
['Kelli', 'Katie', 'Cyndy', 'Harriet', 'Darrin', 'Tim', 'Wilfredo']
['Emily', 'Kathryn', 'Jodi', 'Leigh', 'Mari', 'Colin', 'Anna']
['Norma', 'Matt', 'Samuel', 'Louis', 'Frances', 'Gerald', 'Kenny']
['Margaret', 'Tabatha', 'Louise', 'Guadalupe', 'Juan', 'Anne', 'Shante']
['Manuel', 'Ashley', 'Elizabeth', 'Marjorie', 'Byron', 'Todd', 'Tommie']
['Peter', 'Mamie', 'Melvin', 'Virgie', 'Maria', 'Robert', 'Esperanza']
['Jennifer', 'Roberta', 'Ella', 'Antonio', 'Allen', 'Chester', 'Thelma']
['Barbra', 'William', 'Carol', 'Alice', 'Sandra', 'Nancy', 'Lorena']
['Julie', 'Jessie', 'Charlotte', 'Paul', 'Jammie', 'Toni', 'Rena']
['Danielle', 'Pearl', 'Hector', 'Vera', 'Devon', 'Newton', 'Ted']
['Roy', 'Teresa', 'Lauren', 'Ericka', 'Kelly', 'Christopher', 'Helen']
['Ray', 'Harriett', 'Gladys', 'Nellie', 'Geraldine', 'Reggie', 'Heidi']
['Mireya', 'Bernie', 'Roberto', 'Janice', 'Arline', 'Lela', 'Lidia']
['Beatrice', 'Susan', 'Raymond', 'Sheila', 'Evan', 'Matthew', 'Justin']
['Vicky', 'Debra', 'Lucille', 'Warren', 'Lucy', 'Jeffrey', 'Aileen']
['George', 'Julia', 'Mark', 'Hazel', 'Melissa', 'Beverly', 'Jim']
['Kathleen', 'Melony', 'John', 'Cara', 'Barry', 'Samantha', 'Sheryl']
['Colleen', 'Myra', 'Terry', 'Deborah', 'Jean', 'Casandra', 'Hildegard']
['Wanda', 'Quentin', 'Linda', 'Levi', 'Fletcher', 'Marcus', 'Sally']
['Tiara', 'Adam', 'Cynthia', 'Steven', 'Lexie', 'Carmen', 'Leo']
['Janet', 'Catherine', 'Cameron', 'Kristen', 'Stephanie', 'Patrick', 'Dan']
['Lawrence', 'Merle', 'Porfirio', 'Luis', 'Kelvin', 'Sheldon', 'Douglas']
['Molly', 'Frank', 'Laurie', 'Jonathon', 'Patrice', 'Laura', 'Shawna']
['Raquel', 'Sara', 'Olive', 'Arthur', 'Virginia', 'Lori', 'Ruth']
['Eva', 'Rhonda', 'Phillip', 'Roger', 'Eduardo', 'Noma', 'Esta']
['Earl', 'Abdul', 'Curtis', 'Steve', 'Lizzie', 'Monica', 'Sharon']
['Alvin', 'Joel', 'Randy', 'Felipe', 'Kay', 'Ivan', 'Bessie']
['Beatriz', 'Rueben', 'Alberta', 'Donald', 'Dottie', 'Renee', 'Dewayne']
['Anita', 'Barbara', 'Katherine', 'Andrea', 'Isabelle', 'Crystal', 'Rod']
['Maybell', 'Victoria', 'Maxine', 'Carina', 'Lorene', 'Ricardo', 'Vanessa']
['Martin', 'Gary', 'Nicholas', 'Theresa', 'Robin', 'Daphne', 'Jeff']
['Carole', 'Tomas', 'Gale', 'Thomas', 'Aron', 'Brooks', 'Eunice']
['Adrian', 'Harold', 'Jerry']
['Johnnie']
['Fay', 'Gloria', 'Frida']
['Clyde']
['Carl']
['Doretha']
['Carla']
['Megan']
['Cleo']
['Sulema']
['Doris']
['Cathleen']
['Antoinette']
['Betty']
['Leola']
['Ada']
['Christiana']
['Scotty']
['Mavis']
['Alan']
['Ralph']
['Jonathan']
['Brian']
['Salvatore']
['Antonietta']
['Lena']
['Jewel']
['Ronald']
['Jessica']
['Mei']
['Annie']
['Tom']
['Donna']
['Jayne']
['Harry']
['Gail']
['Vance']
['Jerome']
['Walter']
['Erik']
['Joan']
['Bruce']
['Shawn']
['Emilee']
['Tommy']
['Gerard']
['Christian']
['Vickie']
['Victor']
['Craig']
['Marie']
['Deandre']
['Kurt']
['Dennis']
['Justine']
['Rebecca']
['David']
['Michelle']
['Carlos']
['Jane']
['Corinne']
['Marla']
['Paula']
['Eric']
['Jeffery']
['Debbie']
