['158', '156', '157', '160', '159', '161', '163', '155', '164', '169']
['24', '20', '21', '22', '23', '19', '18', '11', '9', '3']
['144', '134', '143', '146', '145', '136', '149', '148', '132', '133']
['71', '68', '69', '70', '72', '74', '73', '61', '59', '55']
['240', '237', '241', '239', '236', '242', '228', '230', '227', '225']
['166', '165', '167', '1', '2', '4', '17', '28', '29', '42']
['204', '201', '202', '203', '200', '205', '211', '213', '212', '214']
['8', '6', '10', '13', '5', '12', '14', '15', '16', '0']
['235', '232', '233', '234', '244', '245', '246', '247', '249', '248']
['33', '32', '35', '34', '36', '44', '43', '45', '46', '47']
['147', '7', '90', '91', '92', '125', '126', '127', '128', '129']
['238', '130', '131', '135', '137', '138', '139', '140', '141', '142']
['226', '229', '168', '170', '171', '172', '173', '174', '178', '179']
['107', '106', '108', '109', '113', '119', '105', '112', '114', '115']
['154', '152', '153', '150', '185', '206', '210', '215', '216', '217']
['194', '184', '193', '196', '195', '186', '199', '198', '182', '183']
['58', '56', '57', '60', '63', '62', '64', '65', '67']
['117']
['111', '118', '120', '121']
['191', '187', '189', '190', '188', '192', '180', '175', '177', '176']
['231']
['123']
['86', '80', '84', '85', '82', '83', '81', '88', '87', '89']
['66']
['53', '51', '52', '54', '50']
['162']
['116']
['221', '218', '219', '220', '222', '224', '223', '209', '207', '208']
['49', '48']
['78', '76', '77', '79', '75']
['124']
['122']
['181']
['151']
['97', '94', '95', '96', '99', '98', '93']
['243']
['31', '38', '30', '37', '39', '40', '41', '25', '27', '26']
['197']
['110']
['103', '101', '102', '104', '100']
