['226', '225', '236', '237', '235', '234', '227', '220', '224', '233', '239', '218', '240', '217', '219', '241']
['78', '69', '77', '79', '70', '65', '80', '66', '72', '67', '73', '74', '83', '84', '85', '86']
['184', '169', '185', '183', '168', '161', '182', '157', '160', '155', '156', '159', '158', '166', '165', '164']
['104', '103', '116', '117', '115', '114', '105', '118', '119', '97', '102', '113', '112', '106', '94', '96']
['199', '192', '200', '213', '214', '215', '216', '188', '191', '186', '187', '190', '189', '197', '196', '195']
['128', '125', '127', '133', '134', '132', '129', '124', '143', '144', '145', '146', '142', '141', '130', '147']
['253', '250', '252', '249', '248', '251', '259', '260', '258', '257', '256', '279', '271', '272', '273', '274']
['300', '289', '301', '299', '288', '283', '298', '290', '302', '284', '303', '291', '304', '305', '287', '282']
['29', '14', '28', '13', '6', '27', '2', '5', '0', '1', '4', '3', '11', '10', '9', '8']
['202', '193', '203', '194', '7', '12', '15', '16', '17', '18', '24', '25', '26', '61', '71', '81']
['264', '255', '263', '265', '266', '19', '20', '21', '22', '23', '82', '131', '135', '136', '139', '140']
['254', '261', '262', '275', '276', '277', '278', '148', '149', '150', '174', '232', '267', '268', '269', '270']
['201', '286', '294', '295', '296', '297']
['109', '100', '108', '110', '101', '111']
['204', '205', '206', '207']
['228', '222', '229', '223', '230', '242', '243', '244', '245', '246', '231', '247']
['43', '36', '42', '56', '57', '55', '54', '44', '37', '33', '58', '59', '45', '60', '41', '53']
['87', '88', '89', '75', '90', '68', '76', '91', '64', '62', '31', '32', '92']
['238']
['63']
['126']
['34', '38', '39', '46', '47', '48', '49']
['221']
['208', '209', '210', '211', '198', '212']
['35', '40', '50', '51', '52']
['120', '121', '122', '107', '123', '99', '95', '93']
['173', '163', '172', '162', '171', '170', '175', '176', '177', '178', '179', '180', '167', '181']
['98']
['30']
['281', '280', '285', '292', '293', '306', '307', '308', '309']
['153', '138', '154', '152', '137', '151']
