['19', '439', '116', '61', '35', '385', '64', '436', '85', '37']
['294', '42', '86', '82', '440', '420', '243', '409', '283', '195']
['62', '32', '295', '59', '411', '479', '443', '480', '404', '20']
['302', '66', '88', '151', '52', '263', '43', '67', '161', '90']
['199', '126', '131', '481', '375', '478', '289', '95', '323', '166']
['472', '83', '113', '327', '354', '268', '252', '378', '176', '347']
['16', '9', '377', '115', '63', '267', '246', '399', '41', '286']
['118', '29', '314', '396', '452', '457', '111', '101', '307', '170']
['301', '68', '419', '350', '379', '486', '320', '339', '412', '430']
['279', '4', '54', '57', '127', '213', '458', '114', '147', '256']
['155', '108', '353', '163', '105', '392', '224', '110', '492', '330']
['45', '7', '475', '74', '333', '423', '304', '285', '473', '219']
['497', '112', '130', '258', '5', '17', '325', '341', '251', '148']
['13', '408', '460', '389', '463', '454', '48', '220', '313', '23']
['467', '30', '153', '189', '390', '493', '271', '33', '387', '382']
['223', '76', '282', '360', '144', '482', '284', '232', '255', '434']
['303', '10', '107', '401', '483', '133', '185', '117', '34', '356']
['18', '191', '380', '500', '128', '71', '162', '422', '371', '169']
['180', '287', '343', '177', '123', '150', '97', '12', '92', '104']
['405', '152', '183', '291', '453', '425', '345', '299', '468', '208']
['340', '44', '137', '336', '484', '69', '305', '239', '1', '231']
['428', '358', '93', '429', '394', '445', '78', '318', '469', '96']
['329', '53', '75', '250', '193', '421', '269', '91', '437', '157']
['403', '77', '276', '332', '319', '397', '400', '244', '464', '273']
['328', '38', '156', '310', '216', '451', '201', '290', '236', '121']
['415', '203', '337', '490', '418', '81', '125', '234', '424', '55']
['215', '227', '344', '489', '298', '175', '165', '106', '449', '136']
['22', '196', '414', '3', '60', '395', '226', '357', '476', '259']
['65', '477', '331', '129', '230', '56', '214', '14', '334', '296']
['367', '120', '28', '221', '433', '281', '342', '275', '207', '266']
['58', '292', '338', '487', '398', '225', '270', '138', '173', '277']
['410', '46', '316', '190', '210', '205', '202', '238', '178', '25']
['444', '447', '498', '146', '470', '317', '388', '164', '416', '293']
['245', '102', '142', '280', '312', '84', '311', '391', '124', '446']
['241', '140', '6', '240', '322', '2', '139', '11', '272', '368']
['24', '197', '352', '384', '141', '27', '21', '80', '39', '247']
['212', '99', '100', '134', '143', '158', '174', '188', '218', '242']
['186', '233', '465', '70', '209', '309', '119', '229', '383', '237']
['8', '288', '393', '370', '262', '362', '438', '448', '364', '51']
['182', '249', '257', '278', '300', '324', '348', '365', '366', '372']
['471', '73', '160', '402', '194', '50', '442', '192', '450', '485']
['31', '381', '417', '431', '435', '456', '459', '466', '496']
['321']
['154', '98']
['359', '386', '200', '407', '206', '306', '198', '432', '308', '94']
['363']
['499']
['168', '217', '495', '235', '49', '159', '145', '87', '122', '184']
['260', '349']
['361', '254', '274', '376', '374', '297', '426', '47', '179', '181']
['427', '373', '491']
['204']
['79', '171', '36', '488', '346', '248', '441', '494', '211', '132']
['462', '103', '455', '326', '315', '26']
['253', '149']
['335', '406', '167', '40', '228', '72', '351']
['135']
['15']
['264']
['265', '369', '474']
['222', '89', '461', '355', '109', '172', '413']
['187', '261']
