['Edith', 'Rowena', 'Dena', 'Kathleen', 'Malva', 'Carla', 'Hedwiga', 'Anabelle', 'Clemmie', 'Zulema', 'Ruperta', 'Veradis', 'Sadye', 'Valli', 'Austina']
['Marlie', 'Inga', 'Corinne', 'Rhodia', 'Lorain', 'Helyn', 'Julie', 'Gerry', 'Tanitansy', 'Corly', 'Emelda', 'Elvera', 'Matilde', 'Tarra', 'Fania']
['Doris', 'Alexandrina', 'Kathryn', 'Charita', 'Marris', 'Anastassia', 'Euphemia', 'Stormi', 'Janice', 'Bridgette', 'Hortense', 'Johanna', 'Stephannie', 'Ingunna', 'Claudie']
['Avivah', 'Stesha', 'Karie', 'Tim', 'Marcella', 'Lorie', 'Sula', 'Anette', 'Bekki', 'Mirna', 'Paige', 'Gavra', 'Drusy', 'Sada', 'Harriet']
['Danni', 'Carroll', 'Row', 'Cathryn', 'Teddi', 'Nedda', 'Mella', 'Netty', 'Jacqui', 'Ronnica', 'Opal', 'Nancie', 'Mei', 'Anabal', 'Jessamyn']
['Morena', 'Yovonnda', 'Dorine', 'Sile', 'Willi', 'Fran', 'Yoshi', 'Myrtle', 'Marisa', 'Oliy', 'Peg', 'Clemence', 'Dita', 'Sileas', 'Lotte']
['Cassandra', 'Moyna', 'Gaby', 'Vicky', 'Kiele', 'Monique', 'Lisette', 'Aviva', 'Eolanda', 'Erminia', 'Gianina', 'Haley', 'Kaitlynn', 'Britteny', 'Kellie']
['Cristen', 'Marcie', 'Nicki', 'Nissie', 'Selinda', 'Maddalena', 'Andromache', 'Agneta', 'Camala', 'Gae', 'Lira', 'Casi', 'Ramonda', 'Brunhilda', 'Lynnet']
['Addi', 'Estele', 'Rosene', 'Bonita', 'Cindie', 'Katti', 'Colline', 'Bertie', 'Ranice', 'Yolanda', 'Kaitlin', 'Annice', 'Korney', 'Idelle', 'Rita']
['Collete', 'Orsa', 'Brigitte', 'Charmine', 'Gale', 'Quintana', 'Agnes', 'Vanni', 'Natalya', 'Faythe', 'Jorrie', 'Bernice', 'Winifred', 'Allene', 'Allie']
['Adriane', 'Cheslie', 'Oralee', 'Alia', 'Idalina', 'Carri', 'Kellsie', 'Dotti', 'Tiffany', 'Tamara', 'Arlee', 'Mair', 'Eran', 'Marijo', 'Tallie']
['Kara', 'Livy', 'Mechelle', 'Clarissa', 'Agnese', 'Tiffy', 'Britney', 'Lani', 'Fredericka', 'Maxie', 'Daphene', 'Mariellen', 'Kittie', 'Terese', 'Jaynell']
['Doroteya', 'Rivkah', 'Missy', 'Madelena', 'Debora', 'Jen', 'Brittan', 'Reggi', 'Shirl', 'Silva', 'Marabel', 'Frankie', 'Fawnia', 'Else', 'Angelica']
['Rosamond', 'Lesly', 'Sandie', 'Beatrice', 'Leda', 'Georgiana', 'Sonni', 'Lydie', 'Dyane', 'Thia', 'Delly', 'Catha', 'Millisent', 'Babara', 'Lulu']
['Gwennie', 'Patty', 'Anabel', 'Rhody', 'Della', 'Serena', 'Brear', 'Vinni', 'Lyda', 'Diane', 'Vonni', 'Caryn', 'Belle', 'Andie', 'Rosana']
['Joelly', 'Ulrike', 'Demetria', 'Nicoli', 'Latisha', 'Ansley', 'Marlena', 'Meggi', 'Dee', 'Eulalie', 'Jesse', 'Conchita', 'Kania', 'Kathy', 'Roslyn']
['Jemie', 'Paulina', 'Birgitta', 'Starlin', 'Alyson', 'Nelie', 'Cristionna', 'Martina', 'Melloney', 'Pammy', 'Sheila', 'Joanna', 'Tamra', 'Desiri', 'Lorena']
['Estella', 'Flory', 'Agatha', 'Noreen', 'Athena', 'Melinde', 'Brook', 'Erica', 'Laverne', 'Adiana', 'Chelsy', 'Fernande', 'Krissy', 'Risa', 'Cassondra']
['Amalee', 'Tiphanie', 'Neile', 'Leanora', 'Roxane', 'Randie', 'Briny', 'Yetta', 'Sofie', 'Nanon', 'Diahann', 'Jolie', 'Shanie', 'Shoshana', 'Stefa']
['Sherrie', 'Antonietta', 'Dominica', 'Cristabel', 'Cherilynn', 'Mufinella', 'Xylina', 'Tani', 'Kala', 'Gabbie', 'Zenia', 'Georgeanne', 'Josepha', 'Eve', 'Noell']
