['429', '160', '261', '335', '230', '352', '242', '395', '368', '309', '355', '472', '106', '390', '18', '436', '494', '90']
['226', '4', '170', '408', '478', '203', '0', '37', '75', '158', '146', '219', '364', '83', '498', '184', '474', '427']
['286', '104', '328', '359', '239', '212', '244', '26', '256', '35', '375', '310', '304', '179', '296', '213', '419', '358']
['383', '11', '31', '137', '2', '373', '132', '263', '459', '440', '374', '365', '111', '397', '479', '77', '340', '5']
['481', '72', '222', '237', '269', '480', '3', '275', '27', '441', '406', '176', '344', '329', '147', '284', '416', '405']
['171', '7', '120', '362', '432', '30', '165', '278', '422', '443', '234', '175', '80', '425', '497', '473', '308', '404']
['251', '49', '259', '371', '287', '445', '437', '351', '138', '173', '231', '302', '233', '91', '64', '102', '333', '378']
['60', '15', '32', '97', '315', '140', '114', '337', '67', '216', '249', '347', '38', '197', '291', '457', '463', '369']
['487', '13', '81', '41', '318', '53', '411', '320', '382', '277', '8', '56', '112', '65', '442', '334', '189', '163']
['154', '21', '59', '136', '345', '392', '398', '192', '409', '205', '125', '313', '300', '200', '145', '496', '466', '418']
['379', '23', '370', '217', '387', '76', '303', '236', '356', '323', '400', '12', '468', '297', '196', '130', '93', '412']
['195', '113', '250', '194', '413', '301', '268', '63', '168', '316', '204', '293', '95', '426', '285', '191', '476', '288']
['223', '118', '169', '87', '306', '122', '103', '109', '211', '336', '488', '210', '115', '29', '17', '484', '388', '401']
['274', '117', '40', '74', '123', '151', '227', '78', '190', '144', '16', '202', '153', '134', '493', '28', '465', '150']
['438', '341', '24', '156', '206', '279', '495', '162', '126', '489', '283', '232', '6', '377', '270', '39', '43', '252']
['490', '289', '88', '82', '161', '107', '299', '92', '69', '491', '71', '73', '131', '254', '98', '14', '444', '225']
['22', '121', '332', '10', '96', '421', '260', '68', '172', '262', '248', '428', '327', '331', '177', '322', '376', '155']
['257', '86', '243', '357', '446', '141', '178', '174', '447', '360', '420', '61', '221', '396', '499', '128', '482', '312']
['36', '240', '451', '430', '290', '84', '50', '181', '127', '149', '139', '142', '183', '105', '201', '467', '346', '51']
['94', '124', '133', '135', '199', '321', '166', '461', '48', '79', '469', '470', '229', '47', '423', '280', '454', '185']
['325', '266', '273', '110', '361', '129', '407', '324', '218', '228', '57', '319', '485', '267', '435', '253', '70', '394']
['393', '464', '157', '389', '380', '159', '241', '255', '276', '339', '343', '483', '246', '101', '326', '9', '281', '415']
['363', '433', '384', '167', '295', '342', '208', '372', '410', '402', '350', '215', '25', '391', '399', '452', '182', '456']
['193', '119', '152', '245', '486', '55', '431', '282', '455', '475', '403', '46', '477', '188', '349', '207', '330', '449']
['44']
['265', '367', '458', '220', '247', '311']
['307', '453']
['348', '450', '417', '338', '54', '108', '366']
['292']
['439']
['164']
['209', '238', '298', '424', '45', '198', '99']
['314']
['305', '258']
['186']
['34', '58', '385']
['460', '19', '448', '66', '471']
['89']
['224', '100']
['148', '264', '434']
['143']
['492']
['33']
['235']
['414']
['52']
['1']
['20']
['180']
['272']
['85', '62']
['42']
['271']
['353', '317', '386']
['354', '381']
['116']
['294', '214', '462']
['187']
