['88888888', '7', '888', '77', '7777', '8', '8888', '888888', '88', '777777', '777', '88888', '8888888', '7777777', '77777777', 'k', 'l', 'kk', 'll', 'kkk', 'lll', 'kkkk', 'llll', 'kkkkk', 'lllll', 'kkkkkk', 'llllll', 'kkkkkkk', 'lllllll', 'kkkkkkkk', 'llllllll', 'q', 'r', 'qq', 'rr', 'qqq', 'rrr', 'qqqq', 'rrrr', 'qqqqq', 'rrrrr', 'qqqqqq', 'rrrrrr', 'qqqqqqq', 'rrrrrrr', 'qqqqqqqq', 'rrrrrrrr', 's', 't', 'ss', 'tt', 'sss', 'ttt', 'ssss', 'tttt', 'sssss', 'ttttt', 'ssssss', 'tttttt', 'sssssss']
['n', 'mm', 'mmmmmmm', 'nnnnnn', 'nnnnnnnn', 'nnnn', 'nnnnn', 'mmmmmmmm', 'm', 'mmmm', 'mmm', 'nnnnnnn', 'mmmmmm', 'nnn', 'nn', 'ttttttt', 'ssssssss', 'tttttttt', 'w', 'x', 'ww', 'xx', 'www', 'xxx', 'wwww', 'xxxx', 'wwwww', 'xxxxx', 'wwwwww', 'xxxxxx', 'wwwwwww', 'xxxxxxx', 'wwwwwwww', 'xxxxxxxx', 'y', 'z', 'yy', 'zz', 'yyy', 'zzz', 'yyyy', 'zzzz', 'yyyyy', 'zzzzz', 'yyyyyy', 'zzzzzz', 'yyyyyyy', 'zzzzzzz', 'yyyyyyyy', 'zzzzzzzz', 'Y', 'Z', 'YY', 'ZZ', 'YYY', 'ZZZ', 'YYYY', 'ZZZZ', 'YYYYY', 'ZZZZZ']
['MMMMMM', 'M', 'MMM', 'NNNNNN', 'NN', 'NNNNNNNN', 'NNNNNNN', 'NNNNN', 'NNNN', 'MMMMMMM', 'NNN', 'MMMMM', 'N', 'MMMMMMMM', 'MM', 'MMMM', 'YYYYYY', 'ZZZZZZ', 'YYYYYYY', 'ZZZZZZZ', 'YYYYYYYY', 'ZZZZZZZZ', '3', '4', '33', '44', '333', '444', '3333', '4444', '33333', '44444', '333333', '444444', '3333333', '4444444', '33333333', '44444444', '5', '6', '55', '66', '555', '666', '5555', '6666', '55555', '66666', '555555', '666666', '5555555', '6666666', '55555555', '66666666']
['22222', '1', '11', '22', '111', '222', '22222222', '111111', '2', '2222', '2222222', '1111111', '222222', '1111', '11111']
['77777']
['vvvvvv', 'u', 'v', 'uu', 'uuu', 'vv', 'vvvvvvv', 'uuuuuu', 'vvv', 'uuuuuuu', 'uuuu', 'vvvvv', 'vvvvvvvv', 'vvvv', 'uuuuuuuu']
['VVVVVVV', 'U', 'UU', 'VVV', 'VVVVV', 'UUU', 'V', 'UUUUUUUU', 'VV', 'VVVVVVVV', 'UUUU', 'UUUUUU', 'VVVVVV', 'UUUUU', 'UUUUUUU', 'VVVV']
['mmmmm']
['fffffff', 'ee', 'ff', 'eeeee', 'ffffffff', 'ffff', 'eeeeeeee', 'fff', 'eeeeeee', 'eeee', 'f', 'fffff', 'e', 'ffffff']
['WWWWW', 'X', 'XX', 'XXXX', 'XXXXX', 'XXXXXXXX', 'WWWWWWW', 'WWWWWWWW', 'XXXXXXX', 'XXX', 'WWWW', 'WWWWWW', 'WWW', 'W', 'WW', 'XXXXXX']
['i', 'jjjj', 'jjjjjjj', 'iiiiiiii', 'iiii', 'jj', 'j', 'iii', 'jjjjjj', 'jjjjj', 'iiiiiii', 'iiiii', 'ii', 'jjj', 'iiiiii', 'jjjjjjjj']
['PP', 'O', 'OOOO', 'OO', 'PPP', 'OOOOOO', 'PPPP', 'OOOOOOOO', 'PPPPPPPP', 'OOOOO', 'P', 'OOO', 'PPPPPPP', 'OOOOOOO', 'PPPPPP', 'PPPPP']
['BBBB', 'B', 'AAA', 'AAAA', 'BBBBBBB', 'BBBBB', 'AAAAAA', 'AAAAAAAA', 'AAAAAAA', 'BB', 'BBBBBB', 'BBBBBBBB', 'AA', 'A']
['IIIII', 'I', 'III', 'JJJJJJ', 'JJ', 'J', 'IIIIIII', 'IIIIIIII', 'IIII', 'JJJ', 'II', 'JJJJJ', 'IIIIII', 'JJJJJJJ', 'JJJJ', 'JJJJJJJJ']
['L', 'KKKK', 'LLLLL', 'KK', 'LLLL', 'LLLLLL', 'KKKKK', 'LLLLLLLL', 'K', 'LLL', 'LLLLLLL', 'KKKKKKKK', 'KKK', 'LL', 'KKKKKKK', 'KKKKKK']
['h', 'hh', 'gggggg', 'hhhhhhh', 'hhh', 'hhhh', 'ggg', 'ggggggg', 'gggggggg', 'hhhhh', 'g', 'hhhhhh', 'gggg', 'ggggg', 'gg', 'hhhhhhhh']
['BBB']
['uuuuu']
['cccccc', 'cc', 'ddd', 'ddddd', 'dddddd', 'ccc', 'ccccc', 'd', 'ccccccc', 'cccccccc', 'c', 'dd', 'dddddddd', 'dddd', 'ddddddd', 'cccc']
['AAAAA']
['pppp', 'pp', 'oooooooo', 'ppp', 'ooooo', 'p', 'ppppppp', 'oo', 'ooo', 'ppppp', 'pppppp', 'ooooooo', 'oooooo', 'o', 'oooo', 'pppppppp']
['RRRRRRRR', 'R', 'QQQQQQQ', 'QQQ', 'RRRRR', 'RRRRRRR', 'QQQQQQQQ', 'Q', 'QQQQQQ', 'QQQQQ', 'RRRRRR', 'RRRR', 'QQ', 'QQQQ', 'RR', 'RRR']
['CCCCCC', 'C', 'CCCCC', 'CCC', 'DDDDDDD', 'CCCCCCCC', 'CCCC', 'DDDDDD', 'DDDDDDDD', 'CCCCCCC', 'D', 'DDDD', 'DD', 'DDDDD', 'DDD', 'CC']
['11111111']
['TTT', 'S', 'TTTTT', 'SSSS', 'SSSSSSSS', 'SSSSSSS', 'TTTTTTTT', 'SSSSS', 'T', 'TT', 'TTTTTT', 'TTTTTTT', 'SS', 'TTTT', 'SSSSSS', 'SSS']
['aaaaaaaa', 'a', 'bbb', 'bbbbbbb', 'bbbbbbbb', 'aaaaa', 'aaa', 'bbbbb', 'aaaaaaa', 'bbbb', 'bb', 'aa', 'bbbbbb', 'aaaa', 'aaaaaa', 'b']
['eeeeee']
['FFFFFFF', 'E', 'FFF', 'EEEEE', 'FFFFF', 'FFFFFFFF', 'EEEEEEEE', 'EEE', 'EE', 'FFFF', 'EEEEEEE', 'EEEE', 'F', 'FF', 'FFFFFF', 'EEEEEE']
['eee']
['GGGG', 'G', 'H', 'HHHH', 'GG', 'GGGGGG', 'HHHHHHH', 'HHH', 'HHHHHHHH', 'GGGGG', 'GGGGGGG', 'GGGGGGGG', 'HHHHHH', 'HHHHH', 'GGG', 'HH']
