['93', '328', '3', '29', '31', '79', '189', '15', '291', '230', '57', '286', '303', '73', '321', '352', '497']
['409', '45', '227', '432', '47', '217', '185', '351', '128', '312', '411', '171', '489', '209', '335', '325', '49']
['483', '165', '254', '83', '72', '215', '404', '251', '130', '380', '168', '313', '245', '210', '243', '364', '495']
['186', '138', '147', '269', '206', '334', '433', '120', '188', '198', '271', '158', '306', '235', '365', '25', '69']
['13', '87', '190', '224', '234', '471', '284', '223', '195', '179', '372', '494', '44', '265', '307', '140', '40']
['129', '89', '429', '181', '134', '453', '467', '493', '323', '145', '455', '492', '292', '395', '486', '56', '7']
['309', '167', '277', '320', '108', '322', '280', '12', '58', '214', '115', '106', '444', '355', '318', '164', '346']
['296', '5', '50', '91', '359', '396', '232', '132', '356', '196', '439', '482', '399', '123', '8', '9', '10']
['319', '28', '119', '202', '281', '46', '222', '427', '85', '105', '4', '460', '161', '17', '26', '485', '62']
['187', '11', '16', '18', '19', '21', '23', '24', '30', '32', '34', '35', '36', '37', '38', '39', '41']
['238', '42', '43', '48', '51', '53', '55', '60', '61', '63', '65', '68', '71', '74', '76', '77', '80']
['417', '233', '314', '104', '344', '430', '326', '172', '82', '86', '88', '90', '92', '95', '97', '100', '101']
['99', '14', '125', '249', '184', '257', '449', '461', '452', '330', '357', '294', '263', '426', '324', '59', '220']
['225', '27', '385', '148', '424', '64', '94', '304', '478', '203', '216', '418', '218', '231', '468', '400', '241']
['0', '102', '103', '110', '111', '113', '117', '121', '126', '127', '131', '133', '135', '136', '139', '141', '149']
['340', '1', '81', '488', '178', '496', '143', '447', '144', '197', '393', '499', '381', '383', '408', '445', '440']
['443', '6', '96', '70', '247', '159', '137', '267', '107', '114', '305', '194', '425', '368', '199', '343', '484']
['153', '20', '237', '84', '116', '52', '78', '205', '175', '366', '152', '154', '155', '156', '160', '163', '170']
['337', '112', '173', '180', '182', '191', '193', '200', '201', '204', '207', '208', '211', '212', '219', '228', '229']
['377', '369', '192', '327', '458', '239', '236', '240', '242', '244', '246', '248', '250', '253', '255', '256', '258']
['353', '75', '213', '259', '260', '261', '264', '266', '268', '270', '273', '274', '275', '276', '278', '279', '282']
['378', '54', '177', '22', '392', '289', '422', '122', '262', '473', '221', '454', '226', '463', '183', '166', '142']
['174', '283', '285', '287', '290', '293', '295', '297', '300', '301', '302', '308', '310', '311', '315', '316', '317']
['169', '329', '331', '332', '333', '336', '339', '341', '342', '345', '347', '348', '349', '350', '354', '358', '360']
['146', '361', '362', '363', '367', '370', '373', '374', '376', '379', '382', '384', '386', '388', '389', '390', '391']
['491', '33', '403', '157', '150', '375', '394', '397', '398', '401', '402', '405', '406', '407', '410', '412', '413']
['419', '414', '415', '416', '420', '423', '428', '431', '434', '435', '436', '437', '438', '441', '442', '446', '448']
['451', '124', '162', '298', '371', '299', '118', '490', '421', '487', '450', '456', '457', '459', '462', '464', '465']
['176', '466', '469', '470', '472', '474', '475', '476', '477', '479', '480', '481', '498']
['2']
['98', '288']
['338', '151', '272', '109', '67', '66', '387', '252']
