['327', '294', '295', '296', '297', '298', '299', '300', '301', '302', '303', '304', '305', '306', '307', '308', '310', '311', '312', '313', '314', '315', '316', '317', '318', '319', '320', '321', '323', '324']
['103', '6', '7', '8', '9', '10', '11', '12', '14', '15', '16', '17', '18', '19', '20', '21', '22', '23', '24', '25', '26', '27', '28', '29', '30', '31', '32', '33', '34', '35']
['151', '0', '1', '2', '3', '54', '55', '56', '57', '58', '59', '60', '61', '62', '63', '64', '65', '66', '67', '68', '69', '70', '71', '72', '73', '74', '75', '76', '77', '78']
['152', '4', '79', '80', '81', '82', '83', '84', '85', '86', '87', '88', '89', '90', '91', '92', '93', '94', '95', '96', '97', '5', '13', '36', '37', '39', '41', '42', '43', '44']
['427', '330', '331', '332', '333', '334', '335', '336', '337', '338', '339', '340', '341', '342', '343', '344', '345', '346', '347', '348', '349', '351', '352', '353', '354', '355', '356', '357', '358', '359']
['38', '45', '46', '47', '48', '49', '50', '51', '52', '53', '98', '99', '100', '101', '102', '104', '105', '106', '107', '108', '109', '110', '111', '112', '113', '114', '115', '116', '118', '119']
['463', '366', '367', '368', '369', '370', '371', '373', '374', '375', '377', '378', '379', '380', '381', '382', '383', '384', '385', '386', '387', '388', '389', '390', '391', '325', '326', '328', '329', '350']
['372', '360', '361', '362', '363', '364', '365', '392', '393', '394', '395', '396', '397', '398', '399', '400', '401', '402', '403', '404', '405', '406', '407', '433', '408', '409', '410', '411', '412', '413']
['465', '138', '139', '140', '141', '142', '143', '144', '145', '146', '147', '148', '149', '150', '153', '154', '155', '156', '157', '158', '159', '160', '161', '162', '163', '164', '165', '166', '167', '168']
['225', '169', '170', '171', '172', '173', '174', '175', '176', '177', '178', '179', '180', '181', '182', '183', '184', '185', '186', '187', '197', '198', '199', '200', '201', '202', '203', '204', '205', '206']
['40', '120', '121', '122', '123', '124', '125', '126', '127', '128', '129', '130', '131', '132', '133', '134', '135', '136', '137', '196', '195', '194', '193', '192', '191', '190', '189', '188', '227', '207']
['454', '208', '209', '211', '212', '213', '214', '215', '216', '217', '218', '219', '220', '221', '222', '223', '224', '226', '228', '229', '230', '232', '233', '234', '235', '236', '237', '238', '239', '240']
['376', '414', '415', '416', '417', '418', '420', '421', '422', '423', '424', '425', '428', '429', '430', '431', '432', '434', '435', '436', '437', '438', '439', '440', '441', '442', '443', '444', '445', '447']
['117', '241', '242', '243', '244', '245', '246', '247', '248', '249', '250', '251', '252', '253', '254', '255', '256', '257', '258', '260', '261', '262', '263', '264', '265', '266', '267', '268', '269', '270']
['259', '272', '273', '274', '275', '276', '277', '278', '279', '280', '281', '282', '283', '284', '285', '286', '287', '288', '289', '292', '293', '448', '449', '450', '451', '452', '453', '456']
['426']
['271', '455']
['446']
['322', '419', '490', '489', '488', '487', '486', '485', '484', '483', '482', '481', '480', '479', '478', '477', '475', '474', '473', '472', '471', '470', '290', '210', '231', '291']
['309', '476', '469', '468', '467', '466', '464', '462', '461', '460', '459', '458', '457']
