['Lino4', 'Jarno1', 'Fatima9', 'Ferdinando0', 'Fernando8', 'Rebecca2', 'Sibilla4', 'Cira7', 'Demi6', 'Jole3', 'Gianantonio5', 'Gianleonardo6', 'Sesto4', 'Alan9', 'Lorenzo9', 'Gelsomina6', 'Giorgio2', 'Tancredi6', 'Renzo5', 'Marzio5']
['Amedeo5', 'Ludovico2', 'Valdo2', 'Adriano0', 'Edipo5', 'Kris2', 'Sasha9', 'Gioacchino6', 'Marcella0', 'Filomena4', 'Siro2', 'Demis2', 'Hector0', 'Assia0', 'Miriana4', 'Carmela6', 'Nathan9', 'Mattia9', 'Benedetta5', 'Clodovea1']
['Gerlando9', 'Oretta5', 'Elio8', 'Pablo7', 'Marina6', 'Oretta9', 'Azue3', 'Caio6', 'Lidia0', 'Cirino1', 'Alberto5', 'Santo9', 'Albino1', 'Ludovico9', 'Cleros2', 'Furio5', 'Marina7', 'Muzio8', 'Diamante4', 'Rosolino0']
['Fabio8', 'Ubaldo1', 'Eustachio2', 'Sue2', 'Ian0', 'Giovanna5', 'Bettino1', 'Mirko4', 'Enzo6', 'Danthon5', 'Pacifico5', 'Folco4', 'Gilda2', 'Ileana5', 'Giancarlo3', 'Eusebio3', 'Graziano0', 'Giorgio6', 'Mariagiulia9', 'Pierfrancesco0']
['Gavino8', 'Concetta9', 'Noel4', 'Manfredi5', 'Damiana2', 'Lisa0', 'Gianriccardo2', 'Nathan3', 'Eriberto9', 'Alighiero7', 'Mietta0', 'Danuta0', 'Folco3', 'Marcella3', 'Deborah9', 'Odino6', 'Valdo9', 'Cleros7', 'Ferdinando6', 'Elsa0']
['Donatella7', 'Odone4', 'Fiorentino3', 'Guido1', 'Anastasio7', 'Nestore3', 'Egisto1', 'Jari0', 'Fortunata0', 'Joseph3', 'Lauro5', 'Pietro1', 'Romeo4', 'Luigi7', 'Radames4', 'Walter1', 'Maggiore3', 'Trevis2', 'Marieva7', 'Miriana9']
['Maruska3', 'Mecren5', 'Benedetta4', 'Davide1', 'Cleros4', 'Rosalino0', 'Rebecca5', 'Orfeo1', 'Siro3', 'Marcella4', 'Jari2', 'Kai5', 'Gianantonio6', 'Nayade9', 'Vinicio8', 'Joannes5', 'Ethan3', 'Nico6', 'Max1', 'Sesto2']
['Orfeo7', 'Sabatino1', 'Cleopatra8', 'Tolomeo6', 'Piersilvio3', 'Raoul7', 'Penelope5', 'Primo9', 'Piersilvio0', 'Joseph7', 'Tazio1', 'Davide8', 'Giacinto6', 'Marianita7', 'Elda4', 'Rosita1', 'Vania3', 'Modesto4', 'Anastasio3', 'Ercole2']
['Primo3', 'Michael4', 'Tommaso8', 'Fiorenzo8', 'Claudia1', 'Laura9', 'Marvin0', 'Nazzareno0', 'Tolomeo0', 'Amerigo5', 'Eustachio1', 'Sabino2', 'Zelida4', 'Elsa1', 'Edilio5', 'Loretta4', 'Maggiore2', 'Irene7', 'Quirino1', 'Violante6']
['Marino8', 'Karim8', 'Prisca2', 'Giulietta7', 'Samira6', 'Jacopo4', 'Bibiana6', 'Osvaldo5', 'Matteo9', 'Fabio9', 'Rocco9', 'Cleopatra7', 'Armando5', 'Dante0', 'Thea4', 'Rosalino2', 'Erminio4', 'Domiziano7', 'Audenico0', 'Serse1']
['Italo5', 'Lidia4', 'Olimpia3', 'Rodolfo9', 'Ethan9', 'Fatima2', 'Giulio2', 'Trevis8', 'Damiana9', 'Concetta5', 'Genziana8', 'Ermes4', 'Karim1', 'Ercole9', 'Ilario9', 'Mecren9', 'Mattia6', 'Akira3', 'Marzio7', 'Guido6']
['Cleopatra5', 'Mattia1', 'Siro8', 'Mauro7', 'Pablo9', 'Santo3', 'Anselmo3', 'Demis3', 'Anselmo8', 'Clodovea2', 'Loredana6', 'Cleros5', 'Sarita4', 'Quarto3', 'Laerte5', 'Arcibaldo8', 'Evangelista9', 'Carmela3', 'Lamberto6', 'Fortunata6']
['Demis1', 'Arduino8', 'Mietta2', 'Ursula5', 'Xavier5', 'Folco0', 'Antimo9', 'Osea9', 'Rosalba8', 'Nestore7', 'Arduino5', 'Gianmaria7', 'Enzo3', 'Elda2', 'Gianriccardo3', 'Tristano5', 'Thea5', 'Giacobbe7', 'Rebecca6', 'Giobbe6']
['Iacopo1', 'Enrico1', 'Diamante6', 'Celeste3', 'Umberto0', 'Tancredi5', 'Priamo0', 'Monia8', 'Noah0', 'Arturo8', 'Lauro3', 'Raniero0', 'Nestore4', 'Matilde9', 'Armando0', 'Michele7', 'Cira8', 'Armando8', 'Tazio7', 'Rita6']
['Gaetano4', 'Laura1', 'Loris4', 'Orfeo9', 'Odone9', 'Flaviana6', 'Amedeo1', 'Siro0', 'Celeste4', 'Orfeo5', 'Caligola7', 'Secondo5', 'Anselmo9', 'Liborio4', 'Lia2', 'Siro9', 'Enzo7', 'Antonio9', 'Nico1', 'Giorgio3']
['Leonardo0', 'Fabiano3', 'Terzo7', 'Marieva8', 'Marianita8', 'Mirko6', 'Carmelo4', 'Alighieri1', 'Sarita7', 'Amerigo1', 'Gregorio7', 'Fatima0', 'Doriana2', 'Timoteo9', 'Ercole4', 'Loredana0', 'Walter3', 'Brigitta5', 'Emanuel3', 'Ercole1']
['Luce6', 'Isabel6', 'Miriam8', 'Brigitta8', 'Cassiopea8', 'Costanzo6', 'Osea0', 'Jack2', 'Marino4', 'Moreno5', 'Cleros6', 'Mariagiulia0', 'Artes8', 'Prisca3', 'Ercole8', 'Laerte9', 'Ubaldo2', 'Timoteo5', 'Jacopo3', 'Ulrico6']
['Bibiana4', 'Cosetta2', 'Pacifico0', 'Eliziario6', 'Enzo0', 'Umberto9', 'Miriana7', 'Renato5', 'Primo1', 'Sasha7', 'Mietta1', 'Joshua0', 'Caio2', 'Ivano3', 'Penelope7', 'Umberto6', 'Tancredi4', 'Concetta1', 'Renzo6', 'Nicoletta3']
['Ione9', 'Silvano4', 'Leonardo1', 'Secondo0', 'Orfeo4', 'Gioacchino7', 'Bettino8', 'Teseo4', 'Sesto8', 'Filomena3', 'Gianantonio3', 'Folco8', 'Maika9', 'Nestore8', 'Rufo5', 'Elga3', 'Monia6', 'Dylan9', 'Adriano1', 'Erminia5']
['Alessio7', 'Loretta1', 'Patrizio4', 'Caligola0', 'Gregorio2', 'Sirio6', 'Marianita5', 'Ettore0', 'Italo9', 'Battista3', 'Fiorenzo7', 'Isabel1', 'Ermes9', 'Avide3', 'Costantino7', 'Radames7', 'Deborah4', 'Mariano0', 'Gilda5', 'Joshua3']
['Nabil5', 'Sebastian2', 'Fabiano1', 'Eriberto7', 'Quasimodo0', 'Guendalina3', 'Noah6', 'Kayla3', 'Gianmarco5', 'Cassiopea3', 'Elio3', 'Carlo1', 'Emidio9', 'Claudia6', 'Leonardo7', 'Walter7', 'Edilio6', 'Nestore6', 'Vania2', 'Aroldo4']
['Osea1', 'Erminia8', 'Costanzo4', 'Cleopatra1', 'Liborio8', 'Oreste0', 'Cesidia8', 'Antonino6', 'Timoteo4', 'Benedetta1', 'Alessio3', 'Odone8', 'Soriana6', 'Eusebio6', 'Laerte0', 'Dante5', 'Ausonio0', 'Sue0', 'Ian2', 'Xavier7']
['Vera2', 'Ariel9', 'Marzio6', 'Fiorenzo1', 'Bortolo5', 'Gaetano5', 'Priamo8', 'Lazzaro2', 'Davide5', 'Bortolo9', 'Marzio4', 'Kris3', 'Alessandro3', 'Nathan2', 'Nestore5', 'Eriberto1', 'Tristano8', 'Baldassarre3', 'Trevis3', 'Maika6']
['Erminio9', 'Giordano5', 'Luigi4', 'Sirio1', 'Marianita1', 'Emanuel1', 'Rosalba1', 'Demi9', 'Jelena1', 'Giovanna3', 'Romeo2', 'Mariagiulia4', 'Michael9', 'Ethan7', 'Zaccaria2', 'Iacopo2', 'Samira4', 'Amedeo6', 'Elga8', 'Cassiopea9']
['Mariagiulia3', 'Luce0', 'Erminia2', 'Ruth1', 'Folco6', 'Augusto8', 'Sandro2', 'Edipo4', 'Miriam7', 'Deborah2', 'Sebastian4', 'Rosaria8', 'Kayla9', 'Edilio2', 'Odino9', 'Radames1', 'Lidia6', 'Emanuel7', 'Assia4', 'Marina4']
