['Mable', 'Elinor', 'Janette', 'Katleen', 'Madonna', 'Jeannie', 'Dolores', 'Kerstin', 'Ortensia', 'Ivie', 'Rasla', 'Devinne', 'Trude', 'Siusan', 'Clari', 'Laverna', 'Hyacinth', 'Sephira', 'Lisbeth']
['Brynne', 'Reta', 'Alyce', 'Coral', 'Annie', 'Rebbecca', 'Christina', 'Sherline', 'Dayle', 'Herminia', 'Vallie', 'Pierrette', 'Nora', 'Ula', 'Dulcia', 'Corey', 'Tiffani', 'Keri', 'Jane']
['Matilda', 'Jeannine', 'Zita', 'Anjanette', 'Melodie', 'Claudina', 'Nelia', 'Reggi', 'Midge', 'Erinna', 'Jennica', 'Jsandye', 'Danell', 'Susi', 'Liz', 'Natala', 'Tanhya', 'Sharla', 'Erma']
['Biddie', 'Brigid', 'Sara', 'Emilee', 'Leona', 'Cynde', 'Nomi', 'Nadine', 'Joleen', 'Ashely', 'Lauretta', 'Una', 'Vanessa', 'Renae', 'Kiersten', 'Lacey', 'Marigold', 'Serena', 'Vi']
['Edeline', 'Oliy', 'Eadie', 'Brandise', 'Analise', 'Ardenia', 'Valentine', 'Kylen', 'Jasmin', 'Wilone', 'Lanni', 'Marcia', 'Jacquenette', 'Tobi', 'Tova', 'Betteanne', 'Bessy', 'Miquela', 'Chrystel']
['Cammie', 'Mariette', 'Shayne', 'Megan', 'Marley', 'Brandie', 'Christin', 'Kania', 'Sue', 'Shelia', 'Natka', 'Laraine', 'Lori', 'Arleyne', 'Henriette', 'Gerianna', 'Cayla', 'Amitie', 'Therine']
['Laverne', 'Carlye', 'Thalia', 'Neilla', 'Lettie', 'Geri', 'Renelle', 'Giralda', 'Pollyanna', 'Natalina', 'Eula', 'Stepha', 'Pia', 'Vonny', 'Shayna', 'Ashli', 'Mina', 'Inna', 'Nolana']
['Fayth', 'Avivah', 'Ondrea', 'Saundra', 'Janey', 'Jobina', 'Lisabeth', 'Laurice', 'Hendrika', 'Tressa', 'Gwenette', 'Nicoli', 'Tilda', 'Ealasaid', 'Costanza', 'Mareah', 'Jeralee', 'Dianna', 'Maryjo']
['Darcee', 'Jada', 'Idalina', 'Drucill', 'Valerie', 'Shani', 'Lillis', 'Kaylyn', 'Licha', 'Joannes', 'Tresa', 'Reeva', 'Sheree', 'Clemmie', 'Genni', 'Kristin', 'Anthe', 'Tamarra', 'Goldi']
['Willabella', 'Garland', 'Lois', 'Leilah', 'Gayle', 'Cinnamon', 'Loria', 'Erna', 'Jolie', 'Arliene', 'Bonnee', 'Giselle', 'Nerissa', 'Cristina', 'Linette', 'Sheena', 'Ardine', 'Heidie', 'Karlotta']
['Kinna', 'Deeann', 'Jess', 'Paula', 'Vivia', 'Pavla', 'Merrielle', 'Barbe', 'Kalindi', 'Pippy', 'Libbi', 'Paulina', 'Joly', 'Chelsea', 'Jessamyn', 'Sallyanne', 'Freda', 'Catina', 'Kettie']
['Maryl', 'Evvy', 'Jeniffer', 'Misti', 'Yalonda', 'Veronike', 'Roseann', 'Winifred', 'Amabel', 'Gabriell', 'Kippy', 'Raven', 'Raine', 'Romonda', 'Wilow', 'Heather', 'Bell', 'Jodi', 'Cory']
['Lorena', 'Kata', 'Prudi', 'Tatiana', 'Flori', 'Gigi', 'Esmaria', 'Emmalynne', 'Tammy', 'Brenn', 'Nerta', 'Clemmy', 'Siobhan', 'Stefa', 'Eddi', 'Jorey', 'Laureen', 'Cecelia', 'Zorana']
['Phil', 'Magdaia', 'Tessy', 'Randene', 'Bibbie', 'HelenElizabeth', 'Emelina', 'Elisabet', 'Marla', 'Noelyn', 'Allsun', 'Laura', 'Dana', 'Kay', 'Pansie', 'Sofia', 'Katalin', 'Tamarah', 'Pandora']
['Carline', 'Lorraine', 'Charis', 'Coretta', 'Andree', 'Faith', 'Rachel', 'Myrilla', 'Sophie', 'Jaime', 'Silva', 'Feliza', 'Melva', 'Cordy', 'Kellen', 'Lorna', 'Anya', 'Phillis', 'Suellen']
['Callie', 'Bria', 'Bobbie', 'Imogen', 'Verina', 'Shelby', 'Camille', 'Martguerita', 'Cate', 'Mariejeanne', 'Edi', 'Ethelind', 'Fayina', 'Shelli', 'Sayre', 'Lindsy', 'Viva', 'Shaina', 'Deny']
['Barbaraanne', 'Rosina', 'Delila', 'Koressa', 'Evangeline', 'Leora', 'Frankie', 'Kora', 'Katha', 'Tybi', 'Karisa', 'Lorrin', 'Emmy', 'Gussy', 'Riannon', 'Idell', 'Marice', 'Shay', 'Lona']
['Tersina', 'AnnaDiane', 'Debby', 'Lynnett', 'Cordie', 'Lilla', 'Carmelia', 'Camilla', 'Daisi', 'Wendeline', 'Trista', 'Isabelle', 'Meris', 'Eve', 'Neila', 'Vickie', 'Ashlen', 'Debbie', 'Fredelia']
['Karol', 'Denyse', 'Lita', 'Gaynor', 'Gwendolen', 'Elayne', 'Ginger', 'Jessika', 'Lina', 'Chris', 'Grazia', 'Caryn', 'Zoe', 'Toni', 'Constantina', 'Mia', 'Madalena', 'Alvina', 'Libby']
['Thomasina', 'Billy', 'Lorinda', 'Fawne', 'Essa', 'Starr', 'Donella', 'Cherry', 'Goldina', 'Susana', 'Crystie', 'Sharron', 'Madelin', 'Livia', 'AnnaDiana', 'Kelcey', 'Rosene', 'Milena', 'Aubrette']
['Jeannette', 'Maddalena', 'Marjie', 'Merline', 'Johnette', 'Meggy', 'Dulcie', 'Ellie', 'Almeda', 'Courtnay', 'Genna', 'Uta', 'Kathlin', 'Sheilah', 'Tanya', 'Lila', 'Gerrilee', 'Sibylle', 'Minnnie']
['Honey', 'Jenna', 'Kassia', 'Helenka', 'SheilaKathryn', 'Vilma', 'Constantia', 'Hatty', 'Rosalind', 'Paulette', 'Nevsa', 'Toma', 'Andriette', 'Geralda', 'Mehetabel', 'Moyra', 'Harrie', 'Carree', 'Corinna']
['Rosalinde', 'Brynna', 'Henrietta', 'Raye', 'Kial', 'Marylou', 'Lia', 'Annalee', 'Dulcea', 'Rozanna', 'Christabel', 'Jaclyn', 'Lyn', 'Kacey', 'Di', 'Ray', 'Penny', 'Patti', 'Madelyn']
['Corella', 'Terra', 'Robena', 'Joycelin', 'Lavinia', 'Harriett', 'Phedra', 'Sheeree', 'Vin', 'Patience', 'Marlyn', 'Blake']
['Philomena']
