['313', '344', '345', '346', '347', '340', '341', '342', '343', '298', '299', '296', '297', '294', '295', '292', '293', '290', '291', '199', '198', '195', '194', '196', '190', '193', '192', '270', '271', '272', '273', '274', '275', '276', '277', '278', '279', '108', '109', '102', '103', '100', '101', '107', '104', '105', '39', '38', '33', '32', '31', '30', '36', '35', '339', '338', '334', '337', '336', '331', '330', '333', '6', '99', '98', '91', '90', '93', '92', '95', '94', '97', '96', '238', '239', '234', '235', '236', '237', '230', '231', '232', '233', '1', '146', '147', '144', '142', '143', '140', '141', '148', '149', '133', '132', '131', '130', '136', '135', '139', '138', '24', '25', '26', '27', '20', '21', '22', '23', '28', '29', '400', '379', '378', '371', '373', '372', '375', '374', '377', '376', '393', '392', '88', '89', '397', '396', '395', '394', '82', '83', '80', '81', '86', '87', '84', '85', '245', '244', '247', '246', '241', '240', '243', '242', '249', '248', '179', '178', '177', '176', '175', '174', '173', '172', '171', '170', '253', '182', '183', '180', '181', '186', '187', '184', '185', '188', '11', '10', '13', '12', '14', '17', '16', '19', '18', '62', '322', '323', '320', '321', '326', '327', '324', '325', '328', '329', '200', '202', '205', '204', '207', '206', '209', '208', '77', '76', '75', '74', '73', '72', '71', '70', '78', '2', '8', '68', '120', '121', '122', '123', '124', '125', '128', '129', '319', '312', '311', '310', '317', '316', '315', '314', '3', '368', '369', '366', '367', '364', '362', '363', '360', '361', '380', '381', '382', '383', '384', '385', '386', '387', '388', '389', '60', '61', '258', '259', '64', '66', '67', '252', '69', '250', '251', '256', '255', '168', '169', '164', '165', '166', '167', '160', '162', '9', '357', '356', '355', '354', '353', '352', '351', '350', '359', '358', '216', '217', '214', '215', '212', '213', '210', '211', '218', '289', '288', '4', '281', '280', '283', '282', '284', '286', '261', '260', '267', '266', '265', '264', '269', '268', '59', '58', '57', '56', '51', '53', '115', '114', '111', '110', '113', '112', '119', '118', '308', '309', '300', '302', '229', '227', '226', '224', '223', '222', '221', '220', '391', '152', '155', '159', '158', '399', '48', '46', '44', '45', '42', '40', '41']
['254', '349', '365', '219', '285', '263', '54', '50', '52', '63', '117', '116', '301', '303', '305', '306', '307', '228', '225', '390', '151', '150', '153', '154', '157', '156', '398', '49', '47', '43', '5']
['126', '370']
['262', '65']
['137']
['203']
['37', '145']
['163']
['348']
['189']
['201', '257']
['197']
['191', '7']
['318']
['15', '106']
['79', '134', '55', '304']
['332']
['287', '161']
['127']
['34', '335']
