['Vertex430', 'Vertex43', 'Vertex134', 'Vertex145', 'Vertex312', 'Vertex196', 'Vertex241', 'Vertex357', 'Vertex44', 'Vertex81', 'Vertex336', 'Vertex237', 'Vertex364', 'Vertex432', 'Vertex314', 'Vertex148', 'Vertex153', 'Vertex315', 'Vertex133', 'Vertex211']
['Vertex107', 'Vertex46', 'Vertex210', 'Vertex50', 'Vertex61', 'Vertex307', 'Vertex59', 'Vertex328', 'Vertex51', 'Vertex262', 'Vertex209', 'Vertex424', 'Vertex250', 'Vertex224', 'Vertex409', 'Vertex189', 'Vertex329', 'Vertex413', 'Vertex171', 'Vertex342']
['Vertex249', 'Vertex47', 'Vertex333', 'Vertex149', 'Vertex165', 'Vertex106', 'Vertex197', 'Vertex331', 'Vertex116', 'Vertex222', 'Vertex136', 'Vertex226', 'Vertex358', 'Vertex203', 'Vertex139', 'Vertex396', 'Vertex227', 'Vertex178', 'Vertex151', 'Vertex414']
['Vertex265', 'Vertex52', 'Vertex104', 'Vertex216', 'Vertex80', 'Vertex303', 'Vertex255', 'Vertex251', 'Vertex266', 'Vertex131', 'Vertex91', 'Vertex242', 'Vertex374', 'Vertex393', 'Vertex109', 'Vertex137', 'Vertex64', 'Vertex167', 'Vertex183', 'Vertex246']
['Vertex301', 'Vertex53', 'Vertex248', 'Vertex79', 'Vertex269', 'Vertex295', 'Vertex199', 'Vertex392', 'Vertex294', 'Vertex277', 'Vertex323', 'Vertex86', 'Vertex112', 'Vertex341', 'Vertex412', 'Vertex58', 'Vertex188', 'Vertex57', 'Vertex119', 'Vertex388']
['Vertex425', 'Vertex67', 'Vertex69', 'Vertex162', 'Vertex174', 'Vertex353', 'Vertex192', 'Vertex127', 'Vertex348', 'Vertex236', 'Vertex75', 'Vertex84', 'Vertex313', 'Vertex65', 'Vertex186', 'Vertex302', 'Vertex230', 'Vertex377', 'Vertex122', 'Vertex76']
['Vertex305', 'Vertex97', 'Vertex132', 'Vertex172', 'Vertex283', 'Vertex247', 'Vertex423', 'Vertex285', 'Vertex309', 'Vertex332', 'Vertex384', 'Vertex422', 'Vertex159', 'Vertex351', 'Vertex436', 'Vertex194', 'Vertex403', 'Vertex102', 'Vertex270', 'Vertex98']
['Vertex175', 'Vertex135', 'Vertex157', 'Vertex158', 'Vertex381', 'Vertex40', 'Vertex204', 'Vertex221', 'Vertex200', 'Vertex372', 'Vertex228', 'Vertex215', 'Vertex48', 'Vertex380', 'Vertex362', 'Vertex177', 'Vertex259', 'Vertex419', 'Vertex68', 'Vertex297']
['Vertex161', 'Vertex45', 'Vertex74', 'Vertex90', 'Vertex427', 'Vertex385', 'Vertex125', 'Vertex240', 'Vertex208', 'Vertex356', 'Vertex274', 'Vertex87', 'Vertex311', 'Vertex439', 'Vertex275', 'Vertex288', 'Vertex85', 'Vertex389', 'Vertex118', 'Vertex111']
['Vertex117', 'Vertex49', 'Vertex55', 'Vertex299', 'Vertex286', 'Vertex408', 'Vertex387', 'Vertex428', 'Vertex239', 'Vertex394', 'Vertex191', 'Vertex245', 'Vertex190', 'Vertex345', 'Vertex405', 'Vertex213', 'Vertex182', 'Vertex369', 'Vertex289', 'Vertex63']
['Vertex168', 'Vertex72', 'Vertex346', 'Vertex141', 'Vertex92', 'Vertex292', 'Vertex94', 'Vertex293', 'Vertex268', 'Vertex130', 'Vertex417', 'Vertex128', 'Vertex400', 'Vertex126', 'Vertex263', 'Vertex411', 'Vertex298', 'Vertex147', 'Vertex376', 'Vertex138']
['Vertex273', 'Vertex78', 'Vertex105', 'Vertex318', 'Vertex271', 'Vertex279', 'Vertex252', 'Vertex154', 'Vertex316', 'Vertex399', 'Vertex420', 'Vertex379', 'Vertex115', 'Vertex170', 'Vertex93', 'Vertex41', 'Vertex164', 'Vertex429', 'Vertex310', 'Vertex321']
['Vertex415', 'Vertex60', 'Vertex103', 'Vertex320', 'Vertex350', 'Vertex327', 'Vertex300', 'Vertex326', 'Vertex166', 'Vertex349', 'Vertex426', 'Vertex214', 'Vertex42', 'Vertex70', 'Vertex395', 'Vertex77', 'Vertex287', 'Vertex56', 'Vertex155', 'Vertex304']
['Vertex284', 'Vertex66', 'Vertex361', 'Vertex99', 'Vertex184', 'Vertex359', 'Vertex404', 'Vertex410', 'Vertex386', 'Vertex352', 'Vertex101', 'Vertex231', 'Vertex187', 'Vertex390', 'Vertex142', 'Vertex433', 'Vertex401', 'Vertex256', 'Vertex402', 'Vertex121']
['Vertex343', 'Vertex73', 'Vertex340', 'Vertex88', 'Vertex218', 'Vertex108', 'Vertex339', 'Vertex434', 'Vertex435', 'Vertex334', 'Vertex54', 'Vertex244', 'Vertex281', 'Vertex62', 'Vertex368', 'Vertex257', 'Vertex347', 'Vertex344', 'Vertex82', 'Vertex296']
['Vertex378', 'Vertex71', 'Vertex416', 'Vertex233', 'Vertex124', 'Vertex330', 'Vertex229', 'Vertex96', 'Vertex238', 'Vertex150', 'Vertex181', 'Vertex225', 'Vertex156', 'Vertex100', 'Vertex202', 'Vertex398', 'Vertex431', 'Vertex185', 'Vertex317', 'Vertex95']
['Vertex354', 'Vertex114', 'Vertex143', 'Vertex152', 'Vertex235', 'Vertex324', 'Vertex406', 'Vertex338', 'Vertex205', 'Vertex373', 'Vertex371', 'Vertex179', 'Vertex223', 'Vertex322', 'Vertex120', 'Vertex335', 'Vertex234', 'Vertex146', 'Vertex180', 'Vertex276']
['Vertex144', 'Vertex375', 'Vertex193', 'Vertex217', 'Vertex232', 'Vertex206', 'Vertex306', 'Vertex365', 'Vertex267', 'Vertex253', 'Vertex176', 'Vertex280', 'Vertex355', 'Vertex421', 'Vertex437', 'Vertex207', 'Vertex220', 'Vertex367', 'Vertex291', 'Vertex363']
['Vertex260', 'Vertex160', 'Vertex258', 'Vertex366', 'Vertex325', 'Vertex360', 'Vertex290', 'Vertex113', 'Vertex123', 'Vertex195', 'Vertex382', 'Vertex243', 'Vertex308', 'Vertex397', 'Vertex278']
['Vertex219', 'Vertex264', 'Vertex370', 'Vertex140']
['Vertex272']
['Vertex282']
['Vertex201']
['Vertex319']
['Vertex438']
['Vertex110']
['Vertex337', 'Vertex129']
['Vertex418']
['Vertex173']
['Vertex163']
['Vertex169']
['Vertex407']
['Vertex261']
['Vertex383']
['Vertex254']
['Vertex212']
['Vertex391']
['Vertex89']
['Vertex198']
['Vertex83']
