['Marcy', 'Greta', 'Tonia', 'Maude', 'Rhoda', 'Roger', 'Fritz', 'Percy', 'Rusty', 'Sadie', 'Amber', 'Leroy', 'Danny', 'Garry', 'Chong', 'Katie', 'Brant', 'Jamel', 'Bette', 'Joann', 'Twila', 'Alton', 'Emery', 'Elvin', 'Clark', 'Bryce', 'Flora', 'Louis', 'Brock', 'Carly', 'Randy', 'Peter', 'Nadia', 'Adele', 'Mikel', 'Malik', 'Monty', 'Britt', 'Wendy', 'Casey', 'Sandy', 'Alice', 'Jonah', 'Tasha', 'Ebony', 'Julio', 'Trent', 'Amado', 'Brady', 'Karen']
['Leann', 'Tyron', 'Barry', 'Terry', 'Ernie', 'Myron', 'Vicky', 'Bryan', 'Josef', 'Erika', 'Cindy', 'Irvin', 'Viola', 'Holly', 'Chris', 'Avery', 'Paige', 'Edwin', 'Joyce', 'Buddy', 'Elias', 'Marci', 'Davis', 'Tessa', 'Lorna', 'Effie', 'Roxie', 'Erica', 'Mitch', 'Wanda', 'Hyman', 'Major', 'Tammi', 'Daron', 'Debra', 'Rufus', 'Merle', 'Adela', 'Pansy', 'Emily']
['Sybil']
['Lyman', 'Mason', 'Pedro', 'Sheri', 'Shaun', 'Dante', 'Lucio', 'Linda', 'Jaime', 'Dixie', 'Freda', 'Claud', 'Marla', 'Lacey', 'Staci', 'Audra', 'Melba', 'Ellen', 'Robyn', 'Teddy', 'Donny', 'Pearl', 'Kayla', 'Brian', 'Wendi', 'Maura', 'Tanya', 'Benny', 'Jacob', 'Zelma', 'Orval', 'Perry', 'Doris', 'Tommy', 'Brent', 'Alvin', 'Craig', 'Sonja', 'Fidel', 'April', 'Jayne', 'Gayle', 'Julia', 'Clyde', 'Annie', 'Tonya', 'Verna', 'Renee', 'Elena', 'Grant']
['Nancy', 'Josie', 'Cesar', 'Dario', 'Ervin', 'Cliff', 'Clint', 'Ilene', 'Helga', 'Lorie', 'Mamie', 'Aaron', 'Bruno', 'Allan', 'Billy', 'Felix', 'Kelly', 'Quinn', 'Margo', 'Wally', 'Rhett', 'Moses', 'Corey', 'Micah', 'Olive', 'Mandy', 'Aline', 'Marty', 'Wilma', 'Berta', 'Hazel', 'Nikki', 'Ollie', 'Elsie', 'Laura', 'Hilda', 'Misty', 'Tracy', 'Basil', 'Darin', 'Clara', 'Sally', 'Daisy', 'Betsy', 'Mario', 'Devin', 'Issac', 'Lydia', 'Sofia', 'Randi']
['Leona', 'Naomi', 'Robin', 'Willy', 'Kathy', 'Homer', 'Candy', 'Erick', 'Dwain', 'Della', 'Moshe', 'Leila', 'Mitzi', 'Ariel', 'Terri', 'Jamar', 'Karin', 'Shane', 'Odell', 'David', 'James', 'Janet', 'Ronny']
['Jared']
['Elmer', 'Bryon', 'Janis']
['Nelda']
['Lauri', 'Bobbi', 'Sammy', 'Arlen', 'Ruben', 'Chase', 'Mable', 'Patti', 'Vilma', 'Carla', 'Eddie']
['Dusty', 'Elvia']
['Chang']
['Maria', 'Kevin']
['Donna', 'Roman']
['Cyrus']
['Kirby', 'Becky', 'Queen']
['Essie', 'Wyatt']
['Timmy', 'Lanny']
['Steve']
['Ahmad', 'Deann', 'Sonny', 'Jason']
