['67', '112', '170', '89', '77', '125']
['59', '31', '135', '57', '158', '133']
['120', '15', '192', '87', '241', '220']
['10', '155', '230', '181', '234', '148']
['153', '0', '9', '60', '194', '55']
['222', '45', '134', '124', '22', '141']
['93', '1', '14', '5', '116', '146']
['121', '18', '70', '182', '132', '177']
['111', '8', '46', '107', '238', '88']
['24', '147', '231', '188', '211', '138']
['79', '47', '71', '73', '159', '74']
['11', '126', '207', '227', '212', '23']
['206', '114', '118', '137', '144', '168']
['232', '3', '183', '204', '178', '61']
['106', '20', '33', '75', '195', '129']
['92', '4', '30', '39', '162', '78']
['209', '51', '53', '242', '248', '103']
['84', '27', '64', '99', '239', '19']
['72', '249', '236', '109', '216', '49']
['173', '69', '98', '82', '180', '186']
['176', '16', '149', '154', '224', '193']
['247', '2', '217', '29', '104', '187']
['233', '54', '228', '81', '94', '237']
['123', '52', '62', '97', '91', '96']
['223', '6', '35', '7', '198', '83']
['243', '58', '102', '250', '190', '145']
['63', '139', '66', '48', '163', '235']
['221', '44', '86', '136', '210', '142']
['115', '68', '226', '167', '65', '117']
['50', '164', '150', '140', '214', '143']
['26', '34', '201', '113', '128', '175']
['119', '179', '100', '152', '200', '185']
['161', '90', '95', '151', '196', '13']
['36', '199', '203', '40', '21', '37']
['172', '166', '165', '197', '184', '169']
['110', '218', '174', '240', '213', '245']
['76', '130', '56', '191', '12', '25']
['244', '127', '189', '160', '157', '28']
['17', '131', '101', '85', '43', '215']
['156', '205', '208']
['41', '225', '202', '171']
['219']
['246', '105']
['32']
['38']
['122']
['80']
['42']
['108']
['229']
