['Ashton', 'Adrian', 'Rylan', 'Maverick', 'Archer', 'Zion', 'Grant', 'Graham', 'Jasper', 'Grayson']
['Chance', 'Alexander', 'Enzo', 'Mateo', 'Brooks', 'Jace', 'am', 'Maxwell', 'Wyatt', 'Colton']
['Javier', 'Ezekiel', 'Bryson', 'Edward', 'Connor', 'Damian', 'Jaxon', 'Emilio', 'Bryce', 'Messiah']
['Jacob', 'Carter', 'Leo', 'Judah', 'Miles', 'Adam', 'Peter', 'Colt', 'Aaron', 'Malachi']
['Ryder', 'Luke', 'Christian', 'Dallas', 'Theodore', 'Dominic', 'Levi', 'Joel', 'Kaleb', 'Carson']
['Nathaniel', 'James', 'Blake', 'Knox', 'Richard', 'Micah', 'Xander', 'Walter', 'Isaac', 'Aiden']
['Xavier', 'Charles', 'Kevin', 'Kaiden', 'Tristan', 'Weston', 'Everett', 'Abel', 'Louis', 'Matthew']
['Emiliano', 'Logan', 'Luis', 'Carlos', 'Victor', 'Killian', 'Cody', 'Jonah', 'David', 'Joshua']
['Ryker', 'Asher', 'Tyler', 'Timothy', 'Bryan', 'Ace', 'Rowan', 'Erick', 'Alex', 'Brantley']
['Vincent', 'Cameron', 'Karter', 'Emerson', 'Beckett', 'Steven', 'Juan', 'Dean', 'Aidan', 'Riley']
['Amir', 'Andrew', 'Landon', 'Finn', 'Silas', 'Beau', 'Abraham', 'Santiago', 'Sebastian', 'Bennett']
['Arthur', 'Elliot', 'Brian', 'Benjamin', 'Dylan', 'Paxton', 'Legend', 'Leonardo', 'Elijah', 'Bradley']
['Nicholas', 'Emmett', 'River', 'Sean', 'Beckham', 'Charlie', 'Axel', 'Rafael', 'Adriel', 'Robert']
['Caden', 'Daniel', 'Jonathan', 'Jayce', 'Nash', 'Eduardo', 'Jameson', 'Zayden', 'Anthony', 'Gael']
['Greyson', 'Isaiah', 'Josiah', 'Amari', 'Alan', 'Remington', 'Colin', 'Caleb', 'Maximus', 'Israel']
['Simon', 'Ethan', 'Karson', 'Tucker', 'Henry', 'Rhett', 'Dawson', 'Thomas', 'Lucas', 'Ryan']
['Wesley', 'William', 'Kayden', 'August', 'Omar', 'Griffin', 'Zachary', 'Kenneth', 'Jaxson', 'Jack']
['Mark', 'Gunner', 'John', 'Elias', 'Ivan', 'Emmanuel', 'Lorenzo', 'Jude', 'Cayden', 'Bentley']
['Cole', 'Noah', 'Justin', 'Iker', 'Waylon', 'Max', 'Milo', 'Kameron', 'Avery', 'Myles']
['Matias', 'Jayden', 'Ezra', 'Giovanni', 'Matteo', 'Miguel', 'Kai', 'Corbin', 'Chase', 'Zane']
['Brody', 'Samuel', 'Jax', 'Gavin', 'King', 'Braxton', 'Jesse', 'Clayton', 'Felix', 'Martin']
['Eli', 'Nicolas', 'Roman', 'Preston', 'Andres', 'Reid', 'Harrison', 'George', 'Julian', 'Jordan']
['Francisco', 'Christopher', 'Jeremiah', 'Nolan', 'Theo', 'Eric', 'Cash', 'Elliott', 'Jorge', 'Sawyer']
['Brady', 'Jason', 'Jeremy', 'Damien', 'Tanner', 'Joseph', 'Ian', 'Zander', 'Derek', 'Brayden']
['Hudson', 'Barrett', 'Ayden', 'Camden', 'Jesus', 'Kingston', 'Kaden', 'Jaden', 'Paul', 'Maddox']
['Lincoln', 'Oliver', 'Hunter', 'Cooper', 'Manuel', 'Holden', 'Mason', 'Jackson', 'Gabriel', 'Angel']
['Alejandro', 'Owen', 'Easton', 'Phoenix', 'Brandon', 'Finley', 'Kyrie', 'Diego', 'Patrick', 'Austin']
['Andre', 'Declan', 'Nathan', 'Josue', 'Leon', 'Evan', 'Parker', 'Luca', 'Calvin', 'Antonio']
['Jose', 'Hayden', 'Oscar', 'Marcus', 'Kyle', 'Thiago', 'Lukas', 'Jake', 'Stephen', 'Tobias']
['Michael']
