['51', '173', '311', '255', '188', '394', '18', '246', '207', '2', '175', '133']
['317', '3', '63', '81', '53', '274', '235', '307', '16', '380', '285', '367']
['249', '28', '381', '286', '393', '129', '371', '291', '260', '330', '164', '269']
['368', '56', '165', '57', '217', '382', '37', '124', '135', '237', '263', '238']
['146', '55', '142', '147', '250', '264', '72', '104', '240', '296', '342', '83']
['80', '7', '12', '73', '396', '127', '22', '267', '186', '39', '123', '93']
['334', '6', '20', '67', '328', '337', '160', '14', '306', '219', '32', '167']
['98', '322', '184', '157', '105', '331', '247', '59', '385', '130', '19', '372']
['259', '45', '115', '150', '222', '386', '314', '143', '270', '171', '205', '46']
['84', '5', '185', '390', '74', '243', '202', '139', '137', '140', '25', '76']
['227', '68', '77', '89', '9', '198', '356', '344', '251', '183', '275', '397']
['151', '24', '315', '86', '122', '148', '69', '305', '283', '284', '170', '245']
['229', '70', '166', '121', '40', '159', '293', '343', '278', '71', '366', '62']
['52', '35', '358', '106', '287', '320', '253', '195', '289', '335', '211', '292']
['301', '17', '209', '226', '114', '11', '323', '376', '321', '277', '297', '204']
['361', '163', '233', '158', '281', '357', '262', '29', '107', '370', '299', '346']
['230', '33', '49', '141', '99', '95', '228', '58', '387', '223', '161', '325']
['345', '44', '119', '349', '236', '254', '258', '136', '196', '168', '369', '316']
['265', '312', '363', '359', '319', '54', '96', '110', '43', '23', '295', '91']
['109', '26', '38', '66', '75', '78', '82', '97', '169', '200', '221', '256']
['333', '360', '1', '128', '347', '384', '232', '152', '10', '176', '389', '117']
['134', '34', '336', '324', '379', '271', '42', '399', '234', '199', '220', '60']
['208', '290', '339', '353', '374', '388']
['302', '4', '85', '172', '398', '201', '244', '212', '182', '218', '88', '112']
['15', '179', '190', '377', '21', '239', '36', '280', '257', '392', '27', '102']
['338', '41', '351', '241', '145', '156', '383', '113', '178', '354', '100', '13']
['318', '332', '373', '94', '50', '61', '174', '214', '304', '261', '327', '282']
['231', '64', '294', '400', '266', '268', '313', '177', '362', '118', '252', '298']
['395', '48', '187', '206', '300', '378', '272', '391', '92', '132', '276', '242']
['31']
['162', '308', '90', '101', '213', '375', '203', '8', '348', '192', '352', '194']
['30', '248', '197', '193', '341', '326', '0', '116', '364', '329', '154', '288']
['350', '180']
['309', '65', '103', '111', '215', '125', '303', '149', '181']
['144', '191']
['47', '120']
['138', '153', '340']
['365', '108', '155', '189', '279', '310']
['225', '79', '273', '210', '126', '224', '355', '216']
['131', '87']
