['181']
['272', '212', '317', '320', '16']
['70', '300', '256', '282', '66']
['3', '17', '148', '280', '115']
['260', '97', '185', '322', '231']
['98', '154', '180', '308', '348']
['37', '95']
['220', '172', '298', '104', '161']
['62']
['296', '28', '108', '290', '152']
['262', '87', '357', '116', '85']
['79']
['306', '178', '7']
['63', '286', '222']
['351', '25', '68', '54', '261']
['303', '203', '135']
['263', '218', '32', '83', '162']
['55']
['299']
['103']
['59']
['194', '137', '34', '36', '91']
['75', '289', '12', '337', '283']
['253', '186', '18', '347']
['297', '173', '193']
['245']
['252']
['127', '246', '355']
['122']
['93']
['301']
['329']
['23', '258']
['159']
['321', '208']
['336']
['287']
['332']
['5']
['356']
['1']
['121', '24']
['132', '52']
['207']
['182']
['156']
['82']
['41', '273']
['51']
['126']
['0', '19']
['248']
['27']
['314']
['198']
['168']
['269']
['109']
['74']
['176']
['170']
['331', '149']
['327']
['105', '362']
['227', '316']
['61']
['221']
['350']
['171', '346']
['210']
['56']
['294']
['238']
['6']
['160']
['229']
['45']
['67']
['146', '81']
['72']
['255']
['209']
['240']
['139']
['281']
['65']
['42']
['164']
['234', '360']
['324']
['196']
['99']
['78']
['334', '112']
['211']
['315']
['237']
['215']
['277']
['344']
['100']
['151']
['20']
['147']
['311']
['354']
['257']
['58']
['174']
['202']
['48']
['140']
['35']
['77']
['184']
['138']
['307']
['232']
['153']
['142']
['345']
['102']
['39']
['250']
['328']
['129']
['47']
['133']
['89']
['291']
['341']
['144']
['4']
['92']
['323']
['275']
['268']
['21']
['163']
['166']
['169']
['259']
['167']
['271']
['342']
['285']
['158']
['304']
['155']
['359']
['216']
['90']
['195']
['2']
['86']
['235']
['295']
['110']
['114']
['270']
['60']
['73']
['50']
['339']
['143']
['239']
['189']
['13']
['319']
['40']
['188']
['288']
['125']
['305']
['223']
['11']
['225']
['335']
['157']
['199']
['274']
['22']
['213']
['244']
['224']
['107']
['278']
['31']
['191']
['106']
['33']
['243']
['292']
['131']
['26']
['267']
['10']
['53']
['226']
['80']
['340']
['205']
['352']
['358']
['279']
['325', '8']
['310']
['353']
['88']
['118']
['46']
['117']
['94']
['361']
['141']
['302']
['130']
['124']
['313', '38']
['30']
['309']
['228']
['333']
['264']
['206']
['266']
['204']
['175']
['111']
['69']
['15']
['49']
['136']
['14']
['150']
['214']
['254']
['241']
['312']
['123']
['247']
['120']
['96']
['179']
['101']
['43']
['165']
['76']
['236']
['145']
['57']
['113']
['192']
['197']
['242']
['318']
['217']
['343']
['187']
['190']
['29']
['84']
['326']
['265']
['44']
['128']
['119']
['201']
['276']
['134']
['349']
['251']
['200']
['9']
['249']
['183']
['71']
['293']
['219']
['177']
['284']
['338']
['64']
['330']
['233']
['230']
