['Deliany', 'Kaeley', 'Meryl', 'Larrissa', 'Sanae', 'Lilienne', 'Taye', 'Andriy', 'Lynia', 'Jaleesa', 'Jalilah', 'Daxen', 'Trenise', 'Coulson', 'Fe', 'Mikea', 'Zahriyah', 'Cicily', 'Kinzie', 'Olive', 'Lukis', 'Nohely', 'Fidel', 'Dhalia', 'Oluwatobi', 'Vivica', 'Osmin', 'Casondra', 'Ishmel', 'Monserath']
['Amr', 'Cliff', 'Avielle', 'Mezmariah', 'Khamil', 'Camill', 'Coraline', 'Braeley', 'Dajana', 'Anouk', 'Ilyn', 'Zuzanna', 'Azeriah', 'Jaquan', 'Veena', 'Quentyn', 'Yajahira', 'Deriyon', 'Jos', 'Keion', 'Srinath', 'Raeleigh', 'Satomi', 'Alainna', 'Seleen', 'Asha', 'Saheim', 'Jamaad', 'Sevastian', 'Dairon']
['Mikelle', 'Caliegh', 'Samauri', 'Lazaria', 'Tobias', 'Hannelore', 'Timia', 'Merary', 'Natasia', 'Jirah', 'Hakop', 'Tacori', 'Coi', 'Abhinav', 'Asa', 'Zackrey', 'Sharlene', 'Shalonda', 'Jemiah', 'Trinitey', 'Atika', 'Lamariah', 'Jalyiah', 'Mylie', 'Leib', 'Rohil', 'Kaymi', 'Zaahir', 'Ameerah', 'Kaeleen']
['Eeliyah', 'Dereck', 'Alayasia', 'Aylana', 'Mykaylah', 'Mikyla', 'Lauralynn', 'Aleiyah', 'Jophy', 'Jovey', 'Jakelin', 'Dhyan', 'Jema', 'Emmanuela', 'Giannie', 'Jaleena', 'Khila', 'Deidre', 'Janine', 'Jerriah', 'Jeremias', 'Michaell', 'Cordai', 'Jayme', 'Antonin', 'Inaki', 'Kamora', 'Tayseer', 'Kaleo', 'Alyiana']
['Thadius', 'Halo', 'Daxx', 'Lizmari', 'Shanell', 'Nayara', 'Jarrell', 'Denize', 'Blaine', 'Sabastion', 'Dell', 'Harlem', 'Brinleigh', 'Jamear', 'Deedra', 'Jdan', 'Estephanie', 'Adaley', 'Kay', 'Zykerria', 'Kalum', 'Chanze', 'Demetreus', 'Terriona', 'Gertrude', 'Ganon', 'Adysen', 'Katalina', 'Donnelle', 'Loni']
['Markise', 'Takia', 'Abaan', 'Tahir', 'Adriene', 'Dainen', 'Marck', 'Aizik', 'Laticia', 'Ailene', 'Gunther', 'Dea', 'Anadalay', 'Makyra', 'Jamaine', 'Dorcas', 'Ally', 'Maude', 'Jaydah', 'Jahred', 'Joed', 'Serenety', 'Jarem', 'Fabrizzio', 'Crystina', 'Lailani', 'Jaquis', 'Eleah', 'Merissa', 'Soriya']
['Guadalupe', 'Sincere', 'Mumin', 'Sussy', 'Adeleine', 'Thien', 'Stafford', 'Juliano', 'Farah', 'Dusan', 'Vyncent', 'Antrone', 'Lilyonna', 'Kemily', 'Aley', 'Miley', 'Merlina', 'Sayd', 'Azavier', 'Kirubel', 'Jaimarie', 'Jailon', 'Charlett', 'Lealand', 'Khalee', 'Nitzia', 'Tanyla', 'Shamyia', 'Sameeha', 'Ori']
['Artyom', 'Kitty', 'Kayliann', 'Mylani', 'Eddieberto', 'Zyeir', 'Marrius', 'Bow', 'Elysha', 'Marcellino', 'Hashem', 'Janesha', 'Kapena', 'Cynae', 'Jesalyn', 'Jamiyla', 'Aysenur', 'Ebany', 'Britnee', 'Larry', 'Gyzelle', 'Carsten', 'Stefanny', 'Zolin', 'Raymir', 'Tyannah', 'Byron', 'Iris', 'Ancel', 'Griffon']
['Tafari', 'Fox', 'Reynaldo', 'Kenzington', 'Desteni', 'Handsome', 'Tayyab', 'Quintavious', 'Leighann', 'Matt', 'Dyami', 'Aibhilin', 'Yavian', 'Jahlen', 'Tralyn', 'Ayahna', 'Analiah', 'Evangelyne', 'Emmely', 'Quintasia', 'Ryleeann', 'Brenya', 'Shannel', 'Kaushik', 'Emilie', 'Kobe', 'Giankarlo', 'Antwane', 'Azzareya', 'Jeru']
['Avigail', 'Evia', 'Anela', 'Jasiya', 'Vedika', 'Raphael', 'Abdoulaziz', 'Armita']
['Amor', 'Donnovan', 'Dominika', 'Danyca', 'Nethra', 'Siena', 'Renyah', 'Navia', 'Dragon', 'Feven', 'Nancy', 'Kenniyah', 'Thaddius', 'Gracia', 'Taegan', 'Natsumi', 'Treyson', 'Nakari', 'Kairy', 'Keemya', 'Mckaylin', 'Vanesa', 'Abdulraheem', 'Jezzelle', 'Detravion', 'Keni', 'Ramses', 'Citlally', 'Haya', 'Nalaya']
['Johnavan', 'Ahnaya', 'Delara', 'Liat', 'Dashun', 'Jameisha', 'Marnae', 'Casandra', 'Shamiyah', 'Gwendolynn', 'Aarohi', 'Jatziry', 'Devaun', 'Zamyah', 'Salif', 'Kirrah', 'Marik', 'Shy', 'Jax', 'Soniah', 'Cisco', 'Bailynn', 'Sevren', 'Marcellius', 'Mailen', 'Mikaelah', 'Marwan', 'Sheniyah', 'Tam', 'Jesus']
['Tasi', 'Nakeya', 'Ettel', 'Farha', 'Alison', 'Davidjr', 'Charlize', 'Abdulrehman', 'Sagan', 'Rexford', 'Amonti', 'Margie', 'Treyonna', 'Carena', 'Brydan', 'Adanna', 'Basha', 'Shardae', 'Zinia', 'Ingrid', 'Montana', 'Hesham', 'Selena', 'Kvaughn', 'Mariaelena', 'Zayquan', 'Kenzo', 'Liann', 'Lakiyah', 'Elisah']
['Vinnie']
['Leilah', 'Shelbee', 'Shahid', 'Jazir', 'Jekeria', 'Jasahn', 'Dessie', 'Michai', 'Carine', 'Salmaan', 'Zoiee', 'Yonason', 'Hayven', 'Arsalan', 'Sashya', 'Helaman', 'Oviya', 'Sinia', 'Keyvin', 'Aayana', 'Masud', 'Sydelle', 'Yarisbel', 'Adaisha', 'Trystian', 'Artie', 'Anwesha', 'Kyston', 'Gor', 'Isaak']
['Alaija', 'Shiala', 'Katarina', 'Orren', 'Serra', 'Delisha', 'Doyle', 'Jandre', 'Sihaam', 'Aman', 'Jersi', 'Apollonia', 'Noami', 'Prakruti', 'Emree', 'Kimball', 'Litsy', 'Anagha', 'Hallei', 'Kyo', 'Malaja', 'Keyin', 'Julia', 'Xaviel', 'Jacob', 'Bristol', 'Nakaya', 'Rock', 'Rey', 'Mircale']
['Shakila']
['Tashvi', 'Ricky', 'Jaeline', 'Noha', 'Spartan', 'Niemah', 'Venezia']
['Rayne', 'Bright', 'Colie', 'Shamaiya', 'Kenzlie', 'Suri', 'Milene', 'Yu', 'Jomary', 'Gauge', 'Endi', 'Tralaya', 'Tajuan', 'Guy', 'Aryeh', 'Chyna', 'Cyris', 'Marialy', 'Ellarie', 'Eliziah']
['Kameryn', 'Nishta', 'Yarithza', 'Benito', 'Jerel', 'Alyze', 'Kaymarie', 'Anastacio', 'Ron']
['Kellon']
['Mylez']
['Yaire']
['Chidi']
['Kariana']
['Cylah']
['Shanaiya']
['Jabes', 'Abriyana', 'Aanyah']
['Rielly']
['Jebediah']
['Elway']
['Leni']
['Kensleigh']
['Bailei']
['Nidhi']
['Rosalio']
['Seiry']
['Mykenna']
['Jamonte']
['Taigen']
['Jaaziah', 'Hugo']
['Amritha']
['Tobechi']
['Kaira']
['Keili', 'Akasha', 'Derionna']
['Alieyah']
['Lada', 'Marifer', 'Khloee']
