['57', '11', '14', '23', '25', '28', '40', '47', '49', '54', '56', '372', '369', '146', '244', '106', '396', '342', '499', '256', '169', '438', '368', '243', '407', '122', '196', '359', '183', '245', '410', '488', '280', '496', '215', '445', '441', '427', '220', '314', '145', '74', '234', '64', '100', '254', '478', '331', '192', '292', '302', '458', '309', '258', '332', '273', '179', '492', '264', '446', '329', '265', '59']
['406', '9', '12', '288', '311', '464', '228']
['103', '22', '58', '172', '161', '322', '105', '469', '141', '324', '442', '361', '115', '349', '367', '155', '117', '487', '201', '443', '184', '470', '422', '474', '118', '408', '282', '289', '186', '246', '291', '173', '203']
['337', '26', '44', '53', '78', '79', '89', '94', '119', '295', '308', '333', '437', '386', '448', '431', '489', '429', '481']
['354']
['0']
['60', '80', '284', '61', '255']
['290', '41', '375', '412', '319', '400']
['38', '2', '24', '69', '177', '385', '124', '423', '68', '347', '388', '409', '346', '236', '221', '348', '150', '390', '266', '62', '162', '223', '237', '316', '66', '128']
['55']
['107']
['381']
['31']
['72']
['355']
['135', '34', '45', '63', '102', '114', '163', '467', '494', '144', '463', '387', '462', '428', '158', '191', '325', '330']
['159', '7', '10', '76', '84', '85', '154', '335', '432', '498', '241', '377', '193', '219', '364', '272', '336']
['424']
['327', '32', '77', '81', '111', '121', '194', '411', '460', '425']
['401', '15', '73', '86', '88', '112', '127', '137', '156', '202', '212', '240', '252', '312', '318', '350', '365', '376', '418', '439', '454', '434', '416', '178', '129', '300', '101', '268', '210', '249', '27', '449', '341', '123', '108']
['218']
['188']
['260', '475', '87', '366', '226', '315', '338']
['110']
['420', '13', '42', '95', '143', '153', '182', '195', '232', '250', '274', '279', '283', '305', '321', '352', '358', '452', '482', '486', '485']
['371']
['165', '99', '205', '307']
['450']
['404']
['217']
['403']
['483']
['247']
['414']
['116']
['253']
['139']
['136']
['440']
['269', '189', '199', '380', '378', '451']
['225']
['1']
['402', '276', '357', '471']
['235']
['430']
['303']
['306']
['374']
['259', '50', '51', '90', '166', '204', '435', '328', '383', '484']
['17']
['33']
['230']
['20', '262', '363', '147', '227', '293', '285', '3']
['238']
['299']
['151']
['345']
['433']
['104']
['48']
['132']
['16']
['181']
['19']
['71']
['491']
['209']
['185']
['296']
['257']
['362']
['231']
['473']
['270']
['213']
['125']
['317']
['455']
['395']
['180']
['453']
['174']
['92']
['392', '131']
['298']
['339']
['457']
['415']
['134']
['6']
['495']
['8']
['157']
['304']
['271']
['398']
['281']
['4']
['18']
['148']
['130']
['176', '277', '46', '97', '323']
['297']
['138']
['140']
['294']
['171']
['267']
['21']
['287']
['477']
['444']
['391']
['275']
['208']
['190']
['36']
['472']
['466']
['393']
['356']
['351']
['224']
['43']
['360']
['216']
['461']
['83']
['197']
['261']
['149']
['384']
['211']
['459']
['29']
['229']
['447']
['421']
['497']
['65']
['248']
['344']
['263']
['382']
['70']
['133']
['82']
['239']
['67']
['468']
['207']
['109']
['476']
['313']
['417']
['75']
['120']
['113']
['278']
['419']
['343']
['160']
['426']
['465']
['93']
['340']
['480', '251']
['320']
['326']
['233']
['164']
['242']
['5']
['394']
['200']
['413']
['152']
['490']
['91']
['96']
['37']
['167']
['39']
['35']
['399']
['187']
['389']
['126']
['52']
['353']
['170']
['436']
['142']
['98']
['301']
['379']
['370']
['30']
['198']
['456']
['214']
['405']
['334']
['373']
['175']
['168']
['222']
['397']
['206']
['493']
['310']
['286']
['479']
