['37', '7', '24', '94', '111', '152', '210', '250', '324', '473', '27', '29', '33', '30', '6', '21', '151', '292', '411', '468', '93', '143', '147', '148', '282', '295', '369', '0', '1', '2']
['426', '415', '421', '47', '67', '160', '416', '433', '437', '434', '436', '420', '435', '431', '428', '425', '414', '432', '417', '423', '429', '424', '412', '419', '15', '41', '39', '3', '4', '16']
['155', '145', '407', '460', '8', '396', '410', '400', '142', '397', '390', '394', '398', '391', '386', '405', '388', '406', '408', '392', '402', '395', '393', '389', '399', '401', '404', '403', '387', '409']
['445', '13', '54', '224', '303', '453', '454', '452', '462', '455', '449', '461', '463', '64', '238', '226', '240', '225', '239', '230', '236', '237', '53', '441', '12', '14', '306', '302', '314', '307']
['482', '466', '480', '470', '479', '487', '471', '477', '493', '491', '485', '484', '488', '467', '469', '486', '495', '475', '490', '478', '489', '483', '481', '494', '472', '476', '474', '263', '201', '271']
['254', '248', '259', '256', '257', '43', '245', '253', '246', '252', '255', '243', '261', '251', '76', '129', '222', '294', '298', '335', '331', '283', '291', '5', '328', '18', '26', '17', '288', '297']
['289', '286', '287', '42', '285', '296', '293', '45', '187', '366', '281', '73', '100', '121', '217', '334', '299', '40', '49', '51', '50', '174', '185', '175', '189', '363', '375', '381', '367', '269']
['492', '23', '66', '68', '69', '70', '71', '72', '74', '75', '77', '78', '79', '127', '128', '130', '131', '132', '133', '134', '135', '136', '137', '138', '139', '144', '149', '150', '154', '190']
['120', '46', '112', '114', '122', '118', '119', '116', '115', '123', '110', '113', '117', '124', '44', '212', '332', '65', '11', '48', '207', '211', '223', '208', '221', '218', '220', '214', '216', '322']
['213', '219', '215', '310', '347', '177', '457', '319', '311', '350', '357', '343', '345', '348', '349', '356', '358', '341', '352', '351', '354', '355', '82', '227', '316', '320', '313', '315', '305', '312']
['163', '170', '165', '52', '157', '167', '168', '169', '364', '265', '193', '440', '199', '192', '159', '162', '156', '161', '164', '172', '171', '377', '376', '378', '368', '382', '372', '373', '380', '25']
['290', '300', '272', '280', '427', '270', '275', '273', '276', '278', '277', '264', '267', '274', '266', '262', '268', '325', '361', '371', '362', '413', '430', '10', '338', '384', '418', '422', '125', '126']
['321', '336', '337', '340', '327', '330', '323', '279', '329', '141', '333', '339', '326', '231', '443', '158', '241', '439', '446', '465', '451', '456', '442', '458', '438', '448', '447', '464', '450', '35']
['9', '32', '56', '81', '180', '38', '59', '92', '90', '89', '176', '186', '181', '36', '63', '80', '173', '20', '86', '28', '62', '91', '178', '182', '234', '232', '229', '235', '183', '301']
['31', '191', '194', '195', '196', '197', '198', '200', '202', '203', '204', '205', '206', '228', '242', '284', '459']
['258', '247']
['383', '365', '374', '359', '346', '153', '209', '140', '244']
['179']
['166']
['370', '379', '353', '342', '34', '360', '344', '146', '385', '233', '85']
['97', '95', '107', '102', '104', '98', '109', '101', '96', '103', '99', '108', '105']
['83', '19', '84', '22', '87', '318', '308', '309', '317', '57', '304', '61']
['106']
['184']
['88']
['55', '60', '58']
['188']
['249', '260']
['444']
