['ATC', 'ACR', 'ACU', 'ADG', 'ADX', 'AFB', 'AFW', 'AJL', 'ANS', 'AOI', 'APM', 'AQP', 'ATI', 'AFS', 'ACX', 'AFF', 'AFO', 'AGJ']
['ARV', 'ACC', 'ACQ', 'ADA', 'AEM', 'AGY', 'AMA', 'APB', 'APX', 'ATT', 'ASD', 'ASB', 'AGI', 'ANW', 'AAB', 'AAV', 'ATH', 'AKX']
['ATA', 'AAC', 'AAY', 'ABT', 'ACI', 'ADE', 'AEU', 'AFD', 'AJK', 'ALC', 'ANN', 'ARB', 'ADR', 'AHS', 'AAQ', 'AAT', 'ACA', 'AMH']
['AQK', 'ABV', 'ACT', 'AFC', 'AGD', 'AHN', 'AHQ', 'AHW', 'AJX', 'AMT', 'ANP', 'ATP', 'AOB', 'AJJ', 'AAA', 'AAI', 'AAM', 'ACY']
['AOD', 'AAP', 'AFR', 'ALU', 'AMP', 'ANE', 'ATD', 'APQ', 'ASO', 'AOV', 'AQY', 'ASL', 'AER', 'AET', 'ALF', 'AMB', 'AMI', 'AND']
['ALK', 'AAF', 'AAU', 'ACO', 'AFQ', 'AFU', 'AIH', 'AJA', 'AJY', 'AKA', 'APO', 'ARC', 'APU', 'AMV', 'AGA', 'APD', 'AAS', 'AEH']
['ACW', 'ADL', 'ALY', 'AQC', 'AMD', 'AIS', 'ATN', 'APL', 'AOC', 'AMY', 'AFX', 'AEC', 'ANR', 'ALN', 'APA', 'ABP', 'ADJ', 'AGS']
['AOJ', 'AAL', 'ABM', 'AEO', 'AID', 'AIV', 'AKV', 'ARX', 'ASP', 'AOW', 'ARJ', 'AOT', 'ABE', 'AAK', 'AAN', 'AEP', 'ASR', 'AEY']
['AJN', 'ARR', 'ABR', 'AEF', 'AGM', 'AIK', 'AKM', 'ANL', 'APJ', 'AQI', 'ASW', 'ASJ', 'ARY', 'APE', 'ABF', 'ABU', 'ACE', 'ACJ']
['ALR', 'ACB', 'AIB', 'AIU', 'AKD', 'AKG', 'ATW', 'AOY', 'APH', 'ARE', 'ARL', 'ANV', 'AIR', 'ADD', 'ACH', 'ADI', 'AEK', 'ARH']
['AFM', 'AAG', 'ABS', 'AEV', 'AEW', 'ANF', 'AKB', 'AHK', 'ASG', 'AHG', 'AHT', 'AHC', 'ANC', 'AFN', 'APF', 'ABI', 'ADH', 'ASN']
['ANG', 'ABH', 'ADF', 'ADP', 'ADW', 'AES', 'AEX', 'AFK', 'AFL', 'AGB', 'AGC', 'AGH', 'AGO', 'AGU', 'AHB', 'AHE', 'AHI', 'AHO']
['ASE', 'AIW', 'ALL', 'AOM', 'AQG', 'ARM', 'ATE', 'AJD', 'AAX', 'ABB', 'ACM', 'AFH', 'AJO', 'AKJ', 'AKW', 'AMX', 'AQW', 'ARD']
['ATY', 'AIE', 'AIP', 'AJE', 'AJF', 'AJG', 'AJH', 'AJU', 'AKK', 'AKR', 'AKT', 'ALQ', 'ALS', 'ALW', 'AMF', 'AMG', 'AMJ', 'AMQ']
['ACG', 'AAD', 'ABD', 'AIN', 'APT', 'AHM', 'ACS', 'AEI', 'AFA', 'APG', 'AEQ', 'AHX', 'ABN', 'AJT', 'AAH', 'ABG', 'ABJ', 'APN']
['ATU', 'ANH', 'ANT', 'AOE', 'AOH', 'AON', 'AOQ', 'APC', 'APR', 'APS', 'APY', 'AQE', 'AQH', 'AQU', 'ARI', 'ARN', 'ARP', 'ARU']
['AHR', 'AFP', 'AGX', 'ATQ', 'ATG', 'ANY', 'ATS', 'AQA', 'AKF', 'AOF', 'ALM', 'AKQ', 'AKN', 'ABA', 'ABC', 'ACK', 'ACV', 'AEB']
['AQR', 'ASF', 'ASH', 'ASI', 'AST', 'ATR', 'ATV', 'ATX']
['AQB', 'AKC', 'AKU', 'ASC', 'AQT', 'AQN', 'AQS', 'AJC', 'ASX', 'AAW', 'ABX', 'ACD', 'ACF', 'AGF', 'ANO', 'AKO', 'AJR', 'ARQ']
['AKS', 'AAO', 'ADM', 'AEG', 'AIJ', 'AIX', 'AMM', 'ALP', 'AOO', 'ATM', 'AOP', 'ATO', 'AOX', 'ANX', 'AOG', 'ACL', 'ADC', 'AEN']
['ARO', 'ABW', 'AED', 'AHD', 'AHV', 'AIF', 'AIO', 'AJI', 'ALE', 'ALO', 'AMU', 'AOU', 'ARS']
['APV']
['ABL', 'AQF', 'AQV', 'AJV', 'ADS', 'AFE', 'ART', 'AJS', 'AJW', 'ALI', 'AGP', 'AIT', 'AFY', 'ANA', 'ASY', 'AAE', 'ADU', 'ADY']
['AOA', 'AHL', 'AIM', 'AJM', 'AMS', 'AOR', 'ARK']
['AHH']
['ANI', 'ANM', 'ARG', 'ATK', 'APW', 'API']
['ACN', 'AHY', 'ARW', 'AML', 'AQX', 'AOS', 'AGT', 'AHP', 'AQJ']
['AKI', 'AHJ', 'AIY', 'AJP', 'ANB', 'ALX', 'ATJ']
['AMW']
['AII', 'AHU', 'AOL', 'AQL', 'AIL', 'ATL', 'ATB', 'AQM', 'ALA', 'AFV', 'AHF', 'AIC', 'AIG', 'AKH', 'ASV', 'ASK']
['ABQ', 'ANU', 'ARF', 'AKE', 'ASM', 'AIA']
['ASA']
['AOK', 'AMO', 'ABK', 'ABO', 'ADQ', 'ADV', 'AEA', 'AGR', 'ALV', 'APP', 'ARA', 'AQQ', 'ANQ']
['AMN']
['ALT']
['AEL', 'AAJ', 'ADB', 'ATF', 'ASS', 'AHA', 'AIQ', 'AGE', 'ALG', 'AKL', 'AGN', 'ANK', 'AQO']
['ADK', 'ALD', 'AJQ', 'AMR', 'ADO', 'APK', 'AMK', 'AJB', 'ASU', 'ASQ', 'AFI', 'AGK', 'AKY', 'ALB', 'ALH', 'AMC']
['AQD']
['AAR', 'ANJ', 'ALJ', 'AKP', 'AGW', 'AME', 'ABY', 'AFG', 'ACP', 'ADN', 'AEE', 'AEJ', 'AFJ', 'AFT', 'AGG', 'AGL', 'AGQ', 'AGV']
['ADT']
