['447', '426', '427', '438', '432', '450', '433', '435', '445', '431', '428', '434', '437', '443', '430', '442', '440', '449', '448', '436', '429', '444', '446', '439', '2', '3', '4', '7', '21', '22']
['95', '78', '92', '97', '103', '109', '112', '125', '98', '87', '131', '90', '93', '145', '120', '134', '126', '84', '117', '137', '79', '116', '139', '107', '111', '105', '136', '114', '102', '150']
['214', '155', '157', '181', '200', '171', '156', '161', '213', '160', '153', '177', '179', '216', '185', '221', '194', '182', '207', '195', '222', '158', '204', '223', '172', '198', '190', '183', '154', '175']
['415', '376', '410', '418', '403', '408', '381', '383', '402', '419', '380', '407', '421', '413', '392', '394', '393', '398', '411', '388', '397', '424', '391', '395', '379', '377', '414', '405', '417', '412']
['45', '16', '26', '12', '19', '10', '23', '47', '74', '6', '43', '37', '63', '44', '69', '33', '8', '32', '20', '13', '67', '55', '35', '48', '15', '31', '51', '58', '52', '1']
['189', '151', '162', '218', '169', '186', '199', '215', '152', '174', '208', '220', '197', '165', '192', '180', '164', '212', '193', '206', '176', '203', '178', '225', '159', '168', '205', '170', '219', '210']
['311', '278', '279', '284', '288', '305', '292', '313', '294', '320', '281', '315', '297', '312', '316', '298', '302', '322', '287', '299', '301', '303', '309', '282', '283', '314', '307', '304', '286', '321']
['128', '76', '77', '110', '115', '133', '118', '108', '89', '100', '86', '85', '130', '121', '94', '91', '143', '147', '82', '101', '144', '106', '119', '138', '96', '123', '146', '113', '88', '140']
['386', '422', '378', '399', '404', '425', '389', '401', '423', '409', '406', '387', '390', '396', '420', '384', '382', '416', '28', '34', '38', '42', '46', '49', '60', '61', '73']
['293', '276', '277', '310', '295', '323', '300', '324', '280', '296', '325', '289', '291', '318', '317', '285', '290', '306', '319', '308']
['360', '327', '328', '355', '340', '353', '368', '372', '336', '373', '354', '331', '369', '344', '329', '364', '357', '334', '371', '346', '367', '365', '347', '333', '349', '338', '339', '332', '352', '363']
['202', '163', '167', '191', '184', '224', '209', '211', '217', '173', '187', '188', '196', '201', '166']
['228', '229', '258', '268', '240', '271', '256', '269', '254', '239', '273', '242', '259', '264', '255', '231', '261', '252', '241', '237', '272', '263', '234', '243', '266', '247', '253', '267', '274', '230']
['366', '326', '351', '337', '370', '374', '356', '335', '341', '362', '350', '358', '330', '361', '345', '342', '348', '343', '375']
['441']
['458', '451', '455', '456', '457', '474', '475', '471', '452', '454', '462', '463', '467', '465', '466', '461', '459', '464', '470', '468', '472', '469', '473', '460', '453']
['75', '11', '27', '17', '30', '29', '62', '59', '65', '66', '70', '36', '41', '50', '40', '14', '64', '56', '53', '72', '5', '9', '18', '68', '54', '71', '57', '24', '25', '39']
['359']
['262', '226', '248', '251', '235', '265', '233', '236', '270', '227', '250', '246', '245', '257', '232', '249', '260', '238', '244', '275']
['476', '479', '482', '486', '478', '477', '487', '496', '492', '481', '491', '488', '493', '483', '484', '489', '495', '498', '497', '480', '494', '500', '499', '490', '485']
['81', '83', '135', '132', '149', '142', '148', '99', '127', '141', '124', '122', '104']
['129']
['80']
['385']
['400']
