['Veronica', 'Juan', 'Ronald', 'Ida', 'Miguel', 'Marie', 'Constance', 'Dale', 'Olivia', 'Morris', 'Georgette', 'Timothy', 'Bradley', 'Marcella', 'Antonio', 'Maureen', 'Carlos', 'Michelle', 'Jessica', 'Reggie', 'Cindy', 'Troy', 'Lori', 'Ryan', 'Carol', 'Blair', 'Christian', 'Brian', 'Derrick', 'Jean', 'Nina', 'Catherine', 'Karren', 'Priscilla', 'Dorothy', 'Paula', 'Chris', 'Wilson', 'Jesus', 'Jeffery', 'Ricky', 'Kenneth', 'Mary', 'Gilda', 'Marlene', 'Tara', 'Norman', 'Molly', 'Vella', 'Gary', 'Robyn', 'Herbert', 'Wendy', 'Kaitlyn', 'Gregory', 'Charles', 'Ernestine', 'Dawna', 'Alicia', 'Glenna', 'Cassandra', 'Kerri', 'Lawrence', 'Stacie', 'Tim', 'Jimmy', 'Christine', 'Ellen', 'Toni', 'Clyde', 'Brenda', 'Andrew', 'Alison', 'Richard', 'Jeff', 'Judy', 'Winnifred', 'Martin', 'Amos', 'Melissa', 'Ralph', 'Reinaldo', 'Calvin', 'Jason', 'David', 'Patricia', 'Donald', 'Stephanie', 'Rafael', 'Elia', 'Albert', 'Everett', 'Peter', 'Bessie', 'Phyllis', 'Winifred', 'Janet', 'Thelma', 'Virginia', 'Gerald', 'Reuben', 'Thomas', 'Tamika', 'Mack', 'Lulu', 'Ivonne', 'Debra', 'Marian', 'Lonnie', 'Anthony', 'Frank', 'Rick', 'Raeann', 'Keri', 'Lorraine', 'Mabel', 'Helen', 'Selina', 'Kisha', 'Philip', 'April', 'Rosa', 'Lisha', 'Steven', 'Betty']
['Moses', 'Pamella', 'Ray', 'Jose', 'Ruth', 'Joni', 'Lillian', 'Jane', 'Curtis', 'Martha', 'Kristine', 'Raul', 'Gerardo', 'Viola', 'Bonnie', 'Kirk', 'Rhonda', 'Joseph', 'Jeanine', 'Cecile', 'Christopher', 'Jo', 'Larry', 'Carmen', 'Barbara', 'Raymond', 'Danny', 'Patrick', 'Susan', 'Marjorie', 'Lucie', 'Stacy', 'Edward', 'Margert', 'Reginald', 'Rosie', 'Edwin', 'Gwen', 'Lilian', 'Don', 'Mildred', 'Clayton', 'Ruby', 'Stephany', 'Joanne', 'Suzie', 'Krysten', 'Joshua', 'Rosalyn', 'Lana', 'Robert', 'Roberto', 'Monica', 'Kristin', 'Emery', 'Belinda', 'Samuel', 'Rosalee', 'Francisco', 'Will', 'Mario', 'Gail', 'Eugenia', 'Eric', 'Lena', 'Margaret', 'Jonathan', 'Tanya', 'Michael', 'Gladys', 'Theodore', 'Rebecca', 'Emmie', 'Tracy', 'Booker', 'Andre', 'Annette', 'Derek', 'Roberta', 'Alvin', 'Kim', 'Robin', 'Deanna', 'Maria', 'Joe', 'Bernard', 'Heather', 'Dean', 'Justin', 'Kathleen', 'Margarito', 'Domingo', 'Susanna', 'Jorge', 'Douglas', 'Kellie', 'Randolph', 'Loraine', 'Ursula', 'Clarence', 'Amy', 'Fernando', 'Carole', 'Berta', 'Myriam', 'Cornelius', 'Marcelino', 'Corey', 'Dana', 'Jeremy', 'Jacque', 'Pete', 'Kelly', 'Pat', 'Willis', 'Clarissa', 'Ashley', 'Ollie', 'Arturo', 'Garrett', 'Natalie', 'Sally', 'Pablo', 'Lewis', 'Irving']
['Laura', 'Pauline', 'Dawn', 'Angela', 'Sharon', 'Christina', 'Bethany', 'Eleanor', 'Bruce', 'Erik', 'Paul', 'Sylvester', 'Wesley', 'Charlotte', 'Lane', 'Crystal', 'Dorothea', 'Roger', 'Ingeborg', 'Caridad', 'Mike', 'Dennis', 'Linda', 'Sherri', 'Guy', 'Sylvia', 'Wilma', 'Glen', 'Jesse', 'Irene', 'Ernest', 'Matthew', 'Mireya', 'Tuan', 'Laurence', 'Louis', 'Joann', 'Marilyn', 'Marco', 'Brandon', 'James', 'Burl', 'Lyle', 'Raphael', 'Andres', 'Darlene', 'Hugh', 'Darrell', 'Latisha', 'Andrea', 'Beverly', 'Phillip', 'Alexander', 'Victor', 'Shirley', 'Scot', 'Ward', 'Beulah', 'Shannon', 'Angelica', 'Adam', 'Walter', 'Freda', 'Eura', 'Anna', 'Peggy', 'Steve', 'Seth', 'Polly', 'Rachel', 'Nola', 'Karen', 'Gloria', 'Lydia', 'Melanie', 'Matt', 'George', 'Katherine', 'Terry', 'Judith', 'Nancy', 'Lessie', 'Jeffrey', 'Kimberly', 'Fred', 'Lucy', 'Kylie', 'Mable']
['Inez']
['Adele']
['Beth']
['Sofia']
['Grant']
['Fredda']
['Hedwig']
['Roosevelt']
['Craig']
['Marquerite']
['Sarita']
['Audrey']
['Nelson']
['Marion']
['Ronda']
['Teresa']
['Juanita']
['Wayne']
['Myron']
['Bertha']
['Leanne']
['Elsie']
['Mae']
['Kevin']
['Cecilia']
['Rolf']
['Kathryn']
['Leigh']
['Cory']
['Laurie']
['Maryann']
['Sam']
['Gertrude']
['Bobby']
['Glennie']
['Jacob']
['Morgan']
['Janene']
['Frederick']
['Imogene']
['Wallace']
['Nicole']
['Eugene']
['Lahoma']
['Alice']
['Warren']
['Harold']
['Leona']
['Ouida']
['Jennifer']
['Lynne']
['Alfred']
['Gordon']
['Willie']
['Stanley']
['Michele']
['Cassie']
['Roy']
['Fredrick']
['Kerrie']
['Deborah']
['Geraldine']
['Josephine']
['Eva']
['Tommy']
['William']
['Carmelita']
['Tony']
['Miles']
['Stephen']
['Lucille']
['Carl']
['Travis']
['Diana']
['Wanda']
['Theresa']
['Ellis']
['Selma']
['Doris']
['John']
['Daniel']
['Therese']
['Connie']
['Quintin']
['Emily']
['Alex']
['Lloyd']
['Leticia']
['Evelyn']
['Marlin']
['Donna']
['Danielle']
['Cheryl']
['Elizabeth']
['Harvey']
['Cesar']
['Ann']
['Pamela']
['Cathy']
['Annalee']
['Esther']
['Ana']
['Norma']
['Sheryl']
['Jayme']
['Del']
['Jodi']
['Mark']
