['170', '150', '200', '195', '270', '194', '390', '146', '356', '215', '35', '291', '147', '50', '304', '228', '325', '380', '115', '305']
['114', '30', '111', '122', '288', '295', '373', '264', '78', '338', '348', '107', '54', '185', '242', '315', '72', '184', '36', '201']
['176', '40', '223', '375', '363', '326', '34', '103', '17', '234', '42', '110', '211', '399', '41', '254', '265', '85', '208', '278']
['33', '24', '96', '247', '376', '196', '387', '2', '169', '331', '361', '255', '366', '249', '192', '284', '138', '190', '286', '95']
['117', '84', '219', '155', '283', '298', '183', '311', '59', '323', '44', '76', '313', '158', '308', '144', '319', '289', '317', '71']
['130', '31', '187', '221', '324', '336', '9', '318', '209', '145', '154', '118', '164', '395', '210', '99', '162', '73', '294', '43']
['393', '25', '126', '181', '274', '166', '299', '321', '75', '48', '379', '60', '250', '203', '21', '137', '327', '149', '172', '213']
['39', '92', '142', '205', '362', '397', '339', '261', '198', '19', '157', '214', '360', '173', '343', '12', '292', '151', '29', '269']
['330', '230', '310', '246', '104', '148', '165', '232', '174', '388', '316', '163', '191', '47', '392', '344', '186', '369', '260', '297']
['127', '112', '224', '370', '16', '45', '136', '37', '245', '334', '252', '357', '132', '77', '13', '258', '199', '49', '179', '263']
['197', '58', '62', '89', '202', '4', '382', '301', '65', '398', '257', '18', '189', '97', '56', '182', '322', '293', '80', '178']
['5', '7', '279', '108', '259', '116', '345', '38', '129', '225', '206', '20', '131', '159', '374', '218', '68', '312', '355', '367']
['67', '10', '82', '161', '134', '272', '207', '377', '372', '175', '88', '287', '133', '171', '349', '105', '123', '303', '238', '66']
['383', '267', '79', '389']
['63']
['233']
['101', '302']
['251']
['280', '244', '353', '359', '11', '240', '102', '396', '268', '227', '226', '119', '135', '341', '381', '300', '365', '342', '139', '368']
['167']
['93', '309', '350']
['87']
['81']
['290', '285', '241', '282', '193', '141']
['236', '177']
['140']
['143']
['266', '125', '253', '98', '100']
['281']
['22']
['15', '120']
['156']
['222']
['27']
['86']
['152', '61']
['64']
['83']
['180']
['243']
['188']
['277']
['28']
['229']
['1']
['212']
['90']
['55', '256', '275']
['271', '23', '113', '306', '346']
['307', '46']
['262']
['220']
['335']
['328']
['217']
['352']
['204']
['6', '0', '337']
['384']
['378']
['3']
['91']
['239']
['237', '394']
['354']
['160']
['8']
['347']
['329']
['231', '128']
['94']
['14']
['386']
['314']
['364']
['51']
['235', '371']
['320', '153']
['124']
['358']
['57']
['391']
['351']
['26']
['32']
['296']
['74']
['248']
['70']
['340', '168']
['332']
['333', '121']
['216']
['106']
['69', '52']
['53']
['385']
['109']
['276']
['273']
