['69', '100', '233', '430', '58', '339', '215', '148', '86', '260', '182', '296', '52', '253', '171', '104', '181', '234', '158', '198', '43', '431', '199', '379', '140', '295', '362', '221', '360', '132']
['328', '242', '76', '4', '157', '201', '48', '457', '180', '75', '444', '345', '354', '463', '107', '273', '124', '255', '207', '18', '344', '462', '262', '315', '212', '437', '368', '297', '468', '141']
['121', '46', '16', '400', '277', '41', '464', '189', '203', '330', '455', '220', '476', '370', '311', '466', '114', '14', '228', '156', '53', '105', '213', '388', '168', '190', '309', '398', '87', '323']
['425', '166', '159', '127', '99', '404', '336', '27', '223', '210', '303', '280', '152', '82', '251', '98', '192', '268', '426', '222', '184', '60', '59', '382', '186', '333', '28', '478', '261', '12']
['266', '298', '282', '386', '21', '204', '416', '47', '254', '119', '313', '162', '289', '225', '239', '209', '256', '343', '247', '358', '325', '115', '144', '44', '371', '267', '246', '422', '197', '236']
['275', '433', '399', '294', '403', '300', '252', '319', '35', '142', '341', '112', '33', '172', '329', '436', '352', '384', '54', '38', '34', '451', '318', '363', '151', '285', '32', '29', '288', '415']
['283', '299', '390', '428', '392', '235', '135', '287', '429', '472', '324', '211', '443', '393', '244', '279', '453', '2', '314', '173', '291', '113', '367', '306', '73', '147', '62', '447', '218', '13']
['459', '346', '51', '219', '465', '470', '30', '57', '97', '307', '271', '137', '130', '165', '126', '331', '106', '72', '194', '25', '417', '68', '312', '366', '20', '249', '169', '78', '208', '174']
['243', '477', '372', '440', '118', '317', '469', '326', '120', '355', '473', '83', '40', '8', '138', '128', '474', '214', '452', '374', '292', '449', '117', '316', '81', '301', '116', '95', '36']
['183', '154', '77', '161', '9', '19', '407', '84', '264', '74', '143', '332', '163', '471', '241', '284', '460', '456', '401', '450', '381', '92', '67', '377', '378', '322', '274', '405', '188', '123']
['61', '101', '50', '26', '432', '387', '102', '109', '179', '71', '475', '286', '365', '149', '276', '420', '373', '245', '56', '131', '42', '85', '91', '442', '310', '448', '155', '461', '160', '111']
['187', '122', '89', '94', '270', '263', '0', '397', '90', '145', '216', '80', '321', '349', '338', '49', '414', '383', '467', '205', '342', '347', '167', '445', '70', '217', '248', '389', '178', '164']
['108', '351', '369', '136', '305', '391', '5', '394', '176', '206', '438', '191', '230', '17', '272', '103', '278', '63', '3', '281', '340', '418', '290', '55', '238', '308', '79', '375', '423', '24']
['435', '96', '413', '88', '411', '454', '419', '327', '226', '185', '458', '11', '304', '200', '335', '258', '240', '409', '110', '250', '237', '45', '229', '395', '153', '23', '320', '134', '139', '193']
['402', '232', '93', '385', '479', '293', '396', '337', '31', '195', '359', '66', '196', '350', '357', '269', '150', '348', '380', '424', '177', '1', '364', '133', '6', '37', '441', '170', '175', '353']
['446', '427', '259', '39', '125', '406', '356', '22', '361', '15', '129', '434', '421', '64', '410', '439', '257', '376', '231', '334', '408', '202']
['146', '227']
['224']
['412']
['10']
['7']
['302']
['265']
['65']
