['Kylie', 'Olevia', 'Roxane', 'Saul', 'Kurtis', 'Dewitt', 'Dorene', 'Mariette', 'Pinkie', 'Princess', 'Nicole', 'Antoinette', 'Phylis', 'Destiny', 'Latia', 'Arcelia', 'Kimbra', 'Marci', 'Clarence', 'Darnell', 'Kristi', 'Sharlene', 'Carson', 'Byron', 'Bonnie', 'Deana', 'Alethia', 'Elvia', 'Martin', 'Clinton']
['Danita', 'Dusti', 'Dion', 'Tamala', 'Mariano', 'Spencer', 'Almeta', 'Cassie', 'Trey', 'Angeline', 'Ron', 'Oneida', 'Earnest', 'Vernon', 'Selma', 'Murray', 'Lyndon', 'Antonina', 'Tressa', 'Sharell', 'Lamonica', 'Helene', 'Eve', 'Harvey', 'Neida', 'Jennie', 'Frederic', 'Jama', 'Clarice', 'Lisa']
['Latoya', 'Artie', 'Leontine', 'In', 'Osvaldo', 'Dora', 'Elenora', 'Jeremy', 'Hiroko', 'Ema', 'Elena', 'Vincenzo', 'Loren', 'Toya', 'Merrill', 'Alexandra', 'Alfred', 'Naomi', 'Freddie', 'Percy', 'Annabel', 'Lucas', 'Heide', 'Ryann', 'Jan', 'Clarissa', 'Beverley', 'Gerardo', 'Russell', 'Kareem']
['Randall', 'Anabel', 'Rita', 'Joanne', 'Marcos', 'Susan', 'Kyung', 'Nohemi', 'Lana', 'Clyde', 'Sherwood', 'Ambrose', 'Allena', 'Brendon', 'Shavon', 'Hyun', 'Tammi', 'Hilario', 'Zoraida', 'Kristopher', 'Margart', 'Odell', 'Shelton', 'Aaron', 'Kitty', 'Oscar', 'Miranda', 'Flavia', 'Charmaine', 'Jina']
['Deirdre', 'Esperanza', 'Christiane', 'Jae', 'Junior', 'Meagan', 'Lezlie', 'Annamarie', 'Aretha', 'Vivien', 'Grant', 'Travis', 'Bertha', 'Leilani', 'Sharla', 'Hui', 'Kirstin', 'Tai', 'Renea', 'Taneka', 'Houston', 'Tyisha', 'Oma', 'Elliott', 'Shaun']
['Eugene', 'Chan', 'Darwin', 'Horace', 'Ocie', 'Kasey', 'Garland', 'Naida', 'Chun', 'Eustolia', 'Tiffani', 'Irma', 'Rachael', 'Zena', 'Kendall', 'Rachel', 'Marvin', 'Alexa', 'Millicent', 'Felix', 'Cortney', 'Raleigh', 'Honey', 'Yevette', 'Tarah', 'Ok', 'Piedad', 'Tracie', 'Hillary', 'Debora']
['Caitlyn', 'Doyle', 'Winford', 'Alton', 'Laticia', 'Son', 'Lue', 'Lilly', 'Savanna', 'Lorelei', 'Jade', 'Antonette']
['Michaela', 'Carmon', 'German', 'Jami', 'Hassan', 'Tina', 'Nieves', 'Dong', 'Madison', 'Ella', 'Rosalba', 'Theo', 'Wes', 'Marquitta', 'Claudie', 'Eloisa', 'Alex', 'Kim', 'Whitney', 'Refugio', 'Glenna', 'Trena', 'Alvin', 'Lauren', 'Rosalee', 'Vernia', 'Orval', 'Rodrigo', 'Chas']
['Marcella']
['Tanisha']
['Stanley', 'Audie', 'Jesus', 'Florinda', 'Marion', 'Lyn']
['Tamisha', 'Emmanuel', 'Stephani', 'Carolee', 'Marvis', 'Rolando', 'Raul', 'Valorie', 'Joan', 'Elicia', 'Robert', 'Alicia', 'Dewayne', 'Charisse', 'Alvera', 'Marquis']
['Chance', 'Joye', 'Louise', 'Darrel', 'Janetta', 'Clarinda', 'Nickolas', 'Mariah', 'Isabel', 'Loria']
['Louella', 'Garret', 'Rima', 'Juliet', 'Susannah', 'Pa', 'Milissa', 'Jeanette', 'Stanford', 'Leonard', 'Herlinda', 'Leonida', 'Vada', 'Dorthea']
['Glenda', 'Leila', 'Irena', 'Joelle', 'Adah', 'Alane', 'Delmar', 'Jeffrey', 'Marlo', 'Treena']
['An']
['Marilynn', 'Logan', 'Verona', 'Clara', 'Porter', 'Chang', 'Hayden', 'Clifton', 'Riley', 'Xavier', 'Kelly', 'Kris', 'Johnny', 'Lizabeth']
['Lasonya', 'Shonda', 'Reita', 'Gisela']
['June', 'Loura']
['Jacque']
['Claretha', 'Laraine', 'Amada', 'Randa', 'Retta']
['Edmond', 'Altagracia', 'Imogene', 'Renetta', 'Pearlie', 'Sharilyn', 'Jay', 'Sharan', 'Nathalie', 'Nadia', 'Oswaldo', 'Florencio', 'Hortense', 'Lucia', 'Elfrieda', 'Dagmar', 'Hershel', 'Tameika', 'Lashay', 'Fanny', 'Sheldon', 'Camelia', 'Chester', 'Eufemia', 'Enola', 'Cleotilde']
['Xuan', 'Inga']
['Easter']
['Marcie']
['Danial', 'Elvie', 'Angella']
['Cristi', 'Terry']
['Jefferey']
['Gerard', 'Lola', 'Griselda']
['Kay']
