['265', '408', '0', '1', '2', '3', '4', '5', '7', '8', '9', '11', '13', '14', '17', '18', '19', '20', '21', '22', '23', '24', '25', '29', '30']
['177', '209', '451', '16', '213', '135', '261', '212', '32', '33', '35', '37', '38', '39', '40', '41', '42', '43', '44', '45', '46', '47', '48', '50', '52']
['108', '415', '280', '51', '413', '53', '54', '55', '56', '57', '58', '61', '62', '67', '69', '70', '72', '74', '75', '78', '79', '80', '82', '83', '85']
['127', '86', '88', '89', '94', '95', '96', '97', '98', '99', '100', '101', '102', '103', '105', '106', '107', '109', '110', '111', '112', '113', '114', '116', '117']
['247', '118', '120', '121', '122', '123', '125', '126', '128', '130', '132', '133', '134', '136', '137', '138', '142', '144', '145', '147', '148', '149', '150', '153', '154']
['382', '81', '156', '157', '158', '159', '160', '161', '165', '167', '171', '172', '173', '175', '176', '179', '182', '183', '184', '185', '188', '189', '190', '191', '192']
['430', '193', '195', '198', '199', '200', '201', '202', '203', '204', '205', '208', '210', '211', '214', '215', '217', '219', '221', '222', '224', '225', '226', '228', '229']
['237', '230', '231', '235', '238', '239', '240', '242', '243', '244', '245', '246', '248', '249', '250', '251', '254', '256', '258', '262', '264', '266', '267', '268', '271']
['169', '234', '353', '272', '273', '274', '275', '277', '279', '281', '282', '283', '285', '286', '287', '288', '292', '296', '299', '300', '301', '302', '303', '304', '305']
['178', '68', '233', '313', '257', '323', '28', '187', '342', '27', '260', '139', '306', '308', '309', '315', '317', '318', '319', '320', '322', '326', '327', '330', '331']
['366', '232', '316', '334', '335', '336', '337', '338', '339', '340', '341', '343', '344', '346', '347', '348', '349', '350', '352', '354', '355', '356', '358', '359', '360']
['259', '362', '363', '364', '365', '367', '368', '369', '371', '374', '375', '378', '379', '381', '383', '384', '386', '387', '390', '391', '392', '393', '394', '395', '396']
['162', '10', '197', '90', '488', '428', '377', '36', '397', '398', '399', '401', '402', '404', '405', '406', '407', '410', '414', '417', '419', '420', '424', '425', '426']
['333', '328', '461', '443', '26', '143', '65', '227', '60', '146', '290', '163', '284', '71', '427', '429', '431', '432', '433', '434', '435', '436', '437', '438', '439']
['63', '141', '293', '412', '321', '422', '186', '385', '442', '444', '446', '447', '448', '449', '450', '452', '454', '456', '457', '458', '459', '460', '462', '463', '464']
['263', '170', '332', '465', '466', '467', '468', '469', '472', '474', '475', '476', '477', '478', '479', '480', '481', '482', '483', '484', '486', '487', '490', '491', '492']
['180', '493', '494', '495', '496', '497', '498']
['66']
['471']
['489', '440']
['311', '411']
['325']
['151', '152']
['312']
['291', '140', '453', '269', '278', '276', '6', '270', '207', '115']
['294']
['445']
['174', '372', '64', '223', '307', '373', '423', '380', '206', '370']
['376']
['361']
['236', '421', '168']
['34', '314']
['298', '324', '470', '295', '91', '441', '73', '92', '253', '155', '241', '409', '499', '77', '357']
['252']
['345']
['351']
['15']
['485']
['416']
['220', '164', '76']
['12', '297', '87', '403', '310', '218', '216', '389', '181', '119', '329']
['59']
['49', '93']
['289']
['388']
['473']
['104', '455', '129', '131', '418']
['166', '124', '255', '31']
['196']
['84', '194', '400']
