['391', '35', '126', '168', '206', '265', '272', '290', '370', '376', '414', '486', '390', '375', '25', '159', '278', '337', '389', '490', '392', '34', '125', '160', '11', '448', '94', '175', '300', '394', '460', '393', '374', '3', '41', '189', '244', '263', '294', '295', '316', '451', '467', '493', '264', '245', '6', '53', '221', '472']
['302', '7', '121', '137', '202', '286', '458', '404', '471', '482', '301', '303', '122', '17', '40', '179', '222', '233', '259', '336', '327', '487', '492', '8', '260', '4', '297', '102', '106', '154', '261', '296', '324', '369', '406', '429', '405', '120', '16', '39', '9', '155', '32', '38', '54', '55', '320', '130', '182', '209']
['210', '99', '156', '314', '428', '483', '98', '427', '24', '29', '113', '129', '192', '200', '214', '382', '100', '157', '313', '199', '173', '346', '351', '315', '112', '31', '67', '144', '150', '176', '228', '252', '253', '276', '354', '378', '30', '111', '21', '208', '230', '266', '306', '433', '477', '489', '494', '488', '42', '86']
['162', '161', '163', '56', '92', '103', '145', '342', '165', '167', '226', '256', '280', '416', '498', '417', '164', '166', '281', '497', '109', '115', '118', '319', '190', '194', '292', '373', '46', '81', '131', '321', '385', '45', '10', '28', '77', '83', '97', '247', '352', '425', '82', '108', '193', '384', '426', '123', '187', '188']
['238', '237', '239', '20', '231', '479', '249', '308', '366', '420', '455', '236', '232', '60', '178', '213', '220', '372', '439', '22', '64', '326', '240', '19', '478', '212', '139', '251', '299', '334', '356', '407', '436', '447', '474', '250', '480', '446', '78', '431', '79', '52', '76', '198', '242', '279', '386', '248', '59', '219']
['217', '216', '101', '152', '283', '358', '409', '418', '457', '215', '456', '340', '151', '282', '284', '408', '275', '277', '430', '435', '454', '464', '465', '186', '380', '470', '499', '357', '359', '37', '68', '174', '403', '413', '491', '410', '285', '36', '66', '72', '114', '438', '71', '1', '62', '104', '331', '0', '419', '339']
['255', '57', '143', '201', '335', '254', '142', '2', '27', '33', '133', '147', '196', '348', '291', '325', '344', '361', '364', '449', '468', '58', '141', '469', '87', '149', '172', '205', '397', '412', '462', '148', '197', '365', '398', '15', '18', '48', '75', '107', '127', '476', '304', '329', '367', '371', '400', '473', '399', '204']
['309', '134', '268', '341', '310', '267', '269', '13', '14', '49', '132', '181', '227', '362', '383', '401', '411', '442', '450', '84', '495', '89', '110', '184', '224', '322', '270', '363', '85', '223', '191', '298', '332', '424', '459', '12', '50', '423', '26', '63', '105', '273', '353', '396', '463', '180', '271', '65', '136', '171']
['289', '43', '288', '44', '140', '262', '395', '323', '61', '73', '169', '368', '379', '402', '485', '496', '170', '88', '146', '243', '338', '432', '443', '444', '195', '229', '317', '330', '421', '437', '422', '70', '185', '69', '207', '258', '274', '293', '257', '23', '90', '91', '93', '95', '158', '305', '452', '96', '80', '415']
['241']
['51']
['312']
['177']
['234']
['345']
['466', '47', '117', '360']
['311']
['183']
['355']
['377']
['307']
['116']
['475', '225', '461']
['434']
['74']
['119']
['218']
['343']
['138']
['453']
['481']
['124']
['5']
['318']
['246']
['328']
['387']
['349', '350', '333']
['135', '153']
['388']
['445']
['484']
['203']
['128']
['235']
['381']
['440', '441']
['287']
['347']
['211']
