['410', '416', '417', '415', '414', '413', '412', '411', '425', '420', '424']
['159', '150', '151', '158', '165', '160', '164', '161', '169', '168', '175']
['418', '3', '8', '16', '17', '22', '23', '30', '31', '36', '37']
['262', '260', '261', '263', '269', '268', '275', '266', '274', '273', '272']
['367', '366', '368', '369', '361', '362', '363', '364', '38', '39', '40']
['353', '350', '352', '354', '356', '357', '359', '41', '42', '43', '44']
['436', '430', '437', '432', '434', '439', '45', '46', '47', '48', '49']
['92', '91', '93', '105', '99', '94', '100', '104', '98', '95', '101']
['265', '251', '264', '250', '259', '258', '254', '255', '241', '249', '242']
['298', '290', '297', '299', '291', '296', '305', '294', '304', '303', '306']
['206', '200', '205', '207', '204', '202', '209', '191', '215', '192', '199']
['443', '440', '442', '444', '448', '449', '446', '50', '53', '54', '55']
['77', '70', '76', '78', '79', '71', '85', '74', '84', '86', '56']
['112', '110', '111', '113', '119', '118', '125', '116', '124', '123', '122']
['211', '225', '219', '212', '220', '224', '218', '213', '228', '229', '221']
['302', '300', '301', '309', '308', '315', '314', '313', '312', '311', '325']
['395', '390', '394', '396', '397', '392', '405', '400', '404', '408', '402']
['246', '240', '245', '244', '248', '231', '232', '239', '233', '234', '235']
['465', '451', '460', '464', '459', '452', '461', '469', '468', '458', '453']
['358', '57', '58', '64', '65', '67', '72', '73', '102', '103', '106']
['90', '96', '97', '107', '108', '109', '114', '115', '117', '120', '121']
['14', '10', '13', '15', '11', '19', '18', '1', '25', '9', '2']
['276', '270', '277', '271', '279', '285', '284', '283', '282', '286', '287']
['61', '60', '69', '62', '68', '63', '75', '66', '51', '59', '52']
['87', '80', '88', '89', '81', '126', '127', '128', '129', '132', '133']
['445', '431', '134', '135', '136', '137', '138', '139', '142', '143', '146']
['195', '181', '190', '194', '196', '197', '189', '182', '183', '184', '185']
['323', '320', '322', '324', '326', '328', '329', '147', '162', '163', '166']
['360', '167', '174', '177', '180', '186', '187', '193', '198', '201', '203']
['5', '0', '4', '6', '7', '188', '208', '222', '223', '226', '227']
['281', '280', '289', '288', '295', '243', '252', '253', '256', '257', '267']
['172', '170', '171', '173', '179', '178', '176', '278', '292', '293', '307']
['154', '153', '152', '310', '316', '317', '319', '321', '330', '334', '335']
['247', '318', '336', '337', '338', '342', '343', '346', '347', '371', '373']
['327', '378', '391', '393', '398', '399', '403', '406', '407', '438', '447']
['238', '230', '237', '236', '462', '463', '470', '471', '472', '473', '475']
['455', '441', '454', '456', '457', '474', '476', '477', '478', '479', '480']
['433', '484', '485', '486', '487', '488', '491', '496', '497']
['365', '351']
['493', '490', '492', '494', '495', '498', '499', '481', '489', '482', '483']
['419']
['12']
['83', '82']
['401']
['435', '421', '429', '422', '428', '423', '427', '426']
['409']
['375', '370', '374', '376', '377', '372', '379', '385', '384', '386', '383']
['355', '341', '340', '349', '348', '344', '345', '331', '339', '332', '333']
['450']
['381', '389', '382', '388', '387']
['380']
['155', '141', '156', '140', '149', '148', '157', '144', '145', '131', '130']
['466', '467']
['210', '214', '216', '217']
['27', '20', '26', '28', '29', '21', '24', '35', '34', '33', '32']
