['AEF', 'ADP', 'AEG', 'AET', 'ADL', 'ADW', 'AEU', 'ADN', 'AEC', 'AFD', 'AFB', 'AFL', 'AFI', 'ADV', 'AEM', 'AFK', 'AFJ', 'AEK', 'ADU']
['AEA', 'AFH', 'AED', 'AFE', 'AFC', 'AEB', 'ADX', 'AFN', 'AFM', 'ADQ', 'AEQ', 'AFA', 'ADY', 'AEH', 'AEL', 'AFF', 'AEI', 'AFG', 'AEN']
['ABU', 'ABZ', 'ABM', 'ACC', 'ABT', 'ABS', 'ABQ', 'ABI', 'ABR', 'ABV', 'ABN', 'ACB', 'ABJ', 'ABY', 'AAG', 'AAD', 'AAS', 'AAR', 'ABX']
['AAV', 'AAW', 'ABH', 'ABA', 'AAX', 'ABB', 'ABE', 'ABF', 'ABG', 'AAY', 'ABC', 'AAK', 'AAJ', 'AAE', 'AAT', 'AAC', 'AAN', 'AAH', 'AAO']
['ANF', 'AKB', 'ALM', 'ANO', 'AOD', 'ALQ', 'AMB', 'AMM', 'ALO', 'AJR', 'AJH', 'AMY', 'AJJ', 'ANZ', 'AKP', 'AMJ', 'AMQ', 'ANT', 'AJT']
['AGS', 'AGE', 'AHA', 'AIK', 'AGN', 'AFS', 'AIP', 'AIB', 'AHM', 'AGO', 'AHX', 'AHN', 'AFU', 'AGY', 'AIV', 'AIU', 'AIH', 'AIE', 'AGT']
['APK', 'APD', 'AOQ', 'APJ', 'AQN', 'AQD', 'AQM', 'AOY', 'APS', 'AOO', 'AQL', 'AQC', 'APB', 'APN', 'AOT', 'AOP', 'APY', 'AOR', 'APW']
['AJD', 'AJQ', 'ANS', 'AKR', 'ANN', 'AJL', 'ANY', 'ALW', 'AMT', 'AOK', 'AKL', 'AOH', 'AJG', 'AMR', 'AMN', 'AKI', 'AMK', 'ALC', 'AME']
['API', 'AOW', 'AQJ', 'AQA', 'AOX', 'AQE', 'AQH', 'APC', 'APG', 'APE', 'APF', 'APT', 'AQK', 'AOZ', 'APZ', 'APX', 'APA', 'AOU', 'AQG']
['AIQ', 'AGH', 'AHQ', 'AIC', 'AIG', 'AHY', 'AIY', 'AHC', 'AII', 'AIM', 'AID', 'AHU', 'AIF', 'AIX', 'AHW', 'AGB', 'AHS', 'AFX', 'AIA']
['ACJ', 'ACP', 'ACD', 'ACM', 'ACV', 'ADK', 'ACI', 'ACG', 'ADJ', 'ACT', 'ACZ', 'ADE', 'ADF', 'ADG', 'ACS', 'ADA', 'ACN', 'ACX', 'ACE']
['AIS', 'AGF', 'AHH', 'AIJ', 'AGJ', 'AGM', 'AGG', 'AHP', 'AFZ', 'AHZ', 'AHT', 'AGP', 'AFP', 'AFY', 'AGZ', 'AFQ', 'AHI', 'AGK', 'AHO']
['AHK', 'AHF', 'AFT', 'AGU', 'AIN', 'AGR', 'AGW', 'AFW', 'AFR', 'AFO', 'AHJ', 'AHR', 'AHB', 'AIT', 'AHG', 'AHE', 'AIW', 'AGX', 'AIR']
['ADR', 'AEP', 'ADM', 'ADO', 'AES', 'AEE', 'ADT', 'AEJ', 'ADS', 'ADZ', 'AEO', 'AEW', 'AER', 'AEX', 'AEZ', 'ABO', 'AAZ', 'ABP', 'AAB']
['AGQ', 'AHD', 'AGD', 'AGL', 'AIO', 'AGC', 'AIL', 'AHV', 'AGA', 'AHL', 'AGV', 'AFV', 'ADI', 'AAM', 'ADB', 'ACK', 'ACR', 'ADD', 'ACU']
['ANH', 'ALF', 'ANU', 'ALH', 'ANA', 'ANJ', 'AMV', 'AMS', 'AJB', 'AIZ', 'AOF', 'AKZ', 'AMD', 'ANC', 'AJU', 'AJK', 'AKE', 'ANV', 'AKD']
['AEY', 'ABL', 'AAI', 'AAU', 'ADH', 'AAA', 'ACQ', 'ABK', 'AAQ', 'AOG', 'AJP', 'ALL', 'APP', 'ANM', 'AOE', 'ALD', 'ACW', 'AKF', 'AJA']
['ALI', 'ANL', 'AMI', 'AMO', 'ALP', 'ANK', 'AMP', 'AMU', 'AJC', 'AJV', 'AKY', 'AKT', 'AKU', 'ALR', 'ALV', 'AKQ', 'AKC', 'AKH', 'ALZ']
['ALA', 'ALY', 'ANQ', 'ALS', 'AOA', 'AJZ', 'ANI', 'ANE', 'AJM', 'AKA', 'AOJ', 'AJN', 'AOL', 'AKX', 'ANW', 'AKS', 'AMC', 'AKN', 'AOB']
['AGI', 'AMZ', 'ACL', 'AJE', 'ACO', 'ALU', 'ANR', 'ABW', 'AOI', 'ALB', 'AKK', 'ADC', 'AKV', 'ACF', 'AJY', 'AOC', 'ALT', 'ALG', 'ALK']
['AON', 'AQI', 'APQ', 'APH', 'AOS', 'APL', 'APR', 'AOV', 'AQB', 'APM', 'AQO', 'APV', 'APU', 'APO', 'AQF', 'ACH', 'ACY', 'AMH', 'AMX']
['AEV', 'AJW', 'AMF', 'AAF', 'ABD', 'ALE', 'AJS', 'AMG', 'AND', 'ACA', 'AAL', 'AKM', 'AAP']
['AML', 'AOM', 'AKW', 'AMA', 'ANX', 'ANG', 'AJO', 'AKJ', 'AKG', 'AMW', 'AJX', 'AJF', 'ANP', 'AKO', 'ALX', 'ANB', 'ALN', 'AJI', 'ALJ']
