['92', '0', '3', '4', '5', '8']
['196', '14', '15', '16', '17', '18']
['106', '100', '101', '109', '102', '105']
['239', '228', '240', '241', '226', '232']
['188', '70', '186', '19', '22', '23']
['220', '24', '25', '33', '42', '44']
['185', '182', '176', '180', '181', '190']
['117', '45', '47', '48', '49', '50']
['114', '115', '57', '60', '61', '63']
['43', '99', '62', '67', '68', '69']
['211', '212', '71', '73', '74', '75']
['37', '36', '38', '153', '165', '166']
['150', '78', '79', '80', '83', '89']
['184', '183', '90', '91', '94', '95']
['107', '110', '113', '112', '96', '97']
['2', '1', '9', '7', '6', '10']
['39', '28', '40', '41', '29', '30']
['143', '98', '108', '111', '118', '119']
['187', '58', '59', '52', '56', '51']
['210', '207', '201', '203', '202', '206']
['164', '122', '123', '124', '125', '131']
['11', '13', '12', '133', '139', '140']
['26', '27', '32', '34', '31', '35']
['160', '157', '159', '163', '161', '162']
['81', '76', '84', '77', '82', '85']
['175', '141', '142', '144', '145', '146']
['214', '215', '216', '147', '148', '149']
['130', '126', '128', '127', '132', '134']
['151', '155', '152', '156', '154', '249']
['121', '158', '168', '169', '170', '171']
['72', '172', '178', '179', '189', '191']
['229', '120', '230', '93', '192', '193']
['174', '194', '195', '197', '198', '199']
['167', '46', '200', '217', '218', '219']
['173', '223', '224', '225', '236', '237']
['227', '234', '231', '233', '235', '238']
['205', '204', '242', '243', '244', '245']
['177', '246', '247', '248']
['86', '88', '87']
['55', '54', '53', '21', '65', '64']
['103', '104']
['20']
['138', '136', '137', '135']
['222']
['209', '208']
['213']
['116']
['129']
['221']
['66']
