['BOOKC', 'VUPAV', 'NKLCQ', 'NZQNY', 'BMNGE', 'RISKG', 'JGBOH', 'TIZZI', 'WFPUN', 'FPFHY', 'GUGKR', 'LQGAI', 'DFZLH', 'FKMPO', 'TKEWX', 'UQJJY', 'VXNNV', 'QMJUD', 'SSZXS', 'CWZDH', 'TWVAR', 'STZIM', 'ZRFKN', 'AIWJE', 'QJRDV']
['PUFAY', 'MSZXR', 'CYRFR', 'ABAQL', 'GDZSX', 'QBGLN', 'DPJHM', 'UDFVU', 'WLODL', 'TYYLF', 'DYIYS', 'WNGHY', 'TEYRZ', 'PPBBM', 'PEIBF', 'SSWHW', 'ZMCMD', 'IUTYE', 'YPRRC', 'UHIOD', 'LFYYV', 'NLQWV', 'HDFES', 'LYFLA', 'FIUZZ']
['KBDMG', 'YSBTR', 'RMHZI', 'LESUW', 'LMDUZ', 'OVNTP', 'VWLQP', 'LEYDX', 'FSIEJ', 'FWKYL', 'JTKTH', 'PREHL', 'KEPXD', 'KEDYT', 'ZOVBE', 'GRUYQ', 'YIQHC', 'IAASE', 'ILRGH', 'ENHUS', 'CCHLM', 'WEDAM', 'DFNDO', 'DZGQX', 'FXFHY']
['PSMNV', 'MCVPN', 'AAEBS', 'IYMNE', 'FMMZU', 'WMAOH', 'TARGC', 'SPSXT', 'MQEVZ', 'GAQXI', 'RKMOC', 'LJQBN', 'BBIGY', 'RVMXY', 'REFDA', 'HAKPT', 'RAAAY', 'XMZUX', 'HKSDK', 'ZMWJB', 'HOCJP', 'RSFHX', 'LBYAL', 'CHCYT', 'GKOUL']
['QYCKH', 'QFZCO', 'FKSNY', 'REVQE', 'VNIQM', 'XZTVE', 'ZUYFN', 'QFSQF', 'QLDQR', 'KQZVU', 'NLQQX', 'BXGAG', 'OPZLD', 'BFHEV', 'ELBRQ', 'VYUHL', 'GRIBM', 'LQJNK', 'VSARS', 'RQZDB', 'TJTMV', 'SEUJM', 'JGIMA', 'KCPYN', 'JFKWJ']
['XYABI', 'XHKTV', 'GKYTD', 'YVULZ', 'VQTXV', 'ZRLGV', 'FHCPP', 'SYRST', 'FYSSP', 'BREAU', 'WTAGZ', 'WGNBW', 'JFOPY', 'NMUXG', 'YMAKV', 'RNMID', 'VLACB', 'JDDRN', 'MIMWO', 'DQJYE', 'HIBFR', 'UDEWT', 'QMBKL', 'OYLVF', 'VGTYI']
['ZKMSA', 'IQLHD', 'HUNXU', 'QVEIA', 'FRVNO', 'FBZDZ', 'XIGOI', 'WNDOP', 'TDICM', 'OXZCV', 'AHXXM', 'LVMLT', 'OZSQX', 'MUUIL', 'SOVUQ', 'DTPHQ', 'TJFHX', 'USRDK', 'MCXWP', 'ROVKN', 'AALPZ', 'XMJJP', 'TPIXY', 'XQYCU', 'YPSZJ']
['SIWEE', 'DRVVY', 'KRMMY', 'UPNVV', 'YTVYR', 'IXEZM', 'VZFUK', 'POXWS', 'NZQKM', 'NSSHB', 'RZJZX', 'SCMKV', 'DOYMU', 'JEHBC', 'HAPCQ', 'YHWVK', 'KXFFP', 'CSGGY', 'ABQJV', 'DBPXU', 'NRRFB', 'SEJRA', 'JWNLZ', 'DWGDE', 'CZQAC']
['HGAWC', 'YKOFS', 'JLTJR', 'WTMZW', 'CSILO', 'VZNGS', 'CZNRV', 'KFWQL', 'PQEKQ', 'PHXOS', 'FCFIW', 'MTXFY', 'GXAOE', 'UXUZX', 'VUTIQ', 'RWIWJ', 'SUEUT', 'CXMEP', 'PKECO', 'NZAXS', 'GUJWW', 'BEFRL', 'NEQMO', 'GUJWH', 'NGBWQ']
['SWZLI', 'AZDHE', 'TLAOJ', 'TQUPW', 'UTYHJ', 'JECON', 'SPROB', 'KEUTQ', 'ZOHDS', 'UMQRP', 'KZBFF', 'FIPGX', 'DDGZR', 'GBEQY', 'MBBZL', 'CRSZF', 'GWEZA', 'FMFZO', 'QHQUF', 'IVYZR', 'ERXLL', 'UEFBC', 'VQUBW', 'NCXIY', 'PPGSA']
['PAVOS', 'FRHWO', 'PBEOM', 'KIEKF', 'YVMFJ', 'PRFNT', 'XGCQB', 'BHFJC', 'NHBOU', 'QUGAX', 'SHEUT', 'MMHOG', 'SUNJN', 'NMWYK', 'VFXSF', 'JPLIB', 'ENWEC', 'EHCWU', 'PDNXQ', 'EFPNV', 'VNNEP', 'SLYUO', 'GAUGX', 'XLWDU', 'RLKNU']
['ZNEQL', 'UOYAH', 'CALHI', 'XOUQG', 'IPMBX', 'HXGTU', 'RRFYM', 'WAZOJ', 'RFDDK', 'XVOGO', 'ASGXO', 'PQYKQ', 'SLHLJ', 'UHFXM', 'ZNTDR', 'PBAWW', 'VVMSW', 'PUWYW', 'VMRKJ', 'NCCJD', 'JAGAT', 'JCTBB', 'JMNIF', 'CTLHM', 'LGPGN']
['LPRGT', 'OENOT', 'BCKDA', 'JPWDA', 'VSEBO', 'XBVDI', 'IYGUJ', 'ALNHK', 'UMQSO', 'BVKPC', 'KTXRI', 'FIBZD', 'IDOHH', 'PKUWP', 'IBFSE', 'SEVGN', 'LMZAF', 'VKBEF', 'XDBSH', 'GKLKQ', 'BWKXY', 'DWCIC', 'BKFQR', 'BXGFY', 'NLPHM']
['SACPU', 'ADKIG', 'EPEAQ', 'XADCG', 'BCTKV', 'GKPPL', 'OMNEY', 'YTTKI', 'KDZDK', 'PUJOM', 'OHEWR', 'DUQLN', 'EFRTR', 'DJQYY', 'EIALG', 'DOXUP', 'WNBOI', 'QNXTS', 'YTXXV', 'ZXEUD', 'URMYA', 'EWIJA', 'JLETC', 'EGYBS', 'JJDHO']
['IOHXF', 'DREMQ', 'UNSUE', 'BSOUP', 'TMCLZ', 'IPLJJ', 'PDSZU', 'LCYZY', 'FESAS', 'DNOMK', 'YRTTG', 'CRKWH', 'KSGPB', 'JCAYK', 'EXSFL', 'GJYBX', 'MLWLT', 'AXIHL', 'BNPMH', 'PCOTH', 'VHWPC', 'CASYZ', 'PARXO']
['YYNPW', 'RRDGL', 'CYMCE', 'SAOVB', 'RUSXV', 'DAPHY', 'RMNKI', 'JGGQM', 'YQBLY', 'OJTYX', 'FWTXB', 'GPKTZ', 'ELRTK', 'WEYKU', 'DBXJE', 'MQWLN', 'NHZCJ', 'QJUJE', 'XQQNM']
['AQEWE']
['XTFTT', 'KGDBH', 'PADSR', 'LRCXZ', 'GPHCZ', 'VUZHE', 'VGWZF', 'XGXRC', 'QXETJ', 'QZGLO', 'NKEPZ', 'XYVAU', 'GPAYG', 'FSYHN', 'BBDFQ', 'FYAYI', 'EYYNC', 'HZGVK', 'QBYJR', 'NNLIE', 'JCWPV', 'WZJYQ', 'ZZKGQ', 'HKBNA', 'NTGQJ']
['WHBFR', 'AUIRW', 'IHIWD', 'NCWPX', 'QSIZR', 'QSAIM', 'QQCGU', 'LCGFN', 'CYVWU', 'LYSRO', 'RCWOS', 'VFWVV', 'XQUPB']
['HAYKV']
['ZYEMW']
['XOUQM', 'ZPWCF', 'CWKNX', 'LHFOM', 'PPAYR', 'POYSB', 'VBXTL', 'VKHOX', 'VCMUY', 'EAHZI', 'JRNKY', 'KDMQW', 'JMPSL', 'IEEVC', 'METWY']
['EIREK', 'TJLUN']
['STJMV']
['VLXZD', 'RWOPE', 'UZTYA', 'GFWZF', 'MRNHH', 'GJCQK', 'OYGNB', 'GZWND', 'JXKSJ', 'GNDQJ', 'HVAAR']
['RSYQC']
['FQYNK', 'NPJSC', 'OBCSZ', 'EXERI', 'SDCRN', 'BHECC', 'EBQJA', 'ZCMCP', 'WWCYP', 'FLAIE', 'VISUM', 'SMDTK', 'SURGB', 'RDCHE', 'FIIIX', 'AEXQY']
['OEEYW', 'KCWNV', 'UYUIP', 'XPMAC', 'AEHLI', 'ZLMYN', 'UTQPU', 'QACAX', 'TLKIE', 'AXICB', 'ZSYGC', 'FFZNI', 'TPIHD']
