['152', '150', '148', '1', '2', '3', '4', '5', '6', '7']
['105', '103', '107', '8', '9', '10', '12', '14', '16', '18']
['64', '66', '68', '70', '72', '19', '20', '21', '22', '23']
['13', '11', '15', '17', '24', '25', '26', '27', '38', '40']
['75', '73', '77', '79', '42', '44', '47', '49', '51', '53']
['160', '154', '156', '158', '162', '56', '58', '60', '62', '65']
['113', '109', '111', '115', '117', '67', '69', '71', '82', '83']
['78', '76', '80', '74', '84', '85', '86', '87', '88', '89']
['99', '91', '93', '97', '95', '90', '92', '94', '96', '98']
['59', '55', '57', '61', '63', '100', '101', '102', '104', '106']
['214', '208', '210', '212', '216', '108', '110', '112', '114', '116']
['37', '39', '41', '43', '45', '118', '120', '122', '124', '126']
['192', '190', '194', '196', '198', '127', '129', '131', '133', '135']
['188', '186', '184', '146', '155', '157', '159', '161', '163', '164']
['224', '222', '220', '165', '166', '167', '168', '169', '170', '171']
['130', '172', '173', '174', '175', '176', '177', '178', '179', '180']
['139', '137', '141', '181', '182', '183', '185', '187', '189', '191']
['132', '134', '193', '195', '197', '199', '200', '201', '202', '203']
['153', '145', '147', '151', '149', '204', '205', '206', '207', '209']
['251', '249', '247', '211', '213', '215', '217', '218', '219', '221']
['128', '223', '225', '226', '227', '228', '229', '230', '231', '232']
['46', '48', '50', '52', '54', '233', '234', '236', '238', '240']
['144', '136', '138', '142', '140', '242', '244', '245', '246', '248']
['256', '254', '258', '260', '250', '252', '253', '255', '257', '259']
['143', '261', '262', '263', '264', '265', '266', '267', '268', '269']
['237', '235', '239', '241', '243', '270']
['81']
['119', '121', '123', '125']
['36', '28', '30', '34', '32']
['33', '31', '35', '29']
