['WDGCR', 'KENPF', 'DFBMK', 'OXRUQ', 'ENWEP']
['WJIWZ', 'ZBJTS', 'ZJPJO', 'TEFPC', 'NHQWU']
['XXRUC', 'ORRXP', 'AHMRO', 'JTHWI', 'HAXVF']
['JQBSO', 'BLHOQ', 'OMYLR', 'FSTKF', 'VLEXY']
['NSTKH', 'XNYRJ', 'VYDDY', 'WSVIR', 'IBUGB']
['SRFIJ', 'ZCVZT', 'GLIPE', 'WHRVK', 'SKBJW']
['ZYPEK', 'TLZCG', 'CFMPM', 'GEQFC', 'QQUYY']
['XUHAP', 'XBTFE', 'SMSHQ', 'HTJHJ', 'SGTRH']
['SGRXP', 'QPVND', 'TAHXC', 'JOZYK', 'EGIIY']
['OVYUV', 'NSDMC', 'PLFWC', 'PGHQU', 'BVCTY']
['LSZMU', 'OVYDG', 'BBVXC', 'KXUES', 'KRWXO']
['NVSYK', 'VXIFI', 'CBNUD', 'VLQCW', 'LVBGW']
['AGDTK', 'TKYGG', 'SVMGK', 'DVRRV', 'FBWOW']
['UHOTV', 'JXGHX', 'QAOAR', 'ENKVR', 'LCHJI']
['ZUTJZ', 'JWSRE', 'PKHDM', 'NDLFM', 'WUTXG']
['QBVUY', 'OZZTI', 'WAQDW', 'KXMSB', 'OSLVS']
['YWPLR', 'EAEIR', 'IGUWL', 'KYKCO', 'UJESQ']
['YQSUZ', 'CKFJL', 'TFGVT', 'UBCVC', 'PQDFC']
['RFWKF', 'OKQTW', 'WLCAR', 'RDCTS', 'DLKKW']
['QIZOX', 'XCTJB', 'LIGPC', 'APXMD', 'ZEPYJ']
['GAEKQ', 'CQBIT', 'EADHZ', 'BNYBV', 'LYGHF']
['OLFRP', 'CPTCX', 'RURLC', 'MXBHP', 'WGGGP']
['VXLZU', 'PXCKJ', 'FDGQA', 'QIALM', 'FELNZ']
['VBRPO', 'SIGOM', 'QCRLR', 'DSUJE', 'FEUEQ']
['QNUDR', 'WNYYG', 'RMJIF', 'RJIED', 'ECNTU']
['XWMKT', 'KDZKT', 'GJRAV', 'VGUGP', 'VQDCT']
['WWYEF', 'YORBA', 'MIKDS', 'XIDUV', 'HNKDE']
['VQAKV', 'PQAHJ', 'THQAC', 'ACJRU', 'ABYHN']
['UQKOV', 'BPLLS', 'EHMWV', 'BGOJW', 'IAMKK']
['EHHWX', 'UDTFQ', 'XGNPD', 'EOCJX', 'QGXZJ']
['IZZTZ', 'SROSJ', 'MQDQQ', 'OTQON', 'UFVEC']
['MRXML', 'PABIC', 'BTWAZ', 'VNVFZ', 'SAVNS']
['OAGEZ', 'ALMIE', 'MTCGB', 'FJPVZ', 'TNZEA']
['TBZDI', 'QVNNO', 'NUSHB', 'SEYUH', 'SZXFW']
['ERTVL', 'PECLI', 'HFDOF', 'JEBNF', 'IGQNP']
['BEIFF', 'FGDHQ', 'LIQGP', 'AWDBE', 'SGXHX']
['ZNMAJ', 'ZHVLK', 'XFNKQ', 'OXRDD', 'HSIWG']
['PSVNQ', 'XUYPR', 'DFVZW', 'DBIOJ', 'NCDJQ']
['WCFRY', 'DUAEB', 'VFFHE', 'FXUHH', 'ACMPF']
['INTFC', 'BWWYB', 'KHNJL', 'XBSXA', 'OQSOU']
['SPHAJ', 'WJAIQ', 'IVZGD', 'FCJLJ', 'PSZDK']
['AICHQ', 'UZKCN', 'QUECI', 'SFQST', 'EAITX']
['MEKWP', 'VATRQ', 'YJPCO', 'CBJEL', 'QECFT']
['WOIJX', 'GNCHO', 'VGCRP', 'UGKUC', 'VSPLU']
['SHLYA', 'IKHTD', 'MYAVD', 'HWSJL', 'RMUXW']
['JMYIA', 'BJTHH', 'CCNPM', 'VWJWK', 'MXMMA']
['CPJBS', 'FZRBE', 'XXFSV', 'TAIVA', 'LPHWP']
['KSCIB', 'ZQDIP', 'FVYLB', 'QYWKX', 'OJGET']
['FCWUA', 'YJCIZ', 'ETYTK', 'ZPTPS', 'QSVBC']
['UCLPW', 'GZQDO', 'EYFRR', 'ALXRH', 'BPZOY']
['XBLXM', 'CSQHY', 'XEEVL', 'LBKGE', 'YBAFX']
['RUYNY', 'TTIDN', 'YQPNL', 'EBLCO', 'TVCFA']
['GCQTP', 'JHGWB', 'NSAJQ', 'NLRBO', 'HNXEZ']
['OUQMM', 'QGRPC', 'QGGOH', 'GVYUW', 'IRAUO']
['QYLAH', 'RCZHM', 'PKBGA', 'UJHDY', 'MWVBQ']
['KUMCW', 'RQZPM', 'TFWCC', 'NKCOJ', 'QBZQQ']
['PVVAV', 'RWZXF', 'ARMIC', 'CUUFQ', 'HCVBR']
['UHSWZ', 'TKJBK', 'JCOPI', 'UGVLA', 'WAHPX']
['HATBR', 'IAADS', 'CIOFH', 'WTGUO', 'DKHZJ']
['CIILB', 'JAFZN', 'VIPLF', 'KPECP', 'GUDYJ']
['CKHRK', 'KCHSD', 'VPSEI', 'AILUZ', 'IZMEQ']
['UCQZE', 'CHIJG', 'QCHPG', 'HGJEC', 'CVNCZ']
['GICKM', 'EWNSH', 'EFKRH', 'VATKD', 'DSQUZ']
['VVCGQ', 'DVLFX', 'YXPNV', 'GWJWE', 'AXQPJ']
['OKPQW', 'TBPZM', 'YFRIJ', 'NWAHL', 'AWUBI']
['CIPCP', 'KEMJT', 'IGAXC', 'CLLNQ', 'IXMQO']
['GOXXP', 'FZBVB', 'SYIZZ', 'TUSMK', 'QQXNO']
['LNIAF', 'ERQBP', 'RUGKU', 'WUCQA', 'HXXMK']
['FXFUX', 'PTRTD', 'BNJLP', 'KQUJH', 'QSYML']
['KGIPC', 'SJJMM', 'ZJQQO', 'DCJPL', 'XAOMD']
['WPGRW', 'UHYVL', 'HKVZW', 'TYMOI', 'IRNCA']
['ONQWA', 'YWCZV', 'DKSJV', 'SRUUN', 'RJDRX']
['ZIJNW', 'OENWP', 'ZJNIT', 'CIBMR', 'ZLQYF']
['OCOQX', 'MESKQ', 'FZQXE', 'TFEWH', 'GBGAG']
['ZRVWH', 'CIUZU', 'VTOZN', 'BBKUO', 'YNIQG']
