['Stearns', 'Burkhart', 'Shanly', 'Micheal', 'Akeyla', 'Elberta', 'Gowrie', 'Mokas', 'Sumer', 'Dotson', 'Safire', 'Tillford', 'Bran', 'Deni', 'Salomi', 'Hittel', 'Corkhill', 'Vesta', 'Elburr', 'Letta', 'Beaver', 'Bevon', 'Flieger', 'Dela', 'Zelma', 'Love', 'Woodhead', 'Neveda', 'Ursola', 'Lindell', 'Ashling', 'Hankins', 'Summons', 'Darrow', 'Dulcea']
['Brittnee', 'Tine', 'Latimer', 'McCoy', 'Knute', 'Alvinia', 'Zobe', 'Bhayani', 'Acacia', 'Faunia', 'Coh', 'Davidde', 'Hillel', 'Javler', 'Padget', 'Moonier', 'Hatch', 'Grimona', 'Lenhart', 'Jason', 'Melisa', 'Avril', 'Girardo', 'Winebaum', 'Maribel', 'Tarkany', 'Balling', 'Monahan', 'Farro', 'Sigsmond', 'Jori', 'Minier', 'Hakim', 'Cavallaro', 'Hadleigh']
['Franek', 'Ardehs', 'Rhonda', 'Evangeline', 'Barby', 'Karlise', 'Uta', 'Swanhilda', 'Janaya', 'Henrique', 'Harland', 'Eilis', 'Lawler', 'Woo', 'Udell', 'Yarvis', 'Saville', 'Tessy', 'Zandt', 'Donn', 'Ammadis', 'Benilda', 'Marina', 'McKinney', 'Hotze', 'Aviv', 'Osrick', 'Fredkin', 'Ruhnke', 'Towne', 'Ultun', 'Vikky', 'Rombert', 'Dimitry', 'Rik']
['Anuska', 'Tiphane', 'Hannover', 'Jenness', 'Till', 'Halimeda', 'Ber', 'Smukler', 'Sinnard', 'Leod', 'Birck', 'Gunn', 'Pippo', 'Prebo', 'Clere', 'Tuttle', 'Milore', 'Fausta', 'Arianna', 'Worlock', 'Hayyim', 'Dowlen', 'Manaker', 'Balliett', 'Bruns', 'Odin', 'Sosanna', 'Watson', 'Krystalle', 'Arel', 'Lou', 'Hillegass', 'Delinda', 'Schreck', 'Wistrup']
['Caines', 'Lacy', 'Delila', 'Beebe', 'Firman', 'Mikol', 'Gillian', 'Selma', 'Dietrich', 'Tennes', 'Bui', 'Chae', 'Antonetta', 'Cicely', 'Cerracchio', 'Yim', 'Kaufmann', 'Berneta', 'Tavy', 'Kinzer', 'Thorman', 'Sandeep', 'Joed', 'Kerianne', 'Demetria', 'Kronick', 'Leiser', 'Fast', 'Pontius', 'Behlau', 'Astto', 'Hako', 'Ainslee', 'Lynett', 'Wendye']
['Ludovico', 'Everick', 'Augustina', 'Fabrice', 'Kudva', 'Celestyn', 'Shelbi', 'Australia', 'Adolphus', 'Desi', 'Virginia', 'Polish', 'Oakes', 'Glenn', 'Saylor', 'Oscar', 'Carter', 'Lentha', 'Janenna', 'Yasu', 'Fidelio', 'Mushro', 'Balcer', 'Biggs', 'Candyce', 'Costin', 'Moyers', 'Chaddie', 'Adaurd', 'Wing', 'Morville', 'Auroora', 'Vevay', 'Midian', 'Saudra']
['Enid', 'Mauchi', 'Holey', 'Druce', 'McIntosh', 'Weirick', 'Rocray', 'Hanway', 'Crompton', 'Willis', 'Epstein', 'Cheria', 'Erlewine', 'Tutankhamen', 'Holms', 'Montagna', 'Clymer', 'Shelby', 'Lorilyn', 'Fitz', 'Meingolda', 'Derinna', 'Uchida', 'Ebba', 'Rooke', 'Tonya', 'Karon', 'Clovah', 'Ace', 'McCullough', 'Mackenzie', 'Mathur', 'Lauree', 'Koetke', 'Quitt']
['Converse', 'Lombardi', 'Vonni', 'Charin', 'Dett', 'Cloots', 'Scherman', 'Shea', 'Perloff', 'Turrell', 'Nanette', 'Basso', 'Danna', 'Blasius', 'Dedric', 'Hett', 'Rani', 'Nestor', 'Bounds', 'Matthaeus', 'Jillana', 'Busey', 'Griffin', 'Hook', 'Dare', 'McClimans', 'Placido', 'Jimmy', 'Catherin', 'Merola', 'Maye', 'Emmer', 'Leanna', 'Gibun', 'Starinsky']
['Utica', 'Yerxa', 'Doroteya', 'Vaish', 'Ursi', 'Raul', 'Kylah', 'Hong', 'Mansoor', 'Kanya', 'Fifine', 'Adriane', 'Danita', 'Derril', 'Kerwon', 'Durante', 'Melburn', 'Uzzia', 'Ferullo', 'Margeaux', 'Pinto', 'Jeniece', 'Marilou', 'Bello', 'Carrillo', 'Lamson', 'Harriet', 'Higgs', 'Matthew', 'Verras', 'Merth', 'Ebneter', 'Ottinger', 'Darsie', 'Robbin']
['Myrvyn', 'Eudocia', 'Nicolis', 'Gwenette', 'Nance', 'Crean', 'Nafis', 'Proudfoot', 'Fairfax', 'Baldridge', 'Les', 'Toh', 'Jestude', 'Winer', 'Coumas', 'Grath', 'Nisse', 'Renick', 'Schnabel', 'Cristiona', 'Barnett', 'Nessy', 'Colly', 'Cutty', 'Hardej', 'Puklich', 'Pryce', 'Damon', 'Dole', 'Jobyna', 'Hermon', 'Janerich', 'Marijo', 'Ng', 'Harmony']
['Pappas', 'Velda', 'Emelita', 'Wight', 'Shannah', 'Edrick', 'Kimon', 'Sachi', 'Rue', 'Hamlin', 'Haldane', 'Cyd', 'Ragland', 'Noyes', 'Elmira', 'Reste', 'Hawger', 'Kassi', 'Cristoforo', 'Mitchiner', 'Sievert', 'Marijn', 'Ruyle', 'Masterson', 'Formenti', 'Alf', 'Shepp', 'Cardwell', 'Nath', 'Larson', 'Holofernes', 'Volkan', 'Fruin', 'Griswold', 'Favian']
['Willetta', 'Berner', 'Ashman', 'Dearman', 'Katzir', 'Prince', 'Brazee', 'Neille', 'Cherry', 'Galligan', 'Questa', 'Won', 'Clea', 'Klapp', 'Maude', 'Hudis', 'Cataldo', 'Melda', 'Ardys', 'Jorgenson', 'Feinstein', 'Newton', 'Chemush', 'Roanna', 'Chancellor', 'Earlene', 'Ted', 'Jenkel', 'Buxton', 'Dumas', 'Felise', 'Gerianne', 'Buckler', 'Antonino', 'Genie']
['Eno', 'Serafine', 'Sheeran', 'Norean', 'Danuloff', 'Ginzburg', 'Ratcliffe', 'Rodolphe', 'Gloriana', 'Minda', 'Jessalin', 'Karie', 'Lamb', 'Lyle', 'Fokos', 'Utas', 'Groos', 'Plantagenet', 'Fadiman', 'Bluhm', 'Groh', 'Saxen', 'Eldwen', 'Florentia', 'Fillender', 'Danais', 'Sandstrom', 'Halstead', 'Wunder', 'Paulita', 'Meras', 'Girovard', 'Lux', 'Barsky', 'Lynnelle']
['Eleni', 'Larry', 'Carlick', 'Livingston', 'Holton', 'Cal', 'Kile', 'Elihu', 'Dott', 'Tristam', 'Foulk', 'Malo', 'Binette', 'Atkins', 'Neva', 'Ches', 'Felicie', 'Raynor', 'Grochow', 'Jehiel', 'Nari', 'Japeth', 'Freddy', 'Emelia', 'Lotus', 'Ashford', 'Nannette', 'Stephenson', 'Ferro', 'Bernj', 'Gombosi', 'Tay', 'Lunetta', 'Klute', 'Agosto']
['Risteau', 'Lenes']
['Blondell', 'Ciapas', 'Billy', 'Lon']
['Ubana']
['Debera']
['Flemming']
['Flo']
