['476', '680', '110', '875', '842', '880', '960', '355', '432', '531', '356', '270', '953', '116', '26', '654', '496', '497', '50', '741', '268', '747', '224', '973', '760', '262', '503', '533', '957', '163', '752', '131', '27', '693', '227', '725', '738', '785', '839', '723']
['870', '441', '285', '188', '898', '249', '855', '437', '226', '52', '462', '702', '550', '901', '220', '685', '668', '777', '272', '281', '676', '833', '320', '862', '688', '630', '965', '717', '990', '878', '203', '987', '650', '677', '526', '63', '164', '887', '947', '96']
['384', '195', '609', '392', '98', '40', '427', '29', '905', '22', '0', '145', '292', '417', '959', '946', '102', '263', '247', '935', '187', '337', '502', '922', '39', '8', '56', '655', '930', '455', '90', '582', '80', '764', '482', '453', '171', '840', '372', '73']
['402', '100', '265', '86', '779', '77', '607', '243', '540', '964', '674', '400', '300', '912', '472', '491', '142', '383', '767', '914', '561', '498', '120', '698', '289', '33', '920', '264', '805', '181', '115', '250', '269', '345', '601', '429', '612', '859', '88', '223']
['944', '669', '316', '918', '670', '656', '430', '363', '180', '161', '377', '113', '749', '169', '552', '344', '950', '129', '251', '424', '907', '961', '903', '722', '863', '422', '167', '623', '570', '315', '585', '547', '696', '416', '461', '68', '325', '560', '991', '553']
['469', '149', '511', '949', '775', '528', '517', '144', '814', '12', '137', '500', '644', '769', '399', '924', '615', '35', '109', '448', '274', '237', '186', '742', '374', '929', '979', '395', '382', '419', '846', '682', '276', '379', '795', '727', '248', '818', '311', '457']
['284', '440', '824', '545', '151', '900', '620', '558', '861', '770', '118', '162', '906', '555', '388', '287', '51', '7', '200', '302', '322', '864', '218', '471', '445', '691', '17', '657', '394', '896', '594', '71', '278', '389', '466', '595', '751', '544', '314', '850']
['184', '663', '989', '821', '341', '454', '771', '512', '635', '659', '737', '53', '597', '54', '879', '235', '868', '754', '537', '563', '622', '743', '42', '3', '258', '793', '800', '477', '804', '487', '535', '367', '310', '106', '202', '41', '633', '484', '404', '539']
['452', '241', '713', '46', '690', '105', '369', '592', '776', '647', '444', '882', '910', '172', '332', '45', '255', '15', '843', '543', '197', '857', '541', '375', '565', '434', '47', '520', '966', '788', '728', '634', '970', '358', '948', '636', '941', '926', '124', '499']
['6', '185', '757', '519', '23', '178', '130', '277', '756', '581', '458', '194', '627', '525', '117', '259', '136', '159', '279', '370', '103', '91', '75', '554', '456', '347', '871', '671', '467', '326', '239', '443', '726', '559', '57', '298', '632', '661', '700', '626']
['166', '368', '925', '349', '313', '299', '509', '273', '638', '963', '886', '628', '44', '101', '107', '660', '645', '909', '208', '799', '257', '410', '493', '317', '334', '182', '876', '736', '280', '293', '411', '303', '76', '25', '396', '598', '798', '822', '852', '686']
['773', '418', '338', '521', '596', '495', '869', '580', '734', '324', '83', '494', '348', '339', '562', '860', '995', '790', '893', '566', '460', '942', '168', '679', '856', '301', '474', '978', '984', '501', '295', '705', '329', '308', '931', '789', '357', '848', '439', '614']
['381', '309', '666', '786', '297', '156', '967', '780', '761', '665', '451', '232', '571', '551', '275', '230', '14', '983', '504', '342', '428', '211', '125', '256', '557', '126', '658', '739', '38', '651', '24', '346', '459', '217', '610', '542', '980', '988', '82', '350']
['65', '5', '245', '662', '759', '646', '976', '803', '196', '908', '176', '43', '307', '834', '55', '412', '327', '706', '352', '403', '423', '513', '994', '229', '826', '426', '823', '801', '599', '67', '93', '330', '954', '916', '766', '508', '290', '353', '21', '312']
['61', '282', '173', '351', '897', '359', '1', '506', '934', '238', '813', '720', '640', '31', '845', '639', '602', '975', '877', '228', '854', '675', '99', '135', '532', '709', '687', '361', '206', '730', '969', '288', '242', '937', '719', '564', '873', '335', '473', '9']
['323', '977', '600', '829', '485', '201', '974', '48', '811', '796', '138', '621', '148', '360', '515', '244', '575', '58', '812', '475', '252', '637', '911', '216', '625', '222', '510', '376', '373', '408', '587', '718', '962', '516', '538', '354', '548', '704', '567', '755']
['574', '683', '844', '431', '664', '365', '673', '266', '915', '892', '529', '774', '591', '586', '678', '286', '534', '631', '108', '667', '179', '874', '865', '205', '479', '711', '488', '985', '304', '982', '603', '692', '611', '34', '447', '331', '932', '958', '127', '832']
['170', '684', '992', '16', '819', '890', '59', '895', '838', '816', '36', '716', '19', '753', '421', '240', '768', '209', '267', '866', '398', '436', '213', '343', '397', '64', '425', '49', '641', '569', '792', '72', '104', '549', '291', '778', '697', '972', '62', '604']
['225', '828', '817', '648', '952', '221', '114', '617', '904', '888', '847', '261', '414', '366', '721', '831', '231', '30', '10', '146', '715', '933', '884', '710', '387', '763', '643', '836', '772', '141', '613', '219', '305', '672', '714', '79', '183', '998', '815', '306']
['724', '993', '490', '371', '415', '703', '435', '84', '296', '85', '253', '968', '465', '378', '489', '787', '951', '294', '514', '546', '81', '781', '701', '729', '618', '318', '955', '391', '140', '606', '681', '894', '827', '919', '835', '853', '712', '97', '420', '745']
['573', '340', '192', '522', '820', '590', '413', '157', '468', '321', '536', '20', '214', '867', '616', '883', '956', '407', '94', '155', '199', '699', '132', '92', '215', '336', '119', '527', '89', '986', '198', '891', '518', '139', '899', '762', '653', '483', '122', '386']
['121', '695', '694', '153', '913', '584', '889', '782', '328', '385', '939', '152', '401', '577', '189', '154', '851', '858', '470', '254', '133', '60', '936', '433', '652', '849', '193', '794', '642', '996', '746', '4', '283', '740', '380', '333', '619', '791', '928', '872']
['629', '802', '605', '438', '150', '78', '165', '830', '917', '463', '810', '246', '765', '112', '95', '708', '593', '731', '999', '393', '364', '123', '997', '175', '523', '881', '260', '134', '797', '505', '480', '190', '18', '319', '940', '733', '572', '885', '2', '449']
['732', '174', '530', '409', '204', '841', '486', '689', '608', '147', '589', '748', '588', '809', '481', '28', '578', '177', '808', '478', '981', '32', '87', '492', '210', '11', '784', '568', '446', '362', '390', '576', '744', '66', '649', '923', '464', '624', '507', '938']
['111', '70', '579', '902', '236', '837', '128', '271', '583', '735', '212', '927', '191']
['806', '783']
['69', '13', '160', '807', '556', '37', '234', '524', '143', '158', '943']
['945']
['707']
['405']
['750', '758', '74', '971', '825']
['406']
['450', '233']
['207']
['442', '921']
