['322', '416', '765', '644', '359', '627', '984', '634', '266', '195']
['438', '257', '706', '219', '271', '101', '115', '358', '555', '399']
['592', '246', '754', '163', '293', '102', '170', '401', '909', '602']
['507', '946', '222', '177', '415', '197', '751', '116', '67', '484']
['583', '717', '227', '882', '537', '811', '447', '686', '194', '782']
['543', '193', '453', '808', '806', '164', '3', '880', '66', '525']
['120', '625', '472', '425', '489', '968', '321', '440', '605', '74']
['424', '774', '753', '857', '492', '516', '421', '166', '104', '941']
['64', '897', '470', '265', '34', '720', '122', '599', '420', '30']
['643', '656', '606', '199', '367', '801', '179', '639', '963', '312']
['541', '245', '344', '6', '692', '58', '846', '966', '930', '185']
['787', '419', '713', '374', '884', '657', '186', '311', '760', '826']
['48', '113', '856', '12', '937', '572', '723', '747', '798', '979']
['499', '950', '987', '505', '908', '35', '451', '11', '660', '758']
['8', '480', '709', '553', '674', '970', '481', '5', '896', '36']
['25', '89', '684', '475', '21', '927', '933', '735', '42', '217']
['387', '624', '114', '398', '790', '797', '977', '704', '395', '429']
['254', '242', '515', '824', '766', '539', '273', '430', '920', '858']
['231', '630', '581', '366', '564', '893', '289', '942', '342', '757']
['749', '582', '767', '545', '236', '77', '746', '405', '651', '275']
['23', '251', '331', '39', '921', '845', '962', '623', '559', '260']
['37', '670', '347', '262', '876', '176', '267', '117', '825', '702']
['127', '916', '809', '728', '235', '544', '568', '828', '628', '910']
['224', '726', '678', '699', '907', '807', '349', '46', '335', '473']
['631', '493', '936', '714', '951', '939', '652', '375', '92', '263']
['154', '844', '886', '75', '277', '90', '353', '210', '978', '390']
['562', '22', '73', '673', '443', '661', '175', '613', '301', '389']
['204', '140', '608', '471', '346', '103', '839', '929', '483', '181']
['681', '888', '687', '65', '925', '315', '675', '462', '200', '131']
['15', '990', '598', '561', '865', '759', '536', '770', '710', '253']
['410', '895', '354', '9', '677', '205', '881', '659', '339', '423']
['107', '805', '152', '829', '610', '502', '41', '63', '947', '458']
['869', '381', '49', '19', '965', '165', '20', '4', '121', '498']
['126', '949', '676', '469', '804', '512', '591', '534', '924', '296']
['403', '364', '225', '923', '482', '463', '693', '333', '778', '139']
['345', '413', '570', '329', '214', '750', '123', '763', '703', '576']
['431', '614', '915', '885', '742', '183', '607', '13', '718', '956']
['953', '616', '827', '772', '532', '215', '400', '648', '519', '601']
['26', '756', '435', '914', '161', '274', '10', '719', '209', '780']
['642', '379', '388', '665', '996', '762', '44', '153', '991', '487']
['141', '404', '626', '617', '226', '256', '40', '288', '441', '784']
['992', '518', '822', '995', '460', '418', '69', '422', '221', '796']
['247', '873', '983', '396', '961', '18', '417', '241', '290', '944']
['849', '297', '973', '535', '485', '237', '318', '17', '146', '144']
['391', '879', '412', '928', '698', '658', '454', '291', '795', '988']
['716', '27', '495', '685', '622', '701', '737', '324', '88', '638']
['111', '337', '724', '330', '931', '93', '316', '350', '68', '461']
['919', '343', '261', '233', '393', '55', '336', '551', '641', '119']
['156', '45', '629', '594', '464', '633', '320', '294', '556', '130']
['264', '286', '528', '62', '776', '993', '526', '588', '503', '385']
['586', '980', '548', '741', '328', '669', '560', '854', '86', '298']
['488', '894', '764', '731', '369', '155', '531', '150', '712', '589']
['901', '945', '216', '476', '99', '220', '240', '348', '465', '819']
['434', '363', '270', '872', '861', '149', '334', '958', '82', '799']
['223', '935', '904', '432', '538', '523', '878', '180', '295', '160']
['773', '960', '843', '53', '637', '59', '459', '72', '54', '986']
['78', '577', '319', '636', '284', '985', '248', '378', '474', '911']
['313', '486', '0', '922', '109', '142', '159', '352', '821', '386']
['788', '791', '506', '384', '867', '650', '748', '679', '87', '663']
['361', '569', '452', '433', '501', '612', '299', '272', '580', '859']
['573', '707', '494', '169', '889', '406', '414', '497', '449', '957']
['314', '690', '981', '700', '574', '229', '900', '356', '862', '509']
['866', '905', '542', '91', '310', '239', '647', '308', '779', '530']
['632', '436', '595', '912', '377', '70', '870', '567', '913', '371']
['671', '504', '620', '666', '590', '815', '969', '786', '206', '279']
['566', '926', '57', '445', '478', '817', '268', '500', '903', '276']
['259', '891', '203', '655', '745', '887', '455', '81', '133', '287']
['132', '428', '79', '14', '213', '721', '976', '998', '997', '108']
['190', '211', '771', '813', '29', '135', '444', '999', '446', '258']
['823', '326', '16', '83', '448', '491', '365', '800', '198', '621']
['171', '585', '309', '955', '370', '640', '672', '43', '129', '831']
['51', '196', '646', '325', '938', '148', '182', '812', '302', '540']
['522', '96', '783', '409', '860', '282', '696', '174', '508', '943']
['550', '173', '554', '208', '734', '250', '549', '708', '178', '852']
['360', '450', '579', '280', '168', '252', '372', '777', '524', '789']
['838', '234', '1', '820', '7', '611', '565', '733', '736', '56']
['793', '649', '249', '513', '667', '394', '833', '106', '877', '600']
['563', '847', '775', '71', '105', '689', '917', '533', '306', '392']
['467', '680', '898', '230', '739', '959', '868', '278', '357', '575']
['355', '76', '683', '32', '228', '768', '187', '971', '118', '743']
['427', '47', '300', '317', '967', '477', '596', '557', '603', '864']
['964', '351', '94', '874', '972', '52', '837', '816', '137', '255']
['408', '664', '604', '232', '732', '145', '496', '705', '890', '201']
['332', '850', '340', '285', '892', '167', '618', '147', '426', '740']
['31', '189', '834', '162', '468', '456', '514', '932', '529', '397']
['584', '341', '853', '994', '125', '982', '304', '668', '875', '521']
['517', '715', '863', '373', '974', '38', '899', '755', '191', '810']
['124', '883', '871', '98', '151', '238', '597', '940', '814', '571']
['635']
['725']
['558', '442', '338']
['841', '654', '552', '2', '906', '110', '24', '283', '466', '511']
['172']
['818']
['439', '80']
['292', '157']
['136']
['954']
['479']
['327', '934', '615']
['842', '457', '303']
['207']
['752']
['60', '803', '830', '33', '902', '244', '402', '769', '609']
['362']
['593', '794', '653', '128', '729']
['802', '688', '84', '948', '192', '738', '744', '269', '97', '380']
['510', '411', '840', '918', '832', '281', '383']
['691']
['697', '761', '835']
['662']
['158', '50', '437', '785', '851', '100', '28', '848', '382', '781']
['792', '546', '188']
['61']
['85', '184', '307', '694', '218', '695', '376', '138', '212', '975']
['727', '587', '527', '134', '490', '368']
['547']
['95', '836']
['952', '323', '407', '305', '578', '730', '112', '243']
['520']
['645', '722']
['682']
['202', '855']
['143', '711', '619']
['989']
