['909', '435', '418', '399', '195', '916', '847', '320', '574', '60', '254', '219', '752', '704', '592', '684', '63', '258', '672', '573', '834', '27', '90', '802', '285', '370', '398', '556', '843', '396', '274', '689', '141', '457', '455', '666', '803', '928', '842', '242', '202', '640', '823', '813', '275', '178', '722', '497', '743', '861', '304', '193', '596', '91', '190', '118', '561', '735', '239', '518', '318', '824', '744', '611', '555', '107', '333', '458', '196', '908', '523', '294', '75', '686', '306', '183', '168', '836', '265', '124', '267', '301', '692', '520', '326', '393', '340', '438', '595', '368', '577', '690', '338', '434', '668', '506', '206', '782', '426', '504', '127', '876', '583', '904', '377', '808', '8', '661', '755', '697', '791', '914', '381', '770', '299', '105', '768', '397', '521', '493', '447', '5', '303', '763', '777', '143', '156', '89', '61', '232', '11', '509', '851', '576', '412', '833', '673', '472', '223', '585', '316', '771', '297', '240', '794', '69', '829', '234', '632', '182', '525', '17', '283', '650', '437', '910', '149', '507', '194', '153', '148', '260', '789', '621', '387', '532', '460', '660', '389', '86', '647', '610', '678', '161', '838', '405', '857', '322', '166', '385', '205', '759', '429', '923', '639', '713', '92', '626', '87', '778', '710', '926', '270', '659', '591', '590', '489', '756', '691', '479', '362', '524', '335', '31', '309', '725', '512', '46', '111', '608', '636', '510', '422', '831', '918', '670', '624', '491', '411', '633', '671', '282', '899', '415', '866', '731', '707', '432', '805', '386', '400', '534', '407', '16', '716', '137', '734', '450', '139', '754', '365', '676', '568', '142', '896', '780', '859', '853', '169', '452', '530', '77', '582', '531', '787', '346', '588', '80', '95', '378', '52', '53', '564', '515', '308', '825', '539', '819', '120', '351', '788', '593', '657', '571', '289', '516', '865', '922', '256', '129', '587', '667', '93', '40', '248', '487', '646', '852', '163', '924', '897', '907', '709', '312', '917', '245', '330', '367', '235', '185', '850', '797', '253', '721', '748', '620', '488', '164', '58', '856', '706', '395', '43', '345', '807', '0', '694', '514', '276', '212', '251', '818', '473', '135', '112', '286', '711', '772', '34', '103', '334', '136', '625', '751', '766', '213', '310', '51', '475', '682', '746', '769', '929', '546', '428', '122', '508', '188', '816', '72', '401', '776', '175', '222', '348', '705', '732', '151', '747', '580', '598', '846', '912', '339', '425', '753', '870', '730', '712', '323', '549', '116', '758', '160', '15', '81', '724', '519', '855', '669', '617', '700', '563', '50', '207', '687', '409', '911', '246', '915', '237', '403', '456', '355', '649', '311', '131', '702', '832', '882', '594', '827', '252', '927', '138', '601', '353', '806', '575', '891', '126', '688', '630', '376', '581', '606', '379', '101', '147', '454', '862', '417', '189', '359', '871', '423', '837', '268', '291', '249', '37', '868', '662', '656', '278', '511', '125', '4', '419', '902', '645', '102', '616', '88', '726', '799', '880', '490', '664', '553', '273', '3', '612', '427', '898', '485', '854', '886', '134', '439', '738', '28', '894', '236', '619', '586', '543', '406', '263', '665', '214', '820', '201', '480', '605', '59', '29', '733', '19', '104', '875', '614', '499', '284', '76', '848', '883', '64', '133', '527', '793', '740', '570', '674', '839', '728', '840', '47', '209', '78', '23', '198', '494', '56', '761', '607', '167', '221', '114', '366', '474', '589', '229', '372', '481', '85', '307', '723', '505', '578', '179', '30', '384', '341', '526', '800', '693', '863', '815', '354', '26', '347', '123', '459', '471', '35', '266', '498', '128', '783', '652', '174', '602', '97', '648', '858', '795', '364', '32', '773', '6', '675', '230', '849', '317', '905', '562', '792', '159', '864', '867', '680', '537', '272', '872', '217', '461', '536', '413', '433', '812', '226', '547', '298', '736', '79', '55', '463', '14', '21', '349', '319', '720', '828', '599', '144', '698', '727', '841', '874', '130', '895', '658', '150', '739', '685', '717', '796', '757', '548', '279', '296', '94', '830', '38', '446', '890', '132', '774', '392', '269', '280', '696', '325', '603', '677', '785', '313', '679', '146', '579', '913', '522', '745', '410', '695', '110', '373', '220', '375', '408', '216', '635', '305', '631', '394', '729', '238', '191', '887', '513', '115', '482', '638', '7', '100', '708', '165', '654', '145', '244', '356', '533', '517', '604', '343', '597', '324', '767', '225', '162', '623', '835', '22', '71', '642', '804', '271', '552', '2', '615', '18', '486', '765', '10', '440', '336', '121', '784', '889', '421', '502', '358', '901', '741', '48', '342', '171', '227', '197', '651', '49', '374', '557', '600', '363', '20', '879', '177', '45', '637', '328', '618', '584', '529', '448', '920', '501', '290', '892', '332', '231', '663', '350', '186', '441', '430', '65', '292', '540', '180', '184', '155', '558', '881', '36', '554', '719', '483', '500', '703', '361', '790', '371', '496', '762', '99', '250', '211', '44', '108', '109', '140', '683', '468', '25', '451', '233', '476', '801', '893', '921', '360', '810', '243', '900', '62', '54', '449', '380', '484', '544', '503', '715', '466', '811', '257', '718', '737', '436', '383', '264', '844', '241', '357', '681', '1', '98', '287', '157', '775', '560', '176', '67', '545', '906', '465', '277', '42', '172', '878', '492', '559', '469', '228', '888', '699', '822', '82', '535', '281', '388', '321', '402', '845', '12', '884', '462', '781', '424', '550', '39', '567', '173', '860', '551', '809', '628', '218', '106', '641', '714', '443', '869', '431', '255', '41', '442', '538', '295', '327', '569', '70', '903', '119', '74', '464', '382', '293', '817', '203', '541', '215', '33', '210', '199', '288', '181', '66', '68', '453', '73', '208', '609', '331', '760', '701', '495', '204', '414', '470', '420', '9', '742', '644', '919', '344', '391', '565', '749', '477', '57', '750', '192', '302', '877', '814']
['634', '158', '444', '96', '885', '247', '352', '821', '369', '262', '798']
['779', '764', '528', '390']
['613']
['117']
['315', '653']
['300']
['572', '873']
['404']
['200']
['655']
['416', '826']
['24']
['467', '154', '259', '113', '13']
['627']
['643']
['187']
['478', '314']
['84']
['786']
['445']
['629']
['542']
['152', '83']
['170']
['224']
['337']
['329']
['925']
['622']
['566']
['261']
