['571', '162', '431', '825', '371', '663', '52', '393', '232', '250', '465', '128', '951', '309', '147', '252', '916', '266', '856', '692', '674', '733', '853', '576', '268']
['70', '112', '115', '822', '591', '649', '969', '747', '98', '523', '170', '945', '175', '67', '894', '858', '428', '631', '501', '742', '337', '763', '213', '5', '435']
['180', '615', '920', '532', '166', '966', '711', '898', '689', '597', '805', '524', '715', '970', '612', '757', '788', '282', '570', '313', '394', '580', '75', '124', '94']
['558', '231', '590', '307', '104', '844', '443', '510', '485', '914', '529', '2', '896', '436', '683', '891', '943', '569', '448', '288', '65', '305', '905', '491', '273']
['61', '860', '15', '861', '479', '363', '784', '122', '493', '792', '463', '515', '661', '557', '895', '626', '973', '769', '506', '512', '328', '587', '178', '251', '295']
['111', '611', '992', '129', '545', '80', '73', '995', '830', '117', '640', '364', '263', '554', '57', '161', '221', '378', '301', '926', '546', '292', '202', '777', '235']
['526', '573', '415', '874', '132', '964', '101', '157', '264', '259', '762', '768', '793', '604', '912', '838', '583', '702', '404', '475', '343', '636', '450', '277', '602']
['31', '330', '996', '697', '980', '344', '531', '329', '655', '991', '418', '816', '386', '196', '317', '89', '106', '813', '725', '21', '710', '656', '28', '236', '466']
['477', '871', '720', '862', '572', '941', '380', '538', '53', '814', '258', '789', '567', '508', '671', '859', '7', '137', '552', '214', '25', '562', '673', '304', '10']
['808', '361', '357', '886', '360', '412', '601', '743', '906', '291', '754', '650', '565', '987', '187', '855', '199', '877', '633', '410', '977', '890', '383', '942', '774']
['369', '500', '900', '423', '358', '504', '20', '507', '750', '823', '64', '78', '68', '164', '686', '331', '297', '959', '1', '771', '873', '261', '182', '484', '59']
['345', '824', '140', '281', '227', '419', '207', '193', '563', '483', '618', '897', '201', '39', '87', '695', '403', '947', '550', '651', '413', '555', '810', '665', '316']
['474', '97', '424', '654', '130', '704', '950', '146', '662', '246', '551', '35', '32', '433', '366', '212', '192', '498', '764', '238', '709', '880', '939', '931', '884']
['151', '734', '488', '672', '85', '8', '499', '312', '826', '349', '628', '41', '794', '681', '430', '841', '658', '622', '469', '210', '797', '946', '760', '835', '152']
['924', '490', '269', '511', '866', '165', '693', '664', '141', '592', '954', '659', '253', '620', '79', '644', '234', '473', '870', '72', '541', '566', '82', '6', '782']
['575', '579', '327', '657', '409', '632', '958', '96', '997', '998', '543', '332', '848', '581', '452', '883', '981', '795', '408', '30', '120', '131', '160', '520', '937']
['783', '204', '255', '625', '205', '211', '832', '811', '76', '505', '405', '561', '534', '27', '556', '863', '578', '90', '568', '677', '913', '58', '24', '598', '286']
['400', '108', '318', '821', '209', '144', '922', '518', '439', '616', '528', '843', '974', '456', '482', '340', '933', '275', '751', '60', '14', '594', '985', '509', '582']
['427', '239', '614', '362', '116', '603', '818', '917', '417', '229', '936', '652', '438', '105', '593', '728', '103', '181', '149', '102', '159', '667', '93', '265', '881']
['298', '123', '820', '717', '967', '962', '882', '621', '401', '429', '49', '109', '18', '935', '387', '119', '23', '241', '535', '911', '988', '712', '610', '16', '923']
['335', '744', '444', '245', '26', '809', '293', '247', '638', '727', '807', '521', '634', '321', '381', '342', '901', '986', '903', '416', '536', '785', '730', '126', '139']
['745', '365', '910', '461', '203', '940', '355', '691', '829', '770', '198', '613', '4', '502', '11', '540', '786', '315', '623', '489', '753', '294', '857', '0', '455']
['476', '382', '963', '965', '208', '938', '440', '669', '37', '815', '847', '92', '705', '274', '447', '645', '834', '548', '699', '758', '928', '389', '172', '713', '675']
['956', '320', '359', '254', '322', '397', '346', '799', '319', '606', '279', '639', '607', '470', '376', '735', '372', '892', '83', '426', '780', '367', '718', '290', '893']
['421', '925', '719', '630', '766', '86', '206', '272', '174', '761', '47', '406', '542', '154', '560', '240', '849', '121', '113', '45', '243', '726', '153', '91', '904']
['787', '468', '819', '888', '668', '391', '999', '930', '451', '503', '653', '495', '559', '215', '223', '647', '971', '918', '167', '260', '714', '617', '347', '723', '842']
['399', '790', '781', '29', '831', '467', '422', '961', '737', '460', '609', '183', '993', '953', '589', '679', '879', '190', '184', '801', '348', '600', '185', '596', '217']
['323', '189', '527', '957', '176', '685', '396', '921', '62', '133', '311', '739', '459', '169', '481', '186', '772', '118', '285', '549', '804', '134', '99', '296', '177']
['388', '216', '585', '446', '775', '588', '836', '100', '114', '300', '248', '195', '480', '872', '703', '336', '471', '865', '377', '724', '230', '66', '168', '138', '641']
['759', '375', '736', '453', '982', '3', '944', '325', '225', '875', '370', '595', '237', '71', '851', '42', '379', '46', '95', '44', '339', '514', '952', '927', '676']
['740', '22', '525', '803', '69', '646', '38', '306', '642', '605', '833', '975', '729', '107', '756', '156', '326', '414', '143', '741', '584', '136', '802', '462', '748']
['249', '262', '352', '648', '173', '516', '244', '779', '458', '302', '148', '812', '746', '846', '270', '142', '88', '200', '437', '51', '54', '338', '43', '708', '798']
['432', '513', '34', '171', '284', '624', '678', '637', '242', '716', '445', '806', '145', '356', '721', '899', '778', '684', '522', '698', '791', '706', '869', '688', '731']
['220', '885', '608', '425', '984', '228', '983', '299', '670', '420', '303', '707', '84', '530', '755', '454', '158', '902', '256', '81', '150', '188', '224', '449', '907']
['989', '194', '390', '457', '868', '635', '976', '690', '127', '310', '547', '218', '732', '280', '643', '539', '398', '574', '373', '17', '948', '283', '660', '564', '441']
['627', '722', '519', '163', '544', '968', '110', '700', '932', '226', '374', '402', '850', '40', '354', '63', '960', '74', '179', '289', '537', '827', '800', '33', '219']
['919', '384', '287', '9', '749', '990', '155', '494', '197', '324', '680', '334', '351', '839', '497', '125', '994', '222', '407', '837', '577', '852', '915', '949', '464']
['341', '840', '773', '767', '395', '867', '333', '629', '442', '845', '353', '411', '533', '434', '308', '276', '929', '553', '496', '267', '889']
['979']
['19']
['909', '271', '492', '694', '486', '487', '828', '876', '36', '682', '368']
['696']
['191', '934', '972', '864', '738', '619', '978', '257', '586']
['666']
['135']
['687', '278', '908', '233', '478', '77', '12', '314', '55', '955', '887', '817', '752', '13', '776', '385', '50', '701', '392', '599', '350', '472', '517', '48', '56']
['854']
['878']
['765']
['796']
