['704', '179', '619', '868', '174', '482', '265', '126', '546', '398', '721', '781', '160', '316', '259', '325', '462', '234', '874', '662', '527', '479', '557', '197', '5', '257', '714', '79', '340', '808', '481', '443', '104', '26', '687', '560', '136', '459', '625', '448', '163', '260', '171', '145', '891', '165', '831', '95', '209', '445', '623', '862', '344', '616', '903', '933', '424', '474', '731', '678', '693']
['465', '250', '130', '286', '928', '389', '336', '120', '88', '627', '561', '71', '236', '913', '295', '529', '846', '653', '937', '127', '689', '848', '246', '636', '471', '338', '188', '362', '728', '419', '90', '105', '431', '292', '287', '840', '222', '674', '871', '434', '264', '598', '549', '909', '85', '18', '583', '367', '645', '607', '942', '33', '41', '230', '134', '505', '812', '296', '20', '931', '146']
['395', '73', '600', '586', '526', '839', '365', '299', '239', '944', '845', '129', '592', '331', '650', '660', '554', '743', '254', '799', '417', '921', '809', '438', '396', '392', '861', '161', '761', '348', '516', '153', '202', '453', '940', '867', '658', '198', '641', '618', '510', '139', '514', '568', '811', '559', '201', '738', '751', '83', '599', '957', '452', '747', '401', '373', '906', '506', '901', '358', '796']
['729', '388', '656', '822', '231', '768', '736', '528', '148', '72', '185', '684', '400', '351', '67', '956', '38', '519', '880', '274', '35', '626', '436', '280', '790', '952', '225', '794', '410', '456', '955', '215', '302', '648', '814', '624', '499', '175', '892', '610', '632', '835', '11', '579', '117', '837', '25', '572', '483', '322', '21', '622', '916', '118', '797', '243', '749', '773', '0', '376', '943']
['739', '211', '498', '534', '58', '472', '722', '578', '382', '2', '460', '605', '455', '832', '884', '457', '297', '119', '109', '375', '6', '883', '523', '801', '152', '93', '882', '123', '194', '191', '82', '699', '760', '244', '791', '426', '282', '350', '13', '44', '178', '500', '9', '16', '212', '746', '912', '406', '655', '156', '86', '515', '66', '651', '176', '734', '896', '843', '923', '621', '602']
['864', '39', '720', '646', '78', '680', '415', '290', '34', '826', '877', '89', '469', '169', '945', '532', '267', '159', '556', '566', '311', '495', '486', '917', '694', '416', '573', '881', '613', '521', '268', '304', '335', '850', '715', '536', '705', '208', '56', '922', '433', '548', '726', '62', '321', '642', '284', '836', '606', '48', '730', '644', '508', '102', '309', '838', '802', '897', '918', '366', '938']
['189', '924', '318', '162', '551', '423', '545', '702', '52', '948', '310', '617', '247', '910', '935', '562', '596', '53', '640', '132', '427', '757', '754', '285', '639', '908', '137', '564', '951', '589', '851', '745', '241', '327', '430', '947', '959', '620', '294', '492', '494', '857', '870', '818', '954', '719', '709', '141', '255', '540', '289', '585', '154', '142', '276', '513', '27', '490', '378', '420', '333']
['504', '525', '158', '94', '23', '697', '758', '588', '329', '849', '345', '313', '735', '1', '275', '364', '926', '643', '447', '614', '489', '196', '22', '793', '8', '149', '524', '150', '701', '379', '380', '537', '409', '75', '214', '677', '789', '691', '203', '667', '28', '518', '496', '111', '186', '647', '425', '342', '404', '187', '57', '19', '103', '361', '844', '595', '55', '707', '15', '830', '939']
['670', '806', '444', '872', '675', '530', '480', '741', '383', '12', '634', '449', '779', '673', '958', '65', '911', '269', '232', '64', '315', '936', '386', '421', '262', '98', '253', '887', '700', '682', '258', '242', '744', '402', '493', '833', '106', '17', '261', '140', '635', '133', '439', '293', '852', '442', '317', '320', '172', '450', '889', '334', '575', '100', '934', '538', '484', '666', '70', '413', '672']
['356', '733', '387', '36', '907', '170', '725', '184', '710', '167', '352', '590', '245', '681', '769', '463', '124', '343', '740', '272', '712', '875', '535', '122', '49', '507', '87', '503', '101', '565', '594', '522', '466', '249', '591', '193', '533', '820', '685', '567', '399', '418', '381', '544', '649', '571', '842', '828', '147', '695', '803', '904', '795', '762', '825', '115', '608', '569', '207', '737', '54']
['879', '708', '192', '40', '696', '915', '756', '177', '199', '925', '251', '60', '298', '273', '144', '927', '555', '771', '946', '765', '633', '539', '753', '200', '577', '775', '411', '865', '80', '473', '543', '227', '763', '305', '821', '776', '397', '807', '511', '422', '393', '190', '220', '657', '226', '491', '204', '281', '270', '291', '856', '552', '759', '437', '221', '919', '813', '168', '654', '384', '866']
['135', '587', '659', '69', '59', '412', '31', '233', '929', '772', '3', '888', '609', '263', '353', '501', '615', '50', '470', '110', '512', '679', '301', '312', '732', '509', '4', '930', '630', '531', '166', '611', '876', '570', '785', '235', '337', '893', '777', '497', '121', '805', '800', '81', '815', '827', '240', '638', '14', '713', '847', '357', '107', '370', '724', '780', '183', '45', '950', '454', '628']
['824', '308', '266', '143', '853', '414', '748', '43', '703', '303', '698', '895', '385', '488', '941', '563', '46', '210', '873', '723', '164', '778', '306', '706', '905', '900', '346', '716', '683', '371', '664', '377', '328', '24', '363', '252', '894', '788', '108', '690', '116', '461', '180', '593', '604', '326', '390', '770', '324', '631', '29', '475', '582', '271', '394', '855', '711', '669', '74', '63', '68']
['834', '464', '372', '742', '558', '347', '829', '368', '750', '458', '195', '228', '671', '816', '574', '804', '637', '37', '256', '858', '300', '553', '432', '949', '219', '661', '446', '157', '131', '886', '428', '869', '663', '629', '360', '229', '114', '155', '854', '520', '369', '717', '279', '576', '878', '359', '47', '885', '547', '665', '920', '766', '349', '182', '319', '898', '238', '332', '216', '277', '217']
['477', '863', '374', '30', '468', '97', '580', '125', '601', '550', '792', '138', '405', '339', '451', '485', '218', '307', '429', '676', '237', '953', '84', '787', '774', '899', '206', '782', '213', '403', '467', '330', '476', '61', '668', '603', '581', '612', '91', '7', '283', '810', '478', '441', '727', '798', '859', '597', '96', '914', '51', '248', '542', '76', '341', '408', '860', '77', '440', '407', '767']
['435', '205', '288', '890', '517', '692', '902', '688', '92', '686', '541', '151', '355', '752', '113', '487', '128', '932', '718', '323', '841', '223', '42', '784', '278', '99', '502']
['823', '391', '112', '817']
['652']
['32']
['10']
['181']
['755']
['960']
['786']
['783']
['173']
['819']
['584']
['354']
['764', '314']
['224']
