['755', '859', '743', '327', '8', '898', '531', '184', '903', '90', '251', '373', '829', '623', '337']
['303', '21', '267', '441', '833', '619', '411', '786', '769', '795', '0', '990', '230', '147', '45']
['599', '733', '351', '89', '856', '730', '902', '656', '293', '620', '632', '125', '905', '207', '536']
['878', '738', '340', '938', '278', '269', '270', '164', '546', '197', '849', '503', '792', '998', '273']
['932', '681', '187', '986', '626', '415', '5', '740', '261', '564', '322', '309', '860', '616', '685']
['572', '589', '637', '707', '134', '897', '926', '316', '336', '635', '330', '667', '380', '36', '899']
['571', '983', '78', '542', '46', '369', '129', '594', '557', '284', '347', '470', '491', '110', '360']
['433', '500', '935', '47', '790', '679', '939', '385', '915', '919', '706', '874', '452', '773', '333']
['699', '676', '476', '655', '463', '501', '262', '661', '285', '375', '861', '682', '356', '334', '447']
['643', '882', '35', '377', '188', '51', '550', '858', '311', '122', '469', '374', '483', '715', '326']
['471', '60', '152', '581', '797', '723', '652', '23', '119', '402', '841', '770', '142', '844', '976']
['941', '649', '765', '876', '2', '167', '761', '368', '965', '138', '137', '900', '412', '956', '889']
['913', '263', '484', '540', '891', '851', '592', '512', '264', '320', '180', '778', '573', '426', '25']
['719', '414', '511', '204', '112', '830', '865', '818', '468', '673', '386', '569', '604', '791', '72']
['914', '345', '346', '563', '703', '886', '807', '582', '127', '202', '722', '916', '389', '435', '80']
['459', '74', '988', '430', '598', '835', '446', '247', '934', '693', '350', '700', '19', '618', '826']
['805', '146', '12', '533', '684', '185', '111', '59', '30', '398', '492', '91', '636', '1', '13']
['479', '100', '130', '920', '586', '383', '37', '201', '692', '989', '103', '17', '893', '688', '574']
['906', '434', '644', '979', '885', '118', '148', '61', '554', '949', '806', '473', '801', '208', '70']
['973', '659', '836', '131', '304', '378', '200', '815', '523', '633', '519', '888', '894', '160', '850']
['348', '647', '653', '283', '310', '18', '862', '109', '960', '607', '366', '561', '212', '502', '640']
['352', '638', '76', '394', '942', '580', '802', '437', '168', '663', '753', '14', '425', '669', '315']
['408', '724', '209', '771', '995', '978', '238', '108', '776', '132', '79', '957', '496', '95', '712']
['183', '609', '820', '382', '413', '664', '457', '275', '53', '735', '881', '440', '535', '575', '92']
['758', '674', '587', '133', '798', '144', '748', '170', '33', '276', '449', '662', '391', '961', '648']
['751', '852', '255', '305', '292', '839', '872', '431', '290', '918', '193', '944', '658', '458', '499']
['823', '827', '772', '65', '904', '873', '522', '419', '555', '104', '532', '489', '779', '240', '545']
['57', '678', '282', '224', '162', '464', '925', '353', '567', '718', '318', '825', '731', '813', '750']
['22', '171', '428', '867', '590', '721', '923', '155', '556', '704', '541', '259', '410', '485', '409']
['307', '955', '583', '481', '71', '221', '985', '206', '539', '56', '924', '50', '395', '737', '756']
['121', '705', '950', '114', '937', '803', '552', '97', '694', '977', '534', '149', '306', '922', '984']
['869', '671', '929', '477', '403', '708', '630', '868', '763', '175', '272', '297', '494', '77', '85']
['621', '203', '390', '725', '294', '436', '249', '150', '553', '308', '145', '784', '49', '968', '840']
['443', '660', '421', '265', '223', '381', '838', '538', '614', '734', '64', '392', '565', '177', '106']
['9', '439', '486', '87', '864', '714', '432', '657', '593', '194', '451', '32', '246', '566', '475']
['442', '42', '739', '642', '342', '242', '816', '198', '189', '912', '526', '877', '312', '908', '158']
['777', '4', '654', '579', '754', '343', '241', '43', '514', '665', '154', '930', '229', '370', '237']
['405', '68', '728', '713', '953', '666', '892', '863', '38', '215', '232', '895', '401', '465', '101']
['846', '520', '332', '455', '406', '780', '812', '591', '530', '161', '460', '783', '954', '543', '842']
['173', '969', '879', '603', '359', '39', '490', '610', '495', '423', '921', '794', '151', '709', '355']
['910', '774', '975', '10', '6', '113', '156', '357', '335', '970', '966', '727', '482', '742', '951']
['338', '40', '507', '225', '690', '701', '766', '166', '349', '178', '962', '295', '964', '628', '393']
['404', '176', '845', '120', '509', '717', '994', '169', '887', '363', '296', '234', '946', '454', '624']
['115', '749', '588', '605', '493', '448', '627', '367', '901', '741', '551', '568', '63', '280', '606']
['817', '15', '135', '73', '549', '365', '44', '7', '513', '62', '88', '675', '793', '576', '559']
['220', '759', '66', '277', '27', '55', '651', '26', '139', '84', '997', '396', '376', '124', '478']
['379', '20', '400', '181', '562', '578', '911', '560', '98', '821', '987', '789', '528', '517', '498']
['558', '48', '577', '981', '211', '832', '515', '82', '314', '853', '641', '239', '697', '828', '226']
['182', '165', '153', '266', '364', '256', '288', '28', '670', '689', '96', '870', '917', '488', '420']
['192', '462', '274', '271', '702', '31', '948', '822', '3', '857', '67', '136', '736', '596', '601']
['698', '890', '258', '172', '544', '466', '510', '245', '75', '140', '691', '760', '611', '506', '213']
['800', '855', '260', '195', '286', '281', '959', '34', '52', '847', '325', '548', '768', '210', '875']
['775', '250', '444', '298', '289', '945', '287', '940', '808', '117', '344', '629', '686', '302', '279']
['746', '695', '159']
['163', '227', '461', '831', '253', '93', '537', '453', '11', '41', '94', '254', '933', '69', '525']
['809', '29', '301', '943', '217', '600', '634', '958', '99', '362', '814', '102', '757', '992', '214']
['416', '639', '999', '744', '752', '720', '884', '907', '947', '729', '602', '726', '716', '677', '299']
['848', '244', '936', '313', '24', '524', '319', '762', '331', '417', '174', '427', '472', '585', '341']
['687', '811']
['764', '787', '625', '257', '329', '711', '116', '199', '388', '854', '16', '399', '105', '219', '668']
['843', '521', '323', '527', '186', '248', '613', '747', '339', '205', '429', '372', '157', '387', '982']
['456', '993', '971', '996', '300']
['445', '785', '896', '645', '424', '612', '196', '107', '321', '696', '799', '467', '931', '810', '631']
['317', '819']
['680', '218', '883']
['871', '928']
['516', '179', '824', '672', '991', '646', '781', '243', '952', '228', '980', '595', '233', '324', '683']
['622', '231']
['880', '328']
['291', '745']
['371', '141', '216', '972', '804', '927', '608', '354']
['128', '547']
['497']
['222']
['235', '597']
['422']
['407', '710', '58', '450', '126', '123', '767', '909', '190', '83', '54', '191', '967', '584', '361']
['974']
['518']
['788']
['81']
['732']
['397', '418']
['252']
['143']
['866', '505', '617']
['529']
['504', '480', '268', '796']
['358']
['86', '650']
['487']
['834', '963']
['508']
['384']
['782']
['837']
['236']
['615']
['474']
['570', '438']
