['576', '67', '308', '85', '131', '305', '103', '6', '252', '801', '220', '0', '947', '27', '213', '139', '439', '572', '886', '983', '910', '458', '820', '21', '938', '737', '698', '44', '733', '39', '767', '777', '713', '341', '102', '114', '2', '188', '47', '394', '277', '690', '38', '31', '612', '984', '497', '403', '603', '949', '275', '212', '193', '742', '967', '207', '152', '148', '979', '441', '243', '459', '126', '280', '19', '96', '24', '669', '981', '223', '847', '352', '577', '696', '271', '565', '20', '381', '199', '91', '549', '433', '36', '362', '189', '832', '874', '583', '315', '514', '504', '155', '704', '461', '680', '272', '951', '986', '470', '551', '858', '702', '945', '566', '469', '515', '904', '276', '814', '76', '448', '676', '749', '151', '133', '714', '561', '430', '108', '425', '97', '519', '948', '754', '558', '380', '353', '890', '299', '534', '643', '426', '579', '982', '866', '7', '701', '322', '100', '98', '404', '501', '942', '493', '167', '153', '371', '146', '413', '835', '655', '442', '440', '707', '462', '875', '291', '261', '918', '944', '406', '683', '825', '862', '711', '120', '4', '763', '978', '372', '163', '82', '573', '178', '751', '191', '562', '386', '584', '26', '286', '755', '667', '310', '58', '72', '398', '863', '302', '244', '478', '917', '895', '65', '145', '799', '196', '53', '245', '169', '393', '467', '105', '964', '627', '239', '856', '894', '77', '476', '443', '931', '536', '926', '60', '8', '857', '198', '531', '492', '254', '507', '771', '956', '762', '162', '13', '106', '32', '453', '824', '285', '34', '312', '959', '527', '48', '350', '567', '920', '560', '545', '391', '644', '135', '932', '686', '622', '104', '12', '401', '28', '758', '678', '901', '732', '138', '684', '571', '334', '795', '552', '554', '635', '703', '265', '954', '911', '328', '720', '620', '270', '197', '794', '472', '946', '487', '916', '81', '400', '431', '896', '384', '968', '648', '110', '170', '657', '679', '500', '250', '54', '654', '544', '202', '143', '688', '234', '721', '860', '407', '235', '204', '529', '912', '273', '421', '316', '810', '382', '666', '974', '333', '980', '5', '966', '57', '263', '659', '181', '405', '320', '424', '287', '1', '693', '29', '933', '607', '861', '907', '653', '73', '293', '297', '682', '716', '490', '18', '335', '811', '248', '563', '535', '389', '591', '783', '969', '542', '347', '924', '70', '782', '761', '378', '219', '991', '615', '717', '317', '25', '42', '776', '548', '505', '510', '176', '957', '479', '792', '877', '3', '35', '267', '670', '134', '674', '215', '923', '356', '883', '346', '516', '402', '649', '422', '225', '160', '260', '540', '165', '186', '616', '304', '118', '344', '736', '625', '998', '882', '506', '144', '960', '864', '471', '564', '496', '705', '290', '664', '902', '709', '74', '361', '336', '903', '66', '660', '483', '888', '502', '410', '109', '417', '194', '692', '64', '595', '365', '760', '642', '658', '484', '844', '735', '833', '268', '750', '121', '897', '837', '14', '201', '173', '227', '230', '348', '522', '789', '884', '408', '63', '697', '40', '752', '997', '242', '355', '975', '383', '768', '62', '854', '455', '182', '728', '815', '821', '803', '345', '351', '494', '828', '368', '247', '740', '51', '965', '485', '845', '838', '92', '451', '908', '892', '141', '296', '843', '996', '232', '115', '377', '841', '706', '520', '258', '797', '52', '550', '187', '842', '802', '122', '898', '575', '87', '952', '700', '37', '741', '723', '608', '651', '95', '112', '311', '454', '423', '340', '488', '578', '468', '994', '294', '639', '284', '9', '819', '517', '730', '650', '647', '495', '208', '499', '171', '159', '589', '588', '915', '205', '672', '543', '379', '710', '474', '429', '437', '240', '156', '241', '282', '769', '624', '780', '787', '397', '303', '88', '878', '449', '89', '33', '784', '532', '804', '107', '694', '183', '547', '43', '813', '913', '375', '412', '78', '539', '251', '83', '977', '999', '278', '971', '871', '465', '460', '59', '568', '766', '414', '541', '805', '434', '962', '349', '641', '906', '427', '50', '793', '943', '630', '807', '935', '559', '734', '850', '11', '446', '289', '798', '30', '675', '16', '246', '298', '84', '326', '955', '249', '876', '231', '447', '513', '605', '229', '831', '633', '900', '209', '306', '438', '466', '628', '325', '989', '512', '621', '457', '812', '848', '130', '318', '681', '779', '233', '179', '772', '399', '259', '598', '321', '867', '330', '826', '129', '987', '17', '22', '359', '689', '748', '15', '553', '376', '503', '574', '528', '367', '629', '872', '432', '928', '870', '94', '604', '357', '523', '224', '808', '90', '374', '175', '963', '645', '582', '746', '614', '136', '392', '508', '327', '61', '184', '395', '486', '609', '511', '586', '80', '450', '637', '337', '125', '370', '594', '518', '257', '893', '210', '481', '941', '256', '990', '358', '852', '851', '387', '255', '988', '817', '93', '216', '200', '601', '309', '738', '618', '727', '585', '482', '195', '124', '619', '266', '218', '880', '726', '332', '71', '953', '475', '295', '665', '444', '806', '634', '537', '147', '569', '822', '238', '786', '656', '970', '879']
['992', '119', '731', '869', '418', '132', '314', '555', '636', '415', '331', '166', '899', '86', '10', '307', '269', '416', '889', '140', '770', '613', '834', '56', '274', '715', '745', '436', '338', '827', '226', '606', '881', '69', '773', '719', '778', '739', '753', '985', '428', '631', '533', '111', '809', '853', '934', '530', '840', '292', '592', '313', '46', '774', '781', '323', '940', '859', '626', '936']
['419', '927', '800', '557']
['339']
['45', '79', '521', '190', '509', '925', '538', '929', '149', '836', '364']
['993', '264', '154', '113', '961', '23']
['570', '796', '846', '722', '117', '222', '237', '818', '452', '168', '49', '324', '477', '157', '587', '593', '708', '99', '396', '839', '652', '617', '610', '288', '236', '623', '150', '995', '360', '756', '489', '790', '599', '699', '363', '937', '580', '673', '759', '116', '137', '887', '663', '369', '724', '662', '491', '958', '725', '342', '445', '611', '791', '885', '677', '366', '729', '473', '301', '775', '524', '602', '546', '68']
['329', '388', '939', '214']
['217']
['855']
['300', '646', '435']
['597', '785']
['747', '668', '830', '101', '632', '253', '743', '498']
['695']
['687']
['411', '164', '420', '279', '638', '385', '556', '464', '319', '922', '744', '691', '590', '671', '354', '868', '526', '816', '373', '914', '211']
['203']
['55', '456', '281', '919']
['661']
['343']
['409']
['596']
['581', '161', '158', '788', '765']
['930']
['757']
['75']
['185']
['463', '823', '480', '891', '174', '909']
['41', '228', '976', '865', '921']
['262']
['764', '192', '123', '172', '525', '142', '849', '127', '177', '221']
['600']
['972']
['829', '390']
['283', '718', '950', '206']
['640']
['905']
['873']
['973']
['128', '180', '685', '712']
