['243', '508', '899', '635', '119', '901', '488', '705', '373', '688', '627', '123', '490', '45', '57', '592', '819', '769', '966', '852', '411', '690']
['925', '245', '295', '269', '426', '255', '974', '581', '436', '473', '534', '847', '918', '198', '792', '562', '21', '867', '35', '506', '137', '428']
['726', '134', '584', '964', '206', '117', '938', '597', '915', '264', '369', '566', '199', '158', '208', '336', '424', '658', '174', '76', '328', '197']
['472', '212', '351', '858', '405', '758', '832', '120', '806', '651', '803', '999', '56', '148', '446', '22', '486', '471', '876', '367', '65', '825']
['760', '469', '465', '687', '232', '523', '987', '152', '412', '689', '761', '827', '66', '44', '242', '216', '928', '187', '715', '897', '303', '986']
['12', '221', '972', '358', '608', '585', '127', '659', '258', '214', '437', '854', '31', '333', '422', '443', '606', '300', '302', '400', '926', '345']
['664', '587', '87', '181', '93', '402', '988', '835', '543', '526', '698', '875', '680', '432', '763', '186', '444', '529', '612', '403', '568', '240']
['536', '931', '967', '467', '965', '522', '857', '882', '287', '236', '862', '537', '970', '503', '629', '615', '879', '945', '910', '481', '408', '734']
['135', '984', '869', '364', '429', '980', '855', '417', '599', '881', '652', '466', '285', '776', '391', '976', '128', '900', '85', '136', '25', '766']
['164', '588', '11', '961', '846', '666', '851', '649', '365', '389', '193', '992', '191', '800', '682', '52', '86', '259', '121', '908', '551', '378']
['312', '777', '27', '969', '71', '550', '604', '9', '706', '308', '108', '360', '298', '84', '248', '971', '831', '546', '703', '793', '68', '24']
['252', '746', '172', '808', '294', '475', '2', '516', '647', '953', '718', '190', '238', '885', '657', '590', '462', '946', '498', '40', '821', '997']
['544', '739', '744', '275', '675', '836', '707', '175', '363', '414', '156', '366', '177', '176', '220', '392', '774', '461', '283', '409', '920', '723']
['695', '257', '55', '110', '280', '359', '535', '401', '352', '99', '633', '169', '889', '339', '60', '863', '789', '921', '91', '626', '281', '594']
['155', '322', '654', '729', '325', '558', '595', '638', '833', '296', '124', '717', '74', '817', '495', '103', '425', '102', '639', '387', '338', '379']
['864', '125', '801', '355', '924', '956', '811', '787', '531', '227', '577', '48', '892', '34', '420', '569', '16', '247', '47', '571', '719', '38']
['834', '205', '301', '384', '665', '82', '319', '898', '547', '215', '912', '637', '350', '848', '796', '818', '1', '865', '492', '170', '998', '578']
['404', '165', '958', '600', '314', '824', '439', '826', '234', '342', '90', '994', '203', '460', '207', '449', '202', '5', '714', '421', '343', '349']
['230', '565', '906', '168', '167', '799', '927', '631', '517', '279', '856', '770', '454', '524', '677', '118', '676', '327', '618', '574', '6', '286']
['937', '43', '610', '914', '700', '331', '306', '911', '396', '377', '335', '693', '934', '468', '686', '738', '779', '321', '756', '552', '954', '701']
['107', '50', '434', '484', '624', '225', '450', '721', '180', '316', '519', '368', '254', '844', '438', '36', '941', '948', '963', '713', '884', '866']
['667', '791', '195', '150', '201', '759', '415', '115', '962', '621', '681', '745', '106', '435', '859', '357', '144', '989', '226', '14', '871', '374']
['916', '741', '525', '678', '804', '223', '430', '276', '748', '607', '960', '222', '601', '940', '291', '557', '579', '54', '771', '563', '266', '930']
['111', '250', '813', '870', '720', '341', '370', '410', '386', '147', '500', '512', '710', '348', '317', '752', '816', '305', '480', '699', '613', '790']
['431', '274', '711', '293', '289', '13', '62', '418', '477', '393', '660', '149', '100', '894', '929', '860', '772', '722', '750', '166', '441', '318']
['648', '382', '229', '30', '347', '153', '679', '77', '73', '504', '483', '113', '270', '209', '735', '239', '783', '788', '950', '780', '51', '798']
['146', '398', '485', '755', '874', '540', '797', '97', '463', '323', '273', '773', '42', '661', '684', '768', '288', '28', '653', '893', '815', '580']
['381', '231', '985', '727', '736', '683', '372', '133', '733', '162', '249', '807', '696', '778', '184', '872', '81', '4', '609', '786', '406', '211']
['553', '141', '59', '513', '559', '782', '63', '33', '75', '218', '313', '907', '837', '395', '582', '353', '476', '668', '330', '15', '842', '278']
['92', '545', '140', '217', '731', '416', '533', '494', '650', '464', '413', '178', '586', '67', '625', '973', '509', '497', '784', '880', '397', '157']
['616', '457', '41', '433', '309', '399', '46', '830', '943', '981', '583', '143', '932', '101', '49', '315', '361', '340', '742', '448', '237', '511']
['371', '716', '474', '354', '561', '814', '724', '575', '603', '171', '905', '78', '407', '593', '98', '935', '902', '861', '655', '957', '922', '838']
['332', '952', '749', '518', '541', '88', '324', '990', '228', '619', '712', '452', '145', '530', '64', '886', '194', '219', '549', '775', '502', '507']
['933', '83', '94', '112', '591', '320', '732', '802', '704', '564', '996', '740', '493', '576', '955', '539', '8', '743', '262', '380', '978', '70']
['61', '556', '114', '310', '781', '795', '189', '883', '947', '840', '767', '630', '805', '200', '388', '390', '527', '828', '913', '644', '337', '623']
['487', '307', '246', '138', '672', '447', '23', '290', '96', '841', '643', '570', '573', '983', '939', '909', '292', '538', '419', '235', '362', '139']
['982', '29', '129', '853', '709', '79', '532', '554', '877', '297', '794', '923', '326', '204', '80', '692', '949', '253', '268', '809', '505', '3']
['329', '491', '459', '0', '109', '7', '458', '344', '263', '188', '455', '95', '747', '159', '849', '256', '555', '642', '427', '878', '514', '151']
['105', '670', '185', '673', '589', '873', '823', '58', '903', '440', '845', '904', '478', '850', '122', '685', '620', '451', '479', '385', '423', '132']
['737', '548', '489', '32', '311', '959', '383', '104', '173', '829', '697', '785', '161', '728', '975', '887', '346', '130', '995', '20', '528', '10']
['501', '37', '282', '154', '694', '671', '210', '244', '233', '895', '224', '470', '299', '241', '515', '192', '39', '968', '662', '560', '753', '641']
['26', '919', '265', '196', '131', '868', '456', '394', '179', '702', '754', '757', '979', '142', '614', '656', '944', '669', '891', '890']
['453', '213', '304', '646', '376', '942', '751', '917', '634', '602', '628', '163']
['69', '764']
['183', '18', '442', '496', '820', '617', '520', '445', '260', '611', '542']
['708', '521', '277', '730', '596', '116', '674', '765', '89', '663', '839', '375', '645', '843', '812', '267', '810', '567', '251', '160', '510', '482']
['598', '334', '605', '182', '936']
['896']
['272', '622', '126', '72', '53', '762']
['636', '977']
['991']
['499', '356', '284', '271', '993', '17', '640', '19', '888', '261', '572', '822', '951', '691', '725']
['632']
