['109', '903', '228', '199', '829', '385', '811', '293', '175', '648', '29', '701']
['46', '851', '104', '680', '167', '425', '563', '976', '624', '603', '866', '58', '219', '762', '687', '807', '699', '817', '261', '128', '468', '848', '579', '160', '573', '326', '372', '479', '90', '537', '615', '470', '313', '177', '645', '67', '108', '298', '398', '782', '448', '189', '718', '48', '896', '488', '747', '678', '344', '81', '528', '363', '328', '255', '513', '246', '291', '924', '565', '555', '740', '296', '259', '636', '464', '913', '623', '63', '359', '946', '360', '884', '557', '834', '351', '24', '849', '878', '728', '842', '688', '158', '237', '581', '612', '647', '920', '180', '888', '960', '841', '137', '703', '388', '200', '192', '100', '617', '966', '524', '994', '812', '577', '418', '85', '106', '870', '621', '921', '184', '453', '450', '696', '211', '134', '902', '268', '390', '257', '284', '564', '409', '141', '886', '822', '339', '865', '927', '702', '374', '256', '42', '582', '371', '0', '761', '877', '925', '333', '844', '777', '984', '936', '386', '75', '992', '559', '949', '467', '263', '116', '547', '145', '15', '496', '961', '115', '700', '558', '697', '944', '196', '755', '651', '575', '522', '171', '607', '692', '788', '407', '933', '223', '632', '400', '394', '427', '813', '304', '111', '987', '982', '322', '493', '120', '705', '124', '679', '130', '771', '653', '964', '769', '940', '403', '658', '194', '722', '482', '710', '31', '206', '445', '852', '907', '417', '929', '521', '19', '833', '13', '241', '76', '444', '490', '431', '459', '580', '864', '957', '336', '113', '538', '637', '748', '951', '495', '302', '335', '724', '18', '838', '21', '553', '974', '270', '909', '693', '330', '460', '629', '307', '349', '941']
['955', '815']
['901', '163']
['640', '967']
['212']
['872', '185', '64']
['880', '117', '248', '730', '749', '816']
['37', '625', '43', '217', '72']
['985', '904', '800', '337', '656']
['595']
['240']
['341', '965', '320']
['988']
['835']
['299']
['731']
['324', '787', '247', '139']
['943', '673', '744', '677', '187', '57', '25', '803', '161', '566', '329', '432', '698', '61', '229', '310']
['830', '35', '854', '498', '770', '776', '725']
['660']
['586']
['443', '633', '589', '379', '132', '119', '11']
['405', '127', '205', '719', '193', '820']
['954', '973']
['766']
['650']
['618', '512', '734']
['466']
['197', '996', '227']
['562', '472']
['33']
['152', '483', '682', '4']
['1']
['182', '266', '6', '543', '995', '287']
['796', '439', '499', '790', '489']
['850', '871', '745']
['220']
['289']
['741']
['792']
['147', '95', '348']
['533', '649', '415', '989', '714']
['874']
['68', '69']
['191', '392', '611']
['542', '805', '729']
['972', '402', '556', '282', '213', '858', '926', '45', '758']
['789']
['506']
['622', '839', '231', '404', '168']
['576', '397', '98']
['218', '408']
['709']
['159', '428', '396', '410']
['319']
['273', '912', '275', '510', '775', '882', '655', '572', '672', '676', '574', '602', '720', '315', '584', '860', '454', '14', '3']
['509']
['639']
['763']
['887', '681', '726', '353', '23']
['276', '704', '601']
['953', '814', '923', '334']
['784']
['54', '583', '532', '977', '406', '670']
['368']
['599']
['767']
['243', '497', '503', '362', '600']
['16']
['938', '635']
['906', '5', '216']
['665']
['292']
['232', '225']
['34']
['826', '504']
['414', '978', '389']
['73', '917']
['370', '277', '455', '684']
['416']
['781']
['549', '691', '357', '934']
['627']
['598']
['230', '279', '221', '869', '401', '242', '530', '644', '853', '244', '743', '461', '818', '890', '571', '65', '604', '327', '60', '288', '331', '74', '716', '801']
['546']
['135', '251', '535', '366', '380', '346']
['342', '174']
['668', '71', '544', '662']
['683']
['321']
['151']
['317']
['308', '666', '900', '536', '514', '203']
['975', '663', '309', '613']
['250']
['332', '569', '875']
['41']
['179']
['671', '783', '462', '59']
['630']
['500']
['79']
['456']
['935', '832', '473', '753', '594', '534', '208']
['89', '847', '824', '754', '165', '918']
['597']
['300', '505', '226']
['123', '436']
['915']
['245']
['312', '176', '207', '942', '560']
['529', '717']
['561', '948', '751']
['828', '457', '421', '516']
['49']
['2']
['706', '190', '619', '494', '281', '712', '10']
['26', '382', '340', '963', '22', '395', '836', '238', '657', '638']
['233']
['47']
['77']
['465']
['215']
['548', '517', '540', '821', '265', '451']
['162']
['449', '476', '20', '153', '892', '646', '919', '155']
['318', '654', '518', '306']
['383', '272', '173', '959', '252']
['413']
['201', '441', '519']
['950', '979', '932', '508', '736', '592', '352']
['350']
['809', '861', '791', '727', '442', '739', '430', '181']
['774']
['993']
['970', '908']
['694']
['827']
['893', '186']
['356']
['969']
['399']
['278', '952', '643', '695', '868', '387', '121', '38', '491', '204', '267', '628', '891']
['609', '423', '411', '664', '50', '570', '898', '283']
['945']
['188']
['799']
['690']
['894']
['922']
['475', '596', '750', '795', '667', '810']
['527', '44', '825']
['591']
['88']
['437', '325']
['258', '737', '590', '170', '286']
['845']
['735']
['172']
['764']
['305']
['148']
['780']
['32', '262', '154']
['855']
['930']
['641']
['424', '412']
['202']
['879']
['733']
['606']
['378', '381', '685', '138', '958']
['620', '62', '358', '883', '96', '40', '438', '426', '823', '593', '956']
['585']
['798']
['285', '198']
['794', '843']
['210']
['554', '484', '78', '937']
['895', '760']
['447']
['99']
['578', '757']
['661']
['616']
['294']
['118', '515']
['686']
['808']
['195']
['126', '82', '144']
['28']
['765']
['819']
['708']
['669']
['27']
['608']
['541']
['501', '133', '487', '840']
['793']
['981']
['962', '249', '103', '17', '539']
['112']
['92']
['802']
['376', '507', '980', '131', '274', '122', '876', '365', '721', '797']
['478']
['101']
['772']
['373', '105', '968']
['93']
['125', '526', '56', '991']
['897']
['91']
['990', '634', '129', '492']
['587']
['786']
['715']
['477', '8', '183', '910']
['377']
['254']
['863']
['458', '471']
['997']
['30']
['551', '214', '626', '659']
['773']
['39']
['983']
['367']
['323', '971']
['55']
['723', '393']
['9']
['178']
['303']
['235']
['614', '756', '856', '446', '53', '631', '280']
['361']
['97', '314', '523', '264', '831', '209', '369', '83', '742', '480', '355']
['939', '452']
['768']
['435']
['102']
['605']
['552']
['384', '271']
['899', '66', '759', '164']
['689']
['429', '114', '947', '867', '859']
['434']
['550']
['525']
['778']
['345']
['531']
['239']
['7']
['713', '474', '150', '156', '224']
['253']
['80']
['485']
['873']
['931']
['52']
['746']
['463']
['87']
['107']
['295']
['732']
['914']
['347']
['70']
['391']
['269']
['316']
['166']
['837']
['290']
['846']
['889']
['862']
['779']
['338']
['469']
['610']
['752', '652']
['142']
['146']
['785']
['364', '885', '236']
['440']
['169', '149', '311', '260', '545']
['297']
['94']
['354']
['711', '157', '419', '222', '911']
['481']
['511']
['375']
['143', '140']
['905']
['857']
['881']
['136']
['486']
['928']
['301']
['674', '804', '502', '51', '520', '707', '12']
['588']
['567']
['110']
['433']
['343']
['806']
['422']
['36']
['675']
['986']
['738']
['86']
['568']
['916']
['234']
['84']
['420']
['642']
