['484', '788', '188', '869', '769', '383', '868', '982', '391', '527', '557', '461', '243', '766', '669', '222', '537', '961', '670', '160', '207', '718', '503', '902', '261', '776', '880', '326', '909']
['360', '598', '366', '547', '829', '173', '812', '707', '620', '311', '355', '845', '199', '653', '234', '472', '278', '775', '452', '111', '7', '244', '878', '687', '981', '401', '414', '826', '79']
['293', '948', '450', '808', '151', '915', '468', '919', '777', '182', '744', '263', '497', '439', '683', '281', '358', '35', '441', '972', '652', '451', '33', '754', '942', '409', '430', '794', '781']
['6', '814', '413', '319', '699', '659', '496', '483', '617', '181', '249', '874', '422', '964', '81', '956', '246', '354', '926', '700', '23', '83', '463', '918', '406', '906', '799', '658', '573']
['681', '703', '910', '70', '471', '872', '130', '118', '308', '796', '613', '18', '398', '651', '509', '3', '479', '716', '85', '793', '802', '434', '970', '580', '515', '104', '552', '282', '888']
['645', '333', '870', '585', '58', '190', '428', '478', '601', '252', '603', '466', '436', '656', '292', '730', '955', '498', '715', '786', '898', '943', '329', '350', '309', '922', '235', '822', '873']
['301', '169', '572', '394', '925', '582', '672', '904', '671', '53', '458', '200', '589', '183', '621', '147', '810', '393', '856', '364', '543', '54', '72', '660', '203', '172', '520', '485', '968']
['545', '348', '848', '13', '771', '751', '185', '340', '131', '702', '946', '899', '202', '896', '229', '8', '65', '399', '724', '208', '523', '565', '761', '965', '866', '881', '214', '304', '22']
['986', '704', '950', '171', '962', '80', '720', '695', '210', '624', '564', '455', '697', '347', '459', '437', '825', '518', '846', '20', '40', '639', '238', '50', '415', '272', '480', '306', '352']
['877', '76', '663', '583', '760', '954', '535', '723', '883', '859', '262', '389', '346', '531', '625', '635', '646', '618', '100', '801', '979', '99', '460', '253', '529', '196', '310', '560', '92']
['980', '957', '462', '291', '882', '605', '150', '248', '454', '838', '136', '34', '336', '473', '784', '505', '426', '851', '342', '421', '10', '125', '626', '839', '265', '499', '734', '680', '688']
['88', '303', '757', '895', '728', '746', '442', '382', '424', '120', '266', '116', '429', '591', '315', '443', '240', '684', '438', '115', '753', '609', '867', '431', '570', '694', '164', '978', '907']
['947', '155', '24', '349', '606', '767', '225', '82', '157', '513', '741', '297', '135', '619', '765', '913', '318', '392', '89', '396', '803', '298', '665', '941', '337', '290', '600', '294', '66']
['101', '831', '584', '307', '833', '550', '689', '756', '985', '748', '296', '749', '579', '218', '884', '132', '245', '844', '778', '103', '321', '25', '733', '217', '447', '166', '726', '211', '871']
['64', '824', '638', '324', '192', '369', '992', '57', '61', '435', '908', '146', '555', '612', '400', '924', '236', '167', '445', '367', '967', '488', '532', '800', '944', '738', '283', '156', '891']
['897', '780', '608', '275', '544', '630', '804', '280', '988', '673', '38', '492', '840', '177', '530', '861', '593', '686', '250', '420', '772', '87', '830', '300', '251', '419', '302', '42', '331']
['528', '113', '525', '745', '966', '654', '945', '365', '378', '556', '977', '133', '31', '890', '691', '357', '569', '755', '960', '305', '63', '317', '850', '28', '685', '858', '126', '855', '736']
['149', '806', '522', '495', '842', '747', '510', '581', '491', '602', '449', '490', '533', '117', '264', '594', '622', '142', '750', '140', '623', '418', '138', '604', '743', '931', '141', '145', '575']
['227', '507', '862', '139', '410', '764', '49', '45', '193', '797', '215', '270', '390', '973', '596', '345', '94', '338', '692', '974', '174', '84', '179', '39', '990', '379', '561', '258', '314']
['55', '676', '186', '191', '417', '137', '526', '963', '506', '554', '467', '599', '835', '16', '470', '521', '273', '500', '540', '268', '334', '209', '508', '632', '119', '404', '914', '641', '477']
['405', '976', '47', '370', '607', '932', '476', '879', '187', '959', '759', '41', '502', '112', '316', '223', '928', '408', '440', '987', '770', '516', '927', '2', '433', '737', '60', '610', '276']
['923', '237', '284', '847', '153', '517', '464', '198', '816', '951', '343', '388', '32', '892', '731', '791', '231', '865', '489', '785', '821', '474', '674', '69', '969', '376', '576', '648', '701']
['320', '277', '386', '836', '551', '983', '295', '91', '714', '501', '578', '783', '807', '339', '717', '95', '344', '353', '832', '168', '649', '675', '615', '102', '725', '889', '696', '511', '568']
['299', '48', '539', '763', '481', '668', '735', '241', '661', '935', '541', '930', '860', '631', '228', '636', '78', '407', '849', '864', '657', '752', '647', '453', '128', '432', '682', '958', '206']
['29', '224', '189', '708', '328', '482', '975', '795', '93', '571', '0', '230', '11', '666', '828', '59', '86', '542', '811', '920', '44', '123', '952', '356', '51', '487', '221', '68', '109']
['332', '448', '577', '242', '650', '758', '719', '901', '197', '359', '161', '14', '170', '175', '536', '372', '114', '817', '900', '327', '90', '709', '679', '514', '722', '616', '194', '259', '105']
['664', '592', '677', '77', '813', '213', '815', '19', '729', '30', '841', '219', '325', '322', '412', '335', '180', '159', '818', '1', '693', '546', '853', '938', '36', '912', '162', '903', '984']
['740', '154', '916', '56', '216', '427', '286', '662', '991', '885', '590', '21', '97', '289', '643', '17', '73', '893', '637', '634', '255', '108', '721', '732', '805', '98', '456', '929', '395']
['341', '939', '971', '254', '257', '368', '790', '148', '361', '397', '905', '375', '411', '782', '587', '279', '371', '446', '124', '363', '416', '921', '936', '381', '917', '567', '504', '629', '937']
['46', '220', '205', '110', '387', '628', '614', '549', '655', '562', '269', '67', '330', '121', '911', '711', '876', '204', '949', '256', '727', '820', '129', '74', '548', '226', '739', '563', '380']
['566', '178', '212', '886', '127', '271', '486', '5', '374', '27', '854', '534', '152', '144', '274', '633', '385', '351', '423', '779', '712', '12', '287', '809', '62', '597', '4', '774', '134']
['176', '640', '247', '857', '444', '789', '75', '37', '595', '559', '698', '373', '798', '425', '323', '690', '402', '837', '232', '469', '827', '933', '787', '953', '106', '512', '989', '819', '611']
['706', '678', '107', '158', '768', '71', '9', '26', '762', '184', '165', '834', '894', '267', '260', '875', '313', '940', '667', '377', '863', '519', '403', '233']
['823']
['553', '122']
['493', '457']
['773', '465', '163', '574', '494', '195', '524', '384', '96', '201', '288', '934', '15']
['586', '644', '285', '887']
['713', '588', '362', '239', '538', '742', '710', '143', '792', '558', '705']
['475', '843']
['52', '642', '312']
['852']
['43']
['627']
