['927', '394', '156', '955', '326', '742', '131', '662', '786', '878', '193', '199', '56', '882', '668', '645', '699', '144', '171', '50']
['512', '592', '163', '414', '867', '949', '841', '989', '91', '190', '711', '855', '713', '377', '341', '165', '863', '466', '883', '902']
['214', '890', '487', '842', '427', '103', '154', '26', '602', '748', '161', '925', '224', '508', '690', '312', '858', '605', '493', '550']
['866', '324', '343', '801', '9', '205', '570', '36', '898', '59', '911', '554', '323', '432', '62', '237', '937', '375', '750']
['372', '543', '5', '540', '851', '504', '405', '660', '127', '677', '18', '664', '794', '616', '891', '641', '739', '15', '48', '276']
['433', '872', '536', '685', '13', '444', '406', '674', '796', '303', '675', '282', '515', '879', '300', '182', '904', '868', '632', '231']
['923', '168', '672', '795', '227', '270', '263', '853', '816']
['140', '807', '597', '684', '71', '673', '72', '765', '556', '186']
['974', '447', '217', '939', '266', '505', '619', '706', '618', '856', '804', '31', '895', '722', '787', '962', '228', '136', '643', '331']
['52', '907', '571', '299', '735', '671', '899', '44', '725', '897', '595', '255', '196', '170', '686', '727', '534', '579', '208', '952']
['298', '621', '615', '646', '775', '471', '730', '760', '311', '314', '834', '694', '285', '420', '691', '563', '384', '806', '486', '203']
['338', '135', '251', '474', '189', '457', '920', '726', '290', '402', '541', '6', '437', '884']
['80']
['40', '204', '146', '222']
['352', '415', '513', '211', '129', '390', '870', '620', '614', '538', '636', '999', '975', '780', '347', '717', '669', '248', '325', '715']
['191', '565', '753', '733', '494', '292', '523']
['70', '932', '966', '880', '769', '492', '317']
['568', '852', '16']
['315', '913', '676', '274']
['963', '164', '977', '106']
['497', '889', '734', '286', '650', '223', '238', '277', '104', '654', '629', '361', '126', '431', '586', '957', '280', '903', '461', '995']
['294', '27', '42', '755', '445', '827', '862', '953', '246', '337', '599', '496', '746', '279', '774', '518', '844', '532', '68', '847']
['768', '526', '830', '69', '306', '561', '500', '511', '356', '468', '871', '364', '355', '922', '764', '809', '152', '293', '610', '482']
['260', '239', '92', '234', '7']
['836', '233', '97']
['451', '357', '145', '19', '697', '877', '617', '419', '258', '371', '472', '833', '475', '984', '295', '235', '679', '449', '90', '915']
['773', '521', '533', '358', '978', '85', '345']
['622', '166', '413', '403']
['559', '590', '744', '528', '631', '967', '574', '334', '443', '707', '108', '659', '160', '719', '601', '910', '54', '430', '213', '4']
['849', '843', '887', '225', '724', '625', '167', '799']
['423', '278', '656', '125', '612', '580', '353', '379', '551', '906', '51', '950', '210', '297', '954', '770', '241', '982', '162', '365']
['720', '308', '316', '648', '588', '109', '905', '21', '969', '267', '400', '723']
['767']
['555', '627', '698', '793', '350', '778', '58', '378', '634']
['322', '506', '339', '376', '958', '370', '128', '116', '520', '117', '861', '212', '151', '828', '275', '107', '900', '606']
['964', '557', '930', '467', '587', '288', '510', '802', '367', '481', '67', '66', '692', '240', '459', '981', '845', '387', '86', '446']
['320', '82', '539', '924', '531', '38', '973']
['120', '220', '458', '149', '3', '20', '245', '262', '424', '822', '438', '319', '728', '34', '926', '869', '183', '395', '703', '857']
['628', '993', '885', '391', '434', '535', '291', '509', '705', '894']
['702', '77']
['359']
['817']
['335', '576']
['351', '111', '921', '381', '968', '503', '983', '552', '115']
['527', '548', '680', '819', '940', '153', '373']
['678', '789', '630', '785', '667', '76', '683']
['695', '45', '273', '547', '123', '385']
['832', '718', '575', '838', '296', '389', '840', '310', '142', '784', '100', '257', '529', '763']
['450']
['88', '302', '342', '712', '304', '637', '961', '835', '892', '578', '666', '47', '714', '188', '39', '624', '577', '583', '14']
['46', '581', '249', '360', '687']
['854', '931', '553', '998', '779', '798']
['463', '192']
['591', '207', '98', '29', '647', '716', '178', '980', '73']
['653', '642', '469', '522', '613', '562', '992', '943', '567', '121', '524', '732', '640', '971', '598', '959', '181']
['176', '859', '893', '94', '483', '313', '272', '938', '202']
['607', '198', '564', '95']
['731', '670', '41', '397', '896', '332']
['265']
['909', '179']
['441', '194', '250', '1', '491']
['35', '305', '229', '741', '901']
['743', '997', '412']
['815', '232', '386', '519', '79', '284', '700', '604', '987', '736', '388', '453', '824', '761', '404', '818', '721', '657', '803']
['517', '782']
['549', '122', '972', '407']
['929', '864']
['283', '219', '478', '790', '134', '75', '823', '846', '658']
['119']
['253', '448']
['114']
['994']
['409', '175', '797', '301', '946', '751', '821', '118', '244', '800', '681', '133', '791', '440', '502', '729', '101', '436']
['569']
['848', '476', '740', '805', '762', '89', '745', '428', '934', '333', '914']
['585']
['87']
['439', '113']
['137', '0', '174', '919', '825', '37', '652', '112', '655', '187', '525', '330']
['43', '336', '876', '499', '408', '945', '226']
['254', '456']
['771', '418', '11', '558', '810']
['169', '93', '201', '421', '49', '410']
['132']
['737', '22', '363', '185']
['688']
['701', '756', '582', '429']
['393', '8', '216', '57']
['935']
['704']
['965', '589', '490', '252', '289', '941', '829', '328', '484', '837', '947', '814', '988', '874', '990']
['426', '462']
['501']
['465', '850', '638', '881', '839', '479']
['608', '584']
['916']
['99']
['635', '808', '573']
['603', '195', '455']
['991']
['148']
['83', '256', '749']
['928']
['243', '783']
['197', '708', '593', '611', '396', '873', '560', '242']
['826']
['55', '546', '425', '206']
['865', '489', '354', '477']
['772', '32']
['813', '307', '976', '759', '230']
['23', '979', '259', '173', '247']
['812']
['105']
['956']
['917']
['948', '609']
['348', '644']
['344']
['411']
['269']
['24']
['398', '464']
['349']
['460', '309']
['340']
['327', '143']
['886']
['754']
['442']
['495', '792']
['184', '545', '362']
['150']
['633']
['452', '374', '470']
['30']
['380']
['651', '416', '970', '321', '33']
['147', '392', '287', '488', '480']
['473']
['811']
['649']
['102', '747', '138', '709', '221']
['942']
['776', '218']
['417', '401', '61', '485', '422']
['918']
['766', '271']
['435', '84', '158', '130']
['110']
['236']
['710']
['757']
['996']
['180', '572']
['544']
['369']
['596', '985']
['17']
['268']
['383', '209', '74', '96']
['28']
['63']
['831']
['157', '875']
['200']
['781']
['777']
['141', '665', '912', '661']
['542']
['368', '2', '177', '960', '12', '537', '318']
['689']
['758']
['738']
['639', '281', '986']
['65']
['346']
['888']
['820']
['159']
['382']
['261']
['944']
['329']
['399']
['594']
['264']
['454']
['498']
['10', '623', '693', '933']
['64']
['81']
['25']
['752', '516', '215', '788', '366', '908', '53', '663']
['626']
['78']
['860']
['139']
['172', '507']
['682', '951', '566', '696', '600', '155', '530', '124', '936', '514']
['60']
