['451', '215', '246', '517', '256', '511', '506', '267', '460', '473', '362', '149', '564', '2', '65', '219', '457', '556', '529', '306', '377', '238', '444', '172', '581', '385', '270', '107', '482', '42']
['386', '160', '422', '356', '318', '582', '142', '373', '401', '213', '553', '283', '404', '125', '471', '260', '48', '491', '194', '315', '561', '61', '560', '137', '115', '122', '426', '166', '495', '41']
['177', '395', '412', '208', '247', '499', '145', '173', '52', '406', '587', '6', '250', '214', '514', '450', '446', '176', '538', '456', '234', '50', '263', '414', '312', '253', '82', '425', '3', '15']
['428', '69', '596', '102', '196', '597', '576', '563', '97', '397', '175', '346', '403', '319', '235', '516', '101', '420', '302', '493', '90', '132', '297', '104', '25', '418', '64', '118', '466', '503']
['350', '258', '458', '437', '368', '182', '240', '583', '81', '49', '496', '170', '44', '147', '512', '343', '282', '259', '289', '151', '402', '595', '28', '573', '540', '91', '464', '500', '299', '558']
['10', '565', '162', '344', '287', '232', '46', '311', '257', '113', '324', '19', '236', '313', '452', '554', '383', '472', '416', '483', '71', '488', '277', '223', '216', '370', '228', '335', '329', '241']
['203', '367', '290', '252', '361', '161', '78', '593', '245', '552', '51', '476', '12', '95', '218', '62', '225', '537', '17', '584', '598', '486', '150', '519', '559', '220', '497', '463', '171', '271']
['325', '43', '120', '507', '153', '40', '441', '180', '532', '96', '229', '358', '202', '353', '47', '548', '98', '524', '589', '108', '224', '63', '211', '562', '415', '481', '365', '382', '192', '201']
['100', '455', '371', '438', '579', '585', '518', '534', '301', '159', '103', '387', '545', '99', '551', '33', '36', '391', '337', '501', '20', '217', '195', '314', '239', '453', '105', '294', '541', '590']
['174', '394', '549', '57', '24', '119', '459', '23', '35', '439', '536', '134', '342', '112', '586', '121', '399', '227', '70', '535', '505', '79', '80', '411', '310', '58', '286', '380', '539', '345']
['31', '32', '521', '322', '393', '22', '39', '381', '130', '405', '0', '139', '423', '550', '54', '274', '567', '417', '390', '184', '588', '332', '268', '284', '275', '479', '340', '338', '447', '487']
['295', '480', '129', '5', '341', '366', '419', '86', '434', '140', '280', '34', '110', '53', '421', '190', '543', '77', '155', '580', '27', '431', '334', '73', '454', '85', '124', '94', '533', '89']
['360', '126', '392', '276', '546', '348', '407', '230', '465', '165', '520', '327', '349', '183', '485', '292', '243', '111', '117', '38', '430', '351', '300', '372', '76', '528', '244', '88', '146', '468']
['498', '388', '29', '575', '26', '188', '242', '527', '443', '8', '181', '264', '359', '369', '363', '154', '291', '494', '187', '7', '158', '87', '222', '164', '557', '279', '152', '135', '197', '60']
['409', '59', '523', '470', '484', '408', '138', '128', '396', '544', '448', '157', '400', '123', '262', '328', '114', '186', '339', '445', '572', '30', '148', '109', '179', '278', '566', '303', '475', '309']
['178', '167', '321', '14', '357', '205', '251', '542', '375', '304', '568', '308', '209', '378', '355', '331', '462', '288', '440', '1', '285', '185', '317', '281', '143', '207', '66', '92', '127', '323']
['9', '374', '75', '525', '13', '592', '156', '336', '398', '522', '410', '333', '168', '384', '320', '513', '210', '307', '37', '427', '116', '296', '389', '504', '599', '226', '254', '45', '526', '515']
['56', '21', '578', '305', '144', '478', '436', '492', '261', '432', '508', '67', '237', '212', '265', '55', '364', '424', '269', '509', '233', '502', '467', '255', '106', '83', '574', '204', '169', '193']
['330', '352', '316', '249', '326', '489', '272', '469', '477', '433', '131', '136', '200', '591', '442', '594', '18', '347', '474', '435', '206', '490', '571', '266', '461', '221', '74', '413', '68', '379']
['72', '189', '273', '570', '298', '577', '547', '569', '198', '84', '93', '248', '429', '141']
['293']
['199']
['376', '531', '354', '510', '11', '530']
['449']
['555', '16', '163', '231', '4', '133', '191']
