['837', '919', '331', '634', '456', '714', '323', '593', '384', '870', '776', '767', '972', '957', '647', '739', '985', '948']
['665', '657', '92', '976', '47', '736', '221', '35', '116', '664', '263', '533', '619', '208', '965', '350', '494', '414']
['503', '226', '633', '709', '529', '990', '688', '188', '826', '783', '683', '560', '271', '993', '86', '487', '136', '790']
['648', '588', '760', '454', '79', '876', '954', '554', '89', '77', '718', '213', '604', '5', '354', '342', '727', '568']
['737', '138', '995', '346', '849', '962', '735', '750', '805', '784', '789', '778', '719', '30', '353', '127', '966', '40']
['419', '830', '897', '380', '861', '651', '914', '132', '556', '303', '160', '881', '145', '75', '340', '98', '254', '502']
['702', '149', '180', '469', '595', '724', '370', '952', '525', '243', '448', '920', '680', '485', '933', '672', '29', '23']
['314', '209', '400', '121', '927', '950', '46', '645', '546', '349', '413', '168', '472', '146', '561', '99', '87', '420']
['753', '373', '699', '66', '85', '809', '167', '361', '478', '504', '214', '245', '490', '355', '13', '883', '800', '574']
['76', '104', '169', '915', '650', '728', '903', '151', '381', '838', '732', '747', '459', '18', '262', '612', '511', '280']
['425', '103', '975', '442', '846', '521', '224', '326', '220', '755', '676', '107', '418', '274', '218', '12', '2', '864']
['636', '958', '517', '937', '106', '823', '158', '768', '528', '681', '583', '567', '382', '687', '708', '980', '801', '267']
['646', '656', '39', '922', '547', '565', '192', '239', '700', '508', '726', '543', '569', '963', '8', '309', '364', '374']
['461', '921', '855', '255', '908', '748', '49', '942', '730', '917', '996', '48', '526', '468', '653', '176', '628', '55']
['443', '697', '405', '244', '120', '902', '161', '347', '408', '644', '638', '253', '293', '446', '21', '69', '563', '88']
['396', '756', '128', '858', '170', '550', '205', '988', '52', '617', '204', '111', '738', '338', '236', '356', '368', '91']
['153', '640', '177', '944', '872', '945', '341', '509', '426', '686', '839', '339', '455', '474', '140', '51', '856', '276']
['154', '695', '854', '71', '126', '383', '831', '195', '715', '371', '625', '909', '273', '885', '297', '150', '887', '215']
['407', '359', '246', '199', '943', '722', '674', '24', '410', '63', '758', '649', '562', '258', '57', '174', '587', '852']
['928', '4', '938', '991', '828', '959', '553', '635', '580', '586', '506', '465', '961', '458', '557', '551', '234', '591']
['362', '56', '613', '316', '705', '867', '614', '298', '42', '558', '445', '889', '259', '540', '764', '337', '230', '896']
['305', '598', '807', '216', '397', '390', '740', '577', '599', '100', '416', '631', '70', '394', '899', '401', '286', '440']
['156', '284', '480', '536', '61', '320', '282', '766', '513', '953', '486', '833', '477', '162', '596', '527', '684', '385']
['163', '590', '904', '432', '344', '172', '956', '857', '606', '793', '473', '227', '317', '630', '566', '178', '824', '493']
['729', '479', '489', '58', '817', '623', '840', '713', '720', '818', '365', '165', '28', '81', '372', '301', '148', '403']
['484', '658', '295', '564', '725', '118', '594', '891', '112', '193', '820', '462', '97', '711', '82', '270', '152', '984']
['375', '398', '544', '142', '733', '334', '841', '166', '492', '164', '859', '201', '941', '377', '6', '910', '139', '989']
['712', '682', '109', '257', '615', '299', '772', '475', '949', '814', '541', '352', '22', '144', '300', '232', '785', '222']
['609', '894', '987', '171', '196', '698', '333', '143', '666', '131', '9', '516', '548', '782', '895', '94', '620', '751']
['240', '251', '129', '376', '450', '369', '264', '173', '133', '804', '934', '600', '890', '871', '389', '306', '424', '692']
['926', '986', '313', '757', '378', '247', '518', '415', '693', '411', '878', '621', '307', '979', '387', '769', '703', '860']
['875', '771', '248', '206', '514', '770', '918', '754', '663', '291', '749', '134', '559', '886', '581', '716', '90', '252']
['447', '797', '781', '311', '392', '223', '336', '421', '83', '829', '422', '869', '130', '618', '329', '110', '20', '17']
['843', '974', '999', '186', '592', '810', '522', '10', '449', '105', '637', '806', '304', '923', '501', '202', '795', '602']
['752', '578', '36', '939', '27', '538', '799', '31', '542', '404', '402', '318', '457', '73', '802', '294', '632', '863']
['627', '289', '60', '37', '835', '803', '622', '285', '25', '14', '535', '141', '423', '190', '471', '281', '584', '816']
['994', '189', '836', '147', '238', '706', '888', '72', '430', '412', '393', '534', '53', '429', '744', '981', '761', '930']
['520', '428', '608', '122', '821', '59', '325', '643', '463', '115', '406', '269', '1', '476', '865', '576', '978', '677']
['379', '512', '265', '977', '197', '912', '200', '691', '187', '507', '0', '175', '235', '575', '467', '399', '310', '662']
['277', '444', '182', '851', '488', '524', '256', '159', '570', '868', '847', '64', '853', '532', '45', '940', '936', '960']
['932', '360', '217', '935', '742', '93', '906', '704', '808', '786', '179', '296', '439', '351', '848', '198', '3', '762']
['721', '791', '690', '460', '968', '225', '832', '701', '19', '780', '80', '65', '531', '555', '388', '345', '119', '759']
['207', '898', '330', '453', '203', '892', '464', '15', '211', '483', '545', '907', '842', '931', '500', '123', '491', '670']
['16', '283', '505', '788', '157', '41', '669', '435', '879', '315', '873', '228', '117', '242', '642', '210', '641', '707']
['54', '185', '880', '787', '951', '437', '328', '779', '409', '774', '616', '877', '913', '11', '639', '582', '219', '900']
['862', '973', '673', '530', '929', '734', '302', '731', '241', '78', '668', '101', '33', '68', '261', '67', '268', '113']
['287', '964', '395', '324', '348', '84', '652', '279', '743', '466', '710', '308', '819', '34', '417', '322', '184', '685']
['775', '694', '992', '834', '137', '955', '124', '571', '605', '970', '741', '967', '671', '499', '108', '519', '822', '552']
['95', '654', '482', '629', '125', '969', '745', '825', '62', '585', '689', '678', '815', '496', '925', '845', '773', '183']
['452', '603', '332', '893', '655', '433', '696', '679', '572', '905', '357', '319', '272', '451', '884', '675', '321', '44']
['266', '916', '26', '983', '212', '233', '497', '260', '607', '624', '102', '947', '812', '796', '844', '278', '510', '498']
['327', '998', '537', '523', '659', '610', '866', '50', '626', '924', '911']
['358']
['971', '660', '579', '249', '155']
['997', '38', '794']
['335', '343', '515', '181', '601', '549', '229']
['597']
['763']
['901']
['434', '539', '882']
['441', '946']
['275', '874', '194', '367']
['312', '811']
['717']
['436']
['231', '765', '611']
['723']
['850']
['438']
['292']
['667', '288', '391']
['74']
['792']
['366']
['813']
['431']
['7']
['237']
['589']
['470', '32']
['982']
['96']
['777']
['290']
['427']
['798', '746']
['573']
['363']
['250']
['827']
['386']
['495']
['661']
['114']
['191']
['481']
['135']
['43']
