['353', '193', '373', '254', '109', '85']
['258', '247', '405', '396', '459', '17']
['337', '211', '417', '41', '498', '403']
['28', '58', '358', '24', '185', '341']
['217', '381', '205', '402', '436', '178']
['326', '384', '279', '302', '430', '343']
['242', '26', '280', '371', '366', '102']
['463', '60', '277', '389', '139', '262']
['499', '267', '329', '189', '351', '378']
['179', '5', '95', '32', '111', '386']
['234', '410', '419', '212', '123', '224']
['334', '191', '125', '274', '375', '496']
['483', '19', '171', '18', '464', '377']
['142', '340', '10', '415', '472', '491']
['47', '272', '108', '30', '454', '466']
['318', '485', '255', '100', '134', '187']
['225', '404', '236', '75', '301', '449']
['27', '470', '11', '307', '204', '426']
['248', '162', '89', '80', '158', '55']
['87', '0', '9', '473', '349', '2']
['210', '14', '240', '314', '266', '392']
['93', '412', '160', '490', '276', '78']
['283', '259', '360', '478', '72', '37']
['480', '275', '62', '316', '88', '110']
['369', '335', '131', '440', '231', '218']
['172', '38', '174', '216', '214', '16']
['385', '245', '101', '257', '92', '354']
['364', '119', '393', '84', '169', '149']
['328', '286', '455', '105', '219', '497']
['54', '383', '227', '77', '209', '53']
['132', '432', '237', '59', '70', '299']
['489', '441', '249', '235', '295', '367']
['68', '96', '312', '446', '116', '56']
['197', '297', '363', '424', '465', '244']
['305', '201', '118', '268', '206', '306']
['71', '104', '192', '447', '488', '256']
['290', '492', '163', '215', '362', '411']
['151', '188', '183', '243', '239', '46']
['311', '444', '29', '365', '74', '241']
['288', '380', '207', '200', '264', '154']
['477', '6', '238', '127', '145', '103']
['252', '469', '324', '61', '12', '320']
['338', '435', '49', '155', '484', '482']
['442', '203', '97', '140', '40', '460']
['1', '425', '168', '370', '121', '278']
['445', '199', '152', '51', '15', '50']
['421', '170', '310', '474', '23', '141']
['233', '451', '253', '382', '388', '317']
['113', '31', '361', '479', '69', '79']
['308', '165', '347', '413', '86', '475']
['57', '269', '270', '342', '304', '156']
['422', '184', '282', '346', '198', '222']
['114', '300', '52', '416', '122', '175']
['135', '190', '73', '81', '232', '99']
['486', '250', '345', '126', '186', '296']
['181', '284', '433', '330', '414', '400']
['494', '355', '427', '146', '368', '20']
['321', '313', '462', '76', '333', '350']
['182', '434', '261', '167', '332', '25']
['137', '398', '251', '90', '220', '420']
['271', '418', '83', '147', '331', '144']
['107', '452', '273', '124', '379', '457']
['374', '164', '136', '120', '458', '336']
['408', '395', '487', '4', '390', '287']
['65', '148', '230', '376', '372', '453']
['228', '495', '48', '431', '213', '461']
['391', '45', '82', '42', '467', '246']
['292', '194', '208', '67', '21', '226']
['356', '339', '195', '3', '173', '471']
['196', '397', '229', '298', '39', '352']
['450', '423', '157', '456', '33', '325']
['406', '291', '138', '260', '94', '387']
['315', '265', '493', '161', '43', '439']
['159', '285', '399', '166', '323', '8']
['281', '150', '263', '13', '64', '294']
['409', '180', '293', '327']
['106']
['481', '91', '34', '437', '443', '35']
['129']
['7']
['221', '407', '359', '309', '448', '143']
['289']
['468']
['36']
['98', '319']
['177']
['153']
['438', '115', '322']
['128']
['117']
['176']
['344', '401', '202', '476']
['428']
['66']
['223']
['112', '22', '63']
['394']
['357', '44', '133', '303', '130']
['429']
['348']
