['698', '447', '599', '45', '816', '727', '462', '781', '20', '574']
['653', '575', '450', '40', '636', '142', '642', '785', '57', '835']
['188', '682', '364', '212', '650', '408', '577', '649', '455', '569']
['66', '730', '248', '365', '758', '116', '731', '560', '337', '10']
['409', '1', '499', '231', '478', '332', '453', '19', '384', '833']
['434', '208', '163', '663', '672', '600', '249', '133', '138', '748']
['170', '670', '146', '301', '322', '651', '342', '34', '54', '252']
['779', '616', '169', '403', '464', '502', '327', '703', '61', '734']
['347', '191', '293', '295', '240', '512', '236', '2', '508', '435']
['132', '489', '552', '182', '473', '353', '150', '539', '553', '804']
['108', '330', '641', '522', '27', '245', '627', '412', '432', '652']
['768', '568', '626', '199', '624', '179', '765', '474', '257', '561']
['585', '232', '26', '277', '380', '201', '211', '842', '837', '241']
['280', '481', '541', '357', '550', '707', '56', '614', '818', '224']
['419', '121', '310', '296', '482', '806', '678', '811', '720', '483']
['495', '379', '119', '723', '251', '517', '505', '401', '622', '72']
['772', '840', '172', '140', '246', '86', '290', '615', '410', '275']
['487', '753', '831', '270', '778', '308', '451', '702', '158', '76']
['742', '190', '204', '320', '586', '537', '634', '323', '584', '67']
['103', '554', '701', '359', '180', '177', '184', '662', '801', '149']
['378', '695', '414', '21', '732', '590', '48', '497', '355', '761']
['800', '202', '746', '223', '598', '528', '718', '741', '656', '106']
['297', '629', '691', '446', '675', '110', '336', '635', '376', '331']
['407', '83', '645', '628', '484', '617', '43', '538', '452', '298']
['507', '824', '22', '556', '687', '328', '688', '661', '448', '99']
['566', '591', '111', '71', '458', '771', '283', '644', '134', '175']
['546', '73', '225', '300', '23', '803', '775', '705', '501', '49']
['394', '352', '750', '214', '565', '281', '745', '399', '511', '254']
['819', '303', '514', '721', '787', '274', '767', '431', '161', '430']
['389', '836', '631', '338', '576', '278', '427', '124', '567', '345']
['466', '784', '657', '185', '167', '381', '491', '157', '96', '555']
['757', '4', '79', '220', '557', '790', '467', '714', '490', '459']
['825', '751', '131', '302', '346', '294', '444', '821', '786', '692']
['244', '162', '834', '77', '532', '284', '319', '621', '604', '411']
['605', '415', '7', '168', '102', '830', '436', '475', '513', '749']
['207', '143', '193', '144', '130', '120', '261', '496', '736', '9']
['579', '665', '690', '238', '810', '562', '311', '813', '841', '715']
['343', '544', '351', '426', '620', '64', '609', '418', '843', '571']
['17', '456', '266', '612', '838', '279', '289', '287', '15', '685']
['382', '518', '640', '726', '237', '139', '713', '747', '16', '153']
['366', '581', '115', '258', '30', '95', '738', '269', '126', '392']
['70', '84', '196', '145', '433', '62', '112', '619', '684', '292']
['592', '282', '643', '623', '525', '671', '309', '127', '729', '606']
['166', '360', '413', '404', '288', '809', '637', '710', '648', '135']
['773', '361', '788', '92', '264', '438', '154', '613', '307', '711']
['152', '796', '306', '794', '832', '583', '589', '233', '313', '516']
['219', '549', '783', '572', '774', '445', '777', '386', '37', '271']
['526', '340', '39', '374', '87', '534', '253', '187', '397', '776']
['633', '733', '230', '683', '580', '611', '709', '697', '530', '209']
['472', '658', '349', '348', '326', '488', '829', '85', '371', '826']
['805', '608', '719', '402', '531', '752', '370', '480', '655', '321']
['267', '173', '503', '47', '536', '437', '53', '593', '369', '128']
['90', '123', '242', '515', '78', '203', '506', '486', '137', '602']
['725', '632', '680', '122', '375', '186', '677', '69', '740', '197']
['639', '485', '272', '428', '44', '148', '594', '542', '498', '669']
['570', '82', '717', '477', '400', '439', '523', '597', '136', '762']
['247', '468', '304', '25', '406', '263', '358', '759', '259', '234']
['420', '693', '93', '443', '227', '706', '769', '155', '58', '33']
['195', '388', '60', '799', '395', '325', '156', '235', '465', '387']
['28', '844', '151', '793', '159', '494', '59', '425', '807', '333']
['255', '476', '766', '700', '429', '763', '664', '440', '356', '215']
['377', '18', '704', '510', '339', '808', '216', '391', '11', '118']
['524', '129', '390', '563', '647', '618', '113', '114', '341', '183']
['75', '607', '398', '573', '35', '229', '441', '98', '181', '755']
['493', '104', '417', '373', '12', '442', '36', '171', '6']
['393', '802', '329']
['545']
['737']
['558']
['41']
['827']
['754']
['363']
['218']
['200']
['820']
['564']
['314']
['798', '362']
['178']
['91']
['80']
['100']
['551']
['117']
['147']
['815']
['638']
['315']
['189']
['316']
['646']
['198']
['226']
['291']
['659']
['14']
['250']
['543']
['368']
['500']
['509']
['89']
['205']
['160']
['97']
['504']
['588']
['317']
['101']
['689']
['817']
['385']
['654']
['461']
['65']
['68']
['823']
['0']
['492']
['548']
['55']
['708']
['582']
['424']
['780']
['52']
['125']
['797']
['770']
['286']
['256']
['743']
['192']
['789']
['630']
['578']
['222']
['521']
['221']
['3']
['540']
['454']
['610']
['457']
['696']
['679']
['681']
['527']
['354']
['603']
['8']
['520']
['42']
['174']
['792']
['460']
['46']
['228']
['334']
['268']
['24']
['32']
['668']
['285']
['318']
['243']
['422']
['335']
['239']
['535']
['109']
['712']
['735']
['31']
['176']
['210']
['529']
['416']
['722']
['344']
['50']
['324']
['38']
['74']
['716']
['5']
['206']
['260']
['372']
['595']
['686']
['587']
['469']
['479']
['273']
['88']
['596']
['276']
['470']
['165']
['63']
['141']
['94']
['559']
['194']
['367']
['694']
['744']
['471']
['299']
['782']
['674']
['601']
['791']
['105']
['756']
['533']
['625']
['463']
['29']
['724']
['107']
['699']
['312']
['839']
['81']
['760']
['822']
['812']
['728']
['51']
['739']
['828']
['660']
['814']
['213']
['519']
['667']
['383']
['547']
['673']
['265']
['421']
['676']
['449']
['217']
['164']
['423']
['396']
['795']
['350']
['305']
['262']
['764']
['405']
['666']
['13']
