['281', '64', '482', '11', '185', '30', '488', '13', '263', '323', '253', '60', '142', '438', '198', '133', '1', '131', '331', '259', '90', '220', '25', '412', '427', '324', '239', '489', '486', '209', '487', '295', '363', '161', '208', '251', '50', '210', '371', '298', '397', '18', '129', '100', '447', '467', '384', '152', '480', '279', '446', '403', '59', '356', '379', '51', '166', '254', '475', '410', '320', '192', '278', '235', '89', '71', '23', '153', '340', '21', '459', '407', '364', '189', '157', '428', '247', '401', '130', '457', '269', '348', '22', '271', '419', '7', '440', '216', '154', '319', '405', '40', '35', '395', '261', '497', '211', '174', '162', '183', '101', '26', '48', '84', '481', '290', '478', '15', '351', '241', '442', '474', '32', '111', '250', '4', '242', '380', '80', '158', '139', '301', '289', '454', '300', '329', '200', '78', '376', '170', '63', '120', '362', '327', '16', '136', '417', '368', '28', '392', '470', '17', '38', '96', '205', '350', '128', '76', '240', '184', '105', '159', '421', '77', '234', '498', '313', '122', '103', '156', '424', '341', '265', '79', '202', '246', '29', '248', '408', '451', '171', '422', '361', '495', '389', '483', '41', '106', '134', '309', '387', '176', '108', '165', '400', '45', '485', '418', '479', '439', '93', '98', '284', '186', '223', '314', '245', '258', '163', '187', '244', '194', '149', '372', '365', '346', '232', '388', '355', '151', '493', '354', '69', '256', '282']
['54', '402', '132', '213', '237', '33', '118', '337', '296', '262', '431', '3', '477', '370', '94', '207', '55', '288', '339', '312', '6', '42', '287', '353', '49', '123', '285', '311', '441', '326', '83', '434', '275', '318', '53', '465', '85', '197', '226', '9', '398', '46', '252', '179', '264', '87', '385', '463', '336', '19', '333', '65', '462', '260', '358', '306', '168', '70', '212', '47', '476', '243', '268', '91', '349', '215', '107', '206', '249', '150', '302', '201', '468', '456', '286', '109', '369', '135', '490', '317', '455', '2', '72', '494', '67', '316', '367', '496', '177', '36', '148', '104', '196', '294', '75', '219', '283', '267', '12', '381', '66', '114', '444', '68', '164', '190', '238', '221', '143', '315', '338', '61', '373', '453', '204', '393', '124', '119', '377', '310', '199', '305', '193', '229', '445', '469', '97', '273', '425', '8', '138', '228', '82', '112', '39', '466', '414', '27', '180', '409', '458', '322', '225', '357', '471', '276', '406', '172', '430', '167', '181', '272', '404', '203', '73', '413', '443', '435', '127', '227', '436', '224', '304', '236', '169', '382', '146', '420', '396', '308', '257', '255', '423', '280', '270', '335', '366', '99', '5', '429', '34', '328', '472', '347', '175', '160', '125', '297', '332', '110', '218', '191']
['460', '88', '484', '233', '375', '95', '386', '432', '222', '359', '499', '492', '325', '173', '115', '343', '292', '450', '274', '303', '74', '390', '342', '145', '307', '58', '43', '121', '81', '116', '230', '383', '277', '394', '144', '448', '92', '214', '437', '195', '415', '464', '330', '113', '147', '231', '449', '86', '433', '10', '182', '321', '188', '140', '374', '293', '360', '62', '57', '56', '399', '37', '344', '334', '378', '31', '473', '411', '20', '141', '491']
['416', '217', '291', '391', '137', '452']
['0']
['461']
['44']
['14']
['178']
['352']
['266']
['345']
['102']
['117']
['299']
['126']
['155']
['426']
['52']
['24']
