['127', '486', '236', '552', '507', '694', '216']
['351', '711', '704', '371', '90', '317', '322']
['211', '445', '78', '219', '568', '15', '344']
['377', '362', '733', '137', '656', '669', '363']
['730', '218', '475', '265', '622', '420', '510']
['756', '358', '644', '686', '294', '666', '741']
['6', '775', '340', '109', '610', '346', '732']
['16', '488', '188', '353', '612', '9', '577']
['113', '614', '419', '72', '161', '482', '481']
['120', '512', '506', '566', '98', '302', '253']
['752', '343', '701', '207', '440', '366', '683']
['790', '55', '415', '187', '104', '194', '242']
['654', '720', '793', '189', '737', '299', '430']
['328', '339', '314', '426', '491', '628', '116']
['658', '789', '138', '697', '646', '399', '111']
['681', '467', '751', '465', '278', '541', '77']
['582', '1', '47', '75', '560', '717', '364']
['208', '617', '182', '227', '210', '710', '140']
['551', '386', '0', '229', '444', '772', '63']
['19', '57', '17', '727', '95', '26', '745']
['336', '272', '354', '133', '300', '532', '64']
['387', '405', '665', '56', '675', '108', '238']
['202', '65', '22', '308', '567', '428', '395']
['381', '533', '774', '315', '625', '682', '27']
['135', '721', '542', '571', '368', '640', '503']
['52', '608', '152', '559', '502', '618', '495']
['490', '629', '8', '700', '722', '225', '13']
['580', '762', '648', '355', '45', '611', '220']
['87', '250', '695', '131', '393', '601', '746']
['147', '689', '33', '472', '199', '176', '525']
['406', '764', '410', '739', '530', '423', '497']
['714', '311', '636', '155', '476', '162', '39']
['384', '634', '341', '170', '264', '360', '639']
['23', '637', '256', '261', '728', '535', '663']
['781', '500', '337', '247', '307', '24', '122']
['514', '676', '158', '719', '501', '212', '41']
['604', '7', '540', '191', '787', '581', '586']
['680', '11', '651', '718', '209', '110', '543']
['121', '706', '243', '763', '193', '319', '316']
['228', '114', '338', '670', '83', '119', '184']
['323', '779', '14', '296', '418', '725', '255']
['760', '310', '511', '200', '97', '86', '118']
['780', '437', '487', '589', '784', '166', '168']
['438', '329', '452', '674', '46', '712', '404']
['175', '708', '630', '747', '693', '687', '169']
['736', '174', '483', '165', '761', '564', '372']
['125', '434', '68', '563', '273', '505', '557']
['183', '638', '544', '492', '156', '136', '788']
['231', '521', '103', '260', '662', '624', '159']
['509', '734', '403', '277', '799', '306', '134']
['573', '21', '320', '742', '489', '43', '154']
['523', '469', '139', '627', '221', '520', '478']
['102', '12', '297', '379', '619', '76', '591']
['731', '422', '667', '144', '388', '431', '394']
['369', '226', '504', '223', '583', '572', '325']
['602', '518', '326', '621', '603', '578', '232']
['470', '378', '703', '716', '453', '245', '442']
['668', '435', '348', '249', '291']
['425', '671', '450']
['517', '230', '274', '417', '485', '647', '284']
['124', '93']
['266']
['498', '592', '449', '549', '558', '163', '374']
['295']
['32', '349', '157']
['546', '248', '534']
['626', '473', '527', '537', '289', '204', '305']
['80', '88', '3', '241', '616', '508', '771']
['499', '345', '29']
['375', '129', '707', '588', '596', '312', '556']
['359']
['466', '107']
['269', '416', '448', '432', '460', '594', '765']
['178']
['172', '587']
['275', '526', '553', '197', '31', '235', '678']
['753', '293', '574']
['128', '28', '688']
['53', '494', '632', '462', '150', '74', '96']
['271', '480', '30', '643', '153', '283', '471']
['477', '446', '142', '205', '303', '660', '69']
['468', '267', '61', '123']
['773', '513', '797', '383', '112', '356', '148']
['613']
['298']
['192']
['286', '744', '400']
['642', '38', '699']
['330']
['171', '179', '519']
['222', '550']
['36']
['407']
['130']
['464']
['167', '597', '528', '347']
['493', '600', '457', '791', '132', '769']
['4', '146', '185', '576']
['82', '373', '115', '203']
['427']
['755']
['327']
['484']
['545', '198', '548']
['715', '361', '623']
['365']
['547', '186', '2', '724', '160', '424', '201']
['615', '538', '598', '766']
['37', '436', '750']
['657', '570', '58']
['723', '89', '181']
['357', '66', '454']
['81', '768']
['117', '59', '60']
['141']
['599', '206', '262']
['342']
['401', '726', '561']
['606']
['48']
['251']
['398', '350', '679']
['382', '190', '396']
['145', '451', '94']
['645']
['421', '100']
['696']
['392']
['177']
['539', '522', '412', '49', '776', '664', '149']
['796', '690', '655', '287', '740', '257', '713']
['758', '735', '794', '276']
['575', '385', '254', '333', '777', '106', '565']
['443', '531']
['258', '595', '685', '313']
['579', '334']
['524', '709', '101', '659']
['554']
['309']
['698', '536', '458']
['767', '743', '652', '73', '590', '414', '35']
['143']
['759', '633']
['331', '474', '749', '455']
['653', '240', '99', '785', '380', '408', '529']
['91', '748', '279', '234', '770']
['282']
['40', '649', '441', '214']
['244']
['516', '126', '555']
['213']
['151']
['413']
['10']
['729', '429', '252', '391', '20']
['70']
['304', '321', '268', '677', '195', '782', '461']
['224']
['496']
['456', '217', '795', '44', '79', '42', '778']
['281']
['447', '332', '635', '409']
['397', '757']
['270']
['180']
['301']
['593']
['352', '479', '620']
['50', '786', '34', '562']
['18']
['164']
['246']
['389']
['585']
['661', '292']
['569']
['335']
['705']
['798']
['259', '54', '754']
['738', '650', '367']
['25', '105', '85']
['324']
['280', '390', '263']
['584', '463', '215', '402', '84', '173', '691']
['673']
['684']
['702', '318', '609']
['641']
['370', '792', '288', '290']
['605']
['515', '62', '783']
['631', '607', '5', '285']
['67', '237', '411', '233', '439', '196', '376']
['459']
['239']
['71']
['92', '51', '433']
['672']
['692']
