['333', '283', '211', '783', '975', '961', '486', '949', '379', '863', '38', '487', '734', '536', '18', '778', '34', '502', '195', '397', '905', '382', '253', '928', '641', '889', '660', '460', '901', '262', '865', '571', '951', '358', '955', '36']
['478', '182', '819', '529', '759', '60', '477', '183', '556', '131', '822', '972', '521', '403', '294', '809', '216', '119', '702', '544', '643', '708', '138', '516', '569', '670', '753', '751', '354', '314', '53', '227', '76', '867', '21', '24']
['408', '241', '467', '73', '50', '942', '353', '798', '12', '98', '295', '185', '559', '25', '11', '864', '871', '859', '820', '74', '234', '93', '31', '980', '614', '873', '188', '704', '14', '488', '462', '568', '236', '226', '815', '325']
['628', '89', '427', '813', '396', '533', '267', '554', '672', '49', '491', '681', '272', '288', '808', '953', '922', '803', '936', '248', '653', '954', '269', '44', '616', '2', '943', '249', '372', '474', '599', '675', '231', '582', '558', '99']
['91', '621', '786', '282', '30', '629', '143', '37', '843', '676', '191', '469', '526', '551', '986', '857', '312', '56', '754', '561', '341', '258', '327', '68', '851', '19', '749', '987', '691', '719', '447', '162', '0', '979', '428', '985']
['789', '245', '970', '303', '537', '146', '308', '352', '538', '523', '124', '877', '109', '121', '583', '888', '973', '931', '212', '120', '442', '969', '67', '332', '673', '247', '833', '984', '259', '389', '198', '745', '351', '39', '461', '78']
['743', '300', '470', '276', '807', '768', '680', '112', '791', '270', '440', '293', '817', '756', '860', '632', '578', '779', '686', '580', '870', '654', '87', '411', '725', '662', '27', '683', '771', '669', '450', '136', '532', '738', '436', '790']
['570', '862', '95', '83', '117', '947', '407', '615', '592', '770', '721', '441', '52', '166', '914', '77', '964', '920', '584', '81', '631', '802', '609', '184', '763', '726', '709', '287', '218', '804', '452', '630', '161', '51', '65', '151']
['412', '471', '163', '977', '152', '369', '105', '475', '530', '573', '75', '550', '104', '728', '567', '788', '651', '347', '284', '761', '364', '225', '517', '285', '772', '727', '598', '373', '414', '365', '155', '792', '910', '679', '861', '261']
['649', '837', '466', '729', '180', '263', '921', '855', '687', '591', '518', '746', '816', '423', '57', '457', '179', '362', '307', '562', '455', '678', '671', '724', '777', '995', '381', '482', '659', '821', '852', '693', '6', '586', '153', '661']
['593', '565', '848', '698', '886', '892', '244', '535', '323', '733', '82', '797', '834', '111', '401', '543', '579', '101', '652', '667', '657', '617', '137', '286', '589', '413', '595', '647', '747', '495', '868', '882', '275', '23', '108', '552']
['646', '126', '703', '139', '135', '170', '919', '805', '519', '701', '100', '251', '432', '714', '371', '190', '720', '204', '909', '339', '627', '239', '750', '97', '433', '202', '545', '410', '650', '58', '172', '319', '566', '62', '576', '827']
['206', '54', '271', '664', '946', '481', '539', '171', '906', '715', '780', '148', '383', '503', '297', '499', '853', '764', '945', '13', '415', '574', '446', '484', '513', '981', '304', '594', '129', '145', '965', '230', '875', '302', '59', '292']
['402', '900', '85', '668', '913', '540', '918', '624', '317', '934', '243', '114', '306', '224', '800', '606', '685', '500', '207', '757', '732', '546', '215', '758', '766', '577', '842', '386', '10', '150', '305', '345', '507', '189', '208', '991']
['712', '497', '930', '144', '525', '175', '448', '968', '237', '832', '392', '880', '370', '439', '28', '429', '79', '948', '607', '795', '958', '534', '601', '612', '164', '739', '385', '605', '367', '210', '141', '713', '142', '33', '250', '421']
['290', '644', '531', '159', '839', '405', '508', '69', '887', '932', '416', '280', '836', '438', '357', '1', '393', '917', '359', '480', '996', '425', '542', '260', '608', '872', '66', '572', '966', '134', '944', '926', '690', '115', '321', '929']
['298', '468', '20', '846', '916', '988', '492', '755', '735', '331', '706', '174', '908', '70', '983', '388', '130', '233', '590', '203', '588', '907', '169', '240', '122', '806', '368', '176', '705', '959', '645', '228', '311', '366', '997', '342']
['741', '927', '844', '990', '417', '774', '430', '147', '506', '912', '229', '682', '279', '866', '849', '86', '674', '320', '699', '924', '409', '464', '752', '696', '587', '167', '90', '445', '625', '512', '313', '760', '824', '454', '156', '784']
['602', '604', '168', '324', '96', '619', '349', '289', '935', '107', '458', '548', '597', '420', '776', '16', '585', '47', '847', '346', '102', '196', '328', '71', '695', '80', '989', '187', '192', '254', '160', '380', '869', '510', '982', '957']
['622', '449', '994', '769', '793', '960', '64', '35', '663', '748', '718', '404', '636', '394', '825', '490', '193', '326', '418', '992', '638', '940', '334', '722', '620', '656', '431', '962', '723', '494', '899', '256', '232', '514', '547', '744']
['200', '677', '858', '520', '618', '476', '197', '879', '422', '7', '925', '993', '762', '132', '850', '974', '893', '767', '116', '338', '737', '794', '437', '717', '113', '463', '277', '110', '400', '274', '456', '444', '186', '459', '904', '336']
['391', '158', '515', '603', '310', '235', '3', '26', '118', '329', '640', '32', '127', '841', '485', '648', '443', '511', '812', '266', '555', '125', '217', '730', '665', '830', '610', '740', '581', '765', '688', '796', '61', '787', '898', '384']
['398', '94', '479', '281', '343', '222', '213', '694', '845', '818', '63', '613', '781', '639', '214', '498', '4', '684', '823', '88', '22', '399', '424', '642', '264', '387', '563', '876', '527', '273', '106', '963', '915', '634', '315', '473']
['655', '773', '299', '483', '377', '810', '205', '149', '799', '829', '335', '40', '316', '242', '623', '509', '736', '355', '564', '330', '937', '55', '223', '322', '344', '891', '883', '356', '902', '831', '348', '48', '296', '154', '557', '201']
['496', '971', '801', '17', '434', '890', '43', '157', '209', '828', '856', '181', '840', '419', '782', '878', '257', '895', '220', '41', '9', '884', '255', '666', '177', '998', '549', '5', '278', '128', '633', '956', '785', '84', '15', '221']
['897', '528', '811', '268', '976', '472', '874', '493', '635', '178', '626', '103', '575', '340', '967', '700', '553', '658', '309', '838', '219', '854', '363', '395', '952', '350', '775', '501', '374', '716', '731', '881', '814', '911', '173', '999']
['246', '29', '291', '194', '522', '938', '361', '978', '318', '265', '301', '611', '826', '123', '896', '426', '742', '596', '42', '939', '390', '453', '885', '637', '933', '376', '894', '337', '406', '710', '903', '375', '45', '504', '689', '950']
['435', '199', '92', '600', '923', '133', '165']
['451', '252']
['541', '711', '697', '835', '72', '140', '238', '46', '378']
['489']
['524']
['505']
['941']
['360']
['465']
['692']
['707']
['8']
['560']
