['322', '135', '259', '456', '257', '332', '45', '668', '141', '475', '508', '617', '267', '185', '207', '53', '78', '386', '300', '6', '349', '262', '32', '515', '82', '325', '545', '677', '153', '671']
['81', '193', '275', '563', '218', '254', '27', '690', '686', '664', '295', '270', '50', '628', '665', '495', '572', '405', '293', '255', '314', '612', '144', '583', '44', '373', '227', '549', '460', '540']
['95', '133', '271', '462', '168', '595', '606', '674', '513', '531', '684', '699', '421', '591', '442', '393', '598', '688', '29', '593', '450', '55', '48', '1', '654', '441', '646', '585', '268', '447']
['537', '159', '625', '581', '309', '152', '125', '644', '387', '287', '235', '138', '372', '305', '272', '418', '116', '189', '329', '397', '504', '579', '225', '321', '465', '560', '509', '354', '40', '307']
['438', '489', '547', '219', '149', '109', '526', '601', '576', '624', '693', '336', '277', '118', '288', '62', '324', '162', '650', '663', '474', '201', '140', '202', '656', '455', '73', '609', '682', '476']
['34', '611', '502', '65', '90', '88', '370', '205', '167', '198', '217', '454', '186', '319', '117', '408', '602', '376', '651', '172', '238', '596', '672', '163', '597', '689', '30', '123', '479', '675']
['364', '249', '20', '366', '250', '245', '93', '431', '622', '679', '378', '94', '481', '473', '195', '427', '101', '543', '17', '523', '390', '43', '620', '436', '191', '224', '60', '221', '588', '683']
['13', '660', '375', '131', '142', '357', '61', '371', '79', '635', '367', '404', '206', '111', '382', '467', '297', '458', '615', '552', '323', '326', '414', '571', '534', '0', '180', '578', '92', '696']
['587', '274', '130', '484', '170', '528', '338', '304', '535', '134', '156', '621', '685', '353', '536', '398', '313', '164', '514', '115', '559', '634', '550', '155', '584', '104', '303', '413', '459', '659']
['424', '480', '102', '385', '220', '285', '160', '136', '49', '551', '599', '577', '499', '280', '226', '542', '539', '286', '676', '188', '228', '360', '209', '223', '478', '446', '151', '122', '512', '425']
['240', '77', '241', '472', '490', '72', '158', '391', '99', '310', '16', '426', '263', '103', '47', '610', '618', '614', '498', '356', '232', '187', '148', '298', '251', '69', '318', '653', '344', '230']
['4', '501', '565', '666', '166', '452', '317', '384', '694', '355', '517', '362', '604', '178', '451', '327', '328', '608', '392', '184', '212', '582', '342', '500', '306', '374', '120', '91', '71', '416']
['54', '315', '7', '252', '46', '669', '177', '368', '278', '590', '64', '637', '553', '261', '10', '312', '83', '284', '430', '26', '231', '208', '216', '567', '36', '359', '477', '444', '410', '561']
['524', '570', '605', '132', '603', '695', '247', '343', '237', '412', '169', '589', '113', '406', '505', '311', '429', '673', '541', '388', '453', '28', '308', '106', '9', '562', '407', '213', '68', '449']
['389', '558', '80', '491', '361', '607', '215', '358', '522', '613', '147', '506', '346', '482', '422', '680', '126', '114', '24', '594', '649', '337', '556', '192', '157', '165', '555', '457', '56', '586']
['269', '643', '348', '687', '110', '639', '471', '181', '485', '244', '538', '182', '496', '345', '468', '175', '75', '377', '548', '352', '236', '488', '530', '636', '282', '84', '197', '445', '383', '631']
['242', '437', '265', '529', '63', '289', '423', '119', '691', '630', '2', '420', '243', '23', '190', '557', '137', '331', '14', '203', '546', '544', '647', '623', '67', '100', '333', '211', '171', '260']
['86', '632', '76', '341', '527', '363', '21', '573', '121', '638', '626', '510', '379', '39', '112', '629', '66', '33', '234', '661', '176', '487', '31', '52', '12', '419', '204', '233', '108', '592']
['396', '302', '518', '493', '183', '698', '369', '22', '520', '194', '283', '5', '627', '507', '435', '196', '214', '124', '222', '463', '340', '74', '351', '87', '70', '59', '566', '575', '402', '640']
['229', '448', '200', '127', '281', '145', '146', '470', '380', '532', '58', '461', '107', '692', '350', '174', '339', '678', '574', '291', '38', '279', '381', '154', '533', '15', '464', '8', '128', '41']
['365', '434', '433', '248', '657', '580', '264', '296', '273', '35', '89', '400', '143', '129', '486', '179', '246', '492']
['415']
['616', '301']
['330', '150', '316']
['511', '3']
['96']
['320', '292', '681', '42', '19', '199', '139', '564', '409', '667', '51']
['394', '519']
['662', '525', '395', '483', '105', '417', '645', '516', '299', '256', '439', '633', '443', '642', '401', '497', '503', '25', '253', '294', '432', '258', '173', '600', '655', '347', '98', '648', '57', '210']
['85', '411', '469', '18', '290', '494', '399', '568', '276', '652', '641', '440', '239', '670', '619', '466', '554', '11', '658', '334', '37', '97', '697', '428', '569', '403', '521', '266', '335', '161']
